mode: set
github.com/gkbiswas/hotel-reviews-microservice/internal/infrastructure/middleware/auth_middleware.go:25.112,30.2 1 0
github.com/gkbiswas/hotel-reviews-microservice/internal/infrastructure/middleware/auth_middleware.go:33.76,34.71 1 0
github.com/gkbiswas/hotel-reviews-microservice/internal/infrastructure/middleware/auth_middleware.go:34.71,37.23 2 0
github.com/gkbiswas/hotel-reviews-microservice/internal/infrastructure/middleware/auth_middleware.go:37.23,40.4 2 0
github.com/gkbiswas/hotel-reviews-microservice/internal/infrastructure/middleware/auth_middleware.go:43.3,44.63 2 0
github.com/gkbiswas/hotel-reviews-microservice/internal/infrastructure/middleware/auth_middleware.go:44.63,47.4 2 0
github.com/gkbiswas/hotel-reviews-microservice/internal/infrastructure/middleware/auth_middleware.go:49.3,50.18 2 0
github.com/gkbiswas/hotel-reviews-microservice/internal/infrastructure/middleware/auth_middleware.go:50.18,53.4 2 0
github.com/gkbiswas/hotel-reviews-microservice/internal/infrastructure/middleware/auth_middleware.go:56.3,57.17 2 0
github.com/gkbiswas/hotel-reviews-microservice/internal/infrastructure/middleware/auth_middleware.go:57.17,61.4 3 0
github.com/gkbiswas/hotel-reviews-microservice/internal/infrastructure/middleware/auth_middleware.go:64.3,68.40 4 0
github.com/gkbiswas/hotel-reviews-microservice/internal/infrastructure/middleware/auth_middleware.go:73.79,74.71 1 0
github.com/gkbiswas/hotel-reviews-microservice/internal/infrastructure/middleware/auth_middleware.go:74.71,77.19 2 0
github.com/gkbiswas/hotel-reviews-microservice/internal/infrastructure/middleware/auth_middleware.go:77.19,80.4 2 0
github.com/gkbiswas/hotel-reviews-microservice/internal/infrastructure/middleware/auth_middleware.go:83.3,84.17 2 0
github.com/gkbiswas/hotel-reviews-microservice/internal/infrastructure/middleware/auth_middleware.go:84.17,88.4 3 0
github.com/gkbiswas/hotel-reviews-microservice/internal/infrastructure/middleware/auth_middleware.go:91.3,95.40 4 0
github.com/gkbiswas/hotel-reviews-microservice/internal/infrastructure/middleware/auth_middleware.go:100.101,101.46 1 0
github.com/gkbiswas/hotel-reviews-microservice/internal/infrastructure/middleware/auth_middleware.go:101.46,102.72 1 0
github.com/gkbiswas/hotel-reviews-microservice/internal/infrastructure/middleware/auth_middleware.go:102.72,105.11 2 0
github.com/gkbiswas/hotel-reviews-microservice/internal/infrastructure/middleware/auth_middleware.go:105.11,108.5 2 0
github.com/gkbiswas/hotel-reviews-microservice/internal/infrastructure/middleware/auth_middleware.go:111.4,112.18 2 0
github.com/gkbiswas/hotel-reviews-microservice/internal/infrastructure/middleware/auth_middleware.go:112.18,116.5 3 0
github.com/gkbiswas/hotel-reviews-microservice/internal/infrastructure/middleware/auth_middleware.go:118.4,118.22 1 0
github.com/gkbiswas/hotel-reviews-microservice/internal/infrastructure/middleware/auth_middleware.go:118.22,122.5 3 0
github.com/gkbiswas/hotel-reviews-microservice/internal/infrastructure/middleware/auth_middleware.go:124.4,124.24 1 0
github.com/gkbiswas/hotel-reviews-microservice/internal/infrastructure/middleware/auth_middleware.go:130.95,131.46 1 0
github.com/gkbiswas/hotel-reviews-microservice/internal/infrastructure/middleware/auth_middleware.go:131.46,132.72 1 0
github.com/gkbiswas/hotel-reviews-microservice/internal/infrastructure/middleware/auth_middleware.go:132.72,135.11 2 0
github.com/gkbiswas/hotel-reviews-microservice/internal/infrastructure/middleware/auth_middleware.go:135.11,138.5 2 0
github.com/gkbiswas/hotel-reviews-microservice/internal/infrastructure/middleware/auth_middleware.go:141.4,143.36 3 0
github.com/gkbiswas/hotel-reviews-microservice/internal/infrastructure/middleware/auth_middleware.go:143.36,145.5 1 0
github.com/gkbiswas/hotel-reviews-microservice/internal/infrastructure/middleware/auth_middleware.go:147.4,147.47 1 0
github.com/gkbiswas/hotel-reviews-microservice/internal/infrastructure/middleware/auth_middleware.go:147.47,148.32 1 0
github.com/gkbiswas/hotel-reviews-microservice/internal/infrastructure/middleware/auth_middleware.go:148.32,150.11 2 0
github.com/gkbiswas/hotel-reviews-microservice/internal/infrastructure/middleware/auth_middleware.go:154.4,154.16 1 0
github.com/gkbiswas/hotel-reviews-microservice/internal/infrastructure/middleware/auth_middleware.go:154.16,158.5 3 0
github.com/gkbiswas/hotel-reviews-microservice/internal/infrastructure/middleware/auth_middleware.go:160.4,160.24 1 0
github.com/gkbiswas/hotel-reviews-microservice/internal/infrastructure/middleware/auth_middleware.go:166.104,167.46 1 0
github.com/gkbiswas/hotel-reviews-microservice/internal/infrastructure/middleware/auth_middleware.go:167.46,168.72 1 0
github.com/gkbiswas/hotel-reviews-microservice/internal/infrastructure/middleware/auth_middleware.go:168.72,171.11 2 0
github.com/gkbiswas/hotel-reviews-microservice/internal/infrastructure/middleware/auth_middleware.go:171.11,174.5 2 0
github.com/gkbiswas/hotel-reviews-microservice/internal/infrastructure/middleware/auth_middleware.go:177.4,178.33 2 0
github.com/gkbiswas/hotel-reviews-microservice/internal/infrastructure/middleware/auth_middleware.go:178.33,180.5 1 0
github.com/gkbiswas/hotel-reviews-microservice/internal/infrastructure/middleware/auth_middleware.go:182.4,182.49 1 0
github.com/gkbiswas/hotel-reviews-microservice/internal/infrastructure/middleware/auth_middleware.go:182.49,183.37 1 0
github.com/gkbiswas/hotel-reviews-microservice/internal/infrastructure/middleware/auth_middleware.go:183.37,187.6 3 0
github.com/gkbiswas/hotel-reviews-microservice/internal/infrastructure/middleware/auth_middleware.go:190.4,190.24 1 0
github.com/gkbiswas/hotel-reviews-microservice/internal/infrastructure/middleware/auth_middleware.go:196.78,197.71 1 0
github.com/gkbiswas/hotel-reviews-microservice/internal/infrastructure/middleware/auth_middleware.go:197.71,199.36 1 0
github.com/gkbiswas/hotel-reviews-microservice/internal/infrastructure/middleware/auth_middleware.go:199.36,202.4 2 0
github.com/gkbiswas/hotel-reviews-microservice/internal/infrastructure/middleware/auth_middleware.go:205.3,206.18 2 0
github.com/gkbiswas/hotel-reviews-microservice/internal/infrastructure/middleware/auth_middleware.go:206.18,210.4 2 0
github.com/gkbiswas/hotel-reviews-microservice/internal/infrastructure/middleware/auth_middleware.go:212.3,216.17 3 0
github.com/gkbiswas/hotel-reviews-microservice/internal/infrastructure/middleware/auth_middleware.go:216.17,221.4 3 0
github.com/gkbiswas/hotel-reviews-microservice/internal/infrastructure/middleware/auth_middleware.go:223.3,223.20 1 0
github.com/gkbiswas/hotel-reviews-microservice/internal/infrastructure/middleware/auth_middleware.go:223.20,227.4 3 0
github.com/gkbiswas/hotel-reviews-microservice/internal/infrastructure/middleware/auth_middleware.go:229.3,229.23 1 0
github.com/gkbiswas/hotel-reviews-microservice/internal/infrastructure/middleware/auth_middleware.go:234.74,235.71 1 0
github.com/gkbiswas/hotel-reviews-microservice/internal/infrastructure/middleware/auth_middleware.go:235.71,245.13 4 0
github.com/gkbiswas/hotel-reviews-microservice/internal/infrastructure/middleware/auth_middleware.go:245.13,249.64 3 0
github.com/gkbiswas/hotel-reviews-microservice/internal/infrastructure/middleware/auth_middleware.go:249.64,251.5 1 0
github.com/gkbiswas/hotel-reviews-microservice/internal/infrastructure/middleware/auth_middleware.go:254.4,257.53 2 0
github.com/gkbiswas/hotel-reviews-microservice/internal/infrastructure/middleware/auth_middleware.go:257.53,259.5 1 0
github.com/gkbiswas/hotel-reviews-microservice/internal/infrastructure/middleware/auth_middleware.go:261.4,273.18 2 0
github.com/gkbiswas/hotel-reviews-microservice/internal/infrastructure/middleware/auth_middleware.go:273.18,275.5 1 0
github.com/gkbiswas/hotel-reviews-microservice/internal/infrastructure/middleware/auth_middleware.go:279.3,285.4 1 0
github.com/gkbiswas/hotel-reviews-microservice/internal/infrastructure/middleware/auth_middleware.go:290.81,291.71 1 0
github.com/gkbiswas/hotel-reviews-microservice/internal/infrastructure/middleware/auth_middleware.go:291.71,294.23 2 0
github.com/gkbiswas/hotel-reviews-microservice/internal/infrastructure/middleware/auth_middleware.go:294.23,296.64 2 0
github.com/gkbiswas/hotel-reviews-microservice/internal/infrastructure/middleware/auth_middleware.go:296.64,298.20 2 0
github.com/gkbiswas/hotel-reviews-microservice/internal/infrastructure/middleware/auth_middleware.go:298.20,300.20 2 0
github.com/gkbiswas/hotel-reviews-microservice/internal/infrastructure/middleware/auth_middleware.go:300.20,305.7 4 0
github.com/gkbiswas/hotel-reviews-microservice/internal/infrastructure/middleware/auth_middleware.go:311.3,312.19 2 0
github.com/gkbiswas/hotel-reviews-microservice/internal/infrastructure/middleware/auth_middleware.go:312.19,314.18 2 0
github.com/gkbiswas/hotel-reviews-microservice/internal/infrastructure/middleware/auth_middleware.go:314.18,319.5 4 0
github.com/gkbiswas/hotel-reviews-microservice/internal/infrastructure/middleware/auth_middleware.go:322.3,322.23 1 0
github.com/gkbiswas/hotel-reviews-microservice/internal/infrastructure/middleware/auth_middleware.go:328.100,339.2 4 0
github.com/gkbiswas/hotel-reviews-microservice/internal/infrastructure/middleware/auth_middleware.go:341.62,343.55 1 0
github.com/gkbiswas/hotel-reviews-microservice/internal/infrastructure/middleware/auth_middleware.go:343.55,347.3 2 0
github.com/gkbiswas/hotel-reviews-microservice/internal/infrastructure/middleware/auth_middleware.go:350.2,350.49 1 0
github.com/gkbiswas/hotel-reviews-microservice/internal/infrastructure/middleware/auth_middleware.go:350.49,352.3 1 0
github.com/gkbiswas/hotel-reviews-microservice/internal/infrastructure/middleware/auth_middleware.go:355.2,355.21 1 0
github.com/gkbiswas/hotel-reviews-microservice/internal/infrastructure/middleware/auth_middleware.go:358.59,367.41 2 0
github.com/gkbiswas/hotel-reviews-microservice/internal/infrastructure/middleware/auth_middleware.go:367.41,368.23 1 0
github.com/gkbiswas/hotel-reviews-microservice/internal/infrastructure/middleware/auth_middleware.go:368.23,370.4 1 0
github.com/gkbiswas/hotel-reviews-microservice/internal/infrastructure/middleware/auth_middleware.go:373.2,373.14 1 0
github.com/gkbiswas/hotel-reviews-microservice/internal/infrastructure/middleware/auth_middleware.go:376.74,379.56 1 0
github.com/gkbiswas/hotel-reviews-microservice/internal/infrastructure/middleware/auth_middleware.go:379.56,381.63 2 0
github.com/gkbiswas/hotel-reviews-microservice/internal/infrastructure/middleware/auth_middleware.go:381.63,383.4 1 0
github.com/gkbiswas/hotel-reviews-microservice/internal/infrastructure/middleware/auth_middleware.go:385.3,385.46 1 0
github.com/gkbiswas/hotel-reviews-microservice/internal/infrastructure/middleware/auth_middleware.go:385.46,387.4 1 0
github.com/gkbiswas/hotel-reviews-microservice/internal/infrastructure/middleware/auth_middleware.go:390.2,390.11 1 0
github.com/gkbiswas/hotel-reviews-microservice/internal/infrastructure/middleware/auth_middleware.go:393.89,396.20 2 0
github.com/gkbiswas/hotel-reviews-microservice/internal/infrastructure/middleware/auth_middleware.go:396.20,398.3 1 0
github.com/gkbiswas/hotel-reviews-microservice/internal/infrastructure/middleware/auth_middleware.go:401.2,402.38 2 0
github.com/gkbiswas/hotel-reviews-microservice/internal/infrastructure/middleware/auth_middleware.go:402.38,404.3 1 0
github.com/gkbiswas/hotel-reviews-microservice/internal/infrastructure/middleware/auth_middleware.go:407.2,416.18 3 0
github.com/gkbiswas/hotel-reviews-microservice/internal/infrastructure/middleware/auth_middleware.go:416.18,418.3 1 0
github.com/gkbiswas/hotel-reviews-microservice/internal/infrastructure/middleware/auth_middleware.go:420.2,420.25 1 0
github.com/gkbiswas/hotel-reviews-microservice/internal/infrastructure/middleware/auth_middleware.go:429.49,432.2 2 0
github.com/gkbiswas/hotel-reviews-microservice/internal/infrastructure/middleware/auth_middleware.go:440.78,442.2 1 0
github.com/gkbiswas/hotel-reviews-microservice/internal/infrastructure/middleware/auth_middleware.go:445.84,446.46 1 0
github.com/gkbiswas/hotel-reviews-microservice/internal/infrastructure/middleware/auth_middleware.go:446.46,450.3 1 0
github.com/gkbiswas/hotel-reviews-microservice/internal/infrastructure/middleware/auth_middleware.go:454.87,455.46 1 0
github.com/gkbiswas/hotel-reviews-microservice/internal/infrastructure/middleware/auth_middleware.go:455.46,459.3 1 0
github.com/gkbiswas/hotel-reviews-microservice/internal/infrastructure/middleware/auth_middleware.go:463.85,464.46 1 0
github.com/gkbiswas/hotel-reviews-microservice/internal/infrastructure/middleware/auth_middleware.go:464.46,468.3 1 0
github.com/gkbiswas/hotel-reviews-microservice/internal/infrastructure/middleware/auth_middleware.go:472.82,473.46 1 0
github.com/gkbiswas/hotel-reviews-microservice/internal/infrastructure/middleware/auth_middleware.go:473.46,477.3 1 0
github.com/gkbiswas/hotel-reviews-microservice/internal/infrastructure/middleware/auth_middleware.go:481.83,482.46 1 0
github.com/gkbiswas/hotel-reviews-microservice/internal/infrastructure/middleware/auth_middleware.go:482.46,488.3 1 0
github.com/gkbiswas/hotel-reviews-microservice/internal/infrastructure/middleware/auth_middleware.go:492.103,493.46 1 0
github.com/gkbiswas/hotel-reviews-microservice/internal/infrastructure/middleware/auth_middleware.go:493.46,495.3 1 0
github.com/gkbiswas/hotel-reviews-microservice/internal/infrastructure/middleware/auth_middleware.go:499.89,500.46 1 0
github.com/gkbiswas/hotel-reviews-microservice/internal/infrastructure/middleware/auth_middleware.go:500.46,502.3 1 0
github.com/gkbiswas/hotel-reviews-microservice/internal/infrastructure/middleware/auth_middleware.go:506.98,507.46 1 0
github.com/gkbiswas/hotel-reviews-microservice/internal/infrastructure/middleware/auth_middleware.go:507.46,509.3 1 0
github.com/gkbiswas/hotel-reviews-microservice/internal/infrastructure/middleware/auth_middleware.go:513.63,538.2 13 0
github.com/gkbiswas/hotel-reviews-microservice/internal/infrastructure/middleware/base_middleware.go:31.34,32.30 1 0
github.com/gkbiswas/hotel-reviews-microservice/internal/infrastructure/middleware/base_middleware.go:32.30,34.22 2 0
github.com/gkbiswas/hotel-reviews-microservice/internal/infrastructure/middleware/base_middleware.go:34.22,36.4 1 0
github.com/gkbiswas/hotel-reviews-microservice/internal/infrastructure/middleware/base_middleware.go:38.3,41.11 3 0
github.com/gkbiswas/hotel-reviews-microservice/internal/infrastructure/middleware/base_middleware.go:46.49,47.30 1 0
github.com/gkbiswas/hotel-reviews-microservice/internal/infrastructure/middleware/base_middleware.go:47.30,62.16 10 0
github.com/gkbiswas/hotel-reviews-microservice/internal/infrastructure/middleware/base_middleware.go:62.16,64.4 1 0
github.com/gkbiswas/hotel-reviews-microservice/internal/infrastructure/middleware/base_middleware.go:68.3,75.4 1 0
github.com/gkbiswas/hotel-reviews-microservice/internal/infrastructure/middleware/base_middleware.go:80.55,81.30 1 0
github.com/gkbiswas/hotel-reviews-microservice/internal/infrastructure/middleware/base_middleware.go:81.30,85.24 2 0
github.com/gkbiswas/hotel-reviews-microservice/internal/infrastructure/middleware/base_middleware.go:85.24,90.31 3 0
github.com/gkbiswas/hotel-reviews-microservice/internal/infrastructure/middleware/base_middleware.go:90.31,92.5 1 0
github.com/gkbiswas/hotel-reviews-microservice/internal/infrastructure/middleware/base_middleware.go:95.4,100.6 1 0
github.com/gkbiswas/hotel-reviews-microservice/internal/infrastructure/middleware/base_middleware.go:106.33,107.30 1 0
github.com/gkbiswas/hotel-reviews-microservice/internal/infrastructure/middleware/base_middleware.go:107.30,118.3 8 0
github.com/gkbiswas/hotel-reviews-microservice/internal/infrastructure/middleware/base_middleware.go:122.52,123.30 1 0
github.com/gkbiswas/hotel-reviews-microservice/internal/infrastructure/middleware/base_middleware.go:123.30,128.48 3 0
github.com/gkbiswas/hotel-reviews-microservice/internal/infrastructure/middleware/base_middleware.go:128.48,129.55 1 0
github.com/gkbiswas/hotel-reviews-microservice/internal/infrastructure/middleware/base_middleware.go:129.55,131.10 2 0
github.com/gkbiswas/hotel-reviews-microservice/internal/infrastructure/middleware/base_middleware.go:135.3,135.14 1 0
github.com/gkbiswas/hotel-reviews-microservice/internal/infrastructure/middleware/base_middleware.go:135.14,140.4 4 0
github.com/gkbiswas/hotel-reviews-microservice/internal/infrastructure/middleware/base_middleware.go:142.3,142.36 1 0
github.com/gkbiswas/hotel-reviews-microservice/internal/infrastructure/middleware/base_middleware.go:142.36,145.4 2 0
github.com/gkbiswas/hotel-reviews-microservice/internal/infrastructure/middleware/base_middleware.go:147.3,147.11 1 0
github.com/gkbiswas/hotel-reviews-microservice/internal/infrastructure/middleware/base_middleware.go:152.54,153.30 1 0
github.com/gkbiswas/hotel-reviews-microservice/internal/infrastructure/middleware/base_middleware.go:153.30,156.17 3 0
github.com/gkbiswas/hotel-reviews-microservice/internal/infrastructure/middleware/base_middleware.go:156.17,158.4 1 0
github.com/gkbiswas/hotel-reviews-microservice/internal/infrastructure/middleware/base_middleware.go:161.3,168.88 5 0
github.com/gkbiswas/hotel-reviews-microservice/internal/infrastructure/middleware/base_middleware.go:173.50,174.30 1 0
github.com/gkbiswas/hotel-reviews-microservice/internal/infrastructure/middleware/base_middleware.go:174.30,207.31 8 0
github.com/gkbiswas/hotel-reviews-microservice/internal/infrastructure/middleware/base_middleware.go:207.31,209.4 1 0
github.com/gkbiswas/hotel-reviews-microservice/internal/infrastructure/middleware/circuit_breaker_middleware.go:20.130,25.2 1 0
github.com/gkbiswas/hotel-reviews-microservice/internal/infrastructure/middleware/circuit_breaker_middleware.go:28.87,29.30 1 0
github.com/gkbiswas/hotel-reviews-microservice/internal/infrastructure/middleware/circuit_breaker_middleware.go:29.30,31.14 2 0
github.com/gkbiswas/hotel-reviews-microservice/internal/infrastructure/middleware/circuit_breaker_middleware.go:31.14,35.4 3 0
github.com/gkbiswas/hotel-reviews-microservice/internal/infrastructure/middleware/circuit_breaker_middleware.go:38.3,42.98 3 0
github.com/gkbiswas/hotel-reviews-microservice/internal/infrastructure/middleware/circuit_breaker_middleware.go:42.98,50.32 3 0
github.com/gkbiswas/hotel-reviews-microservice/internal/infrastructure/middleware/circuit_breaker_middleware.go:50.32,55.5 1 0
github.com/gkbiswas/hotel-reviews-microservice/internal/infrastructure/middleware/circuit_breaker_middleware.go:57.4,57.19 1 0
github.com/gkbiswas/hotel-reviews-microservice/internal/infrastructure/middleware/circuit_breaker_middleware.go:61.3,61.17 1 0
github.com/gkbiswas/hotel-reviews-microservice/internal/infrastructure/middleware/circuit_breaker_middleware.go:61.17,62.49 1 0
github.com/gkbiswas/hotel-reviews-microservice/internal/infrastructure/middleware/circuit_breaker_middleware.go:62.49,77.5 4 0
github.com/gkbiswas/hotel-reviews-microservice/internal/infrastructure/middleware/circuit_breaker_middleware.go:80.4,80.21 1 0
github.com/gkbiswas/hotel-reviews-microservice/internal/infrastructure/middleware/circuit_breaker_middleware.go:80.21,86.5 1 0
github.com/gkbiswas/hotel-reviews-microservice/internal/infrastructure/middleware/circuit_breaker_middleware.go:92.119,93.67 1 0
github.com/gkbiswas/hotel-reviews-microservice/internal/infrastructure/middleware/circuit_breaker_middleware.go:93.67,102.29 2 0
github.com/gkbiswas/hotel-reviews-microservice/internal/infrastructure/middleware/circuit_breaker_middleware.go:103.18,108.6 1 0
github.com/gkbiswas/hotel-reviews-microservice/internal/infrastructure/middleware/circuit_breaker_middleware.go:109.11,115.6 1 0
github.com/gkbiswas/hotel-reviews-microservice/internal/infrastructure/middleware/circuit_breaker_middleware.go:118.3,118.34 1 0
github.com/gkbiswas/hotel-reviews-microservice/internal/infrastructure/middleware/circuit_breaker_middleware.go:128.36,130.2 1 0
github.com/gkbiswas/hotel-reviews-microservice/internal/infrastructure/middleware/circuit_breaker_middleware.go:139.111,144.2 1 0
github.com/gkbiswas/hotel-reviews-microservice/internal/infrastructure/middleware/circuit_breaker_middleware.go:147.143,149.2 1 0
github.com/gkbiswas/hotel-reviews-microservice/internal/infrastructure/middleware/circuit_breaker_middleware.go:152.77,153.67 1 0
github.com/gkbiswas/hotel-reviews-microservice/internal/infrastructure/middleware/circuit_breaker_middleware.go:153.67,163.3 2 0
github.com/gkbiswas/hotel-reviews-microservice/internal/infrastructure/middleware/circuit_breaker_middleware.go:172.48,174.2 1 0
github.com/gkbiswas/hotel-reviews-microservice/internal/infrastructure/middleware/circuit_breaker_middleware.go:183.105,188.2 1 0
github.com/gkbiswas/hotel-reviews-microservice/internal/infrastructure/middleware/circuit_breaker_middleware.go:191.140,193.2 1 0
github.com/gkbiswas/hotel-reviews-microservice/internal/infrastructure/middleware/circuit_breaker_middleware.go:196.77,197.67 1 0
github.com/gkbiswas/hotel-reviews-microservice/internal/infrastructure/middleware/circuit_breaker_middleware.go:197.67,202.3 2 0
github.com/gkbiswas/hotel-reviews-microservice/internal/infrastructure/middleware/circuit_breaker_middleware.go:212.99,217.2 1 0
github.com/gkbiswas/hotel-reviews-microservice/internal/infrastructure/middleware/circuit_breaker_middleware.go:220.140,222.2 1 0
github.com/gkbiswas/hotel-reviews-microservice/internal/infrastructure/middleware/circuit_breaker_middleware.go:225.71,226.67 1 0
github.com/gkbiswas/hotel-reviews-microservice/internal/infrastructure/middleware/circuit_breaker_middleware.go:226.67,235.3 2 0
github.com/gkbiswas/hotel-reviews-microservice/internal/infrastructure/middleware/circuit_breaker_middleware.go:244.42,246.2 1 0
github.com/gkbiswas/hotel-reviews-microservice/internal/infrastructure/middleware/circuit_breaker_middleware.go:255.132,260.2 1 0
github.com/gkbiswas/hotel-reviews-microservice/internal/infrastructure/middleware/circuit_breaker_middleware.go:263.74,264.30 1 0
github.com/gkbiswas/hotel-reviews-microservice/internal/infrastructure/middleware/circuit_breaker_middleware.go:264.30,271.39 5 0
github.com/gkbiswas/hotel-reviews-microservice/internal/infrastructure/middleware/circuit_breaker_middleware.go:271.39,286.24 4 0
github.com/gkbiswas/hotel-reviews-microservice/internal/infrastructure/middleware/circuit_breaker_middleware.go:286.24,289.5 2 0
github.com/gkbiswas/hotel-reviews-microservice/internal/infrastructure/middleware/circuit_breaker_middleware.go:292.3,296.5 1 0
github.com/gkbiswas/hotel-reviews-microservice/internal/infrastructure/middleware/circuit_breaker_middleware.go:301.70,302.30 1 0
github.com/gkbiswas/hotel-reviews-microservice/internal/infrastructure/middleware/circuit_breaker_middleware.go:302.30,309.3 2 0
github.com/gkbiswas/hotel-reviews-microservice/internal/infrastructure/middleware/circuit_breaker_middleware.go:320.58,393.2 1 0
github.com/gkbiswas/hotel-reviews-microservice/internal/infrastructure/middleware/error_handler_middleware.go:19.122,24.2 1 0
github.com/gkbiswas/hotel-reviews-microservice/internal/infrastructure/middleware/error_handler_middleware.go:27.75,28.71 1 0
github.com/gkbiswas/hotel-reviews-microservice/internal/infrastructure/middleware/error_handler_middleware.go:28.71,38.16 2 0
github.com/gkbiswas/hotel-reviews-microservice/internal/infrastructure/middleware/error_handler_middleware.go:38.16,39.48 1 0
github.com/gkbiswas/hotel-reviews-microservice/internal/infrastructure/middleware/error_handler_middleware.go:39.48,41.5 1 0
github.com/gkbiswas/hotel-reviews-microservice/internal/infrastructure/middleware/error_handler_middleware.go:45.3,45.25 1 0
github.com/gkbiswas/hotel-reviews-microservice/internal/infrastructure/middleware/error_handler_middleware.go:61.64,65.43 2 0
github.com/gkbiswas/hotel-reviews-microservice/internal/infrastructure/middleware/error_handler_middleware.go:65.43,68.17 2 0
github.com/gkbiswas/hotel-reviews-microservice/internal/infrastructure/middleware/error_handler_middleware.go:68.17,71.21 2 0
github.com/gkbiswas/hotel-reviews-microservice/internal/infrastructure/middleware/error_handler_middleware.go:71.21,74.5 1 0
github.com/gkbiswas/hotel-reviews-microservice/internal/infrastructure/middleware/error_handler_middleware.go:78.2,79.42 2 0
github.com/gkbiswas/hotel-reviews-microservice/internal/infrastructure/middleware/error_handler_middleware.go:83.68,84.22 1 0
github.com/gkbiswas/hotel-reviews-microservice/internal/infrastructure/middleware/error_handler_middleware.go:84.22,86.3 1 0
github.com/gkbiswas/hotel-reviews-microservice/internal/infrastructure/middleware/error_handler_middleware.go:88.2,90.15 3 0
github.com/gkbiswas/hotel-reviews-microservice/internal/infrastructure/middleware/error_handler_middleware.go:94.84,95.20 1 0
github.com/gkbiswas/hotel-reviews-microservice/internal/infrastructure/middleware/error_handler_middleware.go:96.29,103.4 1 0
github.com/gkbiswas/hotel-reviews-microservice/internal/infrastructure/middleware/error_handler_middleware.go:104.31,111.4 1 0
github.com/gkbiswas/hotel-reviews-microservice/internal/infrastructure/middleware/error_handler_middleware.go:112.28,119.4 1 0
github.com/gkbiswas/hotel-reviews-microservice/internal/infrastructure/middleware/error_handler_middleware.go:120.27,127.4 1 0
github.com/gkbiswas/hotel-reviews-microservice/internal/infrastructure/middleware/error_handler_middleware.go:128.27,135.4 1 0
github.com/gkbiswas/hotel-reviews-microservice/internal/infrastructure/middleware/error_handler_middleware.go:136.34,143.4 1 0
github.com/gkbiswas/hotel-reviews-microservice/internal/infrastructure/middleware/error_handler_middleware.go:144.38,151.4 1 0
github.com/gkbiswas/hotel-reviews-microservice/internal/infrastructure/middleware/error_handler_middleware.go:152.29,159.4 1 0
github.com/gkbiswas/hotel-reviews-microservice/internal/infrastructure/middleware/error_handler_middleware.go:160.37,167.4 1 0
github.com/gkbiswas/hotel-reviews-microservice/internal/infrastructure/middleware/error_handler_middleware.go:168.33,175.4 1 0
github.com/gkbiswas/hotel-reviews-microservice/internal/infrastructure/middleware/error_handler_middleware.go:176.10,177.24 1 0
github.com/gkbiswas/hotel-reviews-microservice/internal/infrastructure/middleware/error_handler_middleware.go:177.24,185.4 1 0
github.com/gkbiswas/hotel-reviews-microservice/internal/infrastructure/middleware/error_handler_middleware.go:185.9,185.31 1 0
github.com/gkbiswas/hotel-reviews-microservice/internal/infrastructure/middleware/error_handler_middleware.go:185.31,193.4 1 0
github.com/gkbiswas/hotel-reviews-microservice/internal/infrastructure/middleware/error_handler_middleware.go:194.3,194.13 1 0
github.com/gkbiswas/hotel-reviews-microservice/internal/infrastructure/middleware/error_handler_middleware.go:199.92,205.32 4 0
github.com/gkbiswas/hotel-reviews-microservice/internal/infrastructure/middleware/error_handler_middleware.go:205.32,207.3 1 0
github.com/gkbiswas/hotel-reviews-microservice/internal/infrastructure/middleware/error_handler_middleware.go:209.2,209.30 1 0
github.com/gkbiswas/hotel-reviews-microservice/internal/infrastructure/middleware/error_handler_middleware.go:209.30,211.3 1 0
github.com/gkbiswas/hotel-reviews-microservice/internal/infrastructure/middleware/error_handler_middleware.go:214.2,214.65 1 0
github.com/gkbiswas/hotel-reviews-microservice/internal/infrastructure/middleware/error_handler_middleware.go:214.65,216.3 1 0
github.com/gkbiswas/hotel-reviews-microservice/internal/infrastructure/middleware/error_handler_middleware.go:220.117,241.22 3 0
github.com/gkbiswas/hotel-reviews-microservice/internal/infrastructure/middleware/error_handler_middleware.go:241.22,243.3 1 0
github.com/gkbiswas/hotel-reviews-microservice/internal/infrastructure/middleware/error_handler_middleware.go:246.2,251.3 1 0
github.com/gkbiswas/hotel-reviews-microservice/internal/infrastructure/middleware/error_handler_middleware.go:258.86,259.86 1 0
github.com/gkbiswas/hotel-reviews-microservice/internal/infrastructure/middleware/error_handler_middleware.go:259.86,260.17 1 0
github.com/gkbiswas/hotel-reviews-microservice/internal/infrastructure/middleware/error_handler_middleware.go:260.17,262.4 1 0
github.com/gkbiswas/hotel-reviews-microservice/internal/infrastructure/middleware/error_handler_middleware.go:264.3,264.42 1 0
github.com/gkbiswas/hotel-reviews-microservice/internal/infrastructure/middleware/error_handler_middleware.go:275.116,280.2 1 0
github.com/gkbiswas/hotel-reviews-microservice/internal/infrastructure/middleware/error_handler_middleware.go:283.129,284.16 1 0
github.com/gkbiswas/hotel-reviews-microservice/internal/infrastructure/middleware/error_handler_middleware.go:284.16,286.3 1 0
github.com/gkbiswas/hotel-reviews-microservice/internal/infrastructure/middleware/error_handler_middleware.go:289.2,303.49 2 0
github.com/gkbiswas/hotel-reviews-microservice/internal/infrastructure/middleware/error_handler_middleware.go:307.106,308.16 1 0
github.com/gkbiswas/hotel-reviews-microservice/internal/infrastructure/middleware/error_handler_middleware.go:308.16,310.3 1 0
github.com/gkbiswas/hotel-reviews-microservice/internal/infrastructure/middleware/error_handler_middleware.go:313.2,330.49 2 0
github.com/gkbiswas/hotel-reviews-microservice/internal/infrastructure/middleware/error_handler_middleware.go:334.109,335.16 1 0
github.com/gkbiswas/hotel-reviews-microservice/internal/infrastructure/middleware/error_handler_middleware.go:335.16,337.3 1 0
github.com/gkbiswas/hotel-reviews-microservice/internal/infrastructure/middleware/error_handler_middleware.go:340.2,358.44 2 0
github.com/gkbiswas/hotel-reviews-microservice/internal/infrastructure/middleware/error_handler_middleware.go:362.107,363.16 1 0
github.com/gkbiswas/hotel-reviews-microservice/internal/infrastructure/middleware/error_handler_middleware.go:363.16,365.3 1 0
github.com/gkbiswas/hotel-reviews-microservice/internal/infrastructure/middleware/error_handler_middleware.go:368.2,386.52 2 0
github.com/gkbiswas/hotel-reviews-microservice/internal/infrastructure/middleware/error_handler_middleware.go:390.114,391.16 1 0
github.com/gkbiswas/hotel-reviews-microservice/internal/infrastructure/middleware/error_handler_middleware.go:391.16,393.3 1 0
github.com/gkbiswas/hotel-reviews-microservice/internal/infrastructure/middleware/error_handler_middleware.go:396.2,414.45 2 0
github.com/gkbiswas/hotel-reviews-microservice/internal/infrastructure/middleware/error_handler_middleware.go:418.147,436.2 2 0
github.com/gkbiswas/hotel-reviews-microservice/internal/infrastructure/middleware/error_handler_middleware.go:439.66,440.54 1 0
github.com/gkbiswas/hotel-reviews-microservice/internal/infrastructure/middleware/error_handler_middleware.go:440.54,442.3 1 0
github.com/gkbiswas/hotel-reviews-microservice/internal/infrastructure/middleware/error_handler_middleware.go:443.2,443.14 1 0
github.com/gkbiswas/hotel-reviews-microservice/internal/infrastructure/middleware/error_handler_middleware.go:447.65,448.54 1 0
github.com/gkbiswas/hotel-reviews-microservice/internal/infrastructure/middleware/error_handler_middleware.go:448.54,450.3 1 0
github.com/gkbiswas/hotel-reviews-microservice/internal/infrastructure/middleware/error_handler_middleware.go:451.2,451.14 1 0
github.com/gkbiswas/hotel-reviews-microservice/internal/infrastructure/middleware/error_handler_middleware.go:455.66,456.54 1 0
github.com/gkbiswas/hotel-reviews-microservice/internal/infrastructure/middleware/error_handler_middleware.go:456.54,458.3 1 0
github.com/gkbiswas/hotel-reviews-microservice/internal/infrastructure/middleware/error_handler_middleware.go:459.2,459.14 1 0
github.com/gkbiswas/hotel-reviews-microservice/internal/infrastructure/middleware/error_handler_middleware.go:463.64,464.54 1 0
github.com/gkbiswas/hotel-reviews-microservice/internal/infrastructure/middleware/error_handler_middleware.go:464.54,466.3 1 0
github.com/gkbiswas/hotel-reviews-microservice/internal/infrastructure/middleware/error_handler_middleware.go:467.2,467.24 1 0
github.com/gkbiswas/hotel-reviews-microservice/internal/infrastructure/middleware/error_handler_middleware.go:471.82,472.54 1 0
github.com/gkbiswas/hotel-reviews-microservice/internal/infrastructure/middleware/error_handler_middleware.go:472.54,474.3 1 0
github.com/gkbiswas/hotel-reviews-microservice/internal/infrastructure/middleware/error_handler_middleware.go:475.2,475.39 1 0
github.com/gkbiswas/hotel-reviews-microservice/internal/infrastructure/middleware/error_handler_middleware.go:479.73,480.54 1 0
github.com/gkbiswas/hotel-reviews-microservice/internal/infrastructure/middleware/error_handler_middleware.go:480.54,482.3 1 0
github.com/gkbiswas/hotel-reviews-microservice/internal/infrastructure/middleware/error_handler_middleware.go:483.2,483.12 1 0
