mode: set
github.com/gkbiswas/hotel-reviews-microservice/cmd/demo-config-watcher/main.go:20.13,39.16 6 0
github.com/gkbiswas/hotel-reviews-microservice/cmd/demo-config-watcher/main.go:39.16,42.3 2 0
github.com/gkbiswas/hotel-reviews-microservice/cmd/demo-config-watcher/main.go:45.2,64.16 3 0
github.com/gkbiswas/hotel-reviews-microservice/cmd/demo-config-watcher/main.go:64.16,67.3 2 0
github.com/gkbiswas/hotel-reviews-microservice/cmd/demo-config-watcher/main.go:70.2,71.112 2 0
github.com/gkbiswas/hotel-reviews-microservice/cmd/demo-config-watcher/main.go:71.112,78.65 3 0
github.com/gkbiswas/hotel-reviews-microservice/cmd/demo-config-watcher/main.go:78.65,79.66 1 0
github.com/gkbiswas/hotel-reviews-microservice/cmd/demo-config-watcher/main.go:79.66,81.5 1 0
github.com/gkbiswas/hotel-reviews-microservice/cmd/demo-config-watcher/main.go:84.3,84.13 1 0
github.com/gkbiswas/hotel-reviews-microservice/cmd/demo-config-watcher/main.go:88.2,89.33 2 0
github.com/gkbiswas/hotel-reviews-microservice/cmd/demo-config-watcher/main.go:89.33,91.17 2 0
github.com/gkbiswas/hotel-reviews-microservice/cmd/demo-config-watcher/main.go:91.17,93.4 1 0
github.com/gkbiswas/hotel-reviews-microservice/cmd/demo-config-watcher/main.go:97.2,97.119 1 0
github.com/gkbiswas/hotel-reviews-microservice/cmd/demo-config-watcher/main.go:97.119,103.3 2 0
github.com/gkbiswas/hotel-reviews-microservice/cmd/demo-config-watcher/main.go:105.2,105.114 1 0
github.com/gkbiswas/hotel-reviews-microservice/cmd/demo-config-watcher/main.go:105.114,111.3 2 0
github.com/gkbiswas/hotel-reviews-microservice/cmd/demo-config-watcher/main.go:114.2,123.12 4 0
github.com/gkbiswas/hotel-reviews-microservice/cmd/demo-config-watcher/main.go:123.12,125.80 2 0
github.com/gkbiswas/hotel-reviews-microservice/cmd/demo-config-watcher/main.go:125.80,127.4 1 0
github.com/gkbiswas/hotel-reviews-microservice/cmd/demo-config-watcher/main.go:131.2,144.45 8 0
github.com/gkbiswas/hotel-reviews-microservice/cmd/demo-config-watcher/main.go:144.45,146.3 1 0
github.com/gkbiswas/hotel-reviews-microservice/cmd/demo-config-watcher/main.go:148.2,148.39 1 0
github.com/gkbiswas/hotel-reviews-microservice/cmd/demo-config-watcher/main.go:148.39,150.3 1 0
github.com/gkbiswas/hotel-reviews-microservice/cmd/demo-config-watcher/main.go:152.2,152.43 1 0
github.com/gkbiswas/hotel-reviews-microservice/cmd/demo-config-watcher/main.go:155.107,157.76 1 0
github.com/gkbiswas/hotel-reviews-microservice/cmd/demo-config-watcher/main.go:157.76,159.14 2 0
github.com/gkbiswas/hotel-reviews-microservice/cmd/demo-config-watcher/main.go:159.14,162.4 2 0
github.com/gkbiswas/hotel-reviews-microservice/cmd/demo-config-watcher/main.go:164.3,168.5 2 0
github.com/gkbiswas/hotel-reviews-microservice/cmd/demo-config-watcher/main.go:172.2,172.84 1 0
github.com/gkbiswas/hotel-reviews-microservice/cmd/demo-config-watcher/main.go:172.84,176.36 3 0
github.com/gkbiswas/hotel-reviews-microservice/cmd/demo-config-watcher/main.go:176.36,182.4 1 0
github.com/gkbiswas/hotel-reviews-microservice/cmd/demo-config-watcher/main.go:184.3,189.5 2 0
github.com/gkbiswas/hotel-reviews-microservice/cmd/demo-config-watcher/main.go:193.2,193.92 1 0
github.com/gkbiswas/hotel-reviews-microservice/cmd/demo-config-watcher/main.go:193.92,197.17 3 0
github.com/gkbiswas/hotel-reviews-microservice/cmd/demo-config-watcher/main.go:197.17,200.4 2 0
github.com/gkbiswas/hotel-reviews-microservice/cmd/demo-config-watcher/main.go:202.3,205.17 3 0
github.com/gkbiswas/hotel-reviews-microservice/cmd/demo-config-watcher/main.go:205.17,209.4 3 0
github.com/gkbiswas/hotel-reviews-microservice/cmd/demo-config-watcher/main.go:211.3,216.5 2 0
github.com/gkbiswas/hotel-reviews-microservice/cmd/demo-config-watcher/main.go:220.2,220.77 1 0
github.com/gkbiswas/hotel-reviews-microservice/cmd/demo-config-watcher/main.go:220.77,228.3 3 0
github.com/gkbiswas/hotel-reviews-microservice/cmd/demo-config-watcher/main.go:231.2,231.76 1 0
github.com/gkbiswas/hotel-reviews-microservice/cmd/demo-config-watcher/main.go:231.76,239.3 3 0
github.com/gkbiswas/hotel-reviews-microservice/cmd/demo-config-watcher/main.go:242.92,246.39 2 0
github.com/gkbiswas/hotel-reviews-microservice/cmd/demo-config-watcher/main.go:246.39,247.49 1 0
github.com/gkbiswas/hotel-reviews-microservice/cmd/demo-config-watcher/main.go:247.49,248.36 1 0
github.com/gkbiswas/hotel-reviews-microservice/cmd/demo-config-watcher/main.go:248.36,250.5 1 0
github.com/gkbiswas/hotel-reviews-microservice/cmd/demo-config-watcher/main.go:251.9,253.4 1 0
github.com/gkbiswas/hotel-reviews-microservice/cmd/demo-config-watcher/main.go:257.2,257.39 1 0
github.com/gkbiswas/hotel-reviews-microservice/cmd/demo-config-watcher/main.go:257.39,258.43 1 0
github.com/gkbiswas/hotel-reviews-microservice/cmd/demo-config-watcher/main.go:258.43,260.4 1 0
github.com/gkbiswas/hotel-reviews-microservice/cmd/demo-config-watcher/main.go:264.37,268.2 3 0
github.com/gkbiswas/hotel-reviews-microservice/cmd/demo-config-watcher/main.go:270.30,297.2 26 0
github.com/gkbiswas/hotel-reviews-microservice/cmd/server-with-config-watcher/main.go:30.45,38.16 4 0
github.com/gkbiswas/hotel-reviews-microservice/cmd/server-with-config-watcher/main.go:38.16,41.3 2 0
github.com/gkbiswas/hotel-reviews-microservice/cmd/server-with-config-watcher/main.go:43.2,51.41 2 0
github.com/gkbiswas/hotel-reviews-microservice/cmd/server-with-config-watcher/main.go:51.41,55.3 3 0
github.com/gkbiswas/hotel-reviews-microservice/cmd/server-with-config-watcher/main.go:57.2,57.17 1 0
github.com/gkbiswas/hotel-reviews-microservice/cmd/server-with-config-watcher/main.go:61.44,68.19 4 0
github.com/gkbiswas/hotel-reviews-microservice/cmd/server-with-config-watcher/main.go:68.19,70.3 1 0
github.com/gkbiswas/hotel-reviews-microservice/cmd/server-with-config-watcher/main.go:72.2,95.12 7 0
github.com/gkbiswas/hotel-reviews-microservice/cmd/server-with-config-watcher/main.go:99.39,117.2 9 0
github.com/gkbiswas/hotel-reviews-microservice/cmd/server-with-config-watcher/main.go:120.79,128.56 2 0
github.com/gkbiswas/hotel-reviews-microservice/cmd/server-with-config-watcher/main.go:128.56,132.3 3 0
github.com/gkbiswas/hotel-reviews-microservice/cmd/server-with-config-watcher/main.go:134.2,135.35 2 0
github.com/gkbiswas/hotel-reviews-microservice/cmd/server-with-config-watcher/main.go:138.79,140.19 2 0
github.com/gkbiswas/hotel-reviews-microservice/cmd/server-with-config-watcher/main.go:140.19,143.3 2 0
github.com/gkbiswas/hotel-reviews-microservice/cmd/server-with-config-watcher/main.go:146.2,149.36 3 0
github.com/gkbiswas/hotel-reviews-microservice/cmd/server-with-config-watcher/main.go:152.86,157.35 3 0
github.com/gkbiswas/hotel-reviews-microservice/cmd/server-with-config-watcher/main.go:157.35,163.3 1 0
github.com/gkbiswas/hotel-reviews-microservice/cmd/server-with-config-watcher/main.go:165.2,169.4 2 0
github.com/gkbiswas/hotel-reviews-microservice/cmd/server-with-config-watcher/main.go:172.87,176.22 3 0
github.com/gkbiswas/hotel-reviews-microservice/cmd/server-with-config-watcher/main.go:176.22,179.3 2 0
github.com/gkbiswas/hotel-reviews-microservice/cmd/server-with-config-watcher/main.go:181.2,183.69 2 0
github.com/gkbiswas/hotel-reviews-microservice/cmd/server-with-config-watcher/main.go:183.69,187.3 3 0
github.com/gkbiswas/hotel-reviews-microservice/cmd/server-with-config-watcher/main.go:189.2,195.4 2 0
github.com/gkbiswas/hotel-reviews-microservice/cmd/server-with-config-watcher/main.go:198.86,203.2 3 0
github.com/gkbiswas/hotel-reviews-microservice/cmd/server-with-config-watcher/main.go:205.80,234.2 4 0
github.com/gkbiswas/hotel-reviews-microservice/cmd/server-with-config-watcher/main.go:236.79,264.2 4 0
github.com/gkbiswas/hotel-reviews-microservice/cmd/server-with-config-watcher/main.go:266.79,292.2 5 0
github.com/gkbiswas/hotel-reviews-microservice/cmd/server-with-config-watcher/main.go:295.90,299.9 3 0
github.com/gkbiswas/hotel-reviews-microservice/cmd/server-with-config-watcher/main.go:299.9,301.3 1 0
github.com/gkbiswas/hotel-reviews-microservice/cmd/server-with-config-watcher/main.go:305.2,314.12 5 0
github.com/gkbiswas/hotel-reviews-microservice/cmd/server-with-config-watcher/main.go:317.87,321.9 3 0
github.com/gkbiswas/hotel-reviews-microservice/cmd/server-with-config-watcher/main.go:321.9,323.3 1 0
github.com/gkbiswas/hotel-reviews-microservice/cmd/server-with-config-watcher/main.go:326.2,326.37 1 0
github.com/gkbiswas/hotel-reviews-microservice/cmd/server-with-config-watcher/main.go:326.37,329.3 1 0
github.com/gkbiswas/hotel-reviews-microservice/cmd/server-with-config-watcher/main.go:332.2,337.12 2 0
github.com/gkbiswas/hotel-reviews-microservice/cmd/server-with-config-watcher/main.go:341.37,343.12 1 0
github.com/gkbiswas/hotel-reviews-microservice/cmd/server-with-config-watcher/main.go:343.12,345.88 2 0
github.com/gkbiswas/hotel-reviews-microservice/cmd/server-with-config-watcher/main.go:345.88,347.4 1 0
github.com/gkbiswas/hotel-reviews-microservice/cmd/server-with-config-watcher/main.go:351.2,355.9 3 0
github.com/gkbiswas/hotel-reviews-microservice/cmd/server-with-config-watcher/main.go:356.24,357.61 1 0
github.com/gkbiswas/hotel-reviews-microservice/cmd/server-with-config-watcher/main.go:358.24,359.51 1 0
github.com/gkbiswas/hotel-reviews-microservice/cmd/server-with-config-watcher/main.go:362.2,362.23 1 0
github.com/gkbiswas/hotel-reviews-microservice/cmd/server-with-config-watcher/main.go:366.42,374.27 4 0
github.com/gkbiswas/hotel-reviews-microservice/cmd/server-with-config-watcher/main.go:374.27,375.62 1 0
github.com/gkbiswas/hotel-reviews-microservice/cmd/server-with-config-watcher/main.go:375.62,377.4 1 0
github.com/gkbiswas/hotel-reviews-microservice/cmd/server-with-config-watcher/main.go:377.9,379.4 1 0
github.com/gkbiswas/hotel-reviews-microservice/cmd/server-with-config-watcher/main.go:383.2,383.30 1 0
github.com/gkbiswas/hotel-reviews-microservice/cmd/server-with-config-watcher/main.go:383.30,384.50 1 0
github.com/gkbiswas/hotel-reviews-microservice/cmd/server-with-config-watcher/main.go:384.50,386.4 1 0
github.com/gkbiswas/hotel-reviews-microservice/cmd/server-with-config-watcher/main.go:386.9,388.4 1 0
github.com/gkbiswas/hotel-reviews-microservice/cmd/server-with-config-watcher/main.go:391.2,393.12 3 0
github.com/gkbiswas/hotel-reviews-microservice/cmd/server-with-config-watcher/main.go:399.65,401.2 1 0
github.com/gkbiswas/hotel-reviews-microservice/cmd/server-with-config-watcher/main.go:403.64,405.2 1 0
github.com/gkbiswas/hotel-reviews-microservice/cmd/server-with-config-watcher/main.go:407.64,409.2 1 0
github.com/gkbiswas/hotel-reviews-microservice/cmd/server-with-config-watcher/main.go:411.65,413.2 1 0
github.com/gkbiswas/hotel-reviews-microservice/cmd/server-with-config-watcher/main.go:416.13,420.16 3 0
github.com/gkbiswas/hotel-reviews-microservice/cmd/server-with-config-watcher/main.go:420.16,423.3 2 0
github.com/gkbiswas/hotel-reviews-microservice/cmd/server-with-config-watcher/main.go:425.2,425.34 1 0
github.com/gkbiswas/hotel-reviews-microservice/cmd/server-with-config-watcher/main.go:425.34,428.3 2 0
github.com/gkbiswas/hotel-reviews-microservice/cmd/api/main.go:30.13,43.16 4 0
github.com/gkbiswas/hotel-reviews-microservice/cmd/api/main.go:43.16,45.3 1 0
github.com/gkbiswas/hotel-reviews-microservice/cmd/api/main.go:48.2,48.17 1 0
github.com/gkbiswas/hotel-reviews-microservice/cmd/api/main.go:48.17,50.3 1 0
github.com/gkbiswas/hotel-reviews-microservice/cmd/api/main.go:51.2,51.15 1 0
github.com/gkbiswas/hotel-reviews-microservice/cmd/api/main.go:51.15,53.3 1 0
github.com/gkbiswas/hotel-reviews-microservice/cmd/api/main.go:54.2,54.21 1 0
github.com/gkbiswas/hotel-reviews-microservice/cmd/api/main.go:54.21,56.3 1 0
github.com/gkbiswas/hotel-reviews-microservice/cmd/api/main.go:59.2,65.16 3 0
github.com/gkbiswas/hotel-reviews-microservice/cmd/api/main.go:65.16,67.3 1 0
github.com/gkbiswas/hotel-reviews-microservice/cmd/api/main.go:70.2,83.16 7 0
github.com/gkbiswas/hotel-reviews-microservice/cmd/api/main.go:83.16,85.3 1 0
github.com/gkbiswas/hotel-reviews-microservice/cmd/api/main.go:88.2,89.16 2 0
github.com/gkbiswas/hotel-reviews-microservice/cmd/api/main.go:89.16,91.3 1 0
github.com/gkbiswas/hotel-reviews-microservice/cmd/api/main.go:94.2,102.52 3 0
github.com/gkbiswas/hotel-reviews-microservice/cmd/api/main.go:102.52,105.3 2 0
github.com/gkbiswas/hotel-reviews-microservice/cmd/api/main.go:108.2,109.24 2 0
github.com/gkbiswas/hotel-reviews-microservice/cmd/api/main.go:109.24,111.3 1 0
github.com/gkbiswas/hotel-reviews-microservice/cmd/api/main.go:114.2,218.69 37 0
github.com/gkbiswas/hotel-reviews-microservice/cmd/api/main.go:218.69,220.17 2 0
github.com/gkbiswas/hotel-reviews-microservice/cmd/api/main.go:220.17,222.4 1 0
github.com/gkbiswas/hotel-reviews-microservice/cmd/api/main.go:223.3,223.32 1 0
github.com/gkbiswas/hotel-reviews-microservice/cmd/api/main.go:225.2,225.24 1 0
github.com/gkbiswas/hotel-reviews-microservice/cmd/api/main.go:225.24,226.67 1 0
github.com/gkbiswas/hotel-reviews-microservice/cmd/api/main.go:226.67,228.4 1 0
github.com/gkbiswas/hotel-reviews-microservice/cmd/api/main.go:230.2,230.63 1 0
github.com/gkbiswas/hotel-reviews-microservice/cmd/api/main.go:230.63,234.3 2 0
github.com/gkbiswas/hotel-reviews-microservice/cmd/api/main.go:237.2,238.28 2 0
github.com/gkbiswas/hotel-reviews-microservice/cmd/api/main.go:238.28,240.3 1 0
github.com/gkbiswas/hotel-reviews-microservice/cmd/api/main.go:242.2,277.2 20 0
github.com/gkbiswas/hotel-reviews-microservice/cmd/api/main.go:277.2,280.3 2 0
github.com/gkbiswas/hotel-reviews-microservice/cmd/api/main.go:280.3,285.4 4 0
github.com/gkbiswas/hotel-reviews-microservice/cmd/api/main.go:288.3,289.3 2 0
github.com/gkbiswas/hotel-reviews-microservice/cmd/api/main.go:289.3,296.4 5 0
github.com/gkbiswas/hotel-reviews-microservice/cmd/api/main.go:299.3,300.3 2 0
github.com/gkbiswas/hotel-reviews-microservice/cmd/api/main.go:300.3,306.4 5 0
github.com/gkbiswas/hotel-reviews-microservice/cmd/api/main.go:309.3,310.3 2 0
github.com/gkbiswas/hotel-reviews-microservice/cmd/api/main.go:310.3,316.4 5 0
github.com/gkbiswas/hotel-reviews-microservice/cmd/api/main.go:319.3,320.3 2 0
github.com/gkbiswas/hotel-reviews-microservice/cmd/api/main.go:320.3,327.4 6 0
github.com/gkbiswas/hotel-reviews-microservice/cmd/api/main.go:330.3,331.3 2 0
github.com/gkbiswas/hotel-reviews-microservice/cmd/api/main.go:331.3,334.4 2 0
github.com/gkbiswas/hotel-reviews-microservice/cmd/api/main.go:337.3,338.3 2 0
github.com/gkbiswas/hotel-reviews-microservice/cmd/api/main.go:338.3,346.4 7 0
github.com/gkbiswas/hotel-reviews-microservice/cmd/api/main.go:349.3,350.3 2 0
github.com/gkbiswas/hotel-reviews-microservice/cmd/api/main.go:350.3,354.4 2 0
github.com/gkbiswas/hotel-reviews-microservice/cmd/api/main.go:357.3,358.3 2 0
github.com/gkbiswas/hotel-reviews-microservice/cmd/api/main.go:358.3,366.4 7 0
github.com/gkbiswas/hotel-reviews-microservice/cmd/api/main.go:370.2,383.18 3 0
github.com/gkbiswas/hotel-reviews-microservice/cmd/api/main.go:383.18,384.66 1 0
github.com/gkbiswas/hotel-reviews-microservice/cmd/api/main.go:384.66,386.4 1 0
github.com/gkbiswas/hotel-reviews-microservice/cmd/api/main.go:386.9,388.4 1 0
github.com/gkbiswas/hotel-reviews-microservice/cmd/api/main.go:392.2,392.49 1 0
github.com/gkbiswas/hotel-reviews-microservice/cmd/api/main.go:392.49,394.3 1 0
github.com/gkbiswas/hotel-reviews-microservice/cmd/api/main.go:394.8,396.3 1 0
github.com/gkbiswas/hotel-reviews-microservice/cmd/api/main.go:399.2,399.12 1 0
github.com/gkbiswas/hotel-reviews-microservice/cmd/api/main.go:399.12,416.84 2 0
github.com/gkbiswas/hotel-reviews-microservice/cmd/api/main.go:416.84,418.4 1 0
github.com/gkbiswas/hotel-reviews-microservice/cmd/api/main.go:422.2,436.58 6 0
github.com/gkbiswas/hotel-reviews-microservice/cmd/api/main.go:436.58,439.3 2 0
github.com/gkbiswas/hotel-reviews-microservice/cmd/api/main.go:441.2,441.60 1 0
github.com/gkbiswas/hotel-reviews-microservice/cmd/api/main.go:445.100,454.76 3 0
github.com/gkbiswas/hotel-reviews-microservice/cmd/api/main.go:454.76,456.3 1 0
github.com/gkbiswas/hotel-reviews-microservice/cmd/api/main.go:459.2,460.16 2 0
github.com/gkbiswas/hotel-reviews-microservice/cmd/api/main.go:460.16,462.3 1 0
github.com/gkbiswas/hotel-reviews-microservice/cmd/api/main.go:462.8,464.3 1 0
github.com/gkbiswas/hotel-reviews-microservice/cmd/api/main.go:466.2,466.12 1 0
github.com/gkbiswas/hotel-reviews-microservice/cmd/api/main.go:474.66,476.2 1 0
github.com/gkbiswas/hotel-reviews-microservice/cmd/api/main.go:478.65,480.2 1 0
github.com/gkbiswas/hotel-reviews-microservice/cmd/api/main.go:482.65,484.2 1 0
github.com/gkbiswas/hotel-reviews-microservice/cmd/api/main.go:486.66,488.2 1 0
github.com/gkbiswas/hotel-reviews-microservice/cmd/api/main.go:492.44,493.30 1 0
github.com/gkbiswas/hotel-reviews-microservice/cmd/api/main.go:493.30,495.22 2 0
github.com/gkbiswas/hotel-reviews-microservice/cmd/api/main.go:495.22,497.4 1 0
github.com/gkbiswas/hotel-reviews-microservice/cmd/api/main.go:498.3,500.11 3 0
github.com/gkbiswas/hotel-reviews-microservice/cmd/api/main.go:504.63,505.30 1 0
github.com/gkbiswas/hotel-reviews-microservice/cmd/api/main.go:505.30,518.3 4 0
github.com/gkbiswas/hotel-reviews-microservice/cmd/api/main.go:521.39,522.30 1 0
github.com/gkbiswas/hotel-reviews-microservice/cmd/api/main.go:522.30,527.36 4 0
github.com/gkbiswas/hotel-reviews-microservice/cmd/api/main.go:527.36,530.4 2 0
github.com/gkbiswas/hotel-reviews-microservice/cmd/api/main.go:532.3,532.11 1 0
github.com/gkbiswas/hotel-reviews-microservice/cmd/api/main.go:543.82,545.2 1 0
github.com/gkbiswas/hotel-reviews-microservice/cmd/api/main.go:547.49,552.36 4 0
github.com/gkbiswas/hotel-reviews-microservice/cmd/api/main.go:552.36,553.36 1 0
github.com/gkbiswas/hotel-reviews-microservice/cmd/api/main.go:553.36,556.4 2 0
github.com/gkbiswas/hotel-reviews-microservice/cmd/api/main.go:556.9,558.4 1 0
github.com/gkbiswas/hotel-reviews-microservice/cmd/api/main.go:561.2,561.23 1 0
github.com/gkbiswas/hotel-reviews-microservice/cmd/api/main.go:561.23,567.3 2 0
github.com/gkbiswas/hotel-reviews-microservice/cmd/api/main.go:569.2,572.4 1 0
github.com/gkbiswas/hotel-reviews-microservice/cmd/api/main.go:585.90,587.2 1 0
github.com/gkbiswas/hotel-reviews-microservice/internal/application/auth_handlers.go:28.148,34.2 1 0
github.com/gkbiswas/hotel-reviews-microservice/internal/application/auth_handlers.go:113.73,115.61 2 1
github.com/gkbiswas/hotel-reviews-microservice/internal/application/auth_handlers.go:115.61,118.3 2 1
github.com/gkbiswas/hotel-reviews-microservice/internal/application/auth_handlers.go:121.2,121.47 1 1
github.com/gkbiswas/hotel-reviews-microservice/internal/application/auth_handlers.go:121.47,124.3 2 0
github.com/gkbiswas/hotel-reviews-microservice/internal/application/auth_handlers.go:127.2,128.16 2 1
github.com/gkbiswas/hotel-reviews-microservice/internal/application/auth_handlers.go:128.16,132.3 3 1
github.com/gkbiswas/hotel-reviews-microservice/internal/application/auth_handlers.go:135.2,149.80 2 1
github.com/gkbiswas/hotel-reviews-microservice/internal/application/auth_handlers.go:149.80,153.3 3 1
github.com/gkbiswas/hotel-reviews-microservice/internal/application/auth_handlers.go:156.2,161.4 2 0
github.com/gkbiswas/hotel-reviews-microservice/internal/application/auth_handlers.go:165.70,167.61 2 1
github.com/gkbiswas/hotel-reviews-microservice/internal/application/auth_handlers.go:167.61,170.3 2 1
github.com/gkbiswas/hotel-reviews-microservice/internal/application/auth_handlers.go:173.2,173.47 1 1
github.com/gkbiswas/hotel-reviews-microservice/internal/application/auth_handlers.go:173.47,176.3 2 1
github.com/gkbiswas/hotel-reviews-microservice/internal/application/auth_handlers.go:179.2,183.16 4 1
github.com/gkbiswas/hotel-reviews-microservice/internal/application/auth_handlers.go:183.16,187.3 3 1
github.com/gkbiswas/hotel-reviews-microservice/internal/application/auth_handlers.go:189.2,189.77 1 0
github.com/gkbiswas/hotel-reviews-microservice/internal/application/auth_handlers.go:193.77,195.61 2 0
github.com/gkbiswas/hotel-reviews-microservice/internal/application/auth_handlers.go:195.61,198.3 2 0
github.com/gkbiswas/hotel-reviews-microservice/internal/application/auth_handlers.go:201.2,201.47 1 0
github.com/gkbiswas/hotel-reviews-microservice/internal/application/auth_handlers.go:201.47,204.3 2 0
github.com/gkbiswas/hotel-reviews-microservice/internal/application/auth_handlers.go:207.2,208.16 2 0
github.com/gkbiswas/hotel-reviews-microservice/internal/application/auth_handlers.go:208.16,212.3 3 0
github.com/gkbiswas/hotel-reviews-microservice/internal/application/auth_handlers.go:214.2,214.89 1 0
github.com/gkbiswas/hotel-reviews-microservice/internal/application/auth_handlers.go:218.71,221.22 2 0
github.com/gkbiswas/hotel-reviews-microservice/internal/application/auth_handlers.go:221.22,224.3 2 0
github.com/gkbiswas/hotel-reviews-microservice/internal/application/auth_handlers.go:226.2,227.62 2 0
github.com/gkbiswas/hotel-reviews-microservice/internal/application/auth_handlers.go:227.62,230.3 2 0
github.com/gkbiswas/hotel-reviews-microservice/internal/application/auth_handlers.go:232.2,233.71 2 0
github.com/gkbiswas/hotel-reviews-microservice/internal/application/auth_handlers.go:233.71,237.3 3 0
github.com/gkbiswas/hotel-reviews-microservice/internal/application/auth_handlers.go:239.2,239.74 1 0
github.com/gkbiswas/hotel-reviews-microservice/internal/application/auth_handlers.go:243.74,245.17 2 0
github.com/gkbiswas/hotel-reviews-microservice/internal/application/auth_handlers.go:245.17,248.3 2 0
github.com/gkbiswas/hotel-reviews-microservice/internal/application/auth_handlers.go:251.2,253.78 2 0
github.com/gkbiswas/hotel-reviews-microservice/internal/application/auth_handlers.go:259.75,261.17 2 0
github.com/gkbiswas/hotel-reviews-microservice/internal/application/auth_handlers.go:261.17,264.3 2 0
github.com/gkbiswas/hotel-reviews-microservice/internal/application/auth_handlers.go:266.2,266.82 1 0
github.com/gkbiswas/hotel-reviews-microservice/internal/application/auth_handlers.go:270.78,272.17 2 0
github.com/gkbiswas/hotel-reviews-microservice/internal/application/auth_handlers.go:272.17,275.3 2 0
github.com/gkbiswas/hotel-reviews-microservice/internal/application/auth_handlers.go:277.2,278.61 2 0
github.com/gkbiswas/hotel-reviews-microservice/internal/application/auth_handlers.go:278.61,281.3 2 0
github.com/gkbiswas/hotel-reviews-microservice/internal/application/auth_handlers.go:284.2,284.47 1 0
github.com/gkbiswas/hotel-reviews-microservice/internal/application/auth_handlers.go:284.47,287.3 2 0
github.com/gkbiswas/hotel-reviews-microservice/internal/application/auth_handlers.go:290.2,290.25 1 0
github.com/gkbiswas/hotel-reviews-microservice/internal/application/auth_handlers.go:290.25,292.3 1 0
github.com/gkbiswas/hotel-reviews-microservice/internal/application/auth_handlers.go:293.2,293.24 1 0
github.com/gkbiswas/hotel-reviews-microservice/internal/application/auth_handlers.go:293.24,295.3 1 0
github.com/gkbiswas/hotel-reviews-microservice/internal/application/auth_handlers.go:296.2,296.21 1 0
github.com/gkbiswas/hotel-reviews-microservice/internal/application/auth_handlers.go:296.21,298.3 1 0
github.com/gkbiswas/hotel-reviews-microservice/internal/application/auth_handlers.go:300.2,300.68 1 0
github.com/gkbiswas/hotel-reviews-microservice/internal/application/auth_handlers.go:300.68,304.3 3 0
github.com/gkbiswas/hotel-reviews-microservice/internal/application/auth_handlers.go:306.2,306.80 1 0
github.com/gkbiswas/hotel-reviews-microservice/internal/application/auth_handlers.go:310.79,312.17 2 0
github.com/gkbiswas/hotel-reviews-microservice/internal/application/auth_handlers.go:312.17,315.3 2 0
github.com/gkbiswas/hotel-reviews-microservice/internal/application/auth_handlers.go:317.2,318.61 2 0
github.com/gkbiswas/hotel-reviews-microservice/internal/application/auth_handlers.go:318.61,321.3 2 0
github.com/gkbiswas/hotel-reviews-microservice/internal/application/auth_handlers.go:324.2,324.47 1 0
github.com/gkbiswas/hotel-reviews-microservice/internal/application/auth_handlers.go:324.47,327.3 2 0
github.com/gkbiswas/hotel-reviews-microservice/internal/application/auth_handlers.go:330.2,330.109 1 0
github.com/gkbiswas/hotel-reviews-microservice/internal/application/auth_handlers.go:330.109,334.3 3 0
github.com/gkbiswas/hotel-reviews-microservice/internal/application/auth_handlers.go:336.2,336.80 1 0
github.com/gkbiswas/hotel-reviews-microservice/internal/application/auth_handlers.go:342.77,344.17 2 0
github.com/gkbiswas/hotel-reviews-microservice/internal/application/auth_handlers.go:344.17,347.3 2 0
github.com/gkbiswas/hotel-reviews-microservice/internal/application/auth_handlers.go:349.2,350.61 2 0
github.com/gkbiswas/hotel-reviews-microservice/internal/application/auth_handlers.go:350.61,353.3 2 0
github.com/gkbiswas/hotel-reviews-microservice/internal/application/auth_handlers.go:356.2,356.47 1 0
github.com/gkbiswas/hotel-reviews-microservice/internal/application/auth_handlers.go:356.47,359.3 2 0
github.com/gkbiswas/hotel-reviews-microservice/internal/application/auth_handlers.go:362.2,363.16 2 0
github.com/gkbiswas/hotel-reviews-microservice/internal/application/auth_handlers.go:363.16,367.3 3 0
github.com/gkbiswas/hotel-reviews-microservice/internal/application/auth_handlers.go:370.2,379.89 2 0
github.com/gkbiswas/hotel-reviews-microservice/internal/application/auth_handlers.go:383.76,385.17 2 0
github.com/gkbiswas/hotel-reviews-microservice/internal/application/auth_handlers.go:385.17,388.3 2 0
github.com/gkbiswas/hotel-reviews-microservice/internal/application/auth_handlers.go:391.2,395.16 3 0
github.com/gkbiswas/hotel-reviews-microservice/internal/application/auth_handlers.go:395.16,399.3 3 0
github.com/gkbiswas/hotel-reviews-microservice/internal/application/auth_handlers.go:401.2,401.86 1 0
github.com/gkbiswas/hotel-reviews-microservice/internal/application/auth_handlers.go:405.77,407.17 2 0
github.com/gkbiswas/hotel-reviews-microservice/internal/application/auth_handlers.go:407.17,410.3 2 0
github.com/gkbiswas/hotel-reviews-microservice/internal/application/auth_handlers.go:413.2,415.16 3 0
github.com/gkbiswas/hotel-reviews-microservice/internal/application/auth_handlers.go:415.16,418.3 2 0
github.com/gkbiswas/hotel-reviews-microservice/internal/application/auth_handlers.go:421.2,421.74 1 0
github.com/gkbiswas/hotel-reviews-microservice/internal/application/auth_handlers.go:421.74,425.3 3 0
github.com/gkbiswas/hotel-reviews-microservice/internal/application/auth_handlers.go:427.2,427.79 1 0
github.com/gkbiswas/hotel-reviews-microservice/internal/application/auth_handlers.go:433.74,439.16 3 0
github.com/gkbiswas/hotel-reviews-microservice/internal/application/auth_handlers.go:439.16,443.3 3 0
github.com/gkbiswas/hotel-reviews-microservice/internal/application/auth_handlers.go:445.2,445.81 1 0
github.com/gkbiswas/hotel-reviews-microservice/internal/application/auth_handlers.go:449.72,453.16 3 0
github.com/gkbiswas/hotel-reviews-microservice/internal/application/auth_handlers.go:453.16,456.3 2 0
github.com/gkbiswas/hotel-reviews-microservice/internal/application/auth_handlers.go:459.2,460.16 2 0
github.com/gkbiswas/hotel-reviews-microservice/internal/application/auth_handlers.go:460.16,464.3 3 0
github.com/gkbiswas/hotel-reviews-microservice/internal/application/auth_handlers.go:466.2,466.79 1 0
github.com/gkbiswas/hotel-reviews-microservice/internal/application/auth_handlers.go:470.75,474.16 3 0
github.com/gkbiswas/hotel-reviews-microservice/internal/application/auth_handlers.go:474.16,477.3 2 0
github.com/gkbiswas/hotel-reviews-microservice/internal/application/auth_handlers.go:480.2,480.70 1 0
github.com/gkbiswas/hotel-reviews-microservice/internal/application/auth_handlers.go:480.70,484.3 3 0
github.com/gkbiswas/hotel-reviews-microservice/internal/application/auth_handlers.go:486.2,486.76 1 0
github.com/gkbiswas/hotel-reviews-microservice/internal/application/auth_handlers.go:490.75,494.16 3 0
github.com/gkbiswas/hotel-reviews-microservice/internal/application/auth_handlers.go:494.16,497.3 2 0
github.com/gkbiswas/hotel-reviews-microservice/internal/application/auth_handlers.go:499.2,500.61 2 0
github.com/gkbiswas/hotel-reviews-microservice/internal/application/auth_handlers.go:500.61,503.3 2 0
github.com/gkbiswas/hotel-reviews-microservice/internal/application/auth_handlers.go:506.2,506.47 1 0
github.com/gkbiswas/hotel-reviews-microservice/internal/application/auth_handlers.go:506.47,509.3 2 0
github.com/gkbiswas/hotel-reviews-microservice/internal/application/auth_handlers.go:512.2,512.82 1 0
github.com/gkbiswas/hotel-reviews-microservice/internal/application/auth_handlers.go:512.82,516.3 3 0
github.com/gkbiswas/hotel-reviews-microservice/internal/application/auth_handlers.go:518.2,518.77 1 0
github.com/gkbiswas/hotel-reviews-microservice/internal/application/auth_handlers.go:523.107,534.60 4 1
github.com/gkbiswas/hotel-reviews-microservice/internal/application/auth_handlers.go:534.60,536.3 1 0
github.com/gkbiswas/hotel-reviews-microservice/internal/application/auth_handlers.go:539.118,549.60 4 1
github.com/gkbiswas/hotel-reviews-microservice/internal/application/auth_handlers.go:549.60,551.3 1 0
github.com/gkbiswas/hotel-reviews-microservice/internal/application/auth_handlers.go:554.60,556.55 1 1
github.com/gkbiswas/hotel-reviews-microservice/internal/application/auth_handlers.go:556.55,559.3 2 1
github.com/gkbiswas/hotel-reviews-microservice/internal/application/auth_handlers.go:562.2,562.49 1 1
github.com/gkbiswas/hotel-reviews-microservice/internal/application/auth_handlers.go:562.49,564.3 1 1
github.com/gkbiswas/hotel-reviews-microservice/internal/application/auth_handlers.go:567.2,567.21 1 1
github.com/gkbiswas/hotel-reviews-microservice/internal/application/auth_handlers.go:570.73,572.9 2 1
github.com/gkbiswas/hotel-reviews-microservice/internal/application/auth_handlers.go:572.9,574.3 1 1
github.com/gkbiswas/hotel-reviews-microservice/internal/application/auth_handlers.go:575.2,575.13 1 1
github.com/gkbiswas/hotel-reviews-microservice/internal/application/auth_handlers.go:578.74,582.60 3 1
github.com/gkbiswas/hotel-reviews-microservice/internal/application/auth_handlers.go:582.60,583.80 1 1
github.com/gkbiswas/hotel-reviews-microservice/internal/application/auth_handlers.go:583.80,585.4 1 1
github.com/gkbiswas/hotel-reviews-microservice/internal/application/auth_handlers.go:588.2,588.63 1 1
github.com/gkbiswas/hotel-reviews-microservice/internal/application/auth_handlers.go:588.63,589.84 1 1
github.com/gkbiswas/hotel-reviews-microservice/internal/application/auth_handlers.go:589.84,591.4 1 1
github.com/gkbiswas/hotel-reviews-microservice/internal/application/auth_handlers.go:595.2,595.17 1 1
github.com/gkbiswas/hotel-reviews-microservice/internal/application/auth_handlers.go:595.17,597.3 1 1
github.com/gkbiswas/hotel-reviews-microservice/internal/application/auth_handlers.go:599.2,599.22 1 1
github.com/gkbiswas/hotel-reviews-microservice/internal/application/auth_handlers.go:602.63,603.25 1 1
github.com/gkbiswas/hotel-reviews-microservice/internal/application/auth_handlers.go:604.23,605.38 1 1
github.com/gkbiswas/hotel-reviews-microservice/internal/application/auth_handlers.go:606.20,607.35 1 1
github.com/gkbiswas/hotel-reviews-microservice/internal/application/auth_handlers.go:608.10,609.44 1 0
github.com/gkbiswas/hotel-reviews-microservice/internal/application/auth_handlers.go:613.75,617.24 2 1
github.com/gkbiswas/hotel-reviews-microservice/internal/application/auth_handlers.go:617.24,619.3 1 1
github.com/gkbiswas/hotel-reviews-microservice/internal/application/auth_handlers.go:620.2,620.21 1 1
github.com/gkbiswas/hotel-reviews-microservice/internal/application/auth_handlers.go:620.21,622.3 1 1
github.com/gkbiswas/hotel-reviews-microservice/internal/application/auth_handlers.go:623.2,623.24 1 1
github.com/gkbiswas/hotel-reviews-microservice/internal/application/auth_handlers.go:623.24,625.3 1 1
github.com/gkbiswas/hotel-reviews-microservice/internal/application/auth_handlers.go:628.2,628.21 1 1
github.com/gkbiswas/hotel-reviews-microservice/internal/application/auth_handlers.go:628.21,630.41 2 1
github.com/gkbiswas/hotel-reviews-microservice/internal/application/auth_handlers.go:630.41,632.4 1 1
github.com/gkbiswas/hotel-reviews-microservice/internal/application/auth_handlers.go:636.2,636.49 1 1
github.com/gkbiswas/hotel-reviews-microservice/internal/application/auth_handlers.go:636.49,638.3 1 1
github.com/gkbiswas/hotel-reviews-microservice/internal/application/auth_handlers.go:641.2,641.49 1 1
github.com/gkbiswas/hotel-reviews-microservice/internal/application/auth_handlers.go:641.49,643.3 1 0
github.com/gkbiswas/hotel-reviews-microservice/internal/application/auth_handlers.go:645.2,645.31 1 1
github.com/gkbiswas/hotel-reviews-microservice/internal/application/auth_handlers.go:645.31,647.3 1 1
github.com/gkbiswas/hotel-reviews-microservice/internal/application/auth_handlers.go:649.2,649.12 1 1
github.com/gkbiswas/hotel-reviews-microservice/internal/application/auth_handlers.go:652.69,656.21 2 1
github.com/gkbiswas/hotel-reviews-microservice/internal/application/auth_handlers.go:656.21,658.3 1 0
github.com/gkbiswas/hotel-reviews-microservice/internal/application/auth_handlers.go:659.2,659.24 1 1
github.com/gkbiswas/hotel-reviews-microservice/internal/application/auth_handlers.go:659.24,661.3 1 1
github.com/gkbiswas/hotel-reviews-microservice/internal/application/auth_handlers.go:664.2,664.21 1 1
github.com/gkbiswas/hotel-reviews-microservice/internal/application/auth_handlers.go:664.21,666.41 2 1
github.com/gkbiswas/hotel-reviews-microservice/internal/application/auth_handlers.go:666.41,668.4 1 1
github.com/gkbiswas/hotel-reviews-microservice/internal/application/auth_handlers.go:671.2,671.31 1 1
github.com/gkbiswas/hotel-reviews-microservice/internal/application/auth_handlers.go:671.31,673.3 1 1
github.com/gkbiswas/hotel-reviews-microservice/internal/application/auth_handlers.go:675.2,675.12 1 1
github.com/gkbiswas/hotel-reviews-microservice/internal/application/auth_handlers.go:679.60,706.2 19 0
github.com/gkbiswas/hotel-reviews-microservice/internal/application/auth_handlers.go:709.76,717.2 2 1
github.com/gkbiswas/hotel-reviews-microservice/internal/application/auth_middleware.go:112.58,179.2 1 1
github.com/gkbiswas/hotel-reviews-microservice/internal/application/auth_middleware.go:216.85,229.29 3 1
github.com/gkbiswas/hotel-reviews-microservice/internal/application/auth_middleware.go:229.29,232.3 2 1
github.com/gkbiswas/hotel-reviews-microservice/internal/application/auth_middleware.go:234.2,234.11 1 1
github.com/gkbiswas/hotel-reviews-microservice/internal/application/auth_middleware.go:238.32,241.2 2 1
github.com/gkbiswas/hotel-reviews-microservice/internal/application/auth_middleware.go:244.66,245.33 1 1
github.com/gkbiswas/hotel-reviews-microservice/internal/application/auth_middleware.go:245.33,247.3 1 0
github.com/gkbiswas/hotel-reviews-microservice/internal/application/auth_middleware.go:249.2,256.13 6 1
github.com/gkbiswas/hotel-reviews-microservice/internal/application/auth_middleware.go:256.13,265.3 2 1
github.com/gkbiswas/hotel-reviews-microservice/internal/application/auth_middleware.go:268.2,268.53 1 1
github.com/gkbiswas/hotel-reviews-microservice/internal/application/auth_middleware.go:268.53,270.3 1 0
github.com/gkbiswas/hotel-reviews-microservice/internal/application/auth_middleware.go:273.2,273.59 1 1
github.com/gkbiswas/hotel-reviews-microservice/internal/application/auth_middleware.go:273.59,278.3 4 0
github.com/gkbiswas/hotel-reviews-microservice/internal/application/auth_middleware.go:281.2,281.55 1 1
github.com/gkbiswas/hotel-reviews-microservice/internal/application/auth_middleware.go:281.55,283.50 1 1
github.com/gkbiswas/hotel-reviews-microservice/internal/application/auth_middleware.go:283.50,287.4 3 1
github.com/gkbiswas/hotel-reviews-microservice/internal/application/auth_middleware.go:288.3,288.20 1 1
github.com/gkbiswas/hotel-reviews-microservice/internal/application/auth_middleware.go:291.2,294.14 3 1
github.com/gkbiswas/hotel-reviews-microservice/internal/application/auth_middleware.go:298.57,299.33 1 1
github.com/gkbiswas/hotel-reviews-microservice/internal/application/auth_middleware.go:299.33,301.3 1 0
github.com/gkbiswas/hotel-reviews-microservice/internal/application/auth_middleware.go:303.2,309.13 5 1
github.com/gkbiswas/hotel-reviews-microservice/internal/application/auth_middleware.go:309.13,318.3 2 1
github.com/gkbiswas/hotel-reviews-microservice/internal/application/auth_middleware.go:321.2,321.53 1 1
github.com/gkbiswas/hotel-reviews-microservice/internal/application/auth_middleware.go:321.53,323.3 1 1
github.com/gkbiswas/hotel-reviews-microservice/internal/application/auth_middleware.go:326.2,326.59 1 1
github.com/gkbiswas/hotel-reviews-microservice/internal/application/auth_middleware.go:326.59,331.3 4 0
github.com/gkbiswas/hotel-reviews-microservice/internal/application/auth_middleware.go:334.2,334.55 1 1
github.com/gkbiswas/hotel-reviews-microservice/internal/application/auth_middleware.go:334.55,336.50 1 1
github.com/gkbiswas/hotel-reviews-microservice/internal/application/auth_middleware.go:336.50,340.4 3 1
github.com/gkbiswas/hotel-reviews-microservice/internal/application/auth_middleware.go:341.3,341.20 1 1
github.com/gkbiswas/hotel-reviews-microservice/internal/application/auth_middleware.go:344.2,347.14 3 1
github.com/gkbiswas/hotel-reviews-microservice/internal/application/auth_middleware.go:351.47,357.6 4 1
github.com/gkbiswas/hotel-reviews-microservice/internal/application/auth_middleware.go:357.6,358.10 1 1
github.com/gkbiswas/hotel-reviews-microservice/internal/application/auth_middleware.go:359.24,360.10 1 1
github.com/gkbiswas/hotel-reviews-microservice/internal/application/auth_middleware.go:361.19,362.23 1 0
github.com/gkbiswas/hotel-reviews-microservice/internal/application/auth_middleware.go:368.41,376.40 5 0
github.com/gkbiswas/hotel-reviews-microservice/internal/application/auth_middleware.go:376.40,377.39 1 0
github.com/gkbiswas/hotel-reviews-microservice/internal/application/auth_middleware.go:377.39,379.4 1 0
github.com/gkbiswas/hotel-reviews-microservice/internal/application/auth_middleware.go:383.2,383.38 1 0
github.com/gkbiswas/hotel-reviews-microservice/internal/application/auth_middleware.go:383.38,384.39 1 0
github.com/gkbiswas/hotel-reviews-microservice/internal/application/auth_middleware.go:384.39,386.4 1 0
github.com/gkbiswas/hotel-reviews-microservice/internal/application/auth_middleware.go:391.67,406.38 7 1
github.com/gkbiswas/hotel-reviews-microservice/internal/application/auth_middleware.go:406.38,407.54 1 0
github.com/gkbiswas/hotel-reviews-microservice/internal/application/auth_middleware.go:407.54,409.4 1 0
github.com/gkbiswas/hotel-reviews-microservice/internal/application/auth_middleware.go:412.2,412.36 1 1
github.com/gkbiswas/hotel-reviews-microservice/internal/application/auth_middleware.go:412.36,413.54 1 0
github.com/gkbiswas/hotel-reviews-microservice/internal/application/auth_middleware.go:413.54,415.4 1 0
github.com/gkbiswas/hotel-reviews-microservice/internal/application/auth_middleware.go:418.2,421.14 3 1
github.com/gkbiswas/hotel-reviews-microservice/internal/application/auth_middleware.go:438.95,452.41 3 1
github.com/gkbiswas/hotel-reviews-microservice/internal/application/auth_middleware.go:452.41,454.3 1 1
github.com/gkbiswas/hotel-reviews-microservice/internal/application/auth_middleware.go:457.2,457.29 1 1
github.com/gkbiswas/hotel-reviews-microservice/internal/application/auth_middleware.go:457.29,460.3 2 1
github.com/gkbiswas/hotel-reviews-microservice/internal/application/auth_middleware.go:462.2,462.11 1 1
github.com/gkbiswas/hotel-reviews-microservice/internal/application/auth_middleware.go:466.37,469.2 2 1
github.com/gkbiswas/hotel-reviews-microservice/internal/application/auth_middleware.go:472.61,473.33 1 1
github.com/gkbiswas/hotel-reviews-microservice/internal/application/auth_middleware.go:473.33,475.3 1 0
github.com/gkbiswas/hotel-reviews-microservice/internal/application/auth_middleware.go:477.2,481.57 3 1
github.com/gkbiswas/hotel-reviews-microservice/internal/application/auth_middleware.go:481.57,483.3 1 1
github.com/gkbiswas/hotel-reviews-microservice/internal/application/auth_middleware.go:485.2,486.13 2 1
github.com/gkbiswas/hotel-reviews-microservice/internal/application/auth_middleware.go:486.13,488.3 1 1
github.com/gkbiswas/hotel-reviews-microservice/internal/application/auth_middleware.go:490.2,490.37 1 1
github.com/gkbiswas/hotel-reviews-microservice/internal/application/auth_middleware.go:494.70,495.33 1 1
github.com/gkbiswas/hotel-reviews-microservice/internal/application/auth_middleware.go:495.33,497.3 1 0
github.com/gkbiswas/hotel-reviews-microservice/internal/application/auth_middleware.go:499.2,503.13 4 1
github.com/gkbiswas/hotel-reviews-microservice/internal/application/auth_middleware.go:503.13,505.3 1 1
github.com/gkbiswas/hotel-reviews-microservice/internal/application/auth_middleware.go:507.2,507.37 1 1
github.com/gkbiswas/hotel-reviews-microservice/internal/application/auth_middleware.go:511.76,517.2 4 1
github.com/gkbiswas/hotel-reviews-microservice/internal/application/auth_middleware.go:520.85,526.2 4 1
github.com/gkbiswas/hotel-reviews-microservice/internal/application/auth_middleware.go:529.62,535.2 4 1
github.com/gkbiswas/hotel-reviews-microservice/internal/application/auth_middleware.go:538.71,544.2 4 1
github.com/gkbiswas/hotel-reviews-microservice/internal/application/auth_middleware.go:547.55,553.6 4 1
github.com/gkbiswas/hotel-reviews-microservice/internal/application/auth_middleware.go:553.6,554.10 1 1
github.com/gkbiswas/hotel-reviews-microservice/internal/application/auth_middleware.go:555.24,556.10 1 1
github.com/gkbiswas/hotel-reviews-microservice/internal/application/auth_middleware.go:557.19,558.32 1 0
github.com/gkbiswas/hotel-reviews-microservice/internal/application/auth_middleware.go:564.55,571.47 4 0
github.com/gkbiswas/hotel-reviews-microservice/internal/application/auth_middleware.go:571.47,572.27 1 0
github.com/gkbiswas/hotel-reviews-microservice/internal/application/auth_middleware.go:572.27,575.4 2 0
github.com/gkbiswas/hotel-reviews-microservice/internal/application/auth_middleware.go:579.2,579.53 1 0
github.com/gkbiswas/hotel-reviews-microservice/internal/application/auth_middleware.go:579.53,580.27 1 0
github.com/gkbiswas/hotel-reviews-microservice/internal/application/auth_middleware.go:580.27,583.4 2 0
github.com/gkbiswas/hotel-reviews-microservice/internal/application/auth_middleware.go:588.72,597.2 3 1
github.com/gkbiswas/hotel-reviews-microservice/internal/application/auth_middleware.go:624.91,640.2 5 1
github.com/gkbiswas/hotel-reviews-microservice/internal/application/auth_middleware.go:643.35,646.2 2 1
github.com/gkbiswas/hotel-reviews-microservice/internal/application/auth_middleware.go:649.110,655.38 4 1
github.com/gkbiswas/hotel-reviews-microservice/internal/application/auth_middleware.go:655.38,656.91 1 1
github.com/gkbiswas/hotel-reviews-microservice/internal/application/auth_middleware.go:656.91,658.4 1 1
github.com/gkbiswas/hotel-reviews-microservice/internal/application/auth_middleware.go:661.2,661.51 1 1
github.com/gkbiswas/hotel-reviews-microservice/internal/application/auth_middleware.go:661.51,663.3 1 1
github.com/gkbiswas/hotel-reviews-microservice/internal/application/auth_middleware.go:665.2,682.21 5 1
github.com/gkbiswas/hotel-reviews-microservice/internal/application/auth_middleware.go:686.77,691.13 4 1
github.com/gkbiswas/hotel-reviews-microservice/internal/application/auth_middleware.go:691.13,693.3 1 0
github.com/gkbiswas/hotel-reviews-microservice/internal/application/auth_middleware.go:696.2,696.41 1 1
github.com/gkbiswas/hotel-reviews-microservice/internal/application/auth_middleware.go:696.41,698.3 1 1
github.com/gkbiswas/hotel-reviews-microservice/internal/application/auth_middleware.go:700.2,700.22 1 1
github.com/gkbiswas/hotel-reviews-microservice/internal/application/auth_middleware.go:704.67,709.13 4 1
github.com/gkbiswas/hotel-reviews-microservice/internal/application/auth_middleware.go:709.13,711.3 1 0
github.com/gkbiswas/hotel-reviews-microservice/internal/application/auth_middleware.go:713.2,714.62 2 1
github.com/gkbiswas/hotel-reviews-microservice/internal/application/auth_middleware.go:718.63,723.13 4 1
github.com/gkbiswas/hotel-reviews-microservice/internal/application/auth_middleware.go:723.13,725.3 1 0
github.com/gkbiswas/hotel-reviews-microservice/internal/application/auth_middleware.go:727.2,728.32 2 1
github.com/gkbiswas/hotel-reviews-microservice/internal/application/auth_middleware.go:732.68,736.38 3 1
github.com/gkbiswas/hotel-reviews-microservice/internal/application/auth_middleware.go:736.38,737.31 1 1
github.com/gkbiswas/hotel-reviews-microservice/internal/application/auth_middleware.go:737.31,740.4 2 1
github.com/gkbiswas/hotel-reviews-microservice/internal/application/auth_middleware.go:745.52,751.6 4 1
github.com/gkbiswas/hotel-reviews-microservice/internal/application/auth_middleware.go:751.6,752.10 1 1
github.com/gkbiswas/hotel-reviews-microservice/internal/application/auth_middleware.go:753.24,754.10 1 1
github.com/gkbiswas/hotel-reviews-microservice/internal/application/auth_middleware.go:755.19,756.30 1 0
github.com/gkbiswas/hotel-reviews-microservice/internal/application/auth_middleware.go:762.51,768.46 4 0
github.com/gkbiswas/hotel-reviews-microservice/internal/application/auth_middleware.go:768.46,769.35 1 0
github.com/gkbiswas/hotel-reviews-microservice/internal/application/auth_middleware.go:769.35,771.4 1 0
github.com/gkbiswas/hotel-reviews-microservice/internal/application/auth_middleware.go:776.68,784.38 6 1
github.com/gkbiswas/hotel-reviews-microservice/internal/application/auth_middleware.go:784.38,785.56 1 0
github.com/gkbiswas/hotel-reviews-microservice/internal/application/auth_middleware.go:785.56,787.4 1 0
github.com/gkbiswas/hotel-reviews-microservice/internal/application/auth_middleware.go:787.9,789.4 1 0
github.com/gkbiswas/hotel-reviews-microservice/internal/application/auth_middleware.go:792.2,796.3 1 1
github.com/gkbiswas/hotel-reviews-microservice/internal/application/auth_middleware.go:811.103,823.27 3 1
github.com/gkbiswas/hotel-reviews-microservice/internal/application/auth_middleware.go:823.27,826.3 2 1
github.com/gkbiswas/hotel-reviews-microservice/internal/application/auth_middleware.go:828.2,828.11 1 1
github.com/gkbiswas/hotel-reviews-microservice/internal/application/auth_middleware.go:832.41,835.2 2 1
github.com/gkbiswas/hotel-reviews-microservice/internal/application/auth_middleware.go:838.63,843.2 3 1
github.com/gkbiswas/hotel-reviews-microservice/internal/application/auth_middleware.go:846.69,848.2 1 1
github.com/gkbiswas/hotel-reviews-microservice/internal/application/auth_middleware.go:851.67,853.2 1 1
github.com/gkbiswas/hotel-reviews-microservice/internal/application/auth_middleware.go:856.74,858.2 1 0
github.com/gkbiswas/hotel-reviews-microservice/internal/application/auth_middleware.go:861.63,867.31 4 1
github.com/gkbiswas/hotel-reviews-microservice/internal/application/auth_middleware.go:867.31,869.3 1 1
github.com/gkbiswas/hotel-reviews-microservice/internal/application/auth_middleware.go:871.2,871.16 1 1
github.com/gkbiswas/hotel-reviews-microservice/internal/application/auth_middleware.go:875.50,881.6 4 1
github.com/gkbiswas/hotel-reviews-microservice/internal/application/auth_middleware.go:881.6,882.10 1 1
github.com/gkbiswas/hotel-reviews-microservice/internal/application/auth_middleware.go:883.24,884.10 1 1
github.com/gkbiswas/hotel-reviews-microservice/internal/application/auth_middleware.go:885.19,886.19 1 0
github.com/gkbiswas/hotel-reviews-microservice/internal/application/auth_middleware.go:892.46,899.2 2 0
github.com/gkbiswas/hotel-reviews-microservice/internal/application/auth_middleware.go:907.19,908.19 1 1
github.com/gkbiswas/hotel-reviews-microservice/internal/application/auth_middleware.go:908.19,910.3 1 0
github.com/gkbiswas/hotel-reviews-microservice/internal/application/auth_middleware.go:912.2,921.3 1 1
github.com/gkbiswas/hotel-reviews-microservice/internal/application/auth_middleware.go:925.35,930.2 4 1
github.com/gkbiswas/hotel-reviews-microservice/internal/application/auth_middleware.go:933.84,934.71 1 1
github.com/gkbiswas/hotel-reviews-microservice/internal/application/auth_middleware.go:934.71,941.28 3 1
github.com/gkbiswas/hotel-reviews-microservice/internal/application/auth_middleware.go:941.28,943.38 2 1
github.com/gkbiswas/hotel-reviews-microservice/internal/application/auth_middleware.go:943.38,945.5 1 1
github.com/gkbiswas/hotel-reviews-microservice/internal/application/auth_middleware.go:949.3,952.45 2 1
github.com/gkbiswas/hotel-reviews-microservice/internal/application/auth_middleware.go:952.45,956.4 3 0
github.com/gkbiswas/hotel-reviews-microservice/internal/application/auth_middleware.go:959.3,959.48 1 1
github.com/gkbiswas/hotel-reviews-microservice/internal/application/auth_middleware.go:959.48,963.4 3 0
github.com/gkbiswas/hotel-reviews-microservice/internal/application/auth_middleware.go:966.3,967.17 2 1
github.com/gkbiswas/hotel-reviews-microservice/internal/application/auth_middleware.go:967.17,972.4 4 0
github.com/gkbiswas/hotel-reviews-microservice/internal/application/auth_middleware.go:975.3,975.18 1 1
github.com/gkbiswas/hotel-reviews-microservice/internal/application/auth_middleware.go:975.18,977.47 1 0
github.com/gkbiswas/hotel-reviews-microservice/internal/application/auth_middleware.go:977.47,981.5 3 0
github.com/gkbiswas/hotel-reviews-microservice/internal/application/auth_middleware.go:984.4,984.50 1 0
github.com/gkbiswas/hotel-reviews-microservice/internal/application/auth_middleware.go:984.50,988.5 3 0
github.com/gkbiswas/hotel-reviews-microservice/internal/application/auth_middleware.go:991.4,995.55 4 0
github.com/gkbiswas/hotel-reviews-microservice/internal/application/auth_middleware.go:999.3,1004.40 4 1
github.com/gkbiswas/hotel-reviews-microservice/internal/application/auth_middleware.go:1009.94,1011.67 1 1
github.com/gkbiswas/hotel-reviews-microservice/internal/application/auth_middleware.go:1011.67,1013.3 1 0
github.com/gkbiswas/hotel-reviews-microservice/internal/application/auth_middleware.go:1016.2,1016.70 1 1
github.com/gkbiswas/hotel-reviews-microservice/internal/application/auth_middleware.go:1016.70,1018.3 1 0
github.com/gkbiswas/hotel-reviews-microservice/internal/application/auth_middleware.go:1021.2,1021.71 1 1
github.com/gkbiswas/hotel-reviews-microservice/internal/application/auth_middleware.go:1021.71,1023.3 1 0
github.com/gkbiswas/hotel-reviews-microservice/internal/application/auth_middleware.go:1026.2,1026.25 1 1
github.com/gkbiswas/hotel-reviews-microservice/internal/application/auth_middleware.go:1030.82,1032.22 2 1
github.com/gkbiswas/hotel-reviews-microservice/internal/application/auth_middleware.go:1032.22,1034.3 1 1
github.com/gkbiswas/hotel-reviews-microservice/internal/application/auth_middleware.go:1036.2,1037.62 2 0
github.com/gkbiswas/hotel-reviews-microservice/internal/application/auth_middleware.go:1037.62,1039.3 1 0
github.com/gkbiswas/hotel-reviews-microservice/internal/application/auth_middleware.go:1041.2,1042.17 2 0
github.com/gkbiswas/hotel-reviews-microservice/internal/application/auth_middleware.go:1042.17,1044.3 1 0
github.com/gkbiswas/hotel-reviews-microservice/internal/application/auth_middleware.go:1047.2,1047.37 1 0
github.com/gkbiswas/hotel-reviews-microservice/internal/application/auth_middleware.go:1047.37,1048.104 1 0
github.com/gkbiswas/hotel-reviews-microservice/internal/application/auth_middleware.go:1048.104,1050.4 1 0
github.com/gkbiswas/hotel-reviews-microservice/internal/application/auth_middleware.go:1051.3,1051.17 1 0
github.com/gkbiswas/hotel-reviews-microservice/internal/application/auth_middleware.go:1051.17,1053.4 1 0
github.com/gkbiswas/hotel-reviews-microservice/internal/application/auth_middleware.go:1054.3,1054.36 1 0
github.com/gkbiswas/hotel-reviews-microservice/internal/application/auth_middleware.go:1057.2,1057.57 1 0
github.com/gkbiswas/hotel-reviews-microservice/internal/application/auth_middleware.go:1061.85,1062.30 1 1
github.com/gkbiswas/hotel-reviews-microservice/internal/application/auth_middleware.go:1062.30,1064.3 1 0
github.com/gkbiswas/hotel-reviews-microservice/internal/application/auth_middleware.go:1066.2,1069.49 2 1
github.com/gkbiswas/hotel-reviews-microservice/internal/application/auth_middleware.go:1069.49,1070.45 1 1
github.com/gkbiswas/hotel-reviews-microservice/internal/application/auth_middleware.go:1070.45,1072.9 2 0
github.com/gkbiswas/hotel-reviews-microservice/internal/application/auth_middleware.go:1077.2,1077.54 1 1
github.com/gkbiswas/hotel-reviews-microservice/internal/application/auth_middleware.go:1077.54,1079.3 1 1
github.com/gkbiswas/hotel-reviews-microservice/internal/application/auth_middleware.go:1081.2,1081.18 1 1
github.com/gkbiswas/hotel-reviews-microservice/internal/application/auth_middleware.go:1081.18,1083.3 1 1
github.com/gkbiswas/hotel-reviews-microservice/internal/application/auth_middleware.go:1086.2,1086.37 1 0
github.com/gkbiswas/hotel-reviews-microservice/internal/application/auth_middleware.go:1086.37,1087.104 1 0
github.com/gkbiswas/hotel-reviews-microservice/internal/application/auth_middleware.go:1087.104,1089.4 1 0
github.com/gkbiswas/hotel-reviews-microservice/internal/application/auth_middleware.go:1090.3,1090.17 1 0
github.com/gkbiswas/hotel-reviews-microservice/internal/application/auth_middleware.go:1090.17,1092.4 1 0
github.com/gkbiswas/hotel-reviews-microservice/internal/application/auth_middleware.go:1094.3,1096.64 2 0
github.com/gkbiswas/hotel-reviews-microservice/internal/application/auth_middleware.go:1099.2,1100.16 2 0
github.com/gkbiswas/hotel-reviews-microservice/internal/application/auth_middleware.go:1100.16,1102.3 1 0
github.com/gkbiswas/hotel-reviews-microservice/internal/application/auth_middleware.go:1104.2,1104.63 1 0
github.com/gkbiswas/hotel-reviews-microservice/internal/application/auth_middleware.go:1108.86,1111.16 2 1
github.com/gkbiswas/hotel-reviews-microservice/internal/application/auth_middleware.go:1111.16,1113.3 1 1
github.com/gkbiswas/hotel-reviews-microservice/internal/application/auth_middleware.go:1115.2,1116.13 2 0
github.com/gkbiswas/hotel-reviews-microservice/internal/application/auth_middleware.go:1116.13,1118.3 1 0
github.com/gkbiswas/hotel-reviews-microservice/internal/application/auth_middleware.go:1121.2,1124.60 2 0
github.com/gkbiswas/hotel-reviews-microservice/internal/application/auth_middleware.go:1128.81,1129.71 1 1
github.com/gkbiswas/hotel-reviews-microservice/internal/application/auth_middleware.go:1129.71,1131.25 2 0
github.com/gkbiswas/hotel-reviews-microservice/internal/application/auth_middleware.go:1131.25,1134.4 2 0
github.com/gkbiswas/hotel-reviews-microservice/internal/application/auth_middleware.go:1136.3,1136.23 1 0
github.com/gkbiswas/hotel-reviews-microservice/internal/application/auth_middleware.go:1141.102,1142.46 1 1
github.com/gkbiswas/hotel-reviews-microservice/internal/application/auth_middleware.go:1142.46,1143.72 1 1
github.com/gkbiswas/hotel-reviews-microservice/internal/application/auth_middleware.go:1143.72,1145.26 2 0
github.com/gkbiswas/hotel-reviews-microservice/internal/application/auth_middleware.go:1145.26,1148.5 2 0
github.com/gkbiswas/hotel-reviews-microservice/internal/application/auth_middleware.go:1150.4,1151.18 2 0
github.com/gkbiswas/hotel-reviews-microservice/internal/application/auth_middleware.go:1151.18,1155.5 3 0
github.com/gkbiswas/hotel-reviews-microservice/internal/application/auth_middleware.go:1157.4,1157.22 1 0
github.com/gkbiswas/hotel-reviews-microservice/internal/application/auth_middleware.go:1157.22,1161.5 3 0
github.com/gkbiswas/hotel-reviews-microservice/internal/application/auth_middleware.go:1163.4,1163.24 1 0
github.com/gkbiswas/hotel-reviews-microservice/internal/application/auth_middleware.go:1169.88,1170.46 1 1
github.com/gkbiswas/hotel-reviews-microservice/internal/application/auth_middleware.go:1170.46,1171.72 1 1
github.com/gkbiswas/hotel-reviews-microservice/internal/application/auth_middleware.go:1171.72,1173.26 2 1
github.com/gkbiswas/hotel-reviews-microservice/internal/application/auth_middleware.go:1173.26,1176.5 2 0
github.com/gkbiswas/hotel-reviews-microservice/internal/application/auth_middleware.go:1179.4,1181.36 3 1
github.com/gkbiswas/hotel-reviews-microservice/internal/application/auth_middleware.go:1181.36,1183.5 1 1
github.com/gkbiswas/hotel-reviews-microservice/internal/application/auth_middleware.go:1185.4,1185.39 1 1
github.com/gkbiswas/hotel-reviews-microservice/internal/application/auth_middleware.go:1185.39,1186.32 1 1
github.com/gkbiswas/hotel-reviews-microservice/internal/application/auth_middleware.go:1186.32,1188.11 2 1
github.com/gkbiswas/hotel-reviews-microservice/internal/application/auth_middleware.go:1192.4,1192.16 1 1
github.com/gkbiswas/hotel-reviews-microservice/internal/application/auth_middleware.go:1192.16,1196.5 3 1
github.com/gkbiswas/hotel-reviews-microservice/internal/application/auth_middleware.go:1198.4,1198.24 1 1
github.com/gkbiswas/hotel-reviews-microservice/internal/application/auth_middleware.go:1204.82,1205.71 1 1
github.com/gkbiswas/hotel-reviews-microservice/internal/application/auth_middleware.go:1205.71,1210.18 3 0
github.com/gkbiswas/hotel-reviews-microservice/internal/application/auth_middleware.go:1210.18,1215.4 4 0
github.com/gkbiswas/hotel-reviews-microservice/internal/application/auth_middleware.go:1217.3,1217.40 1 0
github.com/gkbiswas/hotel-reviews-microservice/internal/application/auth_middleware.go:1222.75,1223.71 1 1
github.com/gkbiswas/hotel-reviews-microservice/internal/application/auth_middleware.go:1223.71,1224.30 1 0
github.com/gkbiswas/hotel-reviews-microservice/internal/application/auth_middleware.go:1224.30,1227.4 2 0
github.com/gkbiswas/hotel-reviews-microservice/internal/application/auth_middleware.go:1229.3,1238.70 4 0
github.com/gkbiswas/hotel-reviews-microservice/internal/application/auth_middleware.go:1243.98,1247.62 3 0
github.com/gkbiswas/hotel-reviews-microservice/internal/application/auth_middleware.go:1247.62,1249.3 1 0
github.com/gkbiswas/hotel-reviews-microservice/internal/application/auth_middleware.go:1251.2,1269.38 5 0
github.com/gkbiswas/hotel-reviews-microservice/internal/application/auth_middleware.go:1269.38,1271.3 1 0
github.com/gkbiswas/hotel-reviews-microservice/internal/application/auth_middleware.go:1274.2,1289.16 3 0
github.com/gkbiswas/hotel-reviews-microservice/internal/application/auth_middleware.go:1289.16,1291.3 1 0
github.com/gkbiswas/hotel-reviews-microservice/internal/application/auth_middleware.go:1297.63,1299.55 1 1
github.com/gkbiswas/hotel-reviews-microservice/internal/application/auth_middleware.go:1299.55,1305.38 3 1
github.com/gkbiswas/hotel-reviews-microservice/internal/application/auth_middleware.go:1305.38,1307.4 1 1
github.com/gkbiswas/hotel-reviews-microservice/internal/application/auth_middleware.go:1311.2,1311.49 1 1
github.com/gkbiswas/hotel-reviews-microservice/internal/application/auth_middleware.go:1311.49,1312.38 1 1
github.com/gkbiswas/hotel-reviews-microservice/internal/application/auth_middleware.go:1312.38,1314.4 1 1
github.com/gkbiswas/hotel-reviews-microservice/internal/application/auth_middleware.go:1318.2,1318.58 1 1
github.com/gkbiswas/hotel-reviews-microservice/internal/application/auth_middleware.go:1318.58,1319.38 1 1
github.com/gkbiswas/hotel-reviews-microservice/internal/application/auth_middleware.go:1319.38,1321.4 1 1
github.com/gkbiswas/hotel-reviews-microservice/internal/application/auth_middleware.go:1325.2,1326.16 2 1
github.com/gkbiswas/hotel-reviews-microservice/internal/application/auth_middleware.go:1326.16,1328.3 1 0
github.com/gkbiswas/hotel-reviews-microservice/internal/application/auth_middleware.go:1329.2,1329.13 1 1
github.com/gkbiswas/hotel-reviews-microservice/internal/application/auth_middleware.go:1333.66,1335.16 2 1
github.com/gkbiswas/hotel-reviews-microservice/internal/application/auth_middleware.go:1335.16,1337.3 1 0
github.com/gkbiswas/hotel-reviews-microservice/internal/application/auth_middleware.go:1339.2,1339.56 1 1
github.com/gkbiswas/hotel-reviews-microservice/internal/application/auth_middleware.go:1339.56,1340.27 1 1
github.com/gkbiswas/hotel-reviews-microservice/internal/application/auth_middleware.go:1340.27,1342.4 1 1
github.com/gkbiswas/hotel-reviews-microservice/internal/application/auth_middleware.go:1345.2,1345.14 1 1
github.com/gkbiswas/hotel-reviews-microservice/internal/application/auth_middleware.go:1349.69,1351.55 1 1
github.com/gkbiswas/hotel-reviews-microservice/internal/application/auth_middleware.go:1351.55,1353.3 1 1
github.com/gkbiswas/hotel-reviews-microservice/internal/application/auth_middleware.go:1356.2,1356.25 1 1
github.com/gkbiswas/hotel-reviews-microservice/internal/application/auth_middleware.go:1356.25,1359.3 2 1
github.com/gkbiswas/hotel-reviews-microservice/internal/application/auth_middleware.go:1362.2,1362.26 1 1
github.com/gkbiswas/hotel-reviews-microservice/internal/application/auth_middleware.go:1362.26,1365.3 2 1
github.com/gkbiswas/hotel-reviews-microservice/internal/application/auth_middleware.go:1369.51,1374.43 3 1
github.com/gkbiswas/hotel-reviews-microservice/internal/application/auth_middleware.go:1374.43,1376.3 1 1
github.com/gkbiswas/hotel-reviews-microservice/internal/application/auth_middleware.go:1377.2,1379.27 2 1
github.com/gkbiswas/hotel-reviews-microservice/internal/application/auth_middleware.go:1379.27,1381.3 1 1
github.com/gkbiswas/hotel-reviews-microservice/internal/application/auth_middleware.go:1383.2,1383.39 1 1
github.com/gkbiswas/hotel-reviews-microservice/internal/application/auth_middleware.go:1387.52,1391.37 3 1
github.com/gkbiswas/hotel-reviews-microservice/internal/application/auth_middleware.go:1391.37,1393.3 1 1
github.com/gkbiswas/hotel-reviews-microservice/internal/application/auth_middleware.go:1395.2,1395.27 1 1
github.com/gkbiswas/hotel-reviews-microservice/internal/application/auth_middleware.go:1395.27,1397.3 1 1
github.com/gkbiswas/hotel-reviews-microservice/internal/application/auth_middleware.go:1399.2,1399.18 1 1
github.com/gkbiswas/hotel-reviews-microservice/internal/application/auth_middleware.go:1403.78,1407.33 2 1
github.com/gkbiswas/hotel-reviews-microservice/internal/application/auth_middleware.go:1407.33,1409.3 1 1
github.com/gkbiswas/hotel-reviews-microservice/internal/application/auth_middleware.go:1411.2,1413.36 2 1
github.com/gkbiswas/hotel-reviews-microservice/internal/application/auth_middleware.go:1413.36,1415.3 1 1
github.com/gkbiswas/hotel-reviews-microservice/internal/application/auth_middleware.go:1418.2,1418.36 1 1
github.com/gkbiswas/hotel-reviews-microservice/internal/application/auth_middleware.go:1418.36,1424.3 5 1
github.com/gkbiswas/hotel-reviews-microservice/internal/application/auth_middleware.go:1427.2,1427.43 1 1
github.com/gkbiswas/hotel-reviews-microservice/internal/application/auth_middleware.go:1427.43,1429.3 1 1
github.com/gkbiswas/hotel-reviews-microservice/internal/application/auth_middleware.go:1433.63,1434.18 1 1
github.com/gkbiswas/hotel-reviews-microservice/internal/application/auth_middleware.go:1434.18,1436.3 1 1
github.com/gkbiswas/hotel-reviews-microservice/internal/application/auth_middleware.go:1438.2,1438.61 1 1
github.com/gkbiswas/hotel-reviews-microservice/internal/application/auth_middleware.go:1438.61,1439.54 1 1
github.com/gkbiswas/hotel-reviews-microservice/internal/application/auth_middleware.go:1439.54,1441.4 1 1
github.com/gkbiswas/hotel-reviews-microservice/internal/application/auth_middleware.go:1444.2,1444.14 1 1
github.com/gkbiswas/hotel-reviews-microservice/internal/application/auth_middleware.go:1448.90,1453.20 3 1
github.com/gkbiswas/hotel-reviews-microservice/internal/application/auth_middleware.go:1453.20,1455.3 1 0
github.com/gkbiswas/hotel-reviews-microservice/internal/application/auth_middleware.go:1458.2,1472.18 4 1
github.com/gkbiswas/hotel-reviews-microservice/internal/application/auth_middleware.go:1472.18,1474.3 1 0
github.com/gkbiswas/hotel-reviews-microservice/internal/application/auth_middleware.go:1476.2,1476.25 1 1
github.com/gkbiswas/hotel-reviews-microservice/internal/application/auth_middleware.go:1480.110,1490.19 4 1
github.com/gkbiswas/hotel-reviews-microservice/internal/application/auth_middleware.go:1490.19,1492.3 1 1
github.com/gkbiswas/hotel-reviews-microservice/internal/application/auth_middleware.go:1494.2,1495.24 2 1
github.com/gkbiswas/hotel-reviews-microservice/internal/application/auth_middleware.go:1495.24,1497.3 1 0
github.com/gkbiswas/hotel-reviews-microservice/internal/application/auth_middleware.go:1499.2,1499.60 1 1
github.com/gkbiswas/hotel-reviews-microservice/internal/application/auth_middleware.go:1499.60,1502.20 2 0
github.com/gkbiswas/hotel-reviews-microservice/internal/application/auth_middleware.go:1502.20,1504.4 1 0
github.com/gkbiswas/hotel-reviews-microservice/internal/application/auth_middleware.go:1514.49,1517.2 2 0
github.com/gkbiswas/hotel-reviews-microservice/internal/application/auth_middleware.go:1525.78,1527.2 1 1
github.com/gkbiswas/hotel-reviews-microservice/internal/application/auth_middleware.go:1530.84,1531.46 1 1
github.com/gkbiswas/hotel-reviews-microservice/internal/application/auth_middleware.go:1531.46,1537.3 1 1
github.com/gkbiswas/hotel-reviews-microservice/internal/application/auth_middleware.go:1541.87,1542.46 1 1
github.com/gkbiswas/hotel-reviews-microservice/internal/application/auth_middleware.go:1542.46,1548.3 1 1
github.com/gkbiswas/hotel-reviews-microservice/internal/application/auth_middleware.go:1552.83,1553.46 1 1
github.com/gkbiswas/hotel-reviews-microservice/internal/application/auth_middleware.go:1553.46,1561.3 1 1
github.com/gkbiswas/hotel-reviews-microservice/internal/application/auth_middleware.go:1565.103,1567.2 1 1
github.com/gkbiswas/hotel-reviews-microservice/internal/application/auth_middleware.go:1570.89,1572.2 1 1
github.com/gkbiswas/hotel-reviews-microservice/internal/application/auth_middleware.go:1575.63,1594.65 9 1
github.com/gkbiswas/hotel-reviews-microservice/internal/application/auth_middleware.go:1594.66,1596.4 0 0
github.com/gkbiswas/hotel-reviews-microservice/internal/application/auth_middleware.go:1600.2,1601.65 1 1
github.com/gkbiswas/hotel-reviews-microservice/internal/application/auth_middleware.go:1601.66,1603.4 0 0
github.com/gkbiswas/hotel-reviews-microservice/internal/application/auth_middleware.go:1607.2,1608.65 1 1
github.com/gkbiswas/hotel-reviews-microservice/internal/application/auth_middleware.go:1608.66,1610.4 0 0
github.com/gkbiswas/hotel-reviews-microservice/internal/application/auth_middleware.go:1614.2,1615.65 1 1
github.com/gkbiswas/hotel-reviews-microservice/internal/application/auth_middleware.go:1615.66,1617.4 0 0
github.com/gkbiswas/hotel-reviews-microservice/internal/application/auth_middleware.go:1622.76,1632.2 1 1
github.com/gkbiswas/hotel-reviews-microservice/internal/application/auth_middleware.go:1635.64,1639.2 3 1
github.com/gkbiswas/hotel-reviews-microservice/internal/application/auth_middleware.go:1642.68,1645.2 2 1
github.com/gkbiswas/hotel-reviews-microservice/internal/application/auth_middleware.go:1648.70,1650.13 2 0
github.com/gkbiswas/hotel-reviews-microservice/internal/application/auth_middleware.go:1650.13,1652.3 1 0
github.com/gkbiswas/hotel-reviews-microservice/internal/application/auth_middleware.go:1654.2,1655.12 2 0
github.com/gkbiswas/hotel-reviews-microservice/internal/application/auth_middleware.go:1659.84,1662.2 2 1
github.com/gkbiswas/hotel-reviews-microservice/internal/application/auth_middleware.go:1665.82,1668.2 2 1
github.com/gkbiswas/hotel-reviews-microservice/internal/application/auth_middleware.go:1671.82,1674.2 2 1
github.com/gkbiswas/hotel-reviews-microservice/internal/application/auth_middleware.go:1677.83,1680.2 2 1
github.com/gkbiswas/hotel-reviews-microservice/internal/application/cache_service.go:193.21,208.35 3 0
github.com/gkbiswas/hotel-reviews-microservice/internal/application/cache_service.go:208.35,211.3 2 0
github.com/gkbiswas/hotel-reviews-microservice/internal/application/cache_service.go:213.2,213.16 1 0
github.com/gkbiswas/hotel-reviews-microservice/internal/application/cache_service.go:217.42,221.2 3 0
github.com/gkbiswas/hotel-reviews-microservice/internal/application/cache_service.go:226.103,230.16 3 0
github.com/gkbiswas/hotel-reviews-microservice/internal/application/cache_service.go:230.16,233.3 2 0
github.com/gkbiswas/hotel-reviews-microservice/internal/application/cache_service.go:235.2,235.18 1 0
github.com/gkbiswas/hotel-reviews-microservice/internal/application/cache_service.go:235.18,237.3 1 0
github.com/gkbiswas/hotel-reviews-microservice/internal/application/cache_service.go:239.2,240.64 2 0
github.com/gkbiswas/hotel-reviews-microservice/internal/application/cache_service.go:240.64,243.3 2 0
github.com/gkbiswas/hotel-reviews-microservice/internal/application/cache_service.go:245.2,245.21 1 0
github.com/gkbiswas/hotel-reviews-microservice/internal/application/cache_service.go:249.88,253.16 3 0
github.com/gkbiswas/hotel-reviews-microservice/internal/application/cache_service.go:253.16,255.3 1 0
github.com/gkbiswas/hotel-reviews-microservice/internal/application/cache_service.go:257.2,257.81 1 0
github.com/gkbiswas/hotel-reviews-microservice/internal/application/cache_service.go:261.137,265.16 3 0
github.com/gkbiswas/hotel-reviews-microservice/internal/application/cache_service.go:265.16,268.3 2 0
github.com/gkbiswas/hotel-reviews-microservice/internal/application/cache_service.go:270.2,270.18 1 0
github.com/gkbiswas/hotel-reviews-microservice/internal/application/cache_service.go:270.18,272.3 1 0
github.com/gkbiswas/hotel-reviews-microservice/internal/application/cache_service.go:274.2,275.65 2 0
github.com/gkbiswas/hotel-reviews-microservice/internal/application/cache_service.go:275.65,278.3 2 0
github.com/gkbiswas/hotel-reviews-microservice/internal/application/cache_service.go:280.2,280.21 1 0
github.com/gkbiswas/hotel-reviews-microservice/internal/application/cache_service.go:284.143,288.16 3 0
github.com/gkbiswas/hotel-reviews-microservice/internal/application/cache_service.go:288.16,290.3 1 0
github.com/gkbiswas/hotel-reviews-microservice/internal/application/cache_service.go:292.2,292.90 1 0
github.com/gkbiswas/hotel-reviews-microservice/internal/application/cache_service.go:296.155,300.16 3 0
github.com/gkbiswas/hotel-reviews-microservice/internal/application/cache_service.go:300.16,303.3 2 0
github.com/gkbiswas/hotel-reviews-microservice/internal/application/cache_service.go:305.2,305.18 1 0
github.com/gkbiswas/hotel-reviews-microservice/internal/application/cache_service.go:305.18,307.3 1 0
github.com/gkbiswas/hotel-reviews-microservice/internal/application/cache_service.go:309.2,310.65 2 0
github.com/gkbiswas/hotel-reviews-microservice/internal/application/cache_service.go:310.65,313.3 2 0
github.com/gkbiswas/hotel-reviews-microservice/internal/application/cache_service.go:315.2,315.21 1 0
github.com/gkbiswas/hotel-reviews-microservice/internal/application/cache_service.go:319.161,323.16 3 0
github.com/gkbiswas/hotel-reviews-microservice/internal/application/cache_service.go:323.16,325.3 1 0
github.com/gkbiswas/hotel-reviews-microservice/internal/application/cache_service.go:327.2,327.87 1 0
github.com/gkbiswas/hotel-reviews-microservice/internal/application/cache_service.go:331.118,334.20 2 0
github.com/gkbiswas/hotel-reviews-microservice/internal/application/cache_service.go:334.20,336.22 2 0
github.com/gkbiswas/hotel-reviews-microservice/internal/application/cache_service.go:336.22,338.4 1 0
github.com/gkbiswas/hotel-reviews-microservice/internal/application/cache_service.go:341.2,341.12 1 0
github.com/gkbiswas/hotel-reviews-microservice/internal/application/cache_service.go:345.76,346.20 1 0
github.com/gkbiswas/hotel-reviews-microservice/internal/application/cache_service.go:346.20,348.3 1 0
github.com/gkbiswas/hotel-reviews-microservice/internal/application/cache_service.go:350.2,352.30 2 0
github.com/gkbiswas/hotel-reviews-microservice/internal/application/cache_service.go:352.30,354.3 1 0
github.com/gkbiswas/hotel-reviews-microservice/internal/application/cache_service.go:355.2,355.30 1 0
github.com/gkbiswas/hotel-reviews-microservice/internal/application/cache_service.go:355.30,357.3 1 0
github.com/gkbiswas/hotel-reviews-microservice/internal/application/cache_service.go:358.2,358.29 1 0
github.com/gkbiswas/hotel-reviews-microservice/internal/application/cache_service.go:358.29,360.3 1 0
github.com/gkbiswas/hotel-reviews-microservice/internal/application/cache_service.go:361.2,361.30 1 0
github.com/gkbiswas/hotel-reviews-microservice/internal/application/cache_service.go:361.30,363.3 1 0
github.com/gkbiswas/hotel-reviews-microservice/internal/application/cache_service.go:364.2,364.31 1 0
github.com/gkbiswas/hotel-reviews-microservice/internal/application/cache_service.go:364.31,366.3 1 0
github.com/gkbiswas/hotel-reviews-microservice/internal/application/cache_service.go:367.2,367.29 1 0
github.com/gkbiswas/hotel-reviews-microservice/internal/application/cache_service.go:367.29,369.3 1 0
github.com/gkbiswas/hotel-reviews-microservice/internal/application/cache_service.go:370.2,370.26 1 0
github.com/gkbiswas/hotel-reviews-microservice/internal/application/cache_service.go:370.26,372.3 1 0
github.com/gkbiswas/hotel-reviews-microservice/internal/application/cache_service.go:374.2,375.33 2 0
github.com/gkbiswas/hotel-reviews-microservice/internal/application/cache_service.go:379.92,383.16 3 0
github.com/gkbiswas/hotel-reviews-microservice/internal/application/cache_service.go:383.16,385.3 1 0
github.com/gkbiswas/hotel-reviews-microservice/internal/application/cache_service.go:387.2,388.12 2 0
github.com/gkbiswas/hotel-reviews-microservice/internal/application/cache_service.go:392.105,396.16 3 0
github.com/gkbiswas/hotel-reviews-microservice/internal/application/cache_service.go:396.16,398.3 1 0
github.com/gkbiswas/hotel-reviews-microservice/internal/application/cache_service.go:400.2,401.12 2 0
github.com/gkbiswas/hotel-reviews-microservice/internal/application/cache_service.go:405.99,409.16 3 0
github.com/gkbiswas/hotel-reviews-microservice/internal/application/cache_service.go:409.16,411.3 1 0
github.com/gkbiswas/hotel-reviews-microservice/internal/application/cache_service.go:413.2,414.12 2 0
github.com/gkbiswas/hotel-reviews-microservice/internal/application/cache_service.go:420.100,424.16 3 0
github.com/gkbiswas/hotel-reviews-microservice/internal/application/cache_service.go:424.16,427.3 2 0
github.com/gkbiswas/hotel-reviews-microservice/internal/application/cache_service.go:429.2,429.25 1 0
github.com/gkbiswas/hotel-reviews-microservice/internal/application/cache_service.go:429.25,431.3 1 0
github.com/gkbiswas/hotel-reviews-microservice/internal/application/cache_service.go:433.2,433.38 1 0
github.com/gkbiswas/hotel-reviews-microservice/internal/application/cache_service.go:437.85,442.2 3 0
github.com/gkbiswas/hotel-reviews-microservice/internal/application/cache_service.go:445.115,449.16 3 0
github.com/gkbiswas/hotel-reviews-microservice/internal/application/cache_service.go:449.16,452.3 2 0
github.com/gkbiswas/hotel-reviews-microservice/internal/application/cache_service.go:454.2,454.18 1 0
github.com/gkbiswas/hotel-reviews-microservice/internal/application/cache_service.go:454.18,456.3 1 0
github.com/gkbiswas/hotel-reviews-microservice/internal/application/cache_service.go:458.2,459.65 2 0
github.com/gkbiswas/hotel-reviews-microservice/internal/application/cache_service.go:459.65,462.3 2 0
github.com/gkbiswas/hotel-reviews-microservice/internal/application/cache_service.go:464.2,464.22 1 0
github.com/gkbiswas/hotel-reviews-microservice/internal/application/cache_service.go:468.102,472.16 3 0
github.com/gkbiswas/hotel-reviews-microservice/internal/application/cache_service.go:472.16,474.3 1 0
github.com/gkbiswas/hotel-reviews-microservice/internal/application/cache_service.go:476.2,476.88 1 0
github.com/gkbiswas/hotel-reviews-microservice/internal/application/cache_service.go:480.122,484.16 3 0
github.com/gkbiswas/hotel-reviews-microservice/internal/application/cache_service.go:484.16,487.3 2 0
github.com/gkbiswas/hotel-reviews-microservice/internal/application/cache_service.go:489.2,489.18 1 0
github.com/gkbiswas/hotel-reviews-microservice/internal/application/cache_service.go:489.18,491.3 1 0
github.com/gkbiswas/hotel-reviews-microservice/internal/application/cache_service.go:493.2,494.64 2 0
github.com/gkbiswas/hotel-reviews-microservice/internal/application/cache_service.go:494.64,497.3 2 0
github.com/gkbiswas/hotel-reviews-microservice/internal/application/cache_service.go:499.2,499.20 1 0
github.com/gkbiswas/hotel-reviews-microservice/internal/application/cache_service.go:503.127,507.16 3 0
github.com/gkbiswas/hotel-reviews-microservice/internal/application/cache_service.go:507.16,509.3 1 0
github.com/gkbiswas/hotel-reviews-microservice/internal/application/cache_service.go:511.2,511.84 1 0
github.com/gkbiswas/hotel-reviews-microservice/internal/application/cache_service.go:515.82,534.65 16 0
github.com/gkbiswas/hotel-reviews-microservice/internal/application/cache_service.go:534.65,536.3 1 0
github.com/gkbiswas/hotel-reviews-microservice/internal/application/cache_service.go:538.2,538.13 1 0
github.com/gkbiswas/hotel-reviews-microservice/internal/application/cache_service.go:542.92,545.51 2 0
github.com/gkbiswas/hotel-reviews-microservice/internal/application/cache_service.go:545.51,547.3 1 0
github.com/gkbiswas/hotel-reviews-microservice/internal/application/cache_service.go:549.2,558.70 9 0
github.com/gkbiswas/hotel-reviews-microservice/internal/application/cache_service.go:558.70,560.3 1 0
github.com/gkbiswas/hotel-reviews-microservice/internal/application/cache_service.go:562.2,562.70 1 0
github.com/gkbiswas/hotel-reviews-microservice/internal/application/cache_service.go:562.70,564.3 1 0
github.com/gkbiswas/hotel-reviews-microservice/internal/application/cache_service.go:566.2,566.71 1 0
github.com/gkbiswas/hotel-reviews-microservice/internal/application/cache_service.go:566.71,568.3 1 0
github.com/gkbiswas/hotel-reviews-microservice/internal/application/cache_service.go:570.2,570.80 1 0
github.com/gkbiswas/hotel-reviews-microservice/internal/application/cache_service.go:570.80,572.3 1 0
github.com/gkbiswas/hotel-reviews-microservice/internal/application/cache_service.go:574.2,574.80 1 0
github.com/gkbiswas/hotel-reviews-microservice/internal/application/cache_service.go:574.80,576.3 1 0
github.com/gkbiswas/hotel-reviews-microservice/internal/application/cache_service.go:579.2,579.29 1 0
github.com/gkbiswas/hotel-reviews-microservice/internal/application/cache_service.go:579.29,581.79 2 0
github.com/gkbiswas/hotel-reviews-microservice/internal/application/cache_service.go:581.79,583.4 1 0
github.com/gkbiswas/hotel-reviews-microservice/internal/application/cache_service.go:586.2,586.19 1 0
github.com/gkbiswas/hotel-reviews-microservice/internal/application/cache_service.go:590.90,594.16 3 0
github.com/gkbiswas/hotel-reviews-microservice/internal/application/cache_service.go:594.16,596.3 1 0
github.com/gkbiswas/hotel-reviews-microservice/internal/application/cache_service.go:599.2,600.81 2 0
github.com/gkbiswas/hotel-reviews-microservice/internal/application/cache_service.go:600.81,602.3 1 0
github.com/gkbiswas/hotel-reviews-microservice/internal/application/cache_service.go:604.2,605.12 2 0
github.com/gkbiswas/hotel-reviews-microservice/internal/application/cache_service.go:609.91,613.16 3 0
[...]
github.com/gkbiswas/hotel-reviews-microservice/internal/config/app_config.go:239.2,239.47 1 1
github.com/gkbiswas/hotel-reviews-microservice/internal/config/app_config.go:239.47,242.3 1 1
github.com/gkbiswas/hotel-reviews-microservice/internal/config/app_config.go:245.2,245.63 1 1
github.com/gkbiswas/hotel-reviews-microservice/internal/config/app_config.go:245.63,248.3 1 0
github.com/gkbiswas/hotel-reviews-microservice/internal/config/app_config.go:251.2,251.39 1 1
github.com/gkbiswas/hotel-reviews-microservice/internal/config/app_config.go:251.39,252.32 1 0
github.com/gkbiswas/hotel-reviews-microservice/internal/config/app_config.go:252.32,254.4 1 0
github.com/gkbiswas/hotel-reviews-microservice/internal/config/app_config.go:255.3,255.26 1 0
github.com/gkbiswas/hotel-reviews-microservice/internal/config/app_config.go:255.26,257.4 1 0
github.com/gkbiswas/hotel-reviews-microservice/internal/config/app_config.go:260.2,260.12 1 1
github.com/gkbiswas/hotel-reviews-microservice/internal/config/app_config.go:264.44,266.2 1 0
github.com/gkbiswas/hotel-reviews-microservice/internal/config/app_config.go:269.45,273.2 1 0
github.com/gkbiswas/hotel-reviews-microservice/internal/config/app_config.go:276.43,278.2 1 0
github.com/gkbiswas/hotel-reviews-microservice/internal/config/app_config.go:281.41,283.2 1 0
github.com/gkbiswas/hotel-reviews-microservice/internal/config/app_config.go:286.42,288.2 1 0
github.com/gkbiswas/hotel-reviews-microservice/internal/config/app_config.go:291.63,305.2 1 0
github.com/gkbiswas/hotel-reviews-microservice/internal/config/watcher_integration.go:52.73,76.16 4 1
github.com/gkbiswas/hotel-reviews-microservice/internal/config/watcher_integration.go:76.16,79.3 2 0
github.com/gkbiswas/hotel-reviews-microservice/internal/config/watcher_integration.go:81.2,90.61 2 1
github.com/gkbiswas/hotel-reviews-microservice/internal/config/watcher_integration.go:90.61,94.3 3 1
github.com/gkbiswas/hotel-reviews-microservice/internal/config/watcher_integration.go:96.2,96.21 1 1
github.com/gkbiswas/hotel-reviews-microservice/internal/config/watcher_integration.go:100.61,117.45 3 1
github.com/gkbiswas/hotel-reviews-microservice/internal/config/watcher_integration.go:117.45,119.3 1 1
github.com/gkbiswas/hotel-reviews-microservice/internal/config/watcher_integration.go:122.2,126.47 3 1
github.com/gkbiswas/hotel-reviews-microservice/internal/config/watcher_integration.go:126.47,127.72 1 1
github.com/gkbiswas/hotel-reviews-microservice/internal/config/watcher_integration.go:127.72,129.4 1 1
github.com/gkbiswas/hotel-reviews-microservice/internal/config/watcher_integration.go:130.3,130.73 1 1
github.com/gkbiswas/hotel-reviews-microservice/internal/config/watcher_integration.go:131.8,136.80 3 0
github.com/gkbiswas/hotel-reviews-microservice/internal/config/watcher_integration.go:136.80,138.4 1 0
github.com/gkbiswas/hotel-reviews-microservice/internal/config/watcher_integration.go:139.3,139.30 1 0
github.com/gkbiswas/hotel-reviews-microservice/internal/config/watcher_integration.go:143.2,149.33 2 1
github.com/gkbiswas/hotel-reviews-microservice/internal/config/watcher_integration.go:149.33,150.74 1 1
github.com/gkbiswas/hotel-reviews-microservice/internal/config/watcher_integration.go:150.74,152.4 1 0
github.com/gkbiswas/hotel-reviews-microservice/internal/config/watcher_integration.go:155.2,155.12 1 1
github.com/gkbiswas/hotel-reviews-microservice/internal/config/watcher_integration.go:159.53,161.62 1 1
github.com/gkbiswas/hotel-reviews-microservice/internal/config/watcher_integration.go:161.62,163.3 1 1
github.com/gkbiswas/hotel-reviews-microservice/internal/config/watcher_integration.go:166.2,175.37 2 0
github.com/gkbiswas/hotel-reviews-microservice/internal/config/watcher_integration.go:175.37,176.42 1 0
github.com/gkbiswas/hotel-reviews-microservice/internal/config/watcher_integration.go:176.42,178.4 1 0
github.com/gkbiswas/hotel-reviews-microservice/internal/config/watcher_integration.go:182.2,182.28 1 0
github.com/gkbiswas/hotel-reviews-microservice/internal/config/watcher_integration.go:186.107,191.62 3 1
github.com/gkbiswas/hotel-reviews-microservice/internal/config/watcher_integration.go:191.62,193.3 1 0
github.com/gkbiswas/hotel-reviews-microservice/internal/config/watcher_integration.go:196.2,196.45 1 1
github.com/gkbiswas/hotel-reviews-microservice/internal/config/watcher_integration.go:196.45,198.3 1 1
github.com/gkbiswas/hotel-reviews-microservice/internal/config/watcher_integration.go:200.2,206.75 3 1
github.com/gkbiswas/hotel-reviews-microservice/internal/config/watcher_integration.go:206.75,210.3 2 0
github.com/gkbiswas/hotel-reviews-microservice/internal/config/watcher_integration.go:212.2,219.12 4 1
github.com/gkbiswas/hotel-reviews-microservice/internal/config/watcher_integration.go:223.106,228.19 4 0
github.com/gkbiswas/hotel-reviews-microservice/internal/config/watcher_integration.go:228.19,233.60 3 0
github.com/gkbiswas/hotel-reviews-microservice/internal/config/watcher_integration.go:233.60,235.4 1 0
github.com/gkbiswas/hotel-reviews-microservice/internal/config/watcher_integration.go:237.3,237.28 1 0
github.com/gkbiswas/hotel-reviews-microservice/internal/config/watcher_integration.go:240.2,240.12 1 0
github.com/gkbiswas/hotel-reviews-microservice/internal/config/watcher_integration.go:243.110,248.19 4 0
github.com/gkbiswas/hotel-reviews-microservice/internal/config/watcher_integration.go:248.19,252.61 3 0
github.com/gkbiswas/hotel-reviews-microservice/internal/config/watcher_integration.go:252.61,254.4 1 0
github.com/gkbiswas/hotel-reviews-microservice/internal/config/watcher_integration.go:256.3,256.28 1 0
github.com/gkbiswas/hotel-reviews-microservice/internal/config/watcher_integration.go:259.2,259.12 1 0
github.com/gkbiswas/hotel-reviews-microservice/internal/config/watcher_integration.go:262.110,267.19 4 0
github.com/gkbiswas/hotel-reviews-microservice/internal/config/watcher_integration.go:267.19,271.61 3 0
github.com/gkbiswas/hotel-reviews-microservice/internal/config/watcher_integration.go:271.61,273.4 1 0
github.com/gkbiswas/hotel-reviews-microservice/internal/config/watcher_integration.go:275.3,275.28 1 0
github.com/gkbiswas/hotel-reviews-microservice/internal/config/watcher_integration.go:278.2,278.12 1 0
github.com/gkbiswas/hotel-reviews-microservice/internal/config/watcher_integration.go:281.107,286.19 4 0
github.com/gkbiswas/hotel-reviews-microservice/internal/config/watcher_integration.go:286.19,290.58 3 0
github.com/gkbiswas/hotel-reviews-microservice/internal/config/watcher_integration.go:290.58,292.4 1 0
github.com/gkbiswas/hotel-reviews-microservice/internal/config/watcher_integration.go:294.3,294.28 1 0
github.com/gkbiswas/hotel-reviews-microservice/internal/config/watcher_integration.go:297.2,297.12 1 0
github.com/gkbiswas/hotel-reviews-microservice/internal/config/watcher_integration.go:300.107,305.19 4 0
github.com/gkbiswas/hotel-reviews-microservice/internal/config/watcher_integration.go:305.19,309.58 3 0
github.com/gkbiswas/hotel-reviews-microservice/internal/config/watcher_integration.go:309.58,311.4 1 0
github.com/gkbiswas/hotel-reviews-microservice/internal/config/watcher_integration.go:313.3,313.28 1 0
github.com/gkbiswas/hotel-reviews-microservice/internal/config/watcher_integration.go:316.2,316.12 1 0
github.com/gkbiswas/hotel-reviews-microservice/internal/config/watcher_integration.go:319.108,324.19 4 0
github.com/gkbiswas/hotel-reviews-microservice/internal/config/watcher_integration.go:324.19,328.59 3 0
github.com/gkbiswas/hotel-reviews-microservice/internal/config/watcher_integration.go:328.59,330.4 1 0
github.com/gkbiswas/hotel-reviews-microservice/internal/config/watcher_integration.go:332.3,332.28 1 0
github.com/gkbiswas/hotel-reviews-microservice/internal/config/watcher_integration.go:335.2,335.12 1 0
github.com/gkbiswas/hotel-reviews-microservice/internal/config/watcher_integration.go:338.107,341.25 2 0
github.com/gkbiswas/hotel-reviews-microservice/internal/config/watcher_integration.go:341.25,343.3 1 0
github.com/gkbiswas/hotel-reviews-microservice/internal/config/watcher_integration.go:345.2,348.19 3 0
github.com/gkbiswas/hotel-reviews-microservice/internal/config/watcher_integration.go:348.19,352.57 3 0
github.com/gkbiswas/hotel-reviews-microservice/internal/config/watcher_integration.go:352.57,354.4 1 0
github.com/gkbiswas/hotel-reviews-microservice/internal/config/watcher_integration.go:356.3,356.28 1 0
github.com/gkbiswas/hotel-reviews-microservice/internal/config/watcher_integration.go:359.2,359.12 1 0
github.com/gkbiswas/hotel-reviews-microservice/internal/config/watcher_integration.go:362.109,367.19 4 0
github.com/gkbiswas/hotel-reviews-microservice/internal/config/watcher_integration.go:367.19,372.71 3 0
github.com/gkbiswas/hotel-reviews-microservice/internal/config/watcher_integration.go:372.71,374.4 1 0
github.com/gkbiswas/hotel-reviews-microservice/internal/config/watcher_integration.go:376.3,376.28 1 0
github.com/gkbiswas/hotel-reviews-microservice/internal/config/watcher_integration.go:379.2,379.12 1 0
github.com/gkbiswas/hotel-reviews-microservice/internal/config/watcher_integration.go:382.112,387.19 4 0
github.com/gkbiswas/hotel-reviews-microservice/internal/config/watcher_integration.go:387.19,391.61 3 0
github.com/gkbiswas/hotel-reviews-microservice/internal/config/watcher_integration.go:391.61,393.4 1 0
github.com/gkbiswas/hotel-reviews-microservice/internal/config/watcher_integration.go:395.3,395.28 1 0
github.com/gkbiswas/hotel-reviews-microservice/internal/config/watcher_integration.go:398.2,398.12 1 0
github.com/gkbiswas/hotel-reviews-microservice/internal/config/watcher_integration.go:402.70,404.19 1 1
github.com/gkbiswas/hotel-reviews-microservice/internal/config/watcher_integration.go:404.19,406.3 1 0
github.com/gkbiswas/hotel-reviews-microservice/internal/config/watcher_integration.go:409.2,409.46 1 1
github.com/gkbiswas/hotel-reviews-microservice/internal/config/watcher_integration.go:409.46,411.3 1 0
github.com/gkbiswas/hotel-reviews-microservice/internal/config/watcher_integration.go:412.2,412.45 1 1
github.com/gkbiswas/hotel-reviews-microservice/internal/config/watcher_integration.go:412.45,414.3 1 0
github.com/gkbiswas/hotel-reviews-microservice/internal/config/watcher_integration.go:417.2,418.59 2 1
github.com/gkbiswas/hotel-reviews-microservice/internal/config/watcher_integration.go:418.59,420.3 1 0
github.com/gkbiswas/hotel-reviews-microservice/internal/config/watcher_integration.go:422.2,422.29 1 1
github.com/gkbiswas/hotel-reviews-microservice/internal/config/watcher_integration.go:426.87,431.88 2 1
github.com/gkbiswas/hotel-reviews-microservice/internal/config/watcher_integration.go:431.88,432.61 1 1
github.com/gkbiswas/hotel-reviews-microservice/internal/config/watcher_integration.go:432.61,434.4 1 0
github.com/gkbiswas/hotel-reviews-microservice/internal/config/watcher_integration.go:437.2,437.84 1 1
github.com/gkbiswas/hotel-reviews-microservice/internal/config/watcher_integration.go:437.84,438.59 1 1
github.com/gkbiswas/hotel-reviews-microservice/internal/config/watcher_integration.go:438.59,440.4 1 0
github.com/gkbiswas/hotel-reviews-microservice/internal/config/watcher_integration.go:443.2,443.78 1 1
github.com/gkbiswas/hotel-reviews-microservice/internal/config/watcher_integration.go:443.78,444.56 1 1
github.com/gkbiswas/hotel-reviews-microservice/internal/config/watcher_integration.go:444.56,446.4 1 0
github.com/gkbiswas/hotel-reviews-microservice/internal/config/watcher_integration.go:449.2,449.76 1 1
github.com/gkbiswas/hotel-reviews-microservice/internal/config/watcher_integration.go:449.76,450.55 1 1
github.com/gkbiswas/hotel-reviews-microservice/internal/config/watcher_integration.go:450.55,452.4 1 0
github.com/gkbiswas/hotel-reviews-microservice/internal/config/watcher_integration.go:455.2,455.80 1 1
github.com/gkbiswas/hotel-reviews-microservice/internal/config/watcher_integration.go:455.80,456.57 1 1
github.com/gkbiswas/hotel-reviews-microservice/internal/config/watcher_integration.go:456.57,458.4 1 0
github.com/gkbiswas/hotel-reviews-microservice/internal/config/watcher_integration.go:461.2,461.92 1 1
github.com/gkbiswas/hotel-reviews-microservice/internal/config/watcher_integration.go:461.92,462.63 1 1
github.com/gkbiswas/hotel-reviews-microservice/internal/config/watcher_integration.go:462.63,464.4 1 0
github.com/gkbiswas/hotel-reviews-microservice/internal/config/watcher_integration.go:467.2,467.92 1 1
github.com/gkbiswas/hotel-reviews-microservice/internal/config/watcher_integration.go:467.92,468.63 1 1
github.com/gkbiswas/hotel-reviews-microservice/internal/config/watcher_integration.go:468.63,470.4 1 0
github.com/gkbiswas/hotel-reviews-microservice/internal/config/watcher_integration.go:473.2,473.21 1 1
github.com/gkbiswas/hotel-reviews-microservice/internal/config/watcher_integration.go:473.21,475.3 1 0
github.com/gkbiswas/hotel-reviews-microservice/internal/config/watcher_integration.go:477.2,477.12 1 1
github.com/gkbiswas/hotel-reviews-microservice/internal/config/watcher_integration.go:480.70,485.2 2 0
github.com/gkbiswas/hotel-reviews-microservice/internal/config/watcher_integration.go:487.73,489.32 2 1
github.com/gkbiswas/hotel-reviews-microservice/internal/config/watcher_integration.go:489.33,492.3 0 0
github.com/gkbiswas/hotel-reviews-microservice/internal/config/watcher_integration.go:493.2,493.12 1 1
github.com/gkbiswas/hotel-reviews-microservice/internal/config/watcher_integration.go:496.71,505.2 2 1
github.com/gkbiswas/hotel-reviews-microservice/internal/config/watcher_integration.go:507.68,516.2 2 1
github.com/gkbiswas/hotel-reviews-microservice/internal/config/watcher_integration.go:518.67,520.30 2 1
github.com/gkbiswas/hotel-reviews-microservice/internal/config/watcher_integration.go:520.31,523.3 0 0
github.com/gkbiswas/hotel-reviews-microservice/internal/config/watcher_integration.go:524.2,524.12 1 1
github.com/gkbiswas/hotel-reviews-microservice/internal/config/watcher_integration.go:527.69,536.2 2 1
github.com/gkbiswas/hotel-reviews-microservice/internal/config/watcher_integration.go:538.75,540.28 2 1
github.com/gkbiswas/hotel-reviews-microservice/internal/config/watcher_integration.go:540.29,543.3 0 0
github.com/gkbiswas/hotel-reviews-microservice/internal/config/watcher_integration.go:544.2,544.12 1 1
github.com/gkbiswas/hotel-reviews-microservice/internal/config/watcher_integration.go:547.75,552.28 2 1
github.com/gkbiswas/hotel-reviews-microservice/internal/config/watcher_integration.go:552.29,555.3 0 0
github.com/gkbiswas/hotel-reviews-microservice/internal/config/watcher_integration.go:556.2,556.12 1 1
github.com/gkbiswas/hotel-reviews-microservice/internal/config/watcher_integration.go:560.83,562.18 1 1
github.com/gkbiswas/hotel-reviews-microservice/internal/config/watcher_integration.go:562.18,564.3 1 0
github.com/gkbiswas/hotel-reviews-microservice/internal/config/watcher_integration.go:566.2,579.16 3 1
github.com/gkbiswas/hotel-reviews-microservice/internal/config/watcher_integration.go:579.16,581.3 1 0
github.com/gkbiswas/hotel-reviews-microservice/internal/config/watcher_integration.go:583.2,583.46 1 1
github.com/gkbiswas/hotel-reviews-microservice/internal/config/watcher_integration.go:583.46,585.3 1 0
github.com/gkbiswas/hotel-reviews-microservice/internal/config/watcher_integration.go:587.2,587.12 1 1
github.com/gkbiswas/hotel-reviews-microservice/internal/config/watcher_integration.go:590.99,594.22 2 1
github.com/gkbiswas/hotel-reviews-microservice/internal/config/watcher_integration.go:594.22,596.3 1 1
github.com/gkbiswas/hotel-reviews-microservice/internal/config/watcher_integration.go:598.2,598.52 1 1
github.com/gkbiswas/hotel-reviews-microservice/internal/config/watcher_integration.go:598.52,600.3 1 1
github.com/gkbiswas/hotel-reviews-microservice/internal/config/watcher_integration.go:601.2,601.56 1 1
github.com/gkbiswas/hotel-reviews-microservice/internal/config/watcher_integration.go:601.56,603.3 1 0
github.com/gkbiswas/hotel-reviews-microservice/internal/config/watcher_integration.go:604.2,604.54 1 1
github.com/gkbiswas/hotel-reviews-microservice/internal/config/watcher_integration.go:604.54,606.3 1 1
github.com/gkbiswas/hotel-reviews-microservice/internal/config/watcher_integration.go:608.2,608.16 1 1
github.com/gkbiswas/hotel-reviews-microservice/internal/config/watcher_integration.go:612.49,616.22 3 1
github.com/gkbiswas/hotel-reviews-microservice/internal/config/watcher_integration.go:616.22,618.3 1 1
github.com/gkbiswas/hotel-reviews-microservice/internal/config/watcher_integration.go:621.2,622.20 2 1
github.com/gkbiswas/hotel-reviews-microservice/internal/config/watcher_integration.go:625.55,629.2 3 1
github.com/gkbiswas/hotel-reviews-microservice/internal/config/watcher_integration.go:631.77,633.2 1 1
github.com/gkbiswas/hotel-reviews-microservice/internal/config/watcher_integration.go:635.66,638.76 2 1
github.com/gkbiswas/hotel-reviews-microservice/internal/config/watcher_integration.go:638.76,641.3 2 0
github.com/gkbiswas/hotel-reviews-microservice/internal/config/watcher_integration.go:643.2,644.12 2 1
github.com/gkbiswas/hotel-reviews-microservice/internal/config/watcher_integration.go:647.62,656.2 5 1
github.com/gkbiswas/hotel-reviews-microservice/internal/config/watcher_integration.go:658.46,659.49 1 1
github.com/gkbiswas/hotel-reviews-microservice/internal/config/watcher_integration.go:659.49,661.3 1 0
github.com/gkbiswas/hotel-reviews-microservice/internal/config/watcher_integration.go:663.2,663.22 1 1
github.com/gkbiswas/hotel-reviews-microservice/internal/config/watcher_integration.go:663.22,665.3 1 0
github.com/gkbiswas/hotel-reviews-microservice/internal/config/watcher_integration.go:667.2,667.12 1 1
github.com/gkbiswas/hotel-reviews-microservice/internal/config/watcher_integration.go:670.39,675.23 3 1
github.com/gkbiswas/hotel-reviews-microservice/internal/config/watcher_integration.go:675.23,677.3 1 1
github.com/gkbiswas/hotel-reviews-microservice/internal/config/watcher_integration.go:679.2,679.12 1 0
github.com/gkbiswas/hotel-reviews-microservice/internal/config/watcher_integration.go:683.100,686.2 2 1
github.com/gkbiswas/hotel-reviews-microservice/internal/config/watcher_integration.go:689.84,690.59 1 0
github.com/gkbiswas/hotel-reviews-microservice/internal/config/watcher_integration.go:690.59,692.3 1 0
github.com/gkbiswas/hotel-reviews-microservice/internal/config/watcher_integration.go:693.2,693.46 1 0
github.com/gkbiswas/hotel-reviews-microservice/internal/config/watcher_integration.go:693.46,695.3 1 0
github.com/gkbiswas/hotel-reviews-microservice/internal/config/watcher_integration.go:696.2,696.48 1 0
github.com/gkbiswas/hotel-reviews-microservice/internal/config/watcher_integration.go:696.48,698.3 1 0
github.com/gkbiswas/hotel-reviews-microservice/internal/config/watcher_integration.go:699.2,699.85 1 0
github.com/gkbiswas/hotel-reviews-microservice/internal/config/watcher_integration.go:699.85,701.3 1 0
github.com/gkbiswas/hotel-reviews-microservice/internal/config/watcher_integration.go:702.2,702.91 1 0
github.com/gkbiswas/hotel-reviews-microservice/internal/config/watcher_integration.go:702.91,704.3 1 0
github.com/gkbiswas/hotel-reviews-microservice/internal/config/watcher_integration.go:705.2,705.89 1 0
github.com/gkbiswas/hotel-reviews-microservice/internal/config/watcher_integration.go:705.89,707.3 1 0
github.com/gkbiswas/hotel-reviews-microservice/internal/config/watcher_integration.go:708.2,708.88 1 0
github.com/gkbiswas/hotel-reviews-microservice/internal/config/watcher_integration.go:708.88,710.3 1 0
github.com/gkbiswas/hotel-reviews-microservice/internal/config/watcher_integration.go:711.2,711.80 1 0
github.com/gkbiswas/hotel-reviews-microservice/internal/config/watcher_integration.go:711.80,713.3 1 0
github.com/gkbiswas/hotel-reviews-microservice/internal/config/watcher_integration.go:714.2,714.94 1 0
github.com/gkbiswas/hotel-reviews-microservice/internal/config/watcher_integration.go:714.94,716.3 1 0
