mode: set
github.com/gkbiswas/hotel-reviews-microservice/internal/application/handlers.go:25.87,30.2 1 1
github.com/gkbiswas/hotel-reviews-microservice/internal/application/handlers.go:104.72,127.2 6 1
github.com/gkbiswas/hotel-reviews-microservice/internal/application/handlers.go:130.72,134.52 3 1
github.com/gkbiswas/hotel-reviews-microservice/internal/application/handlers.go:134.52,137.3 2 0
github.com/gkbiswas/hotel-reviews-microservice/internal/application/handlers.go:140.2,140.48 1 1
github.com/gkbiswas/hotel-reviews-microservice/internal/application/handlers.go:140.48,143.3 2 0
github.com/gkbiswas/hotel-reviews-microservice/internal/application/handlers.go:146.2,147.16 2 1
github.com/gkbiswas/hotel-reviews-microservice/internal/application/handlers.go:147.16,150.3 2 1
github.com/gkbiswas/hotel-reviews-microservice/internal/application/handlers.go:153.2,154.16 2 1
github.com/gkbiswas/hotel-reviews-microservice/internal/application/handlers.go:154.16,162.3 3 0
github.com/gkbiswas/hotel-reviews-microservice/internal/application/handlers.go:164.2,173.4 2 1
github.com/gkbiswas/hotel-reviews-microservice/internal/application/handlers.go:176.80,182.16 4 1
github.com/gkbiswas/hotel-reviews-microservice/internal/application/handlers.go:182.16,185.3 2 0
github.com/gkbiswas/hotel-reviews-microservice/internal/application/handlers.go:188.2,189.16 2 1
github.com/gkbiswas/hotel-reviews-microservice/internal/application/handlers.go:189.16,196.3 3 0
github.com/gkbiswas/hotel-reviews-microservice/internal/application/handlers.go:198.2,201.4 1 1
github.com/gkbiswas/hotel-reviews-microservice/internal/application/handlers.go:204.81,210.16 4 0
github.com/gkbiswas/hotel-reviews-microservice/internal/application/handlers.go:210.16,213.3 2 0
github.com/gkbiswas/hotel-reviews-microservice/internal/application/handlers.go:216.2,220.16 3 0
github.com/gkbiswas/hotel-reviews-microservice/internal/application/handlers.go:220.16,227.3 3 0
github.com/gkbiswas/hotel-reviews-microservice/internal/application/handlers.go:229.2,236.4 1 0
github.com/gkbiswas/hotel-reviews-microservice/internal/application/handlers.go:240.73,244.52 3 1
github.com/gkbiswas/hotel-reviews-microservice/internal/application/handlers.go:244.52,247.3 2 1
github.com/gkbiswas/hotel-reviews-microservice/internal/application/handlers.go:250.2,250.48 1 1
github.com/gkbiswas/hotel-reviews-microservice/internal/application/handlers.go:250.48,253.3 2 0
github.com/gkbiswas/hotel-reviews-microservice/internal/application/handlers.go:256.2,257.16 2 1
github.com/gkbiswas/hotel-reviews-microservice/internal/application/handlers.go:257.16,260.3 2 0
github.com/gkbiswas/hotel-reviews-microservice/internal/application/handlers.go:263.2,263.66 1 1
github.com/gkbiswas/hotel-reviews-microservice/internal/application/handlers.go:263.66,270.3 3 1
github.com/gkbiswas/hotel-reviews-microservice/internal/application/handlers.go:272.2,281.4 2 1
github.com/gkbiswas/hotel-reviews-microservice/internal/application/handlers.go:284.70,290.16 4 1
github.com/gkbiswas/hotel-reviews-microservice/internal/application/handlers.go:290.16,293.3 2 1
github.com/gkbiswas/hotel-reviews-microservice/internal/application/handlers.go:296.2,297.16 2 1
github.com/gkbiswas/hotel-reviews-microservice/internal/application/handlers.go:297.16,304.3 3 1
github.com/gkbiswas/hotel-reviews-microservice/internal/application/handlers.go:306.2,309.4 1 1
github.com/gkbiswas/hotel-reviews-microservice/internal/application/handlers.go:312.78,318.16 4 1
github.com/gkbiswas/hotel-reviews-microservice/internal/application/handlers.go:318.16,321.3 2 1
github.com/gkbiswas/hotel-reviews-microservice/internal/application/handlers.go:324.2,328.16 3 1
github.com/gkbiswas/hotel-reviews-microservice/internal/application/handlers.go:328.16,335.3 3 0
github.com/gkbiswas/hotel-reviews-microservice/internal/application/handlers.go:337.2,344.4 1 1
github.com/gkbiswas/hotel-reviews-microservice/internal/application/handlers.go:347.81,353.16 4 0
github.com/gkbiswas/hotel-reviews-microservice/internal/application/handlers.go:353.16,356.3 2 0
github.com/gkbiswas/hotel-reviews-microservice/internal/application/handlers.go:359.2,363.16 3 0
github.com/gkbiswas/hotel-reviews-microservice/internal/application/handlers.go:363.16,370.3 3 0
github.com/gkbiswas/hotel-reviews-microservice/internal/application/handlers.go:372.2,379.4 1 0
github.com/gkbiswas/hotel-reviews-microservice/internal/application/handlers.go:382.74,392.16 6 1
github.com/gkbiswas/hotel-reviews-microservice/internal/application/handlers.go:392.16,400.3 3 0
github.com/gkbiswas/hotel-reviews-microservice/internal/application/handlers.go:402.2,409.4 1 1
github.com/gkbiswas/hotel-reviews-microservice/internal/application/handlers.go:413.72,417.52 3 1
github.com/gkbiswas/hotel-reviews-microservice/internal/application/handlers.go:417.52,420.3 2 1
github.com/gkbiswas/hotel-reviews-microservice/internal/application/handlers.go:423.2,423.48 1 1
github.com/gkbiswas/hotel-reviews-microservice/internal/application/handlers.go:423.48,426.3 2 0
github.com/gkbiswas/hotel-reviews-microservice/internal/application/handlers.go:429.2,446.64 2 1
github.com/gkbiswas/hotel-reviews-microservice/internal/application/handlers.go:446.64,453.3 3 0
github.com/gkbiswas/hotel-reviews-microservice/internal/application/handlers.go:455.2,463.4 2 1
github.com/gkbiswas/hotel-reviews-microservice/internal/application/handlers.go:466.69,472.16 4 1
github.com/gkbiswas/hotel-reviews-microservice/internal/application/handlers.go:472.16,475.3 2 0
github.com/gkbiswas/hotel-reviews-microservice/internal/application/handlers.go:478.2,479.16 2 1
github.com/gkbiswas/hotel-reviews-microservice/internal/application/handlers.go:479.16,486.3 3 0
github.com/gkbiswas/hotel-reviews-microservice/internal/application/handlers.go:488.2,491.4 1 1
github.com/gkbiswas/hotel-reviews-microservice/internal/application/handlers.go:494.71,502.16 4 1
github.com/gkbiswas/hotel-reviews-microservice/internal/application/handlers.go:502.16,506.3 3 0
github.com/gkbiswas/hotel-reviews-microservice/internal/application/handlers.go:508.2,515.4 1 1
github.com/gkbiswas/hotel-reviews-microservice/internal/application/handlers.go:519.75,523.52 3 0
github.com/gkbiswas/hotel-reviews-microservice/internal/application/handlers.go:523.52,526.3 2 0
github.com/gkbiswas/hotel-reviews-microservice/internal/application/handlers.go:529.2,529.48 1 0
github.com/gkbiswas/hotel-reviews-microservice/internal/application/handlers.go:529.48,532.3 2 0
github.com/gkbiswas/hotel-reviews-microservice/internal/application/handlers.go:535.2,543.70 2 0
github.com/gkbiswas/hotel-reviews-microservice/internal/application/handlers.go:543.70,550.3 3 0
github.com/gkbiswas/hotel-reviews-microservice/internal/application/handlers.go:552.2,560.4 2 0
github.com/gkbiswas/hotel-reviews-microservice/internal/application/handlers.go:563.72,569.16 4 0
github.com/gkbiswas/hotel-reviews-microservice/internal/application/handlers.go:569.16,572.3 2 0
github.com/gkbiswas/hotel-reviews-microservice/internal/application/handlers.go:575.2,576.16 2 0
github.com/gkbiswas/hotel-reviews-microservice/internal/application/handlers.go:576.16,583.3 3 0
github.com/gkbiswas/hotel-reviews-microservice/internal/application/handlers.go:585.2,588.4 1 0
github.com/gkbiswas/hotel-reviews-microservice/internal/application/handlers.go:591.74,599.16 4 0
github.com/gkbiswas/hotel-reviews-microservice/internal/application/handlers.go:599.16,603.3 3 0
github.com/gkbiswas/hotel-reviews-microservice/internal/application/handlers.go:605.2,612.4 1 0
github.com/gkbiswas/hotel-reviews-microservice/internal/application/handlers.go:616.77,622.16 4 0
github.com/gkbiswas/hotel-reviews-microservice/internal/application/handlers.go:622.16,625.3 2 0
github.com/gkbiswas/hotel-reviews-microservice/internal/application/handlers.go:628.2,629.16 2 0
github.com/gkbiswas/hotel-reviews-microservice/internal/application/handlers.go:629.16,636.3 3 0
github.com/gkbiswas/hotel-reviews-microservice/internal/application/handlers.go:638.2,641.4 1 0
github.com/gkbiswas/hotel-reviews-microservice/internal/application/handlers.go:644.78,650.20 4 1
github.com/gkbiswas/hotel-reviews-microservice/internal/application/handlers.go:650.20,651.60 1 1
github.com/gkbiswas/hotel-reviews-microservice/internal/application/handlers.go:651.60,653.4 1 1
github.com/gkbiswas/hotel-reviews-microservice/internal/application/handlers.go:657.2,658.16 2 1
github.com/gkbiswas/hotel-reviews-microservice/internal/application/handlers.go:658.16,662.3 3 0
github.com/gkbiswas/hotel-reviews-microservice/internal/application/handlers.go:664.2,670.4 1 1
github.com/gkbiswas/hotel-reviews-microservice/internal/application/handlers.go:673.77,679.20 4 1
github.com/gkbiswas/hotel-reviews-microservice/internal/application/handlers.go:679.20,680.60 1 1
github.com/gkbiswas/hotel-reviews-microservice/internal/application/handlers.go:680.60,682.4 1 1
github.com/gkbiswas/hotel-reviews-microservice/internal/application/handlers.go:686.2,687.16 2 1
github.com/gkbiswas/hotel-reviews-microservice/internal/application/handlers.go:687.16,691.3 3 0
github.com/gkbiswas/hotel-reviews-microservice/internal/application/handlers.go:693.2,699.4 1 1
github.com/gkbiswas/hotel-reviews-microservice/internal/application/handlers.go:703.80,707.2 3 1
github.com/gkbiswas/hotel-reviews-microservice/internal/application/handlers.go:709.59,713.2 1 1
github.com/gkbiswas/hotel-reviews-microservice/internal/application/handlers.go:715.99,719.2 3 1
github.com/gkbiswas/hotel-reviews-microservice/internal/application/handlers.go:721.105,727.16 2 1
github.com/gkbiswas/hotel-reviews-microservice/internal/application/handlers.go:727.16,729.3 1 1
github.com/gkbiswas/hotel-reviews-microservice/internal/application/handlers.go:731.2,731.46 1 1
github.com/gkbiswas/hotel-reviews-microservice/internal/application/handlers.go:734.77,738.60 3 1
github.com/gkbiswas/hotel-reviews-microservice/internal/application/handlers.go:738.60,739.72 1 1
github.com/gkbiswas/hotel-reviews-microservice/internal/application/handlers.go:739.72,741.4 1 1
github.com/gkbiswas/hotel-reviews-microservice/internal/application/handlers.go:744.2,744.63 1 1
github.com/gkbiswas/hotel-reviews-microservice/internal/application/handlers.go:744.63,745.62 1 1
github.com/gkbiswas/hotel-reviews-microservice/internal/application/handlers.go:745.62,747.4 1 1
github.com/gkbiswas/hotel-reviews-microservice/internal/application/handlers.go:751.2,751.57 1 1
github.com/gkbiswas/hotel-reviews-microservice/internal/application/handlers.go:751.57,752.59 1 0
github.com/gkbiswas/hotel-reviews-microservice/internal/application/handlers.go:752.59,754.4 1 0
github.com/gkbiswas/hotel-reviews-microservice/internal/application/handlers.go:757.2,757.22 1 1
github.com/gkbiswas/hotel-reviews-microservice/internal/application/handlers.go:760.73,763.57 2 1
github.com/gkbiswas/hotel-reviews-microservice/internal/application/handlers.go:763.57,764.59 1 0
github.com/gkbiswas/hotel-reviews-microservice/internal/application/handlers.go:764.59,766.4 1 0
github.com/gkbiswas/hotel-reviews-microservice/internal/application/handlers.go:769.2,769.67 1 1
github.com/gkbiswas/hotel-reviews-microservice/internal/application/handlers.go:769.67,770.62 1 0
github.com/gkbiswas/hotel-reviews-microservice/internal/application/handlers.go:770.62,772.4 1 0
github.com/gkbiswas/hotel-reviews-microservice/internal/application/handlers.go:775.2,775.67 1 1
github.com/gkbiswas/hotel-reviews-microservice/internal/application/handlers.go:775.67,776.62 1 0
github.com/gkbiswas/hotel-reviews-microservice/internal/application/handlers.go:776.62,778.4 1 0
github.com/gkbiswas/hotel-reviews-microservice/internal/application/handlers.go:781.2,781.70 1 1
github.com/gkbiswas/hotel-reviews-microservice/internal/application/handlers.go:781.70,782.52 1 0
github.com/gkbiswas/hotel-reviews-microservice/internal/application/handlers.go:782.52,784.4 1 0
github.com/gkbiswas/hotel-reviews-microservice/internal/application/handlers.go:787.2,787.61 1 1
github.com/gkbiswas/hotel-reviews-microservice/internal/application/handlers.go:787.61,788.49 1 0
github.com/gkbiswas/hotel-reviews-microservice/internal/application/handlers.go:788.49,790.4 1 0
github.com/gkbiswas/hotel-reviews-microservice/internal/application/handlers.go:793.2,793.63 1 1
github.com/gkbiswas/hotel-reviews-microservice/internal/application/handlers.go:793.63,795.3 1 0
github.com/gkbiswas/hotel-reviews-microservice/internal/application/handlers.go:797.2,797.66 1 1
github.com/gkbiswas/hotel-reviews-microservice/internal/application/handlers.go:797.66,799.3 1 0
github.com/gkbiswas/hotel-reviews-microservice/internal/application/handlers.go:801.2,801.70 1 1
github.com/gkbiswas/hotel-reviews-microservice/internal/application/handlers.go:801.70,802.65 1 0
github.com/gkbiswas/hotel-reviews-microservice/internal/application/handlers.go:802.65,804.4 1 0
github.com/gkbiswas/hotel-reviews-microservice/internal/application/handlers.go:807.2,807.67 1 1
github.com/gkbiswas/hotel-reviews-microservice/internal/application/handlers.go:807.67,808.67 1 0
github.com/gkbiswas/hotel-reviews-microservice/internal/application/handlers.go:808.67,810.4 1 0
github.com/gkbiswas/hotel-reviews-microservice/internal/application/handlers.go:813.2,813.61 1 1
github.com/gkbiswas/hotel-reviews-microservice/internal/application/handlers.go:813.61,814.65 1 0
github.com/gkbiswas/hotel-reviews-microservice/internal/application/handlers.go:814.65,816.4 1 0
github.com/gkbiswas/hotel-reviews-microservice/internal/application/handlers.go:819.2,819.16 1 1
github.com/gkbiswas/hotel-reviews-microservice/internal/application/handlers.go:822.86,824.16 2 1
github.com/gkbiswas/hotel-reviews-microservice/internal/application/handlers.go:824.16,826.3 1 0
github.com/gkbiswas/hotel-reviews-microservice/internal/application/handlers.go:828.2,829.16 2 1
github.com/gkbiswas/hotel-reviews-microservice/internal/application/handlers.go:829.16,831.3 1 0
github.com/gkbiswas/hotel-reviews-microservice/internal/application/handlers.go:833.2,834.16 2 1
github.com/gkbiswas/hotel-reviews-microservice/internal/application/handlers.go:834.16,836.3 1 0
github.com/gkbiswas/hotel-reviews-microservice/internal/application/handlers.go:838.2,861.20 2 1
github.com/gkbiswas/hotel-reviews-microservice/internal/application/handlers.go:865.52,895.2 18 1
github.com/gkbiswas/hotel-reviews-microservice/internal/application/handlers.go:898.70,900.2 1 0
github.com/gkbiswas/hotel-reviews-microservice/internal/application/handlers.go:902.71,904.2 1 0
github.com/gkbiswas/hotel-reviews-microservice/internal/application/handlers.go:906.67,907.71 1 0
github.com/gkbiswas/hotel-reviews-microservice/internal/application/handlers.go:907.71,912.28 4 0
github.com/gkbiswas/hotel-reviews-microservice/internal/application/handlers.go:912.28,915.4 2 0
github.com/gkbiswas/hotel-reviews-microservice/internal/application/handlers.go:917.3,917.23 1 0
github.com/gkbiswas/hotel-reviews-microservice/internal/application/handlers.go:921.74,922.71 1 0
github.com/gkbiswas/hotel-reviews-microservice/internal/application/handlers.go:922.71,923.46 1 0
github.com/gkbiswas/hotel-reviews-microservice/internal/application/handlers.go:923.46,925.59 2 0
github.com/gkbiswas/hotel-reviews-microservice/internal/application/handlers.go:925.59,928.5 2 0
github.com/gkbiswas/hotel-reviews-microservice/internal/application/handlers.go:931.3,931.23 1 0
github.com/gkbiswas/hotel-reviews-microservice/internal/application/processor.go:115.21,135.2 3 0
github.com/gkbiswas/hotel-reviews-microservice/internal/application/processor.go:138.42,142.15 3 0
github.com/gkbiswas/hotel-reviews-microservice/internal/application/processor.go:142.15,144.3 1 0
github.com/gkbiswas/hotel-reviews-microservice/internal/application/processor.go:146.2,165.12 9 0
github.com/gkbiswas/hotel-reviews-microservice/internal/application/processor.go:169.41,174.35 3 0
github.com/gkbiswas/hotel-reviews-microservice/internal/application/processor.go:174.35,175.24 1 0
github.com/gkbiswas/hotel-reviews-microservice/internal/application/processor.go:175.24,177.4 1 0
github.com/gkbiswas/hotel-reviews-microservice/internal/application/processor.go:179.2,187.12 5 0
github.com/gkbiswas/hotel-reviews-microservice/internal/application/processor.go:187.12,190.3 2 0
github.com/gkbiswas/hotel-reviews-microservice/internal/application/processor.go:193.2,193.9 1 0
github.com/gkbiswas/hotel-reviews-microservice/internal/application/processor.go:194.14,196.13 2 0
github.com/gkbiswas/hotel-reviews-microservice/internal/application/processor.go:197.38,199.40 2 0
github.com/gkbiswas/hotel-reviews-microservice/internal/application/processor.go:204.121,206.16 1 0
github.com/gkbiswas/hotel-reviews-microservice/internal/application/processor.go:206.16,208.3 1 0
github.com/gkbiswas/hotel-reviews-microservice/internal/application/processor.go:211.2,211.76 1 0
github.com/gkbiswas/hotel-reviews-microservice/internal/application/processor.go:211.76,218.3 2 0
github.com/gkbiswas/hotel-reviews-microservice/internal/application/processor.go:221.2,239.9 6 0
github.com/gkbiswas/hotel-reviews-microservice/internal/application/processor.go:240.26,246.18 2 0
github.com/gkbiswas/hotel-reviews-microservice/internal/application/processor.go:247.20,249.24 2 0
github.com/gkbiswas/hotel-reviews-microservice/internal/application/processor.go:250.10,252.67 2 0
github.com/gkbiswas/hotel-reviews-microservice/internal/application/processor.go:257.81,263.2 4 0
github.com/gkbiswas/hotel-reviews-microservice/internal/application/processor.go:266.61,271.13 4 0
github.com/gkbiswas/hotel-reviews-microservice/internal/application/processor.go:271.13,273.3 1 0
github.com/gkbiswas/hotel-reviews-microservice/internal/application/processor.go:275.2,275.23 1 0
github.com/gkbiswas/hotel-reviews-microservice/internal/application/processor.go:275.23,277.3 1 0
github.com/gkbiswas/hotel-reviews-microservice/internal/application/processor.go:279.2,283.12 4 0
github.com/gkbiswas/hotel-reviews-microservice/internal/application/processor.go:287.60,304.2 4 0
github.com/gkbiswas/hotel-reviews-microservice/internal/application/processor.go:307.46,308.36 1 0
github.com/gkbiswas/hotel-reviews-microservice/internal/application/processor.go:308.36,319.3 4 0
github.com/gkbiswas/hotel-reviews-microservice/internal/application/processor.go:321.2,321.63 1 0
github.com/gkbiswas/hotel-reviews-microservice/internal/application/processor.go:325.50,330.6 3 0
github.com/gkbiswas/hotel-reviews-microservice/internal/application/processor.go:330.6,331.10 1 0
github.com/gkbiswas/hotel-reviews-microservice/internal/application/processor.go:332.23,334.10 2 0
github.com/gkbiswas/hotel-reviews-microservice/internal/application/processor.go:335.11,337.11 1 0
github.com/gkbiswas/hotel-reviews-microservice/internal/application/processor.go:338.27,340.32 2 0
github.com/gkbiswas/hotel-reviews-microservice/internal/application/processor.go:341.24,342.11 1 0
github.com/gkbiswas/hotel-reviews-microservice/internal/application/processor.go:349.44,354.6 3 0
github.com/gkbiswas/hotel-reviews-microservice/internal/application/processor.go:354.6,355.10 1 0
github.com/gkbiswas/hotel-reviews-microservice/internal/application/processor.go:356.23,358.10 2 0
github.com/gkbiswas/hotel-reviews-microservice/internal/application/processor.go:359.29,360.22 1 0
github.com/gkbiswas/hotel-reviews-microservice/internal/application/processor.go:366.60,367.9 1 0
github.com/gkbiswas/hotel-reviews-microservice/internal/application/processor.go:368.22,370.9 2 0
github.com/gkbiswas/hotel-reviews-microservice/internal/application/processor.go:371.32,383.4 6 0
github.com/gkbiswas/hotel-reviews-microservice/internal/application/processor.go:388.80,397.16 4 0
github.com/gkbiswas/hotel-reviews-microservice/internal/application/processor.go:397.16,398.38 1 0
github.com/gkbiswas/hotel-reviews-microservice/internal/application/processor.go:398.38,407.11 5 0
github.com/gkbiswas/hotel-reviews-microservice/internal/application/processor.go:408.28,412.6 1 0
github.com/gkbiswas/hotel-reviews-microservice/internal/application/processor.go:413.12,414.72 1 0
github.com/gkbiswas/hotel-reviews-microservice/internal/application/processor.go:416.9,418.4 1 0
github.com/gkbiswas/hotel-reviews-microservice/internal/application/processor.go:419.8,421.3 1 0
github.com/gkbiswas/hotel-reviews-microservice/internal/application/processor.go:424.2,425.29 2 0
github.com/gkbiswas/hotel-reviews-microservice/internal/application/processor.go:429.66,440.16 4 0
github.com/gkbiswas/hotel-reviews-microservice/internal/application/processor.go:440.16,442.3 1 0
github.com/gkbiswas/hotel-reviews-microservice/internal/application/processor.go:445.2,446.16 2 0
github.com/gkbiswas/hotel-reviews-microservice/internal/application/processor.go:446.16,448.3 1 0
github.com/gkbiswas/hotel-reviews-microservice/internal/application/processor.go:449.2,449.13 1 0
github.com/gkbiswas/hotel-reviews-microservice/internal/application/processor.go:449.13,451.3 1 0
github.com/gkbiswas/hotel-reviews-microservice/internal/application/processor.go:454.2,455.16 2 0
github.com/gkbiswas/hotel-reviews-microservice/internal/application/processor.go:455.16,457.3 1 0
github.com/gkbiswas/hotel-reviews-microservice/internal/application/processor.go:460.2,461.16 2 0
github.com/gkbiswas/hotel-reviews-microservice/internal/application/processor.go:461.16,463.3 1 0
github.com/gkbiswas/hotel-reviews-microservice/internal/application/processor.go:464.2,468.16 3 0
github.com/gkbiswas/hotel-reviews-microservice/internal/application/processor.go:468.16,470.3 1 0
github.com/gkbiswas/hotel-reviews-microservice/internal/application/processor.go:470.8,472.3 1 0
github.com/gkbiswas/hotel-reviews-microservice/internal/application/processor.go:475.2,476.16 2 0
github.com/gkbiswas/hotel-reviews-microservice/internal/application/processor.go:476.16,478.3 1 0
github.com/gkbiswas/hotel-reviews-microservice/internal/application/processor.go:479.2,483.16 3 0
github.com/gkbiswas/hotel-reviews-microservice/internal/application/processor.go:483.16,485.3 1 0
github.com/gkbiswas/hotel-reviews-microservice/internal/application/processor.go:487.2,494.12 2 0
github.com/gkbiswas/hotel-reviews-microservice/internal/application/processor.go:498.110,502.86 3 0
github.com/gkbiswas/hotel-reviews-microservice/internal/application/processor.go:502.86,509.29 5 0
github.com/gkbiswas/hotel-reviews-microservice/internal/application/processor.go:509.29,511.4 1 0
github.com/gkbiswas/hotel-reviews-microservice/internal/application/processor.go:512.3,516.13 3 0
github.com/gkbiswas/hotel-reviews-microservice/internal/application/processor.go:516.13,519.4 2 0
github.com/gkbiswas/hotel-reviews-microservice/internal/application/processor.go:524.2,528.3 1 0
github.com/gkbiswas/hotel-reviews-microservice/internal/application/processor.go:532.106,536.35 3 0
github.com/gkbiswas/hotel-reviews-microservice/internal/application/processor.go:536.35,537.61 1 0
github.com/gkbiswas/hotel-reviews-microservice/internal/application/processor.go:537.61,538.98 1 0
github.com/gkbiswas/hotel-reviews-microservice/internal/application/processor.go:538.98,540.5 1 0
github.com/gkbiswas/hotel-reviews-microservice/internal/application/processor.go:544.2,544.19 1 0
github.com/gkbiswas/hotel-reviews-microservice/internal/application/processor.go:548.55,553.2 3 0
github.com/gkbiswas/hotel-reviews-microservice/internal/application/processor.go:556.47,562.6 4 0
github.com/gkbiswas/hotel-reviews-microservice/internal/application/processor.go:562.6,563.10 1 0
github.com/gkbiswas/hotel-reviews-microservice/internal/application/processor.go:564.23,565.10 1 0
github.com/gkbiswas/hotel-reviews-microservice/internal/application/processor.go:566.19,567.21 1 0
github.com/gkbiswas/hotel-reviews-microservice/internal/application/processor.go:573.44,585.38 8 0
github.com/gkbiswas/hotel-reviews-microservice/internal/application/processor.go:585.38,587.19 2 0
github.com/gkbiswas/hotel-reviews-microservice/internal/application/processor.go:587.19,589.4 1 0
github.com/gkbiswas/hotel-reviews-microservice/internal/application/processor.go:592.2,600.3 1 0
github.com/gkbiswas/hotel-reviews-microservice/internal/application/processor.go:604.83,606.38 1 0
github.com/gkbiswas/hotel-reviews-microservice/internal/application/processor.go:606.38,608.3 1 0
github.com/gkbiswas/hotel-reviews-microservice/internal/application/processor.go:610.2,613.20 3 0
github.com/gkbiswas/hotel-reviews-microservice/internal/application/processor.go:613.20,615.3 1 0
github.com/gkbiswas/hotel-reviews-microservice/internal/application/processor.go:617.2,617.32 1 0
github.com/gkbiswas/hotel-reviews-microservice/internal/application/processor.go:630.122,636.2 1 0
github.com/gkbiswas/hotel-reviews-microservice/internal/application/processor.go:639.58,644.49 3 0
github.com/gkbiswas/hotel-reviews-microservice/internal/application/processor.go:644.49,646.3 1 0
github.com/gkbiswas/hotel-reviews-microservice/internal/application/processor.go:649.2,649.48 1 0
github.com/gkbiswas/hotel-reviews-microservice/internal/application/processor.go:649.48,651.3 1 0
github.com/gkbiswas/hotel-reviews-microservice/internal/application/processor.go:653.2,653.13 1 0
github.com/gkbiswas/hotel-reviews-microservice/internal/application/processor.go:657.66,662.2 3 0
github.com/gkbiswas/hotel-reviews-microservice/internal/application/processor.go:673.91,679.2 1 0
github.com/gkbiswas/hotel-reviews-microservice/internal/application/processor.go:682.71,689.49 4 0
github.com/gkbiswas/hotel-reviews-microservice/internal/application/processor.go:689.49,698.3 3 0
github.com/gkbiswas/hotel-reviews-microservice/internal/application/processor.go:702.70,710.15 6 0
github.com/gkbiswas/hotel-reviews-microservice/internal/application/processor.go:710.15,712.3 1 0
github.com/gkbiswas/hotel-reviews-microservice/internal/application/processor.go:714.2,714.35 1 0
