mode: atomic
github.com/gkbiswas/hotel-reviews-microservice/internal/application/auth_handlers.go:28.148,34.2 1 0
github.com/gkbiswas/hotel-reviews-microservice/internal/application/auth_handlers.go:113.73,115.61 2 5
github.com/gkbiswas/hotel-reviews-microservice/internal/application/auth_handlers.go:115.61,118.3 2 3
github.com/gkbiswas/hotel-reviews-microservice/internal/application/auth_handlers.go:121.2,121.47 1 2
github.com/gkbiswas/hotel-reviews-microservice/internal/application/auth_handlers.go:121.47,124.3 2 0
github.com/gkbiswas/hotel-reviews-microservice/internal/application/auth_handlers.go:127.2,128.16 2 2
github.com/gkbiswas/hotel-reviews-microservice/internal/application/auth_handlers.go:128.16,132.3 3 1
github.com/gkbiswas/hotel-reviews-microservice/internal/application/auth_handlers.go:135.2,149.80 2 1
github.com/gkbiswas/hotel-reviews-microservice/internal/application/auth_handlers.go:149.80,153.3 3 1
github.com/gkbiswas/hotel-reviews-microservice/internal/application/auth_handlers.go:156.2,161.4 2 0
github.com/gkbiswas/hotel-reviews-microservice/internal/application/auth_handlers.go:165.70,167.61 2 4
github.com/gkbiswas/hotel-reviews-microservice/internal/application/auth_handlers.go:167.61,170.3 2 1
github.com/gkbiswas/hotel-reviews-microservice/internal/application/auth_handlers.go:173.2,173.47 1 3
github.com/gkbiswas/hotel-reviews-microservice/internal/application/auth_handlers.go:173.47,176.3 2 2
github.com/gkbiswas/hotel-reviews-microservice/internal/application/auth_handlers.go:179.2,183.16 4 1
github.com/gkbiswas/hotel-reviews-microservice/internal/application/auth_handlers.go:183.16,187.3 3 1
github.com/gkbiswas/hotel-reviews-microservice/internal/application/auth_handlers.go:189.2,189.77 1 0
github.com/gkbiswas/hotel-reviews-microservice/internal/application/auth_handlers.go:193.77,195.61 2 0
github.com/gkbiswas/hotel-reviews-microservice/internal/application/auth_handlers.go:195.61,198.3 2 0
github.com/gkbiswas/hotel-reviews-microservice/internal/application/auth_handlers.go:201.2,201.47 1 0
github.com/gkbiswas/hotel-reviews-microservice/internal/application/auth_handlers.go:201.47,204.3 2 0
github.com/gkbiswas/hotel-reviews-microservice/internal/application/auth_handlers.go:207.2,208.16 2 0
github.com/gkbiswas/hotel-reviews-microservice/internal/application/auth_handlers.go:208.16,212.3 3 0
github.com/gkbiswas/hotel-reviews-microservice/internal/application/auth_handlers.go:214.2,214.89 1 0
github.com/gkbiswas/hotel-reviews-microservice/internal/application/auth_handlers.go:218.71,221.22 2 0
github.com/gkbiswas/hotel-reviews-microservice/internal/application/auth_handlers.go:221.22,224.3 2 0
github.com/gkbiswas/hotel-reviews-microservice/internal/application/auth_handlers.go:226.2,227.62 2 0
github.com/gkbiswas/hotel-reviews-microservice/internal/application/auth_handlers.go:227.62,230.3 2 0
github.com/gkbiswas/hotel-reviews-microservice/internal/application/auth_handlers.go:232.2,233.71 2 0
github.com/gkbiswas/hotel-reviews-microservice/internal/application/auth_handlers.go:233.71,237.3 3 0
github.com/gkbiswas/hotel-reviews-microservice/internal/application/auth_handlers.go:239.2,239.74 1 0
github.com/gkbiswas/hotel-reviews-microservice/internal/application/auth_handlers.go:243.74,245.17 2 0
github.com/gkbiswas/hotel-reviews-microservice/internal/application/auth_handlers.go:245.17,248.3 2 0
github.com/gkbiswas/hotel-reviews-microservice/internal/application/auth_handlers.go:251.2,253.78 2 0
github.com/gkbiswas/hotel-reviews-microservice/internal/application/auth_handlers.go:259.75,261.17 2 0
github.com/gkbiswas/hotel-reviews-microservice/internal/application/auth_handlers.go:261.17,264.3 2 0
github.com/gkbiswas/hotel-reviews-microservice/internal/application/auth_handlers.go:266.2,266.82 1 0
github.com/gkbiswas/hotel-reviews-microservice/internal/application/auth_handlers.go:270.78,272.17 2 0
github.com/gkbiswas/hotel-reviews-microservice/internal/application/auth_handlers.go:272.17,275.3 2 0
github.com/gkbiswas/hotel-reviews-microservice/internal/application/auth_handlers.go:277.2,278.61 2 0
github.com/gkbiswas/hotel-reviews-microservice/internal/application/auth_handlers.go:278.61,281.3 2 0
github.com/gkbiswas/hotel-reviews-microservice/internal/application/auth_handlers.go:284.2,284.47 1 0
github.com/gkbiswas/hotel-reviews-microservice/internal/application/auth_handlers.go:284.47,287.3 2 0
github.com/gkbiswas/hotel-reviews-microservice/internal/application/auth_handlers.go:290.2,290.25 1 0
github.com/gkbiswas/hotel-reviews-microservice/internal/application/auth_handlers.go:290.25,292.3 1 0
github.com/gkbiswas/hotel-reviews-microservice/internal/application/auth_handlers.go:293.2,293.24 1 0
github.com/gkbiswas/hotel-reviews-microservice/internal/application/auth_handlers.go:293.24,295.3 1 0
github.com/gkbiswas/hotel-reviews-microservice/internal/application/auth_handlers.go:296.2,296.21 1 0
github.com/gkbiswas/hotel-reviews-microservice/internal/application/auth_handlers.go:296.21,298.3 1 0
github.com/gkbiswas/hotel-reviews-microservice/internal/application/auth_handlers.go:300.2,300.68 1 0
github.com/gkbiswas/hotel-reviews-microservice/internal/application/auth_handlers.go:300.68,304.3 3 0
github.com/gkbiswas/hotel-reviews-microservice/internal/application/auth_handlers.go:306.2,306.80 1 0
github.com/gkbiswas/hotel-reviews-microservice/internal/application/auth_handlers.go:310.79,312.17 2 0
github.com/gkbiswas/hotel-reviews-microservice/internal/application/auth_handlers.go:312.17,315.3 2 0
github.com/gkbiswas/hotel-reviews-microservice/internal/application/auth_handlers.go:317.2,318.61 2 0
github.com/gkbiswas/hotel-reviews-microservice/internal/application/auth_handlers.go:318.61,321.3 2 0
github.com/gkbiswas/hotel-reviews-microservice/internal/application/auth_handlers.go:324.2,324.47 1 0
github.com/gkbiswas/hotel-reviews-microservice/internal/application/auth_handlers.go:324.47,327.3 2 0
github.com/gkbiswas/hotel-reviews-microservice/internal/application/auth_handlers.go:330.2,330.109 1 0
github.com/gkbiswas/hotel-reviews-microservice/internal/application/auth_handlers.go:330.109,334.3 3 0
github.com/gkbiswas/hotel-reviews-microservice/internal/application/auth_handlers.go:336.2,336.80 1 0
github.com/gkbiswas/hotel-reviews-microservice/internal/application/auth_handlers.go:342.77,344.17 2 0
github.com/gkbiswas/hotel-reviews-microservice/internal/application/auth_handlers.go:344.17,347.3 2 0
github.com/gkbiswas/hotel-reviews-microservice/internal/application/auth_handlers.go:349.2,350.61 2 0
github.com/gkbiswas/hotel-reviews-microservice/internal/application/auth_handlers.go:350.61,353.3 2 0
github.com/gkbiswas/hotel-reviews-microservice/internal/application/auth_handlers.go:356.2,356.47 1 0
github.com/gkbiswas/hotel-reviews-microservice/internal/application/auth_handlers.go:356.47,359.3 2 0
github.com/gkbiswas/hotel-reviews-microservice/internal/application/auth_handlers.go:362.2,363.16 2 0
github.com/gkbiswas/hotel-reviews-microservice/internal/application/auth_handlers.go:363.16,367.3 3 0
github.com/gkbiswas/hotel-reviews-microservice/internal/application/auth_handlers.go:370.2,379.89 2 0
github.com/gkbiswas/hotel-reviews-microservice/internal/application/auth_handlers.go:383.76,385.17 2 0
github.com/gkbiswas/hotel-reviews-microservice/internal/application/auth_handlers.go:385.17,388.3 2 0
github.com/gkbiswas/hotel-reviews-microservice/internal/application/auth_handlers.go:391.2,395.16 3 0
github.com/gkbiswas/hotel-reviews-microservice/internal/application/auth_handlers.go:395.16,399.3 3 0
github.com/gkbiswas/hotel-reviews-microservice/internal/application/auth_handlers.go:401.2,401.86 1 0
github.com/gkbiswas/hotel-reviews-microservice/internal/application/auth_handlers.go:405.77,407.17 2 0
github.com/gkbiswas/hotel-reviews-microservice/internal/application/auth_handlers.go:407.17,410.3 2 0
github.com/gkbiswas/hotel-reviews-microservice/internal/application/auth_handlers.go:413.2,415.16 3 0
github.com/gkbiswas/hotel-reviews-microservice/internal/application/auth_handlers.go:415.16,418.3 2 0
github.com/gkbiswas/hotel-reviews-microservice/internal/application/auth_handlers.go:421.2,421.74 1 0
github.com/gkbiswas/hotel-reviews-microservice/internal/application/auth_handlers.go:421.74,425.3 3 0
github.com/gkbiswas/hotel-reviews-microservice/internal/application/auth_handlers.go:427.2,427.79 1 0
github.com/gkbiswas/hotel-reviews-microservice/internal/application/auth_handlers.go:433.74,439.16 3 0
github.com/gkbiswas/hotel-reviews-microservice/internal/application/auth_handlers.go:439.16,443.3 3 0
github.com/gkbiswas/hotel-reviews-microservice/internal/application/auth_handlers.go:445.2,445.81 1 0
github.com/gkbiswas/hotel-reviews-microservice/internal/application/auth_handlers.go:449.72,453.16 3 0
github.com/gkbiswas/hotel-reviews-microservice/internal/application/auth_handlers.go:453.16,456.3 2 0
github.com/gkbiswas/hotel-reviews-microservice/internal/application/auth_handlers.go:459.2,460.16 2 0
github.com/gkbiswas/hotel-reviews-microservice/internal/application/auth_handlers.go:460.16,464.3 3 0
github.com/gkbiswas/hotel-reviews-microservice/internal/application/auth_handlers.go:466.2,466.79 1 0
github.com/gkbiswas/hotel-reviews-microservice/internal/application/auth_handlers.go:470.75,474.16 3 0
github.com/gkbiswas/hotel-reviews-microservice/internal/application/auth_handlers.go:474.16,477.3 2 0
github.com/gkbiswas/hotel-reviews-microservice/internal/application/auth_handlers.go:480.2,480.70 1 0
github.com/gkbiswas/hotel-reviews-microservice/internal/application/auth_handlers.go:480.70,484.3 3 0
github.com/gkbiswas/hotel-reviews-microservice/internal/application/auth_handlers.go:486.2,486.76 1 0
github.com/gkbiswas/hotel-reviews-microservice/internal/application/auth_handlers.go:490.75,494.16 3 0
github.com/gkbiswas/hotel-reviews-microservice/internal/application/auth_handlers.go:494.16,497.3 2 0
github.com/gkbiswas/hotel-reviews-microservice/internal/application/auth_handlers.go:499.2,500.61 2 0
github.com/gkbiswas/hotel-reviews-microservice/internal/application/auth_handlers.go:500.61,503.3 2 0
github.com/gkbiswas/hotel-reviews-microservice/internal/application/auth_handlers.go:506.2,506.47 1 0
github.com/gkbiswas/hotel-reviews-microservice/internal/application/auth_handlers.go:506.47,509.3 2 0
github.com/gkbiswas/hotel-reviews-microservice/internal/application/auth_handlers.go:512.2,512.82 1 0
github.com/gkbiswas/hotel-reviews-microservice/internal/application/auth_handlers.go:512.82,516.3 3 0
github.com/gkbiswas/hotel-reviews-microservice/internal/application/auth_handlers.go:518.2,518.77 1 0
github.com/gkbiswas/hotel-reviews-microservice/internal/application/auth_handlers.go:523.107,534.60 4 12
github.com/gkbiswas/hotel-reviews-microservice/internal/application/auth_handlers.go:534.60,536.3 1 0
github.com/gkbiswas/hotel-reviews-microservice/internal/application/auth_handlers.go:539.118,549.60 4 4
github.com/gkbiswas/hotel-reviews-microservice/internal/application/auth_handlers.go:549.60,551.3 1 0
github.com/gkbiswas/hotel-reviews-microservice/internal/application/auth_handlers.go:554.60,556.55 1 4
github.com/gkbiswas/hotel-reviews-microservice/internal/application/auth_handlers.go:556.55,559.3 2 1
github.com/gkbiswas/hotel-reviews-microservice/internal/application/auth_handlers.go:562.2,562.49 1 3
github.com/gkbiswas/hotel-reviews-microservice/internal/application/auth_handlers.go:562.49,564.3 1 2
github.com/gkbiswas/hotel-reviews-microservice/internal/application/auth_handlers.go:567.2,567.21 1 1
github.com/gkbiswas/hotel-reviews-microservice/internal/application/auth_handlers.go:570.73,572.9 2 2
github.com/gkbiswas/hotel-reviews-microservice/internal/application/auth_handlers.go:572.9,574.3 1 1
github.com/gkbiswas/hotel-reviews-microservice/internal/application/auth_handlers.go:575.2,575.13 1 1
github.com/gkbiswas/hotel-reviews-microservice/internal/application/auth_handlers.go:578.74,582.60 3 5
github.com/gkbiswas/hotel-reviews-microservice/internal/application/auth_handlers.go:582.60,583.80 1 4
github.com/gkbiswas/hotel-reviews-microservice/internal/application/auth_handlers.go:583.80,585.4 1 2
github.com/gkbiswas/hotel-reviews-microservice/internal/application/auth_handlers.go:588.2,588.63 1 5
github.com/gkbiswas/hotel-reviews-microservice/internal/application/auth_handlers.go:588.63,589.84 1 3
github.com/gkbiswas/hotel-reviews-microservice/internal/application/auth_handlers.go:589.84,591.4 1 1
github.com/gkbiswas/hotel-reviews-microservice/internal/application/auth_handlers.go:595.2,595.17 1 5
github.com/gkbiswas/hotel-reviews-microservice/internal/application/auth_handlers.go:595.17,597.3 1 1
github.com/gkbiswas/hotel-reviews-microservice/internal/application/auth_handlers.go:599.2,599.22 1 5
github.com/gkbiswas/hotel-reviews-microservice/internal/application/auth_handlers.go:602.63,603.25 1 9
github.com/gkbiswas/hotel-reviews-microservice/internal/application/auth_handlers.go:604.23,605.38 1 6
github.com/gkbiswas/hotel-reviews-microservice/internal/application/auth_handlers.go:606.20,607.35 1 3
github.com/gkbiswas/hotel-reviews-microservice/internal/application/auth_handlers.go:608.10,609.44 1 0
github.com/gkbiswas/hotel-reviews-microservice/internal/application/auth_handlers.go:613.75,617.24 2 6
github.com/gkbiswas/hotel-reviews-microservice/internal/application/auth_handlers.go:617.24,619.3 1 1
github.com/gkbiswas/hotel-reviews-microservice/internal/application/auth_handlers.go:620.2,620.21 1 6
github.com/gkbiswas/hotel-reviews-microservice/internal/application/auth_handlers.go:620.21,622.3 1 1
github.com/gkbiswas/hotel-reviews-microservice/internal/application/auth_handlers.go:623.2,623.24 1 6
github.com/gkbiswas/hotel-reviews-microservice/internal/application/auth_handlers.go:623.24,625.3 1 1
github.com/gkbiswas/hotel-reviews-microservice/internal/application/auth_handlers.go:628.2,628.21 1 6
github.com/gkbiswas/hotel-reviews-microservice/internal/application/auth_handlers.go:628.21,630.41 2 5
github.com/gkbiswas/hotel-reviews-microservice/internal/application/auth_handlers.go:630.41,632.4 1 1
github.com/gkbiswas/hotel-reviews-microservice/internal/application/auth_handlers.go:636.2,636.49 1 6
github.com/gkbiswas/hotel-reviews-microservice/internal/application/auth_handlers.go:636.49,638.3 1 1
github.com/gkbiswas/hotel-reviews-microservice/internal/application/auth_handlers.go:641.2,641.49 1 6
github.com/gkbiswas/hotel-reviews-microservice/internal/application/auth_handlers.go:641.49,643.3 1 0
github.com/gkbiswas/hotel-reviews-microservice/internal/application/auth_handlers.go:645.2,645.31 1 6
github.com/gkbiswas/hotel-reviews-microservice/internal/application/auth_handlers.go:645.31,647.3 1 3
github.com/gkbiswas/hotel-reviews-microservice/internal/application/auth_handlers.go:649.2,649.12 1 3
github.com/gkbiswas/hotel-reviews-microservice/internal/application/auth_handlers.go:652.69,656.21 2 3
github.com/gkbiswas/hotel-reviews-microservice/internal/application/auth_handlers.go:656.21,658.3 1 0
github.com/gkbiswas/hotel-reviews-microservice/internal/application/auth_handlers.go:659.2,659.24 1 3
github.com/gkbiswas/hotel-reviews-microservice/internal/application/auth_handlers.go:659.24,661.3 1 1
github.com/gkbiswas/hotel-reviews-microservice/internal/application/auth_handlers.go:664.2,664.21 1 3
github.com/gkbiswas/hotel-reviews-microservice/internal/application/auth_handlers.go:664.21,666.41 2 3
github.com/gkbiswas/hotel-reviews-microservice/internal/application/auth_handlers.go:666.41,668.4 1 1
github.com/gkbiswas/hotel-reviews-microservice/internal/application/auth_handlers.go:671.2,671.31 1 3
github.com/gkbiswas/hotel-reviews-microservice/internal/application/auth_handlers.go:671.31,673.3 1 2
github.com/gkbiswas/hotel-reviews-microservice/internal/application/auth_handlers.go:675.2,675.12 1 1
github.com/gkbiswas/hotel-reviews-microservice/internal/application/auth_handlers.go:679.60,706.2 19 0
github.com/gkbiswas/hotel-reviews-microservice/internal/application/auth_handlers.go:709.76,717.2 2 1
github.com/gkbiswas/hotel-reviews-microservice/internal/application/auth_middleware.go:112.58,179.2 1 18
github.com/gkbiswas/hotel-reviews-microservice/internal/application/auth_middleware.go:216.85,229.29 3 15
github.com/gkbiswas/hotel-reviews-microservice/internal/application/auth_middleware.go:229.29,232.3 2 15
github.com/gkbiswas/hotel-reviews-microservice/internal/application/auth_middleware.go:234.2,234.11 1 15
github.com/gkbiswas/hotel-reviews-microservice/internal/application/auth_middleware.go:238.32,241.2 2 15
github.com/gkbiswas/hotel-reviews-microservice/internal/application/auth_middleware.go:244.66,245.33 1 8
github.com/gkbiswas/hotel-reviews-microservice/internal/application/auth_middleware.go:245.33,247.3 1 0
github.com/gkbiswas/hotel-reviews-microservice/internal/application/auth_middleware.go:249.2,256.13 6 8
github.com/gkbiswas/hotel-reviews-microservice/internal/application/auth_middleware.go:256.13,265.3 2 1
github.com/gkbiswas/hotel-reviews-microservice/internal/application/auth_middleware.go:268.2,268.53 1 8
github.com/gkbiswas/hotel-reviews-microservice/internal/application/auth_middleware.go:268.53,270.3 1 0
github.com/gkbiswas/hotel-reviews-microservice/internal/application/auth_middleware.go:273.2,273.59 1 8
github.com/gkbiswas/hotel-reviews-microservice/internal/application/auth_middleware.go:273.59,278.3 4 0
github.com/gkbiswas/hotel-reviews-microservice/internal/application/auth_middleware.go:281.2,281.55 1 8
github.com/gkbiswas/hotel-reviews-microservice/internal/application/auth_middleware.go:281.55,283.50 1 3
github.com/gkbiswas/hotel-reviews-microservice/internal/application/auth_middleware.go:283.50,287.4 3 1
github.com/gkbiswas/hotel-reviews-microservice/internal/application/auth_middleware.go:288.3,288.20 1 2
github.com/gkbiswas/hotel-reviews-microservice/internal/application/auth_middleware.go:291.2,294.14 3 7
github.com/gkbiswas/hotel-reviews-microservice/internal/application/auth_middleware.go:298.57,299.33 1 12
github.com/gkbiswas/hotel-reviews-microservice/internal/application/auth_middleware.go:299.33,301.3 1 0
github.com/gkbiswas/hotel-reviews-microservice/internal/application/auth_middleware.go:303.2,309.13 5 12
github.com/gkbiswas/hotel-reviews-microservice/internal/application/auth_middleware.go:309.13,318.3 2 3
github.com/gkbiswas/hotel-reviews-microservice/internal/application/auth_middleware.go:321.2,321.53 1 12
github.com/gkbiswas/hotel-reviews-microservice/internal/application/auth_middleware.go:321.53,323.3 1 1
github.com/gkbiswas/hotel-reviews-microservice/internal/application/auth_middleware.go:326.2,326.59 1 11
github.com/gkbiswas/hotel-reviews-microservice/internal/application/auth_middleware.go:326.59,331.3 4 0
github.com/gkbiswas/hotel-reviews-microservice/internal/application/auth_middleware.go:334.2,334.55 1 11
github.com/gkbiswas/hotel-reviews-microservice/internal/application/auth_middleware.go:334.55,336.50 1 3
github.com/gkbiswas/hotel-reviews-microservice/internal/application/auth_middleware.go:336.50,340.4 3 1
github.com/gkbiswas/hotel-reviews-microservice/internal/application/auth_middleware.go:341.3,341.20 1 2
github.com/gkbiswas/hotel-reviews-microservice/internal/application/auth_middleware.go:344.2,347.14 3 10
github.com/gkbiswas/hotel-reviews-microservice/internal/application/auth_middleware.go:351.47,357.6 4 15
github.com/gkbiswas/hotel-reviews-microservice/internal/application/auth_middleware.go:357.6,358.10 1 15
github.com/gkbiswas/hotel-reviews-microservice/internal/application/auth_middleware.go:359.24,360.10 1 15
github.com/gkbiswas/hotel-reviews-microservice/internal/application/auth_middleware.go:361.19,362.23 1 0
github.com/gkbiswas/hotel-reviews-microservice/internal/application/auth_middleware.go:368.41,376.40 5 0
github.com/gkbiswas/hotel-reviews-microservice/internal/application/auth_middleware.go:376.40,377.39 1 0
github.com/gkbiswas/hotel-reviews-microservice/internal/application/auth_middleware.go:377.39,379.4 1 0
github.com/gkbiswas/hotel-reviews-microservice/internal/application/auth_middleware.go:383.2,383.38 1 0
github.com/gkbiswas/hotel-reviews-microservice/internal/application/auth_middleware.go:383.38,384.39 1 0
github.com/gkbiswas/hotel-reviews-microservice/internal/application/auth_middleware.go:384.39,386.4 1 0
github.com/gkbiswas/hotel-reviews-microservice/internal/application/auth_middleware.go:391.67,406.38 7 1
github.com/gkbiswas/hotel-reviews-microservice/internal/application/auth_middleware.go:406.38,407.54 1 0
github.com/gkbiswas/hotel-reviews-microservice/internal/application/auth_middleware.go:407.54,409.4 1 0
github.com/gkbiswas/hotel-reviews-microservice/internal/application/auth_middleware.go:412.2,412.36 1 1
github.com/gkbiswas/hotel-reviews-microservice/internal/application/auth_middleware.go:412.36,413.54 1 0
github.com/gkbiswas/hotel-reviews-microservice/internal/application/auth_middleware.go:413.54,415.4 1 0
github.com/gkbiswas/hotel-reviews-microservice/internal/application/auth_middleware.go:418.2,421.14 3 1
github.com/gkbiswas/hotel-reviews-microservice/internal/application/auth_middleware.go:438.95,452.41 3 15
github.com/gkbiswas/hotel-reviews-microservice/internal/application/auth_middleware.go:452.41,454.3 1 1
github.com/gkbiswas/hotel-reviews-microservice/internal/application/auth_middleware.go:457.2,457.29 1 15
github.com/gkbiswas/hotel-reviews-microservice/internal/application/auth_middleware.go:457.29,460.3 2 15
github.com/gkbiswas/hotel-reviews-microservice/internal/application/auth_middleware.go:462.2,462.11 1 15
github.com/gkbiswas/hotel-reviews-microservice/internal/application/auth_middleware.go:466.37,469.2 2 15
github.com/gkbiswas/hotel-reviews-microservice/internal/application/auth_middleware.go:472.61,473.33 1 7
github.com/gkbiswas/hotel-reviews-microservice/internal/application/auth_middleware.go:473.33,475.3 1 0
github.com/gkbiswas/hotel-reviews-microservice/internal/application/auth_middleware.go:477.2,481.57 3 7
github.com/gkbiswas/hotel-reviews-microservice/internal/application/auth_middleware.go:481.57,483.3 1 1
github.com/gkbiswas/hotel-reviews-microservice/internal/application/auth_middleware.go:485.2,486.13 2 6
github.com/gkbiswas/hotel-reviews-microservice/internal/application/auth_middleware.go:486.13,488.3 1 5
github.com/gkbiswas/hotel-reviews-microservice/internal/application/auth_middleware.go:490.2,490.37 1 1
github.com/gkbiswas/hotel-reviews-microservice/internal/application/auth_middleware.go:494.70,495.33 1 3
github.com/gkbiswas/hotel-reviews-microservice/internal/application/auth_middleware.go:495.33,497.3 1 0
github.com/gkbiswas/hotel-reviews-microservice/internal/application/auth_middleware.go:499.2,503.13 4 3
github.com/gkbiswas/hotel-reviews-microservice/internal/application/auth_middleware.go:503.13,505.3 1 2
github.com/gkbiswas/hotel-reviews-microservice/internal/application/auth_middleware.go:507.2,507.37 1 1
github.com/gkbiswas/hotel-reviews-microservice/internal/application/auth_middleware.go:511.76,517.2 4 2
github.com/gkbiswas/hotel-reviews-microservice/internal/application/auth_middleware.go:520.85,526.2 4 1
github.com/gkbiswas/hotel-reviews-microservice/internal/application/auth_middleware.go:529.62,535.2 4 1
github.com/gkbiswas/hotel-reviews-microservice/internal/application/auth_middleware.go:538.71,544.2 4 1
github.com/gkbiswas/hotel-reviews-microservice/internal/application/auth_middleware.go:547.55,553.6 4 15
github.com/gkbiswas/hotel-reviews-microservice/internal/application/auth_middleware.go:553.6,554.10 1 15
github.com/gkbiswas/hotel-reviews-microservice/internal/application/auth_middleware.go:555.24,556.10 1 15
github.com/gkbiswas/hotel-reviews-microservice/internal/application/auth_middleware.go:557.19,558.32 1 0
github.com/gkbiswas/hotel-reviews-microservice/internal/application/auth_middleware.go:564.55,571.47 4 0
github.com/gkbiswas/hotel-reviews-microservice/internal/application/auth_middleware.go:571.47,572.27 1 0
github.com/gkbiswas/hotel-reviews-microservice/internal/application/auth_middleware.go:572.27,575.4 2 0
github.com/gkbiswas/hotel-reviews-microservice/internal/application/auth_middleware.go:579.2,579.53 1 0
github.com/gkbiswas/hotel-reviews-microservice/internal/application/auth_middleware.go:579.53,580.27 1 0
github.com/gkbiswas/hotel-reviews-microservice/internal/application/auth_middleware.go:580.27,583.4 2 0
github.com/gkbiswas/hotel-reviews-microservice/internal/application/auth_middleware.go:588.72,597.2 3 1
github.com/gkbiswas/hotel-reviews-microservice/internal/application/auth_middleware.go:624.91,640.2 5 15
github.com/gkbiswas/hotel-reviews-microservice/internal/application/auth_middleware.go:643.35,646.2 2 15
github.com/gkbiswas/hotel-reviews-microservice/internal/application/auth_middleware.go:649.110,655.38 4 3
github.com/gkbiswas/hotel-reviews-microservice/internal/application/auth_middleware.go:655.38,656.91 1 3
github.com/gkbiswas/hotel-reviews-microservice/internal/application/auth_middleware.go:656.91,658.4 1 3
github.com/gkbiswas/hotel-reviews-microservice/internal/application/auth_middleware.go:661.2,661.51 1 3
github.com/gkbiswas/hotel-reviews-microservice/internal/application/auth_middleware.go:661.51,663.3 1 1
github.com/gkbiswas/hotel-reviews-microservice/internal/application/auth_middleware.go:665.2,682.21 5 2
github.com/gkbiswas/hotel-reviews-microservice/internal/application/auth_middleware.go:686.77,691.13 4 4
github.com/gkbiswas/hotel-reviews-microservice/internal/application/auth_middleware.go:691.13,693.3 1 0
github.com/gkbiswas/hotel-reviews-microservice/internal/application/auth_middleware.go:696.2,696.41 1 4
github.com/gkbiswas/hotel-reviews-microservice/internal/application/auth_middleware.go:696.41,698.3 1 2
github.com/gkbiswas/hotel-reviews-microservice/internal/application/auth_middleware.go:700.2,700.22 1 2
github.com/gkbiswas/hotel-reviews-microservice/internal/application/auth_middleware.go:704.67,709.13 4 1
github.com/gkbiswas/hotel-reviews-microservice/internal/application/auth_middleware.go:709.13,711.3 1 0
github.com/gkbiswas/hotel-reviews-microservice/internal/application/auth_middleware.go:713.2,714.62 2 1
github.com/gkbiswas/hotel-reviews-microservice/internal/application/auth_middleware.go:718.63,723.13 4 1
github.com/gkbiswas/hotel-reviews-microservice/internal/application/auth_middleware.go:723.13,725.3 1 0
github.com/gkbiswas/hotel-reviews-microservice/internal/application/auth_middleware.go:727.2,728.32 2 1
github.com/gkbiswas/hotel-reviews-microservice/internal/application/auth_middleware.go:732.68,736.38 3 1
github.com/gkbiswas/hotel-reviews-microservice/internal/application/auth_middleware.go:736.38,737.31 1 2
github.com/gkbiswas/hotel-reviews-microservice/internal/application/auth_middleware.go:737.31,740.4 2 2
github.com/gkbiswas/hotel-reviews-microservice/internal/application/auth_middleware.go:745.52,751.6 4 15
github.com/gkbiswas/hotel-reviews-microservice/internal/application/auth_middleware.go:751.6,752.10 1 15
github.com/gkbiswas/hotel-reviews-microservice/internal/application/auth_middleware.go:753.24,754.10 1 15
github.com/gkbiswas/hotel-reviews-microservice/internal/application/auth_middleware.go:755.19,756.30 1 0
github.com/gkbiswas/hotel-reviews-microservice/internal/application/auth_middleware.go:762.51,768.46 4 0
github.com/gkbiswas/hotel-reviews-microservice/internal/application/auth_middleware.go:768.46,769.35 1 0
github.com/gkbiswas/hotel-reviews-microservice/internal/application/auth_middleware.go:769.35,771.4 1 0
github.com/gkbiswas/hotel-reviews-microservice/internal/application/auth_middleware.go:776.68,784.38 6 1
github.com/gkbiswas/hotel-reviews-microservice/internal/application/auth_middleware.go:784.38,785.56 1 0
github.com/gkbiswas/hotel-reviews-microservice/internal/application/auth_middleware.go:785.56,787.4 1 0
github.com/gkbiswas/hotel-reviews-microservice/internal/application/auth_middleware.go:787.9,789.4 1 0
github.com/gkbiswas/hotel-reviews-microservice/internal/application/auth_middleware.go:792.2,796.3 1 1
github.com/gkbiswas/hotel-reviews-microservice/internal/application/auth_middleware.go:811.103,823.27 3 15
github.com/gkbiswas/hotel-reviews-microservice/internal/application/auth_middleware.go:823.27,826.3 2 15
github.com/gkbiswas/hotel-reviews-microservice/internal/application/auth_middleware.go:828.2,828.11 1 15
github.com/gkbiswas/hotel-reviews-microservice/internal/application/auth_middleware.go:832.41,835.2 2 15
github.com/gkbiswas/hotel-reviews-microservice/internal/application/auth_middleware.go:838.63,843.2 3 7
github.com/gkbiswas/hotel-reviews-microservice/internal/application/auth_middleware.go:846.69,848.2 1 3
github.com/gkbiswas/hotel-reviews-microservice/internal/application/auth_middleware.go:851.67,853.2 1 2
github.com/gkbiswas/hotel-reviews-microservice/internal/application/auth_middleware.go:856.74,858.2 1 0
github.com/gkbiswas/hotel-reviews-microservice/internal/application/auth_middleware.go:861.63,867.31 4 4
github.com/gkbiswas/hotel-reviews-microservice/internal/application/auth_middleware.go:867.31,869.3 1 11
github.com/gkbiswas/hotel-reviews-microservice/internal/application/auth_middleware.go:871.2,871.16 1 4
github.com/gkbiswas/hotel-reviews-microservice/internal/application/auth_middleware.go:875.50,881.6 4 15
github.com/gkbiswas/hotel-reviews-microservice/internal/application/auth_middleware.go:881.6,882.10 1 15
github.com/gkbiswas/hotel-reviews-microservice/internal/application/auth_middleware.go:883.24,884.10 1 15
github.com/gkbiswas/hotel-reviews-microservice/internal/application/auth_middleware.go:885.19,886.19 1 0
github.com/gkbiswas/hotel-reviews-microservice/internal/application/auth_middleware.go:892.46,899.2 2 0
github.com/gkbiswas/hotel-reviews-microservice/internal/application/auth_middleware.go:907.19,908.19 1 14
github.com/gkbiswas/hotel-reviews-microservice/internal/application/auth_middleware.go:908.19,910.3 1 0
github.com/gkbiswas/hotel-reviews-microservice/internal/application/auth_middleware.go:912.2,921.3 1 14
github.com/gkbiswas/hotel-reviews-microservice/internal/application/auth_middleware.go:925.35,930.2 4 14
github.com/gkbiswas/hotel-reviews-microservice/internal/application/auth_middleware.go:933.84,934.71 1 5
github.com/gkbiswas/hotel-reviews-microservice/internal/application/auth_middleware.go:934.71,941.28 3 4
github.com/gkbiswas/hotel-reviews-microservice/internal/application/auth_middleware.go:941.28,943.38 2 4
github.com/gkbiswas/hotel-reviews-microservice/internal/application/auth_middleware.go:943.38,945.5 1 1
github.com/gkbiswas/hotel-reviews-microservice/internal/application/auth_middleware.go:949.3,952.45 2 3
github.com/gkbiswas/hotel-reviews-microservice/internal/application/auth_middleware.go:952.45,956.4 3 0
github.com/gkbiswas/hotel-reviews-microservice/internal/application/auth_middleware.go:959.3,959.48 1 3
github.com/gkbiswas/hotel-reviews-microservice/internal/application/auth_middleware.go:959.48,963.4 3 0
github.com/gkbiswas/hotel-reviews-microservice/internal/application/auth_middleware.go:966.3,967.17 2 3
github.com/gkbiswas/hotel-reviews-microservice/internal/application/auth_middleware.go:967.17,972.4 4 0
github.com/gkbiswas/hotel-reviews-microservice/internal/application/auth_middleware.go:975.3,975.18 1 3
github.com/gkbiswas/hotel-reviews-microservice/internal/application/auth_middleware.go:975.18,977.47 1 0
github.com/gkbiswas/hotel-reviews-microservice/internal/application/auth_middleware.go:977.47,981.5 3 0
github.com/gkbiswas/hotel-reviews-microservice/internal/application/auth_middleware.go:984.4,984.50 1 0
github.com/gkbiswas/hotel-reviews-microservice/internal/application/auth_middleware.go:984.50,988.5 3 0
github.com/gkbiswas/hotel-reviews-microservice/internal/application/auth_middleware.go:991.4,995.55 4 0
github.com/gkbiswas/hotel-reviews-microservice/internal/application/auth_middleware.go:999.3,1004.40 4 3
github.com/gkbiswas/hotel-reviews-microservice/internal/application/auth_middleware.go:1009.94,1011.67 1 3
github.com/gkbiswas/hotel-reviews-microservice/internal/application/auth_middleware.go:1011.67,1013.3 1 0
github.com/gkbiswas/hotel-reviews-microservice/internal/application/auth_middleware.go:1016.2,1016.70 1 3
github.com/gkbiswas/hotel-reviews-microservice/internal/application/auth_middleware.go:1016.70,1018.3 1 0
github.com/gkbiswas/hotel-reviews-microservice/internal/application/auth_middleware.go:1021.2,1021.71 1 3
github.com/gkbiswas/hotel-reviews-microservice/internal/application/auth_middleware.go:1021.71,1023.3 1 0
github.com/gkbiswas/hotel-reviews-microservice/internal/application/auth_middleware.go:1026.2,1026.25 1 3
github.com/gkbiswas/hotel-reviews-microservice/internal/application/auth_middleware.go:1030.82,1032.22 2 3
github.com/gkbiswas/hotel-reviews-microservice/internal/application/auth_middleware.go:1032.22,1034.3 1 3
github.com/gkbiswas/hotel-reviews-microservice/internal/application/auth_middleware.go:1036.2,1037.62 2 0
github.com/gkbiswas/hotel-reviews-microservice/internal/application/auth_middleware.go:1037.62,1039.3 1 0
github.com/gkbiswas/hotel-reviews-microservice/internal/application/auth_middleware.go:1041.2,1042.17 2 0
github.com/gkbiswas/hotel-reviews-microservice/internal/application/auth_middleware.go:1042.17,1044.3 1 0
github.com/gkbiswas/hotel-reviews-microservice/internal/application/auth_middleware.go:1047.2,1047.37 1 0
github.com/gkbiswas/hotel-reviews-microservice/internal/application/auth_middleware.go:1047.37,1048.104 1 0
github.com/gkbiswas/hotel-reviews-microservice/internal/application/auth_middleware.go:1048.104,1050.4 1 0
github.com/gkbiswas/hotel-reviews-microservice/internal/application/auth_middleware.go:1051.3,1051.17 1 0
github.com/gkbiswas/hotel-reviews-microservice/internal/application/auth_middleware.go:1051.17,1053.4 1 0
github.com/gkbiswas/hotel-reviews-microservice/internal/application/auth_middleware.go:1054.3,1054.36 1 0
github.com/gkbiswas/hotel-reviews-microservice/internal/application/auth_middleware.go:1057.2,1057.57 1 0
github.com/gkbiswas/hotel-reviews-microservice/internal/application/auth_middleware.go:1061.85,1062.30 1 3
github.com/gkbiswas/hotel-reviews-microservice/internal/application/auth_middleware.go:1062.30,1064.3 1 0
github.com/gkbiswas/hotel-reviews-microservice/internal/application/auth_middleware.go:1066.2,1069.49 2 3
github.com/gkbiswas/hotel-reviews-microservice/internal/application/auth_middleware.go:1069.49,1070.45 1 6
github.com/gkbiswas/hotel-reviews-microservice/internal/application/auth_middleware.go:1070.45,1072.9 2 0
github.com/gkbiswas/hotel-reviews-microservice/internal/application/auth_middleware.go:1077.2,1077.54 1 3
github.com/gkbiswas/hotel-reviews-microservice/internal/application/auth_middleware.go:1077.54,1079.3 1 3
github.com/gkbiswas/hotel-reviews-microservice/internal/application/auth_middleware.go:1081.2,1081.18 1 3
github.com/gkbiswas/hotel-reviews-microservice/internal/application/auth_middleware.go:1081.18,1083.3 1 3
github.com/gkbiswas/hotel-reviews-microservice/internal/application/auth_middleware.go:1086.2,1086.37 1 0
github.com/gkbiswas/hotel-reviews-microservice/internal/application/auth_middleware.go:1086.37,1087.104 1 0
github.com/gkbiswas/hotel-reviews-microservice/internal/application/auth_middleware.go:1087.104,1089.4 1 0
github.com/gkbiswas/hotel-reviews-microservice/internal/application/auth_middleware.go:1090.3,1090.17 1 0
github.com/gkbiswas/hotel-reviews-microservice/internal/application/auth_middleware.go:1090.17,1092.4 1 0
github.com/gkbiswas/hotel-reviews-microservice/internal/application/auth_middleware.go:1094.3,1096.64 2 0
github.com/gkbiswas/hotel-reviews-microservice/internal/application/auth_middleware.go:1099.2,1100.16 2 0
github.com/gkbiswas/hotel-reviews-microservice/internal/application/auth_middleware.go:1100.16,1102.3 1 0
github.com/gkbiswas/hotel-reviews-microservice/internal/application/auth_middleware.go:1104.2,1104.63 1 0
github.com/gkbiswas/hotel-reviews-microservice/internal/application/auth_middleware.go:1108.86,1111.16 2 3
github.com/gkbiswas/hotel-reviews-microservice/internal/application/auth_middleware.go:1111.16,1113.3 1 3
github.com/gkbiswas/hotel-reviews-microservice/internal/application/auth_middleware.go:1115.2,1116.13 2 0
github.com/gkbiswas/hotel-reviews-microservice/internal/application/auth_middleware.go:1116.13,1118.3 1 0
github.com/gkbiswas/hotel-reviews-microservice/internal/application/auth_middleware.go:1121.2,1124.60 2 0
github.com/gkbiswas/hotel-reviews-microservice/internal/application/auth_middleware.go:1128.81,1129.71 1 2
github.com/gkbiswas/hotel-reviews-microservice/internal/application/auth_middleware.go:1129.71,1131.25 2 0
github.com/gkbiswas/hotel-reviews-microservice/internal/application/auth_middleware.go:1131.25,1134.4 2 0
github.com/gkbiswas/hotel-reviews-microservice/internal/application/auth_middleware.go:1136.3,1136.23 1 0
github.com/gkbiswas/hotel-reviews-microservice/internal/application/auth_middleware.go:1141.102,1142.46 1 6
github.com/gkbiswas/hotel-reviews-microservice/internal/application/auth_middleware.go:1142.46,1143.72 1 6
github.com/gkbiswas/hotel-reviews-microservice/internal/application/auth_middleware.go:1143.72,1145.26 2 0
github.com/gkbiswas/hotel-reviews-microservice/internal/application/auth_middleware.go:1145.26,1148.5 2 0
github.com/gkbiswas/hotel-reviews-microservice/internal/application/auth_middleware.go:1150.4,1151.18 2 0
github.com/gkbiswas/hotel-reviews-microservice/internal/application/auth_middleware.go:1151.18,1155.5 3 0
github.com/gkbiswas/hotel-reviews-microservice/internal/application/auth_middleware.go:1157.4,1157.22 1 0
github.com/gkbiswas/hotel-reviews-microservice/internal/application/auth_middleware.go:1157.22,1161.5 3 0
github.com/gkbiswas/hotel-reviews-microservice/internal/application/auth_middleware.go:1163.4,1163.24 1 0
github.com/gkbiswas/hotel-reviews-microservice/internal/application/auth_middleware.go:1169.88,1170.46 1 5
github.com/gkbiswas/hotel-reviews-microservice/internal/application/auth_middleware.go:1170.46,1171.72 1 5
github.com/gkbiswas/hotel-reviews-microservice/internal/application/auth_middleware.go:1171.72,1173.26 2 3
github.com/gkbiswas/hotel-reviews-microservice/internal/application/auth_middleware.go:1173.26,1176.5 2 0
github.com/gkbiswas/hotel-reviews-microservice/internal/application/auth_middleware.go:1179.4,1181.36 3 3
github.com/gkbiswas/hotel-reviews-microservice/internal/application/auth_middleware.go:1181.36,1183.5 1 6
github.com/gkbiswas/hotel-reviews-microservice/internal/application/auth_middleware.go:1185.4,1185.39 1 3
github.com/gkbiswas/hotel-reviews-microservice/internal/application/auth_middleware.go:1185.39,1186.32 1 4
github.com/gkbiswas/hotel-reviews-microservice/internal/application/auth_middleware.go:1186.32,1188.11 2 2
github.com/gkbiswas/hotel-reviews-microservice/internal/application/auth_middleware.go:1192.4,1192.16 1 3
github.com/gkbiswas/hotel-reviews-microservice/internal/application/auth_middleware.go:1192.16,1196.5 3 1
github.com/gkbiswas/hotel-reviews-microservice/internal/application/auth_middleware.go:1198.4,1198.24 1 2
github.com/gkbiswas/hotel-reviews-microservice/internal/application/auth_middleware.go:1204.82,1205.71 1 1
github.com/gkbiswas/hotel-reviews-microservice/internal/application/auth_middleware.go:1205.71,1210.18 3 0
github.com/gkbiswas/hotel-reviews-microservice/internal/application/auth_middleware.go:1210.18,1215.4 4 0
github.com/gkbiswas/hotel-reviews-microservice/internal/application/auth_middleware.go:1217.3,1217.40 1 0
github.com/gkbiswas/hotel-reviews-microservice/internal/application/auth_middleware.go:1222.75,1223.71 1 3
github.com/gkbiswas/hotel-reviews-microservice/internal/application/auth_middleware.go:1223.71,1224.30 1 0
github.com/gkbiswas/hotel-reviews-microservice/internal/application/auth_middleware.go:1224.30,1227.4 2 0
github.com/gkbiswas/hotel-reviews-microservice/internal/application/auth_middleware.go:1229.3,1238.70 4 0
github.com/gkbiswas/hotel-reviews-microservice/internal/application/auth_middleware.go:1243.98,1247.62 3 0
github.com/gkbiswas/hotel-reviews-microservice/internal/application/auth_middleware.go:1247.62,1249.3 1 0
github.com/gkbiswas/hotel-reviews-microservice/internal/application/auth_middleware.go:1251.2,1269.38 5 0
github.com/gkbiswas/hotel-reviews-microservice/internal/application/auth_middleware.go:1269.38,1271.3 1 0
github.com/gkbiswas/hotel-reviews-microservice/internal/application/auth_middleware.go:1274.2,1289.16 3 0
github.com/gkbiswas/hotel-reviews-microservice/internal/application/auth_middleware.go:1289.16,1291.3 1 0
github.com/gkbiswas/hotel-reviews-microservice/internal/application/auth_middleware.go:1297.63,1299.55 1 8
github.com/gkbiswas/hotel-reviews-microservice/internal/application/auth_middleware.go:1299.55,1305.38 3 2
github.com/gkbiswas/hotel-reviews-microservice/internal/application/auth_middleware.go:1305.38,1307.4 1 1
github.com/gkbiswas/hotel-reviews-microservice/internal/application/auth_middleware.go:1311.2,1311.49 1 7
github.com/gkbiswas/hotel-reviews-microservice/internal/application/auth_middleware.go:1311.49,1312.38 1 1
github.com/gkbiswas/hotel-reviews-microservice/internal/application/auth_middleware.go:1312.38,1314.4 1 1
github.com/gkbiswas/hotel-reviews-microservice/internal/application/auth_middleware.go:1318.2,1318.58 1 6
github.com/gkbiswas/hotel-reviews-microservice/internal/application/auth_middleware.go:1318.58,1319.38 1 1
github.com/gkbiswas/hotel-reviews-microservice/internal/application/auth_middleware.go:1319.38,1321.4 1 1
github.com/gkbiswas/hotel-reviews-microservice/internal/application/auth_middleware.go:1325.2,1326.16 2 5
github.com/gkbiswas/hotel-reviews-microservice/internal/application/auth_middleware.go:1326.16,1328.3 1 0
github.com/gkbiswas/hotel-reviews-microservice/internal/application/auth_middleware.go:1329.2,1329.13 1 5
github.com/gkbiswas/hotel-reviews-microservice/internal/application/auth_middleware.go:1333.66,1335.16 2 4
github.com/gkbiswas/hotel-reviews-microservice/internal/application/auth_middleware.go:1335.16,1337.3 1 0
github.com/gkbiswas/hotel-reviews-microservice/internal/application/auth_middleware.go:1339.2,1339.56 1 4
github.com/gkbiswas/hotel-reviews-microservice/internal/application/auth_middleware.go:1339.56,1340.27 1 6
github.com/gkbiswas/hotel-reviews-microservice/internal/application/auth_middleware.go:1340.27,1342.4 1 3
github.com/gkbiswas/hotel-reviews-microservice/internal/application/auth_middleware.go:1345.2,1345.14 1 1
github.com/gkbiswas/hotel-reviews-microservice/internal/application/auth_middleware.go:1349.69,1351.55 1 4
github.com/gkbiswas/hotel-reviews-microservice/internal/application/auth_middleware.go:1351.55,1353.3 1 17
github.com/gkbiswas/hotel-reviews-microservice/internal/application/auth_middleware.go:1356.2,1356.25 1 4
github.com/gkbiswas/hotel-reviews-microservice/internal/application/auth_middleware.go:1356.25,1359.3 2 4
github.com/gkbiswas/hotel-reviews-microservice/internal/application/auth_middleware.go:1362.2,1362.26 1 4
github.com/gkbiswas/hotel-reviews-microservice/internal/application/auth_middleware.go:1362.26,1365.3 2 4
github.com/gkbiswas/hotel-reviews-microservice/internal/application/auth_middleware.go:1369.51,1374.43 3 4
github.com/gkbiswas/hotel-reviews-microservice/internal/application/auth_middleware.go:1374.43,1376.3 1 40
github.com/gkbiswas/hotel-reviews-microservice/internal/application/auth_middleware.go:1377.2,1379.27 2 4
github.com/gkbiswas/hotel-reviews-microservice/internal/application/auth_middleware.go:1379.27,1381.3 1 40
github.com/gkbiswas/hotel-reviews-microservice/internal/application/auth_middleware.go:1383.2,1383.39 1 4
github.com/gkbiswas/hotel-reviews-microservice/internal/application/auth_middleware.go:1387.52,1391.37 3 4
github.com/gkbiswas/hotel-reviews-microservice/internal/application/auth_middleware.go:1391.37,1393.3 1 4
github.com/gkbiswas/hotel-reviews-microservice/internal/application/auth_middleware.go:1395.2,1395.27 1 4
github.com/gkbiswas/hotel-reviews-microservice/internal/application/auth_middleware.go:1395.27,1397.3 1 4
github.com/gkbiswas/hotel-reviews-microservice/internal/application/auth_middleware.go:1399.2,1399.18 1 4
github.com/gkbiswas/hotel-reviews-microservice/internal/application/auth_middleware.go:1403.78,1407.33 2 4
github.com/gkbiswas/hotel-reviews-microservice/internal/application/auth_middleware.go:1407.33,1409.3 1 2
github.com/gkbiswas/hotel-reviews-microservice/internal/application/auth_middleware.go:1411.2,1413.36 2 2
github.com/gkbiswas/hotel-reviews-microservice/internal/application/auth_middleware.go:1413.36,1415.3 1 2
github.com/gkbiswas/hotel-reviews-microservice/internal/application/auth_middleware.go:1418.2,1418.36 1 2
github.com/gkbiswas/hotel-reviews-microservice/internal/application/auth_middleware.go:1418.36,1424.3 5 1
github.com/gkbiswas/hotel-reviews-microservice/internal/application/auth_middleware.go:1427.2,1427.43 1 1
github.com/gkbiswas/hotel-reviews-microservice/internal/application/auth_middleware.go:1427.43,1429.3 1 1
github.com/gkbiswas/hotel-reviews-microservice/internal/application/auth_middleware.go:1433.63,1434.18 1 4
github.com/gkbiswas/hotel-reviews-microservice/internal/application/auth_middleware.go:1434.18,1436.3 1 1
github.com/gkbiswas/hotel-reviews-microservice/internal/application/auth_middleware.go:1438.2,1438.61 1 3
github.com/gkbiswas/hotel-reviews-microservice/internal/application/auth_middleware.go:1438.61,1439.54 1 3
github.com/gkbiswas/hotel-reviews-microservice/internal/application/auth_middleware.go:1439.54,1441.4 1 2
github.com/gkbiswas/hotel-reviews-microservice/internal/application/auth_middleware.go:1444.2,1444.14 1 1
github.com/gkbiswas/hotel-reviews-microservice/internal/application/auth_middleware.go:1448.90,1453.20 3 4
github.com/gkbiswas/hotel-reviews-microservice/internal/application/auth_middleware.go:1453.20,1455.3 1 0
github.com/gkbiswas/hotel-reviews-microservice/internal/application/auth_middleware.go:1458.2,1472.18 4 4
github.com/gkbiswas/hotel-reviews-microservice/internal/application/auth_middleware.go:1472.18,1474.3 1 0
github.com/gkbiswas/hotel-reviews-microservice/internal/application/auth_middleware.go:1476.2,1476.25 1 4
github.com/gkbiswas/hotel-reviews-microservice/internal/application/auth_middleware.go:1480.110,1490.19 4 2
github.com/gkbiswas/hotel-reviews-microservice/internal/application/auth_middleware.go:1490.19,1492.3 1 1
github.com/gkbiswas/hotel-reviews-microservice/internal/application/auth_middleware.go:1494.2,1495.24 2 2
github.com/gkbiswas/hotel-reviews-microservice/internal/application/auth_middleware.go:1495.24,1497.3 1 0
github.com/gkbiswas/hotel-reviews-microservice/internal/application/auth_middleware.go:1499.2,1499.60 1 2
github.com/gkbiswas/hotel-reviews-microservice/internal/application/auth_middleware.go:1499.60,1502.20 2 0
github.com/gkbiswas/hotel-reviews-microservice/internal/application/auth_middleware.go:1502.20,1504.4 1 0
github.com/gkbiswas/hotel-reviews-microservice/internal/application/auth_middleware.go:1514.49,1517.2 2 0
github.com/gkbiswas/hotel-reviews-microservice/internal/application/auth_middleware.go:1525.78,1527.2 1 2
github.com/gkbiswas/hotel-reviews-microservice/internal/application/auth_middleware.go:1530.84,1531.46 1 2
github.com/gkbiswas/hotel-reviews-microservice/internal/application/auth_middleware.go:1531.46,1537.3 1 1
github.com/gkbiswas/hotel-reviews-microservice/internal/application/auth_middleware.go:1541.87,1542.46 1 3
github.com/gkbiswas/hotel-reviews-microservice/internal/application/auth_middleware.go:1542.46,1548.3 1 1
github.com/gkbiswas/hotel-reviews-microservice/internal/application/auth_middleware.go:1552.83,1553.46 1 2
github.com/gkbiswas/hotel-reviews-microservice/internal/application/auth_middleware.go:1553.46,1561.3 1 1
github.com/gkbiswas/hotel-reviews-microservice/internal/application/auth_middleware.go:1565.103,1567.2 1 5
github.com/gkbiswas/hotel-reviews-microservice/internal/application/auth_middleware.go:1570.89,1572.2 1 1
github.com/gkbiswas/hotel-reviews-microservice/internal/application/auth_middleware.go:1575.63,1594.65 9 1
github.com/gkbiswas/hotel-reviews-microservice/internal/application/auth_middleware.go:1594.66,1596.4 0 0
github.com/gkbiswas/hotel-reviews-microservice/internal/application/auth_middleware.go:1600.2,1601.65 1 1
github.com/gkbiswas/hotel-reviews-microservice/internal/application/auth_middleware.go:1601.66,1603.4 0 0
github.com/gkbiswas/hotel-reviews-microservice/internal/application/auth_middleware.go:1607.2,1608.65 1 1
github.com/gkbiswas/hotel-reviews-microservice/internal/application/auth_middleware.go:1608.66,1610.4 0 0
github.com/gkbiswas/hotel-reviews-microservice/internal/application/auth_middleware.go:1614.2,1615.65 1 1
github.com/gkbiswas/hotel-reviews-microservice/internal/application/auth_middleware.go:1615.66,1617.4 0 0
github.com/gkbiswas/hotel-reviews-microservice/internal/application/auth_middleware.go:1622.76,1632.2 1 1
github.com/gkbiswas/hotel-reviews-microservice/internal/application/auth_middleware.go:1635.64,1639.2 3 3
github.com/gkbiswas/hotel-reviews-microservice/internal/application/auth_middleware.go:1642.68,1645.2 2 2
github.com/gkbiswas/hotel-reviews-microservice/internal/application/auth_middleware.go:1648.70,1650.13 2 0
github.com/gkbiswas/hotel-reviews-microservice/internal/application/auth_middleware.go:1650.13,1652.3 1 0
github.com/gkbiswas/hotel-reviews-microservice/internal/application/auth_middleware.go:1654.2,1655.12 2 0
github.com/gkbiswas/hotel-reviews-microservice/internal/application/auth_middleware.go:1659.84,1662.2 2 1
github.com/gkbiswas/hotel-reviews-microservice/internal/application/auth_middleware.go:1665.82,1668.2 2 1
github.com/gkbiswas/hotel-reviews-microservice/internal/application/auth_middleware.go:1671.82,1674.2 2 1
github.com/gkbiswas/hotel-reviews-microservice/internal/application/auth_middleware.go:1677.83,1680.2 2 1
github.com/gkbiswas/hotel-reviews-microservice/internal/application/cache_service.go:193.21,208.35 3 0
github.com/gkbiswas/hotel-reviews-microservice/internal/application/cache_service.go:208.35,211.3 2 0
github.com/gkbiswas/hotel-reviews-microservice/internal/application/cache_service.go:213.2,213.16 1 0
github.com/gkbiswas/hotel-reviews-microservice/internal/application/cache_service.go:217.42,221.2 3 0
github.com/gkbiswas/hotel-reviews-microservice/internal/application/cache_service.go:226.103,230.16 3 0
github.com/gkbiswas/hotel-reviews-microservice/internal/application/cache_service.go:230.16,233.3 2 0
github.com/gkbiswas/hotel-reviews-microservice/internal/application/cache_service.go:235.2,235.18 1 0
github.com/gkbiswas/hotel-reviews-microservice/internal/application/cache_service.go:235.18,237.3 1 0
github.com/gkbiswas/hotel-reviews-microservice/internal/application/cache_service.go:239.2,240.64 2 0
github.com/gkbiswas/hotel-reviews-microservice/internal/application/cache_service.go:240.64,243.3 2 0
github.com/gkbiswas/hotel-reviews-microservice/internal/application/cache_service.go:245.2,245.21 1 0
github.com/gkbiswas/hotel-reviews-microservice/internal/application/cache_service.go:249.88,253.16 3 0
github.com/gkbiswas/hotel-reviews-microservice/internal/application/cache_service.go:253.16,255.3 1 0
github.com/gkbiswas/hotel-reviews-microservice/internal/application/cache_service.go:257.2,257.81 1 0
github.com/gkbiswas/hotel-reviews-microservice/internal/application/cache_service.go:261.137,265.16 3 0
github.com/gkbiswas/hotel-reviews-microservice/internal/application/cache_service.go:265.16,268.3 2 0
github.com/gkbiswas/hotel-reviews-microservice/internal/application/cache_service.go:270.2,270.18 1 0
github.com/gkbiswas/hotel-reviews-microservice/internal/application/cache_service.go:270.18,272.3 1 0
github.com/gkbiswas/hotel-reviews-microservice/internal/application/cache_service.go:274.2,275.65 2 0
github.com/gkbiswas/hotel-reviews-microservice/internal/application/cache_service.go:275.65,278.3 2 0
github.com/gkbiswas/hotel-reviews-microservice/internal/application/cache_service.go:280.2,280.21 1 0
github.com/gkbiswas/hotel-reviews-microservice/internal/application/cache_service.go:284.143,288.16 3 0
github.com/gkbiswas/hotel-reviews-microservice/internal/application/cache_service.go:288.16,290.3 1 0
github.com/gkbiswas/hotel-reviews-microservice/internal/application/cache_service.go:292.2,292.90 1 0
github.com/gkbiswas/hotel-reviews-microservice/internal/application/cache_service.go:296.155,300.16 3 0
github.com/gkbiswas/hotel-reviews-microservice/internal/application/cache_service.go:300.16,303.3 2 0
github.com/gkbiswas/hotel-reviews-microservice/internal/application/cache_service.go:305.2,305.18 1 0
github.com/gkbiswas/hotel-reviews-microservice/internal/application/cache_service.go:305.18,307.3 1 0
github.com/gkbiswas/hotel-reviews-microservice/internal/application/cache_service.go:309.2,310.65 2 0
github.com/gkbiswas/hotel-reviews-microservice/internal/application/cache_service.go:310.65,313.3 2 0
github.com/gkbiswas/hotel-reviews-microservice/internal/application/cache_service.go:315.2,315.21 1 0
github.com/gkbiswas/hotel-reviews-microservice/internal/application/cache_service.go:319.161,323.16 3 0
github.com/gkbiswas/hotel-reviews-microservice/internal/application/cache_service.go:323.16,325.3 1 0
github.com/gkbiswas/hotel-reviews-microservice/internal/application/cache_service.go:327.2,327.87 1 0
github.com/gkbiswas/hotel-reviews-microservice/internal/application/cache_service.go:331.118,334.20 2 0
github.com/gkbiswas/hotel-reviews-microservice/internal/application/cache_service.go:334.20,336.22 2 0
github.com/gkbiswas/hotel-reviews-microservice/internal/application/cache_service.go:336.22,338.4 1 0
github.com/gkbiswas/hotel-reviews-microservice/internal/application/cache_service.go:341.2,341.12 1 0
github.com/gkbiswas/hotel-reviews-microservice/internal/application/cache_service.go:345.76,346.20 1 0
github.com/gkbiswas/hotel-reviews-microservice/internal/application/cache_service.go:346.20,348.3 1 0
github.com/gkbiswas/hotel-reviews-microservice/internal/application/cache_service.go:350.2,352.30 2 0
github.com/gkbiswas/hotel-reviews-microservice/internal/application/cache_service.go:352.30,354.3 1 0
github.com/gkbiswas/hotel-reviews-microservice/internal/application/cache_service.go:355.2,355.30 1 0
github.com/gkbiswas/hotel-reviews-microservice/internal/application/cache_service.go:355.30,357.3 1 0
github.com/gkbiswas/hotel-reviews-microservice/internal/application/cache_service.go:358.2,358.29 1 0
github.com/gkbiswas/hotel-reviews-microservice/internal/application/cache_service.go:358.29,360.3 1 0
github.com/gkbiswas/hotel-reviews-microservice/internal/application/cache_service.go:361.2,361.30 1 0
github.com/gkbiswas/hotel-reviews-microservice/internal/application/cache_service.go:361.30,363.3 1 0
github.com/gkbiswas/hotel-reviews-microservice/internal/application/cache_service.go:364.2,364.31 1 0
github.com/gkbiswas/hotel-reviews-microservice/internal/application/cache_service.go:364.31,366.3 1 0
github.com/gkbiswas/hotel-reviews-microservice/internal/application/cache_service.go:367.2,367.29 1 0
github.com/gkbiswas/hotel-reviews-microservice/internal/application/cache_service.go:367.29,369.3 1 0
github.com/gkbiswas/hotel-reviews-microservice/internal/application/cache_service.go:370.2,370.26 1 0
github.com/gkbiswas/hotel-reviews-microservice/internal/application/cache_service.go:370.26,372.3 1 0
github.com/gkbiswas/hotel-reviews-microservice/internal/application/cache_service.go:374.2,375.33 2 0
github.com/gkbiswas/hotel-reviews-microservice/internal/application/cache_service.go:379.92,383.16 3 0
github.com/gkbiswas/hotel-reviews-microservice/internal/application/cache_service.go:383.16,385.3 1 0
github.com/gkbiswas/hotel-reviews-microservice/internal/application/cache_service.go:387.2,388.12 2 0
github.com/gkbiswas/hotel-reviews-microservice/internal/application/cache_service.go:392.105,396.16 3 0
github.com/gkbiswas/hotel-reviews-microservice/internal/application/cache_service.go:396.16,398.3 1 0
github.com/gkbiswas/hotel-reviews-microservice/internal/application/cache_service.go:400.2,401.12 2 0
github.com/gkbiswas/hotel-reviews-microservice/internal/application/cache_service.go:405.99,409.16 3 0
github.com/gkbiswas/hotel-reviews-microservice/internal/application/cache_service.go:409.16,411.3 1 0
github.com/gkbiswas/hotel-reviews-microservice/internal/application/cache_service.go:413.2,414.12 2 0
github.com/gkbiswas/hotel-reviews-microservice/internal/application/cache_service.go:420.100,424.16 3 0
github.com/gkbiswas/hotel-reviews-microservice/internal/application/cache_service.go:424.16,427.3 2 0
github.com/gkbiswas/hotel-reviews-microservice/internal/application/cache_service.go:429.2,429.25 1 0
github.com/gkbiswas/hotel-reviews-microservice/internal/application/cache_service.go:429.25,431.3 1 0
github.com/gkbiswas/hotel-reviews-microservice/internal/application/cache_service.go:433.2,433.38 1 0
github.com/gkbiswas/hotel-reviews-microservice/internal/application/cache_service.go:437.85,442.2 3 0
github.com/gkbiswas/hotel-reviews-microservice/internal/application/cache_service.go:445.115,449.16 3 0
github.com/gkbiswas/hotel-reviews-microservice/internal/application/cache_service.go:449.16,452.3 2 0
github.com/gkbiswas/hotel-reviews-microservice/internal/application/cache_service.go:454.2,454.18 1 0
github.com/gkbiswas/hotel-reviews-microservice/internal/application/cache_service.go:454.18,456.3 1 0
github.com/gkbiswas/hotel-reviews-microservice/internal/application/cache_service.go:458.2,459.65 2 0
github.com/gkbiswas/hotel-reviews-microservice/internal/application/cache_service.go:459.65,462.3 2 0
github.com/gkbiswas/hotel-reviews-microservice/internal/application/cache_service.go:464.2,464.22 1 0
github.com/gkbiswas/hotel-reviews-microservice/internal/application/cache_service.go:468.102,472.16 3 0
github.com/gkbiswas/hotel-reviews-microservice/internal/application/cache_service.go:472.16,474.3 1 0
github.com/gkbiswas/hotel-reviews-microservice/internal/application/cache_service.go:476.2,476.88 1 0
github.com/gkbiswas/hotel-reviews-microservice/internal/application/cache_service.go:480.122,484.16 3 0
github.com/gkbiswas/hotel-reviews-microservice/internal/application/cache_service.go:484.16,487.3 2 0
github.com/gkbiswas/hotel-reviews-microservice/internal/application/cache_service.go:489.2,489.18 1 0
github.com/gkbiswas/hotel-reviews-microservice/internal/application/cache_service.go:489.18,491.3 1 0
github.com/gkbiswas/hotel-reviews-microservice/internal/application/cache_service.go:493.2,494.64 2 0
github.com/gkbiswas/hotel-reviews-microservice/internal/application/cache_service.go:494.64,497.3 2 0
github.com/gkbiswas/hotel-reviews-microservice/internal/application/cache_service.go:499.2,499.20 1 0
github.com/gkbiswas/hotel-reviews-microservice/internal/application/cache_service.go:503.127,507.16 3 0
github.com/gkbiswas/hotel-reviews-microservice/internal/application/cache_service.go:507.16,509.3 1 0
github.com/gkbiswas/hotel-reviews-microservice/internal/application/cache_service.go:511.2,511.84 1 0
github.com/gkbiswas/hotel-reviews-microservice/internal/application/cache_service.go:515.82,534.65 16 0
github.com/gkbiswas/hotel-reviews-microservice/internal/application/cache_service.go:534.65,536.3 1 0
github.com/gkbiswas/hotel-reviews-microservice/internal/application/cache_service.go:538.2,538.13 1 0
github.com/gkbiswas/hotel-reviews-microservice/internal/application/cache_service.go:542.92,545.51 2 0
github.com/gkbiswas/hotel-reviews-microservice/internal/application/cache_service.go:545.51,547.3 1 0
github.com/gkbiswas/hotel-reviews-microservice/internal/application/cache_service.go:549.2,558.70 9 0
github.com/gkbiswas/hotel-reviews-microservice/internal/application/cache_service.go:558.70,560.3 1 0
github.com/gkbiswas/hotel-reviews-microservice/internal/application/cache_service.go:562.2,562.70 1 0
github.com/gkbiswas/hotel-reviews-microservice/internal/application/cache_service.go:562.70,564.3 1 0
github.com/gkbiswas/hotel-reviews-microservice/internal/application/cache_service.go:566.2,566.71 1 0
github.com/gkbiswas/hotel-reviews-microservice/internal/application/cache_service.go:566.71,568.3 1 0
github.com/gkbiswas/hotel-reviews-microservice/internal/application/cache_service.go:570.2,570.80 1 0
github.com/gkbiswas/hotel-reviews-microservice/internal/application/cache_service.go:570.80,572.3 1 0
github.com/gkbiswas/hotel-reviews-microservice/internal/application/cache_service.go:574.2,574.80 1 0
github.com/gkbiswas/hotel-reviews-microservice/internal/application/cache_service.go:574.80,576.3 1 0
github.com/gkbiswas/hotel-reviews-microservice/internal/application/cache_service.go:579.2,579.29 1 0
github.com/gkbiswas/hotel-reviews-microservice/internal/application/cache_service.go:579.29,581.79 2 0
github.com/gkbiswas/hotel-reviews-microservice/internal/application/cache_service.go:581.79,583.4 1 0
github.com/gkbiswas/hotel-reviews-microservice/internal/application/cache_service.go:586.2,586.19 1 0
github.com/gkbiswas/hotel-reviews-microservice/internal/application/cache_service.go:590.90,594.16 3 0
github.com/gkbiswas/hotel-reviews-microservice/internal/application/cache_service.go:594.16,596.3 1 0
github.com/gkbiswas/hotel-reviews-microservice/internal/application/cache_service.go:599.2,600.81 2 0
github.com/gkbiswas/hotel-reviews-microservice/internal/application/cache_service.go:600.81,602.3 1 0
github.com/gkbiswas/hotel-reviews-microservice/internal/application/cache_service.go:604.2,605.12 2 0
github.com/gkbiswas/hotel-reviews-microservice/internal/application/cache_service.go:609.91,613.16 3 0
github.com/gkbiswas/hotel-reviews-microservice/internal/application/cache_service.go:613.16,615.3 1 0
github.com/gkbiswas/hotel-reviews-microservice/internal/application/cache_service.go:617.2,618.12 2 0
github.com/gkbiswas/hotel-reviews-microservice/internal/application/cache_service.go:624.126,628.16 3 0
github.com/gkbiswas/hotel-reviews-microservice/internal/application/cache_service.go:628.16,631.3 2 0
github.com/gkbiswas/hotel-reviews-microservice/internal/application/cache_service.go:633.2,633.26 1 0
github.com/gkbiswas/hotel-reviews-microservice/internal/application/cache_service.go:633.26,635.3 1 0
github.com/gkbiswas/hotel-reviews-microservice/internal/application/cache_service.go:637.2,637.50 1 0
github.com/gkbiswas/hotel-reviews-microservice/internal/application/cache_service.go:641.114,646.2 3 0
github.com/gkbiswas/hotel-reviews-microservice/internal/application/cache_service.go:649.126,661.36 3 0
github.com/gkbiswas/hotel-reviews-microservice/internal/application/cache_service.go:661.36,662.113 1 0
github.com/gkbiswas/hotel-reviews-microservice/internal/application/cache_service.go:662.113,664.4 1 0
github.com/gkbiswas/hotel-reviews-microservice/internal/application/cache_service.go:667.2,667.12 1 0
github.com/gkbiswas/hotel-reviews-microservice/internal/application/cache_service.go:671.115,675.16 3 0
github.com/gkbiswas/hotel-reviews-microservice/internal/application/cache_service.go:675.16,678.3 2 0
github.com/gkbiswas/hotel-reviews-microservice/internal/application/cache_service.go:680.2,680.18 1 0
github.com/gkbiswas/hotel-reviews-microservice/internal/application/cache_service.go:680.18,682.3 1 0
github.com/gkbiswas/hotel-reviews-microservice/internal/application/cache_service.go:684.2,685.62 2 0
github.com/gkbiswas/hotel-reviews-microservice/internal/application/cache_service.go:685.62,688.3 2 0
github.com/gkbiswas/hotel-reviews-microservice/internal/application/cache_service.go:690.2,690.18 1 0
github.com/gkbiswas/hotel-reviews-microservice/internal/application/cache_service.go:694.118,698.16 3 0
github.com/gkbiswas/hotel-reviews-microservice/internal/application/cache_service.go:698.16,700.3 1 0
github.com/gkbiswas/hotel-reviews-microservice/internal/application/cache_service.go:702.2,702.95 1 0
github.com/gkbiswas/hotel-reviews-microservice/internal/application/cache_service.go:706.111,719.29 11 0
github.com/gkbiswas/hotel-reviews-microservice/internal/application/cache_service.go:719.29,721.3 1 0
github.com/gkbiswas/hotel-reviews-microservice/internal/application/cache_service.go:723.2,723.31 1 0
github.com/gkbiswas/hotel-reviews-microservice/internal/application/cache_service.go:723.31,725.3 1 0
github.com/gkbiswas/hotel-reviews-microservice/internal/application/cache_service.go:727.2,727.13 1 0
github.com/gkbiswas/hotel-reviews-microservice/internal/application/cache_service.go:731.120,734.51 2 0
github.com/gkbiswas/hotel-reviews-microservice/internal/application/cache_service.go:734.51,736.3 1 0
github.com/gkbiswas/hotel-reviews-microservice/internal/application/cache_service.go:738.2,738.68 1 0
github.com/gkbiswas/hotel-reviews-microservice/internal/application/cache_service.go:738.68,740.3 1 0
github.com/gkbiswas/hotel-reviews-microservice/internal/application/cache_service.go:742.2,746.82 4 0
github.com/gkbiswas/hotel-reviews-microservice/internal/application/cache_service.go:746.82,748.3 1 0
github.com/gkbiswas/hotel-reviews-microservice/internal/application/cache_service.go:750.2,750.74 1 0
github.com/gkbiswas/hotel-reviews-microservice/internal/application/cache_service.go:750.74,752.3 1 0
github.com/gkbiswas/hotel-reviews-microservice/internal/application/cache_service.go:754.2,754.80 1 0
github.com/gkbiswas/hotel-reviews-microservice/internal/application/cache_service.go:754.80,756.3 1 0
github.com/gkbiswas/hotel-reviews-microservice/internal/application/cache_service.go:758.2,758.80 1 0
github.com/gkbiswas/hotel-reviews-microservice/internal/application/cache_service.go:758.80,760.3 1 0
github.com/gkbiswas/hotel-reviews-microservice/internal/application/cache_service.go:762.2,762.30 1 0
github.com/gkbiswas/hotel-reviews-microservice/internal/application/cache_service.go:762.30,763.81 1 0
github.com/gkbiswas/hotel-reviews-microservice/internal/application/cache_service.go:763.81,765.4 1 0
github.com/gkbiswas/hotel-reviews-microservice/internal/application/cache_service.go:768.2,768.32 1 0
github.com/gkbiswas/hotel-reviews-microservice/internal/application/cache_service.go:768.32,769.85 1 0
github.com/gkbiswas/hotel-reviews-microservice/internal/application/cache_service.go:769.85,771.4 1 0
github.com/gkbiswas/hotel-reviews-microservice/internal/application/cache_service.go:774.2,774.20 1 0
github.com/gkbiswas/hotel-reviews-microservice/internal/application/cache_service.go:778.99,782.16 3 0
github.com/gkbiswas/hotel-reviews-microservice/internal/application/cache_service.go:782.16,784.3 1 0
github.com/gkbiswas/hotel-reviews-microservice/internal/application/cache_service.go:787.2,787.86 1 0
github.com/gkbiswas/hotel-reviews-microservice/internal/application/cache_service.go:787.86,789.3 1 0
github.com/gkbiswas/hotel-reviews-microservice/internal/application/cache_service.go:791.2,792.12 2 0
github.com/gkbiswas/hotel-reviews-microservice/internal/application/cache_service.go:798.98,802.16 3 0
github.com/gkbiswas/hotel-reviews-microservice/internal/application/cache_service.go:802.16,805.3 2 0
github.com/gkbiswas/hotel-reviews-microservice/internal/application/cache_service.go:807.2,807.18 1 0
github.com/gkbiswas/hotel-reviews-microservice/internal/application/cache_service.go:807.18,809.3 1 0
github.com/gkbiswas/hotel-reviews-microservice/internal/application/cache_service.go:811.2,812.67 2 0
github.com/gkbiswas/hotel-reviews-microservice/internal/application/cache_service.go:812.67,815.3 2 0
github.com/gkbiswas/hotel-reviews-microservice/internal/application/cache_service.go:817.2,817.24 1 0
github.com/gkbiswas/hotel-reviews-microservice/internal/application/cache_service.go:821.106,825.16 3 0
github.com/gkbiswas/hotel-reviews-microservice/internal/application/cache_service.go:825.16,827.3 1 0
github.com/gkbiswas/hotel-reviews-microservice/internal/application/cache_service.go:829.2,829.91 1 0
github.com/gkbiswas/hotel-reviews-microservice/internal/application/cache_service.go:833.91,837.16 3 0
github.com/gkbiswas/hotel-reviews-microservice/internal/application/cache_service.go:837.16,839.3 1 0
github.com/gkbiswas/hotel-reviews-microservice/internal/application/cache_service.go:841.2,842.12 2 0
github.com/gkbiswas/hotel-reviews-microservice/internal/application/cache_service.go:848.93,859.9 3 0
github.com/gkbiswas/hotel-reviews-microservice/internal/application/cache_service.go:860.29,861.13 1 0
github.com/gkbiswas/hotel-reviews-microservice/internal/application/cache_service.go:862.10,863.44 1 0
github.com/gkbiswas/hotel-reviews-microservice/internal/application/cache_service.go:868.92,877.9 3 0
github.com/gkbiswas/hotel-reviews-microservice/internal/application/cache_service.go:878.29,879.13 1 0
github.com/gkbiswas/hotel-reviews-microservice/internal/application/cache_service.go:880.10,881.44 1 0
github.com/gkbiswas/hotel-reviews-microservice/internal/application/cache_service.go:886.102,895.9 3 0
github.com/gkbiswas/hotel-reviews-microservice/internal/application/cache_service.go:896.29,897.13 1 0
github.com/gkbiswas/hotel-reviews-microservice/internal/application/cache_service.go:898.10,899.44 1 0
github.com/gkbiswas/hotel-reviews-microservice/internal/application/cache_service.go:904.95,913.9 3 0
github.com/gkbiswas/hotel-reviews-microservice/internal/application/cache_service.go:914.29,915.13 1 0
github.com/gkbiswas/hotel-reviews-microservice/internal/application/cache_service.go:916.10,917.44 1 0
github.com/gkbiswas/hotel-reviews-microservice/internal/application/cache_service.go:922.43,925.6 2 0
github.com/gkbiswas/hotel-reviews-microservice/internal/application/cache_service.go:925.6,926.10 1 0
github.com/gkbiswas/hotel-reviews-microservice/internal/application/cache_service.go:927.23,928.10 1 0
github.com/gkbiswas/hotel-reviews-microservice/internal/application/cache_service.go:929.32,930.29 1 0
github.com/gkbiswas/hotel-reviews-microservice/internal/application/cache_service.go:936.63,942.19 4 0
github.com/gkbiswas/hotel-reviews-microservice/internal/application/cache_service.go:943.17,944.41 1 0
github.com/gkbiswas/hotel-reviews-microservice/internal/application/cache_service.go:945.16,946.40 1 0
github.com/gkbiswas/hotel-reviews-microservice/internal/application/cache_service.go:947.27,948.50 1 0
github.com/gkbiswas/hotel-reviews-microservice/internal/application/cache_service.go:949.19,950.43 1 0
github.com/gkbiswas/hotel-reviews-microservice/internal/application/cache_service.go:951.10,952.63 1 0
github.com/gkbiswas/hotel-reviews-microservice/internal/application/cache_service.go:957.91,961.2 1 0
github.com/gkbiswas/hotel-reviews-microservice/internal/application/cache_service.go:964.90,968.2 1 0
github.com/gkbiswas/hotel-reviews-microservice/internal/application/cache_service.go:971.100,975.2 1 0
github.com/gkbiswas/hotel-reviews-microservice/internal/application/cache_service.go:978.93,982.2 1 0
github.com/gkbiswas/hotel-reviews-microservice/internal/application/cache_service.go:987.84,999.2 3 0
github.com/gkbiswas/hotel-reviews-microservice/internal/application/cache_service.go:1002.82,1004.2 1 0
github.com/gkbiswas/hotel-reviews-microservice/internal/application/cache_service.go:1007.67,1009.2 1 0
github.com/gkbiswas/hotel-reviews-microservice/internal/application/cache_service.go:1014.99,1018.2 1 0
github.com/gkbiswas/hotel-reviews-microservice/internal/application/cache_service.go:1021.84,1036.35 5 0
github.com/gkbiswas/hotel-reviews-microservice/internal/application/cache_service.go:1036.35,1038.3 1 0
github.com/gkbiswas/hotel-reviews-microservice/internal/application/cache_service.go:1040.2,1045.3 1 0
github.com/gkbiswas/hotel-reviews-microservice/internal/application/event_handlers.go:89.108,105.2 2 6
github.com/gkbiswas/hotel-reviews-microservice/internal/application/event_handlers.go:108.42,112.15 3 0
github.com/gkbiswas/hotel-reviews-microservice/internal/application/event_handlers.go:112.15,114.3 1 0
github.com/gkbiswas/hotel-reviews-microservice/internal/application/event_handlers.go:116.2,119.43 2 0
github.com/gkbiswas/hotel-reviews-microservice/internal/application/event_handlers.go:119.43,122.3 2 0
github.com/gkbiswas/hotel-reviews-microservice/internal/application/event_handlers.go:125.2,125.28 1 0
github.com/gkbiswas/hotel-reviews-microservice/internal/application/event_handlers.go:125.28,128.3 2 0
github.com/gkbiswas/hotel-reviews-microservice/internal/application/event_handlers.go:130.2,131.12 2 0
github.com/gkbiswas/hotel-reviews-microservice/internal/application/event_handlers.go:135.41,139.16 3 0
github.com/gkbiswas/hotel-reviews-microservice/internal/application/event_handlers.go:139.16,141.3 1 0
github.com/gkbiswas/hotel-reviews-microservice/internal/application/event_handlers.go:143.2,149.12 5 0
github.com/gkbiswas/hotel-reviews-microservice/internal/application/event_handlers.go:153.98,168.9 2 0
github.com/gkbiswas/hotel-reviews-microservice/internal/application/event_handlers.go:169.32,170.13 1 0
github.com/gkbiswas/hotel-reviews-microservice/internal/application/event_handlers.go:171.20,172.19 1 0
github.com/gkbiswas/hotel-reviews-microservice/internal/application/event_handlers.go:173.10,174.73 1 0
github.com/gkbiswas/hotel-reviews-microservice/internal/application/event_handlers.go:179.120,194.9 2 0
github.com/gkbiswas/hotel-reviews-microservice/internal/application/event_handlers.go:195.32,197.10 1 0
github.com/gkbiswas/hotel-reviews-microservice/internal/application/event_handlers.go:198.36,199.22 1 0
github.com/gkbiswas/hotel-reviews-microservice/internal/application/event_handlers.go:200.21,201.25 1 0
github.com/gkbiswas/hotel-reviews-microservice/internal/application/event_handlers.go:203.20,204.24 1 0
github.com/gkbiswas/hotel-reviews-microservice/internal/application/event_handlers.go:205.10,206.78 1 0
github.com/gkbiswas/hotel-reviews-microservice/internal/application/event_handlers.go:211.53,216.6 3 0
github.com/gkbiswas/hotel-reviews-microservice/internal/application/event_handlers.go:216.6,217.10 1 0
github.com/gkbiswas/hotel-reviews-microservice/internal/application/event_handlers.go:218.23,220.10 2 0
github.com/gkbiswas/hotel-reviews-microservice/internal/application/event_handlers.go:221.35,222.23 1 0
github.com/gkbiswas/hotel-reviews-microservice/internal/application/event_handlers.go:228.65,252.16 8 0
github.com/gkbiswas/hotel-reviews-microservice/internal/application/event_handlers.go:252.16,263.40 3 0
github.com/gkbiswas/hotel-reviews-microservice/internal/application/event_handlers.go:263.40,266.4 2 0
github.com/gkbiswas/hotel-reviews-microservice/internal/application/event_handlers.go:269.3,269.54 1 0
github.com/gkbiswas/hotel-reviews-microservice/internal/application/event_handlers.go:269.54,271.4 1 0
github.com/gkbiswas/hotel-reviews-microservice/internal/application/event_handlers.go:272.8,279.3 1 0
github.com/gkbiswas/hotel-reviews-microservice/internal/application/event_handlers.go:282.2,285.28 2 0
github.com/gkbiswas/hotel-reviews-microservice/internal/application/event_handlers.go:285.28,286.10 1 0
github.com/gkbiswas/hotel-reviews-microservice/internal/application/event_handlers.go:287.34,287.34 0 0
github.com/gkbiswas/hotel-reviews-microservice/internal/application/event_handlers.go:288.11,288.11 0 0
github.com/gkbiswas/hotel-reviews-microservice/internal/application/event_handlers.go:295.139,296.15 1 0
github.com/gkbiswas/hotel-reviews-microservice/internal/application/event_handlers.go:296.15,297.31 1 0
github.com/gkbiswas/hotel-reviews-microservice/internal/application/event_handlers.go:297.31,307.4 4 0
github.com/gkbiswas/hotel-reviews-microservice/internal/application/event_handlers.go:311.2,311.42 1 0
github.com/gkbiswas/hotel-reviews-microservice/internal/application/event_handlers.go:315.121,317.2 1 0
github.com/gkbiswas/hotel-reviews-microservice/internal/application/event_handlers.go:320.67,328.36 4 0
github.com/gkbiswas/hotel-reviews-microservice/internal/application/event_handlers.go:328.36,330.3 1 0
github.com/gkbiswas/hotel-reviews-microservice/internal/application/event_handlers.go:332.2,343.12 3 0
github.com/gkbiswas/hotel-reviews-microservice/internal/application/event_handlers.go:343.12,345.10 2 0
github.com/gkbiswas/hotel-reviews-microservice/internal/application/event_handlers.go:346.33,346.33 0 0
github.com/gkbiswas/hotel-reviews-microservice/internal/application/event_handlers.go:347.23,347.23 0 0
github.com/gkbiswas/hotel-reviews-microservice/internal/application/event_handlers.go:354.86,365.2 1 0
github.com/gkbiswas/hotel-reviews-microservice/internal/application/event_handlers.go:368.70,375.21 5 0
github.com/gkbiswas/hotel-reviews-microservice/internal/application/event_handlers.go:375.21,377.3 1 0
github.com/gkbiswas/hotel-reviews-microservice/internal/application/event_handlers.go:379.2,379.27 1 0
github.com/gkbiswas/hotel-reviews-microservice/internal/application/event_handlers.go:379.27,381.3 1 0
github.com/gkbiswas/hotel-reviews-microservice/internal/application/event_handlers.go:384.2,384.35 1 0
github.com/gkbiswas/hotel-reviews-microservice/internal/application/event_handlers.go:384.35,386.3 1 0
github.com/gkbiswas/hotel-reviews-microservice/internal/application/event_handlers.go:386.8,388.3 1 0
github.com/gkbiswas/hotel-reviews-microservice/internal/application/event_handlers.go:391.2,391.34 1 0
github.com/gkbiswas/hotel-reviews-microservice/internal/application/event_handlers.go:391.34,393.3 1 0
github.com/gkbiswas/hotel-reviews-microservice/internal/application/event_handlers.go:396.2,399.21 2 0
github.com/gkbiswas/hotel-reviews-microservice/internal/application/event_handlers.go:399.21,401.3 1 0
github.com/gkbiswas/hotel-reviews-microservice/internal/application/event_handlers.go:405.42,411.6 4 0
github.com/gkbiswas/hotel-reviews-microservice/internal/application/event_handlers.go:411.6,412.10 1 0
github.com/gkbiswas/hotel-reviews-microservice/internal/application/event_handlers.go:413.23,414.10 1 0
github.com/gkbiswas/hotel-reviews-microservice/internal/application/event_handlers.go:415.19,416.22 1 0
github.com/gkbiswas/hotel-reviews-microservice/internal/application/event_handlers.go:422.45,427.41 3 0
github.com/gkbiswas/hotel-reviews-microservice/internal/application/event_handlers.go:427.41,429.19 2 0
github.com/gkbiswas/hotel-reviews-microservice/internal/application/event_handlers.go:429.19,431.4 1 0
github.com/gkbiswas/hotel-reviews-microservice/internal/application/event_handlers.go:434.2,442.3 1 0
github.com/gkbiswas/hotel-reviews-microservice/internal/application/event_handlers.go:446.62,465.47 4 0
github.com/gkbiswas/hotel-reviews-microservice/internal/application/event_handlers.go:465.47,467.3 1 0
github.com/gkbiswas/hotel-reviews-microservice/internal/application/event_handlers.go:468.2,468.45 1 0
github.com/gkbiswas/hotel-reviews-microservice/internal/application/event_handlers.go:468.45,470.3 1 0
github.com/gkbiswas/hotel-reviews-microservice/internal/application/event_handlers.go:471.2,471.44 1 0
github.com/gkbiswas/hotel-reviews-microservice/internal/application/event_handlers.go:471.44,473.3 1 0
github.com/gkbiswas/hotel-reviews-microservice/internal/application/event_handlers.go:475.2,475.16 1 0
github.com/gkbiswas/hotel-reviews-microservice/internal/application/event_handlers.go:499.29,507.2 2 0
github.com/gkbiswas/hotel-reviews-microservice/internal/application/event_handlers.go:510.129,511.25 1 0
github.com/gkbiswas/hotel-reviews-microservice/internal/application/event_handlers.go:512.45,513.59 1 0
github.com/gkbiswas/hotel-reviews-microservice/internal/application/event_handlers.go:514.47,515.61 1 0
github.com/gkbiswas/hotel-reviews-microservice/internal/application/event_handlers.go:516.44,517.58 1 0
github.com/gkbiswas/hotel-reviews-microservice/internal/application/event_handlers.go:518.44,519.58 1 0
[...]
github.com/gkbiswas/hotel-reviews-microservice/internal/application/provider_handlers.go:128.59,134.3 2 1
github.com/gkbiswas/hotel-reviews-microservice/internal/application/provider_handlers.go:137.2,137.29 1 2
github.com/gkbiswas/hotel-reviews-microservice/internal/application/provider_handlers.go:137.29,139.3 1 2
github.com/gkbiswas/hotel-reviews-microservice/internal/application/provider_handlers.go:142.2,142.32 1 2
github.com/gkbiswas/hotel-reviews-microservice/internal/application/provider_handlers.go:142.32,144.3 1 0
github.com/gkbiswas/hotel-reviews-microservice/internal/application/provider_handlers.go:147.2,147.89 1 2
github.com/gkbiswas/hotel-reviews-microservice/internal/application/provider_handlers.go:147.89,148.45 1 1
github.com/gkbiswas/hotel-reviews-microservice/internal/application/provider_handlers.go:148.45,154.4 2 1
github.com/gkbiswas/hotel-reviews-microservice/internal/application/provider_handlers.go:157.3,157.57 1 0
github.com/gkbiswas/hotel-reviews-microservice/internal/application/provider_handlers.go:157.57,163.4 2 0
github.com/gkbiswas/hotel-reviews-microservice/internal/application/provider_handlers.go:165.3,170.9 3 0
github.com/gkbiswas/hotel-reviews-microservice/internal/application/provider_handlers.go:173.2,176.4 1 1
github.com/gkbiswas/hotel-reviews-microservice/internal/application/provider_handlers.go:180.59,184.16 3 0
github.com/gkbiswas/hotel-reviews-microservice/internal/application/provider_handlers.go:184.16,190.3 2 0
github.com/gkbiswas/hotel-reviews-microservice/internal/application/provider_handlers.go:192.2,193.52 2 0
github.com/gkbiswas/hotel-reviews-microservice/internal/application/provider_handlers.go:193.52,200.3 2 0
github.com/gkbiswas/hotel-reviews-microservice/internal/application/provider_handlers.go:203.2,206.59 2 0
github.com/gkbiswas/hotel-reviews-microservice/internal/application/provider_handlers.go:206.59,212.3 2 0
github.com/gkbiswas/hotel-reviews-microservice/internal/application/provider_handlers.go:215.2,215.89 1 0
github.com/gkbiswas/hotel-reviews-microservice/internal/application/provider_handlers.go:215.89,216.40 1 0
github.com/gkbiswas/hotel-reviews-microservice/internal/application/provider_handlers.go:216.40,222.4 2 0
github.com/gkbiswas/hotel-reviews-microservice/internal/application/provider_handlers.go:224.3,229.9 3 0
github.com/gkbiswas/hotel-reviews-microservice/internal/application/provider_handlers.go:232.2,232.33 1 0
github.com/gkbiswas/hotel-reviews-microservice/internal/application/provider_handlers.go:236.59,240.16 3 0
github.com/gkbiswas/hotel-reviews-microservice/internal/application/provider_handlers.go:240.16,246.3 2 0
github.com/gkbiswas/hotel-reviews-microservice/internal/application/provider_handlers.go:249.2,249.90 1 0
github.com/gkbiswas/hotel-reviews-microservice/internal/application/provider_handlers.go:249.90,250.40 1 0
github.com/gkbiswas/hotel-reviews-microservice/internal/application/provider_handlers.go:250.40,256.4 2 0
github.com/gkbiswas/hotel-reviews-microservice/internal/application/provider_handlers.go:258.3,263.9 3 0
github.com/gkbiswas/hotel-reviews-microservice/internal/application/provider_handlers.go:266.2,266.32 1 0
github.com/gkbiswas/hotel-reviews-microservice/internal/application/provider_handlers.go:270.65,274.16 3 1
github.com/gkbiswas/hotel-reviews-microservice/internal/application/provider_handlers.go:274.16,280.3 2 0
github.com/gkbiswas/hotel-reviews-microservice/internal/application/provider_handlers.go:283.2,284.16 2 1
github.com/gkbiswas/hotel-reviews-microservice/internal/application/provider_handlers.go:284.16,285.40 1 0
github.com/gkbiswas/hotel-reviews-microservice/internal/application/provider_handlers.go:285.40,291.4 2 0
github.com/gkbiswas/hotel-reviews-microservice/internal/application/provider_handlers.go:293.3,298.9 3 0
github.com/gkbiswas/hotel-reviews-microservice/internal/application/provider_handlers.go:302.2,305.88 2 1
github.com/gkbiswas/hotel-reviews-microservice/internal/application/provider_handlers.go:305.88,312.3 3 0
github.com/gkbiswas/hotel-reviews-microservice/internal/application/provider_handlers.go:314.2,314.33 1 1
github.com/gkbiswas/hotel-reviews-microservice/internal/application/provider_handlers.go:318.83,319.25 1 3
github.com/gkbiswas/hotel-reviews-microservice/internal/application/provider_handlers.go:319.25,321.3 1 1
github.com/gkbiswas/hotel-reviews-microservice/internal/application/provider_handlers.go:322.2,322.28 1 2
github.com/gkbiswas/hotel-reviews-microservice/internal/application/provider_handlers.go:322.28,324.3 1 0
github.com/gkbiswas/hotel-reviews-microservice/internal/application/provider_handlers.go:325.2,325.30 1 2
github.com/gkbiswas/hotel-reviews-microservice/internal/application/provider_handlers.go:325.30,327.3 1 0
github.com/gkbiswas/hotel-reviews-microservice/internal/application/provider_handlers.go:329.2,329.28 1 2
github.com/gkbiswas/hotel-reviews-microservice/internal/application/provider_handlers.go:329.28,330.34 1 1
github.com/gkbiswas/hotel-reviews-microservice/internal/application/provider_handlers.go:330.34,332.4 1 0
github.com/gkbiswas/hotel-reviews-microservice/internal/application/provider_handlers.go:333.3,333.36 1 1
github.com/gkbiswas/hotel-reviews-microservice/internal/application/provider_handlers.go:333.36,335.4 1 0
github.com/gkbiswas/hotel-reviews-microservice/internal/application/provider_handlers.go:338.2,338.12 1 2
github.com/gkbiswas/hotel-reviews-microservice/internal/application/provider_handlers.go:342.34,346.2 1 1
github.com/gkbiswas/hotel-reviews-microservice/internal/application/provider_handlers.go:348.34,350.2 1 1
github.com/gkbiswas/hotel-reviews-microservice/internal/application/provider_handlers.go:352.35,354.2 1 1
github.com/gkbiswas/hotel-reviews-microservice/internal/application/simplified_integrated_handlers.go:61.33,78.2 2 0
github.com/gkbiswas/hotel-reviews-microservice/internal/application/simplified_integrated_handlers.go:113.69,119.13 4 0
github.com/gkbiswas/hotel-reviews-microservice/internal/application/simplified_integrated_handlers.go:119.13,122.3 2 0
github.com/gkbiswas/hotel-reviews-microservice/internal/application/simplified_integrated_handlers.go:124.2,128.108 3 0
github.com/gkbiswas/hotel-reviews-microservice/internal/application/simplified_integrated_handlers.go:128.108,130.3 1 0
github.com/gkbiswas/hotel-reviews-microservice/internal/application/simplified_integrated_handlers.go:131.2,131.16 1 0
github.com/gkbiswas/hotel-reviews-microservice/internal/application/simplified_integrated_handlers.go:131.16,134.3 2 0
github.com/gkbiswas/hotel-reviews-microservice/internal/application/simplified_integrated_handlers.go:135.2,135.27 1 0
github.com/gkbiswas/hotel-reviews-microservice/internal/application/simplified_integrated_handlers.go:135.27,138.3 2 0
github.com/gkbiswas/hotel-reviews-microservice/internal/application/simplified_integrated_handlers.go:141.2,142.47 2 0
github.com/gkbiswas/hotel-reviews-microservice/internal/application/simplified_integrated_handlers.go:142.47,145.3 2 0
github.com/gkbiswas/hotel-reviews-microservice/internal/application/simplified_integrated_handlers.go:148.2,148.105 1 0
github.com/gkbiswas/hotel-reviews-microservice/internal/application/simplified_integrated_handlers.go:148.105,150.3 1 0
github.com/gkbiswas/hotel-reviews-microservice/internal/application/simplified_integrated_handlers.go:151.2,151.16 1 0
github.com/gkbiswas/hotel-reviews-microservice/internal/application/simplified_integrated_handlers.go:151.16,154.3 2 0
github.com/gkbiswas/hotel-reviews-microservice/internal/application/simplified_integrated_handlers.go:156.2,166.87 4 0
github.com/gkbiswas/hotel-reviews-microservice/internal/application/simplified_integrated_handlers.go:170.66,175.16 4 0
github.com/gkbiswas/hotel-reviews-microservice/internal/application/simplified_integrated_handlers.go:175.16,178.3 2 0
github.com/gkbiswas/hotel-reviews-microservice/internal/application/simplified_integrated_handlers.go:180.2,183.105 2 0
github.com/gkbiswas/hotel-reviews-microservice/internal/application/simplified_integrated_handlers.go:183.105,185.3 1 0
github.com/gkbiswas/hotel-reviews-microservice/internal/application/simplified_integrated_handlers.go:186.2,186.16 1 0
github.com/gkbiswas/hotel-reviews-microservice/internal/application/simplified_integrated_handlers.go:186.16,189.3 2 0
github.com/gkbiswas/hotel-reviews-microservice/internal/application/simplified_integrated_handlers.go:191.2,191.81 1 0
github.com/gkbiswas/hotel-reviews-microservice/internal/application/simplified_integrated_handlers.go:195.68,205.17 6 0
github.com/gkbiswas/hotel-reviews-microservice/internal/application/simplified_integrated_handlers.go:205.17,207.3 1 0
github.com/gkbiswas/hotel-reviews-microservice/internal/application/simplified_integrated_handlers.go:209.2,216.106 2 0
github.com/gkbiswas/hotel-reviews-microservice/internal/application/simplified_integrated_handlers.go:216.106,217.20 1 0
github.com/gkbiswas/hotel-reviews-microservice/internal/application/simplified_integrated_handlers.go:217.20,219.18 2 0
github.com/gkbiswas/hotel-reviews-microservice/internal/application/simplified_integrated_handlers.go:219.18,221.5 1 0
github.com/gkbiswas/hotel-reviews-microservice/internal/application/simplified_integrated_handlers.go:222.4,222.75 1 0
github.com/gkbiswas/hotel-reviews-microservice/internal/application/simplified_integrated_handlers.go:225.3,225.93 1 0
github.com/gkbiswas/hotel-reviews-microservice/internal/application/simplified_integrated_handlers.go:227.2,227.16 1 0
github.com/gkbiswas/hotel-reviews-microservice/internal/application/simplified_integrated_handlers.go:227.16,230.3 2 0
github.com/gkbiswas/hotel-reviews-microservice/internal/application/simplified_integrated_handlers.go:232.2,232.83 1 0
github.com/gkbiswas/hotel-reviews-microservice/internal/application/simplified_integrated_handlers.go:236.69,244.16 6 0
github.com/gkbiswas/hotel-reviews-microservice/internal/application/simplified_integrated_handlers.go:244.16,247.3 2 0
github.com/gkbiswas/hotel-reviews-microservice/internal/application/simplified_integrated_handlers.go:249.2,256.47 3 0
github.com/gkbiswas/hotel-reviews-microservice/internal/application/simplified_integrated_handlers.go:256.47,259.3 2 0
github.com/gkbiswas/hotel-reviews-microservice/internal/application/simplified_integrated_handlers.go:262.2,262.113 1 0
github.com/gkbiswas/hotel-reviews-microservice/internal/application/simplified_integrated_handlers.go:262.113,264.3 1 0
github.com/gkbiswas/hotel-reviews-microservice/internal/application/simplified_integrated_handlers.go:265.2,265.16 1 0
github.com/gkbiswas/hotel-reviews-microservice/internal/application/simplified_integrated_handlers.go:265.16,268.3 2 0
github.com/gkbiswas/hotel-reviews-microservice/internal/application/simplified_integrated_handlers.go:270.2,273.48 2 0
github.com/gkbiswas/hotel-reviews-microservice/internal/application/simplified_integrated_handlers.go:273.48,275.32 2 0
github.com/gkbiswas/hotel-reviews-microservice/internal/application/simplified_integrated_handlers.go:275.32,278.4 2 0
github.com/gkbiswas/hotel-reviews-microservice/internal/application/simplified_integrated_handlers.go:282.2,282.112 1 0
github.com/gkbiswas/hotel-reviews-microservice/internal/application/simplified_integrated_handlers.go:282.112,284.3 1 0
github.com/gkbiswas/hotel-reviews-microservice/internal/application/simplified_integrated_handlers.go:285.2,285.16 1 0
github.com/gkbiswas/hotel-reviews-microservice/internal/application/simplified_integrated_handlers.go:285.16,288.3 2 0
github.com/gkbiswas/hotel-reviews-microservice/internal/application/simplified_integrated_handlers.go:291.2,293.86 2 0
github.com/gkbiswas/hotel-reviews-microservice/internal/application/simplified_integrated_handlers.go:297.69,305.16 6 0
github.com/gkbiswas/hotel-reviews-microservice/internal/application/simplified_integrated_handlers.go:305.16,308.3 2 0
github.com/gkbiswas/hotel-reviews-microservice/internal/application/simplified_integrated_handlers.go:310.2,316.113 2 0
github.com/gkbiswas/hotel-reviews-microservice/internal/application/simplified_integrated_handlers.go:316.113,318.3 1 0
github.com/gkbiswas/hotel-reviews-microservice/internal/application/simplified_integrated_handlers.go:319.2,319.16 1 0
github.com/gkbiswas/hotel-reviews-microservice/internal/application/simplified_integrated_handlers.go:319.16,322.3 2 0
github.com/gkbiswas/hotel-reviews-microservice/internal/application/simplified_integrated_handlers.go:324.2,327.48 2 0
github.com/gkbiswas/hotel-reviews-microservice/internal/application/simplified_integrated_handlers.go:327.48,329.32 2 0
github.com/gkbiswas/hotel-reviews-microservice/internal/application/simplified_integrated_handlers.go:329.32,332.4 2 0
github.com/gkbiswas/hotel-reviews-microservice/internal/application/simplified_integrated_handlers.go:336.2,336.99 1 0
github.com/gkbiswas/hotel-reviews-microservice/internal/application/simplified_integrated_handlers.go:336.99,338.3 1 0
github.com/gkbiswas/hotel-reviews-microservice/internal/application/simplified_integrated_handlers.go:339.2,339.16 1 0
github.com/gkbiswas/hotel-reviews-microservice/internal/application/simplified_integrated_handlers.go:339.16,342.3 2 0
github.com/gkbiswas/hotel-reviews-microservice/internal/application/simplified_integrated_handlers.go:345.2,347.76 2 0
github.com/gkbiswas/hotel-reviews-microservice/internal/application/simplified_integrated_handlers.go:351.68,363.29 4 0
github.com/gkbiswas/hotel-reviews-microservice/internal/application/simplified_integrated_handlers.go:363.29,365.3 1 0
github.com/gkbiswas/hotel-reviews-microservice/internal/application/simplified_integrated_handlers.go:367.2,367.74 1 0
github.com/gkbiswas/hotel-reviews-microservice/internal/application/simplified_integrated_handlers.go:371.67,379.29 4 0
github.com/gkbiswas/hotel-reviews-microservice/internal/application/simplified_integrated_handlers.go:379.29,381.3 1 0
github.com/gkbiswas/hotel-reviews-microservice/internal/application/simplified_integrated_handlers.go:383.2,383.27 1 0
github.com/gkbiswas/hotel-reviews-microservice/internal/application/simplified_integrated_handlers.go:383.27,385.3 1 0
github.com/gkbiswas/hotel-reviews-microservice/internal/application/simplified_integrated_handlers.go:387.2,387.31 1 0
github.com/gkbiswas/hotel-reviews-microservice/internal/application/simplified_integrated_handlers.go:387.31,389.3 1 0
github.com/gkbiswas/hotel-reviews-microservice/internal/application/simplified_integrated_handlers.go:391.2,391.83 1 0
github.com/gkbiswas/hotel-reviews-microservice/internal/application/simplified_integrated_handlers.go:401.24,408.29 4 0
github.com/gkbiswas/hotel-reviews-microservice/internal/application/simplified_integrated_handlers.go:408.29,410.13 2 0
github.com/gkbiswas/hotel-reviews-microservice/internal/application/simplified_integrated_handlers.go:410.13,412.18 2 0
github.com/gkbiswas/hotel-reviews-microservice/internal/application/simplified_integrated_handlers.go:412.18,414.5 1 0
github.com/gkbiswas/hotel-reviews-microservice/internal/application/simplified_integrated_handlers.go:415.4,415.22 1 0
github.com/gkbiswas/hotel-reviews-microservice/internal/application/simplified_integrated_handlers.go:420.2,420.23 1 0
github.com/gkbiswas/hotel-reviews-microservice/internal/application/simplified_integrated_handlers.go:424.154,426.16 2 0
github.com/gkbiswas/hotel-reviews-microservice/internal/application/simplified_integrated_handlers.go:426.16,428.3 1 0
github.com/gkbiswas/hotel-reviews-microservice/internal/application/simplified_integrated_handlers.go:430.2,431.16 2 0
github.com/gkbiswas/hotel-reviews-microservice/internal/application/simplified_integrated_handlers.go:431.16,433.3 1 0
github.com/gkbiswas/hotel-reviews-microservice/internal/application/simplified_integrated_handlers.go:435.2,450.27 2 0
github.com/gkbiswas/hotel-reviews-microservice/internal/application/simplified_integrated_handlers.go:450.27,452.3 1 0
github.com/gkbiswas/hotel-reviews-microservice/internal/application/simplified_integrated_handlers.go:454.2,455.20 2 0
github.com/gkbiswas/hotel-reviews-microservice/internal/application/simplified_integrated_handlers.go:459.155,461.23 1 0
github.com/gkbiswas/hotel-reviews-microservice/internal/application/simplified_integrated_handlers.go:461.23,463.3 1 0
github.com/gkbiswas/hotel-reviews-microservice/internal/application/simplified_integrated_handlers.go:464.2,464.22 1 0
github.com/gkbiswas/hotel-reviews-microservice/internal/application/simplified_integrated_handlers.go:464.22,466.3 1 0
github.com/gkbiswas/hotel-reviews-microservice/internal/application/simplified_integrated_handlers.go:467.2,467.24 1 0
github.com/gkbiswas/hotel-reviews-microservice/internal/application/simplified_integrated_handlers.go:467.24,469.3 1 0
github.com/gkbiswas/hotel-reviews-microservice/internal/application/simplified_integrated_handlers.go:470.2,470.25 1 0
github.com/gkbiswas/hotel-reviews-microservice/internal/application/simplified_integrated_handlers.go:470.25,472.3 1 0
github.com/gkbiswas/hotel-reviews-microservice/internal/application/simplified_integrated_handlers.go:474.2,477.20 3 0
github.com/gkbiswas/hotel-reviews-microservice/internal/application/simplified_integrated_handlers.go:481.121,482.28 1 0
github.com/gkbiswas/hotel-reviews-microservice/internal/application/simplified_integrated_handlers.go:482.28,484.3 1 0
github.com/gkbiswas/hotel-reviews-microservice/internal/application/simplified_integrated_handlers.go:487.2,503.16 3 0
github.com/gkbiswas/hotel-reviews-microservice/internal/application/simplified_integrated_handlers.go:503.16,505.3 1 0
github.com/gkbiswas/hotel-reviews-microservice/internal/application/simplified_integrated_handlers.go:511.125,513.69 2 0
github.com/gkbiswas/hotel-reviews-microservice/internal/application/simplified_integrated_handlers.go:513.69,515.3 1 0
github.com/gkbiswas/hotel-reviews-microservice/internal/application/simplified_integrated_handlers.go:517.2,524.30 2 0
github.com/gkbiswas/hotel-reviews-microservice/internal/application/simplified_integrated_handlers.go:528.116,530.69 2 0
github.com/gkbiswas/hotel-reviews-microservice/internal/application/simplified_integrated_handlers.go:530.69,532.3 1 0
github.com/gkbiswas/hotel-reviews-microservice/internal/application/simplified_integrated_handlers.go:534.2,550.3 3 0
github.com/gkbiswas/hotel-reviews-microservice/internal/application/simplified_integrated_handlers.go:554.95,559.27 3 0
github.com/gkbiswas/hotel-reviews-microservice/internal/application/simplified_integrated_handlers.go:559.27,561.22 2 0
github.com/gkbiswas/hotel-reviews-microservice/internal/application/simplified_integrated_handlers.go:561.22,562.25 1 0
github.com/gkbiswas/hotel-reviews-microservice/internal/application/simplified_integrated_handlers.go:563.20,565.28 2 0
github.com/gkbiswas/hotel-reviews-microservice/internal/application/simplified_integrated_handlers.go:566.22,568.35 2 0
github.com/gkbiswas/hotel-reviews-microservice/internal/application/simplified_integrated_handlers.go:569.25,571.28 2 0
github.com/gkbiswas/hotel-reviews-microservice/internal/application/simplified_integrated_handlers.go:572.26,574.31 2 0
github.com/gkbiswas/hotel-reviews-microservice/internal/application/simplified_integrated_handlers.go:575.21,577.31 2 0
github.com/gkbiswas/hotel-reviews-microservice/internal/application/simplified_integrated_handlers.go:578.26,580.38 2 0
github.com/gkbiswas/hotel-reviews-microservice/internal/application/simplified_integrated_handlers.go:581.12,583.33 2 0
github.com/gkbiswas/hotel-reviews-microservice/internal/application/simplified_integrated_handlers.go:585.9,588.4 2 0
github.com/gkbiswas/hotel-reviews-microservice/internal/application/simplified_integrated_handlers.go:589.8,593.3 2 0
github.com/gkbiswas/hotel-reviews-microservice/internal/application/simplified_integrated_handlers.go:595.2,595.55 1 0
