mode: atomic
github.com/gkbiswas/hotel-reviews-microservice/internal/infrastructure/middleware/auth_middleware.go:25.112,30.2 1 0
github.com/gkbiswas/hotel-reviews-microservice/internal/infrastructure/middleware/auth_middleware.go:33.76,34.71 1 0
github.com/gkbiswas/hotel-reviews-microservice/internal/infrastructure/middleware/auth_middleware.go:34.71,37.23 2 0
github.com/gkbiswas/hotel-reviews-microservice/internal/infrastructure/middleware/auth_middleware.go:37.23,40.4 2 0
github.com/gkbiswas/hotel-reviews-microservice/internal/infrastructure/middleware/auth_middleware.go:43.3,44.63 2 0
github.com/gkbiswas/hotel-reviews-microservice/internal/infrastructure/middleware/auth_middleware.go:44.63,47.4 2 0
github.com/gkbiswas/hotel-reviews-microservice/internal/infrastructure/middleware/auth_middleware.go:49.3,50.18 2 0
github.com/gkbiswas/hotel-reviews-microservice/internal/infrastructure/middleware/auth_middleware.go:50.18,53.4 2 0
github.com/gkbiswas/hotel-reviews-microservice/internal/infrastructure/middleware/auth_middleware.go:56.3,57.17 2 0
github.com/gkbiswas/hotel-reviews-microservice/internal/infrastructure/middleware/auth_middleware.go:57.17,61.4 3 0
github.com/gkbiswas/hotel-reviews-microservice/internal/infrastructure/middleware/auth_middleware.go:64.3,68.40 4 0
github.com/gkbiswas/hotel-reviews-microservice/internal/infrastructure/middleware/auth_middleware.go:73.79,74.71 1 0
github.com/gkbiswas/hotel-reviews-microservice/internal/infrastructure/middleware/auth_middleware.go:74.71,77.19 2 0
github.com/gkbiswas/hotel-reviews-microservice/internal/infrastructure/middleware/auth_middleware.go:77.19,80.4 2 0
github.com/gkbiswas/hotel-reviews-microservice/internal/infrastructure/middleware/auth_middleware.go:83.3,84.17 2 0
github.com/gkbiswas/hotel-reviews-microservice/internal/infrastructure/middleware/auth_middleware.go:84.17,88.4 3 0
github.com/gkbiswas/hotel-reviews-microservice/internal/infrastructure/middleware/auth_middleware.go:91.3,95.40 4 0
github.com/gkbiswas/hotel-reviews-microservice/internal/infrastructure/middleware/auth_middleware.go:100.101,101.46 1 0
github.com/gkbiswas/hotel-reviews-microservice/internal/infrastructure/middleware/auth_middleware.go:101.46,102.72 1 0
github.com/gkbiswas/hotel-reviews-microservice/internal/infrastructure/middleware/auth_middleware.go:102.72,105.11 2 0
github.com/gkbiswas/hotel-reviews-microservice/internal/infrastructure/middleware/auth_middleware.go:105.11,108.5 2 0
github.com/gkbiswas/hotel-reviews-microservice/internal/infrastructure/middleware/auth_middleware.go:111.4,112.18 2 0
github.com/gkbiswas/hotel-reviews-microservice/internal/infrastructure/middleware/auth_middleware.go:112.18,116.5 3 0
github.com/gkbiswas/hotel-reviews-microservice/internal/infrastructure/middleware/auth_middleware.go:118.4,118.22 1 0
github.com/gkbiswas/hotel-reviews-microservice/internal/infrastructure/middleware/auth_middleware.go:118.22,122.5 3 0
github.com/gkbiswas/hotel-reviews-microservice/internal/infrastructure/middleware/auth_middleware.go:124.4,124.24 1 0
github.com/gkbiswas/hotel-reviews-microservice/internal/infrastructure/middleware/auth_middleware.go:130.95,131.46 1 0
github.com/gkbiswas/hotel-reviews-microservice/internal/infrastructure/middleware/auth_middleware.go:131.46,132.72 1 0
github.com/gkbiswas/hotel-reviews-microservice/internal/infrastructure/middleware/auth_middleware.go:132.72,135.11 2 0
github.com/gkbiswas/hotel-reviews-microservice/internal/infrastructure/middleware/auth_middleware.go:135.11,138.5 2 0
github.com/gkbiswas/hotel-reviews-microservice/internal/infrastructure/middleware/auth_middleware.go:141.4,143.36 3 0
github.com/gkbiswas/hotel-reviews-microservice/internal/infrastructure/middleware/auth_middleware.go:143.36,145.5 1 0
github.com/gkbiswas/hotel-reviews-microservice/internal/infrastructure/middleware/auth_middleware.go:147.4,147.47 1 0
github.com/gkbiswas/hotel-reviews-microservice/internal/infrastructure/middleware/auth_middleware.go:147.47,148.32 1 0
github.com/gkbiswas/hotel-reviews-microservice/internal/infrastructure/middleware/auth_middleware.go:148.32,150.11 2 0
github.com/gkbiswas/hotel-reviews-microservice/internal/infrastructure/middleware/auth_middleware.go:154.4,154.16 1 0
github.com/gkbiswas/hotel-reviews-microservice/internal/infrastructure/middleware/auth_middleware.go:154.16,158.5 3 0
github.com/gkbiswas/hotel-reviews-microservice/internal/infrastructure/middleware/auth_middleware.go:160.4,160.24 1 0
github.com/gkbiswas/hotel-reviews-microservice/internal/infrastructure/middleware/auth_middleware.go:166.104,167.46 1 0
github.com/gkbiswas/hotel-reviews-microservice/internal/infrastructure/middleware/auth_middleware.go:167.46,168.72 1 0
github.com/gkbiswas/hotel-reviews-microservice/internal/infrastructure/middleware/auth_middleware.go:168.72,171.11 2 0
github.com/gkbiswas/hotel-reviews-microservice/internal/infrastructure/middleware/auth_middleware.go:171.11,174.5 2 0
github.com/gkbiswas/hotel-reviews-microservice/internal/infrastructure/middleware/auth_middleware.go:177.4,178.33 2 0
github.com/gkbiswas/hotel-reviews-microservice/internal/infrastructure/middleware/auth_middleware.go:178.33,180.5 1 0
github.com/gkbiswas/hotel-reviews-microservice/internal/infrastructure/middleware/auth_middleware.go:182.4,182.49 1 0
github.com/gkbiswas/hotel-reviews-microservice/internal/infrastructure/middleware/auth_middleware.go:182.49,183.37 1 0
github.com/gkbiswas/hotel-reviews-microservice/internal/infrastructure/middleware/auth_middleware.go:183.37,187.6 3 0
github.com/gkbiswas/hotel-reviews-microservice/internal/infrastructure/middleware/auth_middleware.go:190.4,190.24 1 0
github.com/gkbiswas/hotel-reviews-microservice/internal/infrastructure/middleware/auth_middleware.go:196.78,197.71 1 0
github.com/gkbiswas/hotel-reviews-microservice/internal/infrastructure/middleware/auth_middleware.go:197.71,199.36 1 0
github.com/gkbiswas/hotel-reviews-microservice/internal/infrastructure/middleware/auth_middleware.go:199.36,202.4 2 0
github.com/gkbiswas/hotel-reviews-microservice/internal/infrastructure/middleware/auth_middleware.go:205.3,206.18 2 0
github.com/gkbiswas/hotel-reviews-microservice/internal/infrastructure/middleware/auth_middleware.go:206.18,210.4 2 0
github.com/gkbiswas/hotel-reviews-microservice/internal/infrastructure/middleware/auth_middleware.go:212.3,216.17 3 0
github.com/gkbiswas/hotel-reviews-microservice/internal/infrastructure/middleware/auth_middleware.go:216.17,221.4 3 0
github.com/gkbiswas/hotel-reviews-microservice/internal/infrastructure/middleware/auth_middleware.go:223.3,223.20 1 0
github.com/gkbiswas/hotel-reviews-microservice/internal/infrastructure/middleware/auth_middleware.go:223.20,227.4 3 0
github.com/gkbiswas/hotel-reviews-microservice/internal/infrastructure/middleware/auth_middleware.go:229.3,229.23 1 0
github.com/gkbiswas/hotel-reviews-microservice/internal/infrastructure/middleware/auth_middleware.go:234.74,235.71 1 0
github.com/gkbiswas/hotel-reviews-microservice/internal/infrastructure/middleware/auth_middleware.go:235.71,245.13 4 0
github.com/gkbiswas/hotel-reviews-microservice/internal/infrastructure/middleware/auth_middleware.go:245.13,249.64 3 0
github.com/gkbiswas/hotel-reviews-microservice/internal/infrastructure/middleware/auth_middleware.go:249.64,251.5 1 0
github.com/gkbiswas/hotel-reviews-microservice/internal/infrastructure/middleware/auth_middleware.go:254.4,257.53 2 0
github.com/gkbiswas/hotel-reviews-microservice/internal/infrastructure/middleware/auth_middleware.go:257.53,259.5 1 0
github.com/gkbiswas/hotel-reviews-microservice/internal/infrastructure/middleware/auth_middleware.go:261.4,273.18 2 0
github.com/gkbiswas/hotel-reviews-microservice/internal/infrastructure/middleware/auth_middleware.go:273.18,275.5 1 0
github.com/gkbiswas/hotel-reviews-microservice/internal/infrastructure/middleware/auth_middleware.go:279.3,285.4 1 0
github.com/gkbiswas/hotel-reviews-microservice/internal/infrastructure/middleware/auth_middleware.go:290.81,291.71 1 0
github.com/gkbiswas/hotel-reviews-microservice/internal/infrastructure/middleware/auth_middleware.go:291.71,294.23 2 0
github.com/gkbiswas/hotel-reviews-microservice/internal/infrastructure/middleware/auth_middleware.go:294.23,296.64 2 0
github.com/gkbiswas/hotel-reviews-microservice/internal/infrastructure/middleware/auth_middleware.go:296.64,298.20 2 0
github.com/gkbiswas/hotel-reviews-microservice/internal/infrastructure/middleware/auth_middleware.go:298.20,300.20 2 0
github.com/gkbiswas/hotel-reviews-microservice/internal/infrastructure/middleware/auth_middleware.go:300.20,305.7 4 0
github.com/gkbiswas/hotel-reviews-microservice/internal/infrastructure/middleware/auth_middleware.go:311.3,312.19 2 0
github.com/gkbiswas/hotel-reviews-microservice/internal/infrastructure/middleware/auth_middleware.go:312.19,314.18 2 0
github.com/gkbiswas/hotel-reviews-microservice/internal/infrastructure/middleware/auth_middleware.go:314.18,319.5 4 0
github.com/gkbiswas/hotel-reviews-microservice/internal/infrastructure/middleware/auth_middleware.go:322.3,322.23 1 0
github.com/gkbiswas/hotel-reviews-microservice/internal/infrastructure/middleware/auth_middleware.go:328.100,339.2 4 0
github.com/gkbiswas/hotel-reviews-microservice/internal/infrastructure/middleware/auth_middleware.go:341.62,343.55 1 0
github.com/gkbiswas/hotel-reviews-microservice/internal/infrastructure/middleware/auth_middleware.go:343.55,347.3 2 0
github.com/gkbiswas/hotel-reviews-microservice/internal/infrastructure/middleware/auth_middleware.go:350.2,350.49 1 0
github.com/gkbiswas/hotel-reviews-microservice/internal/infrastructure/middleware/auth_middleware.go:350.49,352.3 1 0
github.com/gkbiswas/hotel-reviews-microservice/internal/infrastructure/middleware/auth_middleware.go:355.2,355.21 1 0
github.com/gkbiswas/hotel-reviews-microservice/internal/infrastructure/middleware/auth_middleware.go:358.59,367.41 2 0
github.com/gkbiswas/hotel-reviews-microservice/internal/infrastructure/middleware/auth_middleware.go:367.41,368.23 1 0
github.com/gkbiswas/hotel-reviews-microservice/internal/infrastructure/middleware/auth_middleware.go:368.23,370.4 1 0
github.com/gkbiswas/hotel-reviews-microservice/internal/infrastructure/middleware/auth_middleware.go:373.2,373.14 1 0
github.com/gkbiswas/hotel-reviews-microservice/internal/infrastructure/middleware/auth_middleware.go:376.74,379.56 1 0
github.com/gkbiswas/hotel-reviews-microservice/internal/infrastructure/middleware/auth_middleware.go:379.56,381.63 2 0
github.com/gkbiswas/hotel-reviews-microservice/internal/infrastructure/middleware/auth_middleware.go:381.63,383.4 1 0
github.com/gkbiswas/hotel-reviews-microservice/internal/infrastructure/middleware/auth_middleware.go:385.3,385.46 1 0
github.com/gkbiswas/hotel-reviews-microservice/internal/infrastructure/middleware/auth_middleware.go:385.46,387.4 1 0
github.com/gkbiswas/hotel-reviews-microservice/internal/infrastructure/middleware/auth_middleware.go:390.2,390.11 1 0
github.com/gkbiswas/hotel-reviews-microservice/internal/infrastructure/middleware/auth_middleware.go:393.89,396.20 2 0
github.com/gkbiswas/hotel-reviews-microservice/internal/infrastructure/middleware/auth_middleware.go:396.20,398.3 1 0
github.com/gkbiswas/hotel-reviews-microservice/internal/infrastructure/middleware/auth_middleware.go:401.2,402.38 2 0
github.com/gkbiswas/hotel-reviews-microservice/internal/infrastructure/middleware/auth_middleware.go:402.38,404.3 1 0
github.com/gkbiswas/hotel-reviews-microservice/internal/infrastructure/middleware/auth_middleware.go:407.2,416.18 3 0
github.com/gkbiswas/hotel-reviews-microservice/internal/infrastructure/middleware/auth_middleware.go:416.18,418.3 1 0
github.com/gkbiswas/hotel-reviews-microservice/internal/infrastructure/middleware/auth_middleware.go:420.2,420.25 1 0
github.com/gkbiswas/hotel-reviews-microservice/internal/infrastructure/middleware/auth_middleware.go:429.49,432.2 2 0
github.com/gkbiswas/hotel-reviews-microservice/internal/infrastructure/middleware/auth_middleware.go:440.78,442.2 1 0
github.com/gkbiswas/hotel-reviews-microservice/internal/infrastructure/middleware/auth_middleware.go:445.84,446.46 1 0
github.com/gkbiswas/hotel-reviews-microservice/internal/infrastructure/middleware/auth_middleware.go:446.46,450.3 1 0
github.com/gkbiswas/hotel-reviews-microservice/internal/infrastructure/middleware/auth_middleware.go:454.87,455.46 1 0
github.com/gkbiswas/hotel-reviews-microservice/internal/infrastructure/middleware/auth_middleware.go:455.46,459.3 1 0
github.com/gkbiswas/hotel-reviews-microservice/internal/infrastructure/middleware/auth_middleware.go:463.85,464.46 1 0
github.com/gkbiswas/hotel-reviews-microservice/internal/infrastructure/middleware/auth_middleware.go:464.46,468.3 1 0
github.com/gkbiswas/hotel-reviews-microservice/internal/infrastructure/middleware/auth_middleware.go:472.82,473.46 1 0
github.com/gkbiswas/hotel-reviews-microservice/internal/infrastructure/middleware/auth_middleware.go:473.46,477.3 1 0
github.com/gkbiswas/hotel-reviews-microservice/internal/infrastructure/middleware/auth_middleware.go:481.83,482.46 1 0
github.com/gkbiswas/hotel-reviews-microservice/internal/infrastructure/middleware/auth_middleware.go:482.46,488.3 1 0
github.com/gkbiswas/hotel-reviews-microservice/internal/infrastructure/middleware/auth_middleware.go:492.103,493.46 1 0
github.com/gkbiswas/hotel-reviews-microservice/internal/infrastructure/middleware/auth_middleware.go:493.46,495.3 1 0
github.com/gkbiswas/hotel-reviews-microservice/internal/infrastructure/middleware/auth_middleware.go:499.89,500.46 1 0
github.com/gkbiswas/hotel-reviews-microservice/internal/infrastructure/middleware/auth_middleware.go:500.46,502.3 1 0
github.com/gkbiswas/hotel-reviews-microservice/internal/infrastructure/middleware/auth_middleware.go:506.98,507.46 1 0
github.com/gkbiswas/hotel-reviews-microservice/internal/infrastructure/middleware/auth_middleware.go:507.46,509.3 1 0
github.com/gkbiswas/hotel-reviews-microservice/internal/infrastructure/middleware/auth_middleware.go:513.63,538.2 13 0
github.com/gkbiswas/hotel-reviews-microservice/internal/infrastructure/middleware/base_middleware.go:31.34,32.30 1 13
github.com/gkbiswas/hotel-reviews-microservice/internal/infrastructure/middleware/base_middleware.go:32.30,34.22 2 22
github.com/gkbiswas/hotel-reviews-microservice/internal/infrastructure/middleware/base_middleware.go:34.22,36.4 1 21
github.com/gkbiswas/hotel-reviews-microservice/internal/infrastructure/middleware/base_middleware.go:38.3,41.11 3 22
github.com/gkbiswas/hotel-reviews-microservice/internal/infrastructure/middleware/base_middleware.go:46.49,47.30 1 5
github.com/gkbiswas/hotel-reviews-microservice/internal/infrastructure/middleware/base_middleware.go:47.30,62.16 10 9
github.com/gkbiswas/hotel-reviews-microservice/internal/infrastructure/middleware/base_middleware.go:62.16,64.4 1 1
github.com/gkbiswas/hotel-reviews-microservice/internal/infrastructure/middleware/base_middleware.go:68.3,75.4 1 9
github.com/gkbiswas/hotel-reviews-microservice/internal/infrastructure/middleware/base_middleware.go:80.55,81.30 1 5
github.com/gkbiswas/hotel-reviews-microservice/internal/infrastructure/middleware/base_middleware.go:81.30,85.24 2 5
github.com/gkbiswas/hotel-reviews-microservice/internal/infrastructure/middleware/base_middleware.go:85.24,90.31 3 3
github.com/gkbiswas/hotel-reviews-microservice/internal/infrastructure/middleware/base_middleware.go:90.31,92.5 1 1
github.com/gkbiswas/hotel-reviews-microservice/internal/infrastructure/middleware/base_middleware.go:95.4,100.6 1 3
github.com/gkbiswas/hotel-reviews-microservice/internal/infrastructure/middleware/base_middleware.go:106.33,107.30 1 5
github.com/gkbiswas/hotel-reviews-microservice/internal/infrastructure/middleware/base_middleware.go:107.30,118.3 8 14
github.com/gkbiswas/hotel-reviews-microservice/internal/infrastructure/middleware/base_middleware.go:122.52,123.30 1 6
github.com/gkbiswas/hotel-reviews-microservice/internal/infrastructure/middleware/base_middleware.go:123.30,128.48 3 6
github.com/gkbiswas/hotel-reviews-microservice/internal/infrastructure/middleware/base_middleware.go:128.48,129.55 1 6
github.com/gkbiswas/hotel-reviews-microservice/internal/infrastructure/middleware/base_middleware.go:129.55,131.10 2 4
github.com/gkbiswas/hotel-reviews-microservice/internal/infrastructure/middleware/base_middleware.go:135.3,135.14 1 6
github.com/gkbiswas/hotel-reviews-microservice/internal/infrastructure/middleware/base_middleware.go:135.14,140.4 4 4
github.com/gkbiswas/hotel-reviews-microservice/internal/infrastructure/middleware/base_middleware.go:142.3,142.36 1 6
github.com/gkbiswas/hotel-reviews-microservice/internal/infrastructure/middleware/base_middleware.go:142.36,145.4 2 1
github.com/gkbiswas/hotel-reviews-microservice/internal/infrastructure/middleware/base_middleware.go:147.3,147.11 1 5
github.com/gkbiswas/hotel-reviews-microservice/internal/infrastructure/middleware/base_middleware.go:152.54,153.30 1 6
github.com/gkbiswas/hotel-reviews-microservice/internal/infrastructure/middleware/base_middleware.go:153.30,156.17 3 15
github.com/gkbiswas/hotel-reviews-microservice/internal/infrastructure/middleware/base_middleware.go:156.17,158.4 1 1
github.com/gkbiswas/hotel-reviews-microservice/internal/infrastructure/middleware/base_middleware.go:161.3,168.88 5 15
github.com/gkbiswas/hotel-reviews-microservice/internal/infrastructure/middleware/base_middleware.go:173.50,174.30 1 5
github.com/gkbiswas/hotel-reviews-microservice/internal/infrastructure/middleware/base_middleware.go:174.30,207.31 8 5
github.com/gkbiswas/hotel-reviews-microservice/internal/infrastructure/middleware/base_middleware.go:207.31,209.4 1 2
github.com/gkbiswas/hotel-reviews-microservice/internal/infrastructure/middleware/circuit_breaker_middleware.go:20.130,25.2 1 0
github.com/gkbiswas/hotel-reviews-microservice/internal/infrastructure/middleware/circuit_breaker_middleware.go:28.87,29.30 1 0
github.com/gkbiswas/hotel-reviews-microservice/internal/infrastructure/middleware/circuit_breaker_middleware.go:29.30,31.14 2 0
github.com/gkbiswas/hotel-reviews-microservice/internal/infrastructure/middleware/circuit_breaker_middleware.go:31.14,35.4 3 0
github.com/gkbiswas/hotel-reviews-microservice/internal/infrastructure/middleware/circuit_breaker_middleware.go:38.3,42.98 3 0
github.com/gkbiswas/hotel-reviews-microservice/internal/infrastructure/middleware/circuit_breaker_middleware.go:42.98,50.32 3 0
github.com/gkbiswas/hotel-reviews-microservice/internal/infrastructure/middleware/circuit_breaker_middleware.go:50.32,55.5 1 0
github.com/gkbiswas/hotel-reviews-microservice/internal/infrastructure/middleware/circuit_breaker_middleware.go:57.4,57.19 1 0
github.com/gkbiswas/hotel-reviews-microservice/internal/infrastructure/middleware/circuit_breaker_middleware.go:61.3,61.17 1 0
github.com/gkbiswas/hotel-reviews-microservice/internal/infrastructure/middleware/circuit_breaker_middleware.go:61.17,62.49 1 0
github.com/gkbiswas/hotel-reviews-microservice/internal/infrastructure/middleware/circuit_breaker_middleware.go:62.49,77.5 4 0
github.com/gkbiswas/hotel-reviews-microservice/internal/infrastructure/middleware/circuit_breaker_middleware.go:80.4,80.21 1 0
github.com/gkbiswas/hotel-reviews-microservice/internal/infrastructure/middleware/circuit_breaker_middleware.go:80.21,86.5 1 0
github.com/gkbiswas/hotel-reviews-microservice/internal/infrastructure/middleware/circuit_breaker_middleware.go:92.119,93.67 1 0
github.com/gkbiswas/hotel-reviews-microservice/internal/infrastructure/middleware/circuit_breaker_middleware.go:93.67,102.29 2 0
github.com/gkbiswas/hotel-reviews-microservice/internal/infrastructure/middleware/circuit_breaker_middleware.go:103.18,108.6 1 0
github.com/gkbiswas/hotel-reviews-microservice/internal/infrastructure/middleware/circuit_breaker_middleware.go:109.11,115.6 1 0
github.com/gkbiswas/hotel-reviews-microservice/internal/infrastructure/middleware/circuit_breaker_middleware.go:118.3,118.34 1 0
github.com/gkbiswas/hotel-reviews-microservice/internal/infrastructure/middleware/circuit_breaker_middleware.go:128.36,130.2 1 0
github.com/gkbiswas/hotel-reviews-microservice/internal/infrastructure/middleware/circuit_breaker_middleware.go:139.111,144.2 1 0
github.com/gkbiswas/hotel-reviews-microservice/internal/infrastructure/middleware/circuit_breaker_middleware.go:147.143,149.2 1 0
github.com/gkbiswas/hotel-reviews-microservice/internal/infrastructure/middleware/circuit_breaker_middleware.go:152.77,153.67 1 0
github.com/gkbiswas/hotel-reviews-microservice/internal/infrastructure/middleware/circuit_breaker_middleware.go:153.67,163.3 2 0
github.com/gkbiswas/hotel-reviews-microservice/internal/infrastructure/middleware/circuit_breaker_middleware.go:172.48,174.2 1 0
github.com/gkbiswas/hotel-reviews-microservice/internal/infrastructure/middleware/circuit_breaker_middleware.go:183.105,188.2 1 0
github.com/gkbiswas/hotel-reviews-microservice/internal/infrastructure/middleware/circuit_breaker_middleware.go:191.140,193.2 1 0
github.com/gkbiswas/hotel-reviews-microservice/internal/infrastructure/middleware/circuit_breaker_middleware.go:196.77,197.67 1 0
github.com/gkbiswas/hotel-reviews-microservice/internal/infrastructure/middleware/circuit_breaker_middleware.go:197.67,202.3 2 0
github.com/gkbiswas/hotel-reviews-microservice/internal/infrastructure/middleware/circuit_breaker_middleware.go:212.99,217.2 1 0
github.com/gkbiswas/hotel-reviews-microservice/internal/infrastructure/middleware/circuit_breaker_middleware.go:220.140,222.2 1 0
github.com/gkbiswas/hotel-reviews-microservice/internal/infrastructure/middleware/circuit_breaker_middleware.go:225.71,226.67 1 0
github.com/gkbiswas/hotel-reviews-microservice/internal/infrastructure/middleware/circuit_breaker_middleware.go:226.67,235.3 2 0
github.com/gkbiswas/hotel-reviews-microservice/internal/infrastructure/middleware/circuit_breaker_middleware.go:244.42,246.2 1 0
github.com/gkbiswas/hotel-reviews-microservice/internal/infrastructure/middleware/circuit_breaker_middleware.go:255.132,260.2 1 0
github.com/gkbiswas/hotel-reviews-microservice/internal/infrastructure/middleware/circuit_breaker_middleware.go:263.74,264.30 1 0
github.com/gkbiswas/hotel-reviews-microservice/internal/infrastructure/middleware/circuit_breaker_middleware.go:264.30,271.39 5 0
github.com/gkbiswas/hotel-reviews-microservice/internal/infrastructure/middleware/circuit_breaker_middleware.go:271.39,286.24 4 0
github.com/gkbiswas/hotel-reviews-microservice/internal/infrastructure/middleware/circuit_breaker_middleware.go:286.24,289.5 2 0
github.com/gkbiswas/hotel-reviews-microservice/internal/infrastructure/middleware/circuit_breaker_middleware.go:292.3,296.5 1 0
github.com/gkbiswas/hotel-reviews-microservice/internal/infrastructure/middleware/circuit_breaker_middleware.go:301.70,302.30 1 0
github.com/gkbiswas/hotel-reviews-microservice/internal/infrastructure/middleware/circuit_breaker_middleware.go:302.30,309.3 2 0
github.com/gkbiswas/hotel-reviews-microservice/internal/infrastructure/middleware/circuit_breaker_middleware.go:320.58,393.2 1 0
github.com/gkbiswas/hotel-reviews-microservice/internal/infrastructure/middleware/error_handler_middleware.go:19.122,24.2 1 0
github.com/gkbiswas/hotel-reviews-microservice/internal/infrastructure/middleware/error_handler_middleware.go:27.75,28.71 1 0
github.com/gkbiswas/hotel-reviews-microservice/internal/infrastructure/middleware/error_handler_middleware.go:28.71,38.16 2 0
github.com/gkbiswas/hotel-reviews-microservice/internal/infrastructure/middleware/error_handler_middleware.go:38.16,39.48 1 0
github.com/gkbiswas/hotel-reviews-microservice/internal/infrastructure/middleware/error_handler_middleware.go:39.48,41.5 1 0
github.com/gkbiswas/hotel-reviews-microservice/internal/infrastructure/middleware/error_handler_middleware.go:45.3,45.25 1 0
github.com/gkbiswas/hotel-reviews-microservice/internal/infrastructure/middleware/error_handler_middleware.go:61.64,65.43 2 0
github.com/gkbiswas/hotel-reviews-microservice/internal/infrastructure/middleware/error_handler_middleware.go:65.43,68.17 2 0
github.com/gkbiswas/hotel-reviews-microservice/internal/infrastructure/middleware/error_handler_middleware.go:68.17,71.21 2 0
github.com/gkbiswas/hotel-reviews-microservice/internal/infrastructure/middleware/error_handler_middleware.go:71.21,74.5 1 0
github.com/gkbiswas/hotel-reviews-microservice/internal/infrastructure/middleware/error_handler_middleware.go:78.2,79.42 2 0
github.com/gkbiswas/hotel-reviews-microservice/internal/infrastructure/middleware/error_handler_middleware.go:83.68,84.22 1 0
github.com/gkbiswas/hotel-reviews-microservice/internal/infrastructure/middleware/error_handler_middleware.go:84.22,86.3 1 0
github.com/gkbiswas/hotel-reviews-microservice/internal/infrastructure/middleware/error_handler_middleware.go:88.2,90.15 3 0
github.com/gkbiswas/hotel-reviews-microservice/internal/infrastructure/middleware/error_handler_middleware.go:94.84,95.20 1 0
github.com/gkbiswas/hotel-reviews-microservice/internal/infrastructure/middleware/error_handler_middleware.go:96.29,103.4 1 0
github.com/gkbiswas/hotel-reviews-microservice/internal/infrastructure/middleware/error_handler_middleware.go:104.31,111.4 1 0
github.com/gkbiswas/hotel-reviews-microservice/internal/infrastructure/middleware/error_handler_middleware.go:112.28,119.4 1 0
github.com/gkbiswas/hotel-reviews-microservice/internal/infrastructure/middleware/error_handler_middleware.go:120.27,127.4 1 0
github.com/gkbiswas/hotel-reviews-microservice/internal/infrastructure/middleware/error_handler_middleware.go:128.27,135.4 1 0
github.com/gkbiswas/hotel-reviews-microservice/internal/infrastructure/middleware/error_handler_middleware.go:136.34,143.4 1 0
github.com/gkbiswas/hotel-reviews-microservice/internal/infrastructure/middleware/error_handler_middleware.go:144.38,151.4 1 0
github.com/gkbiswas/hotel-reviews-microservice/internal/infrastructure/middleware/error_handler_middleware.go:152.29,159.4 1 0
github.com/gkbiswas/hotel-reviews-microservice/internal/infrastructure/middleware/error_handler_middleware.go:160.37,167.4 1 0
github.com/gkbiswas/hotel-reviews-microservice/internal/infrastructure/middleware/error_handler_middleware.go:168.33,175.4 1 0
github.com/gkbiswas/hotel-reviews-microservice/internal/infrastructure/middleware/error_handler_middleware.go:176.10,177.24 1 0
github.com/gkbiswas/hotel-reviews-microservice/internal/infrastructure/middleware/error_handler_middleware.go:177.24,185.4 1 0
github.com/gkbiswas/hotel-reviews-microservice/internal/infrastructure/middleware/error_handler_middleware.go:185.9,185.31 1 0
github.com/gkbiswas/hotel-reviews-microservice/internal/infrastructure/middleware/error_handler_middleware.go:185.31,193.4 1 0
github.com/gkbiswas/hotel-reviews-microservice/internal/infrastructure/middleware/error_handler_middleware.go:194.3,194.13 1 0
github.com/gkbiswas/hotel-reviews-microservice/internal/infrastructure/middleware/error_handler_middleware.go:199.92,205.32 4 0
github.com/gkbiswas/hotel-reviews-microservice/internal/infrastructure/middleware/error_handler_middleware.go:205.32,207.3 1 0
github.com/gkbiswas/hotel-reviews-microservice/internal/infrastructure/middleware/error_handler_middleware.go:209.2,209.30 1 0
github.com/gkbiswas/hotel-reviews-microservice/internal/infrastructure/middleware/error_handler_middleware.go:209.30,211.3 1 0
github.com/gkbiswas/hotel-reviews-microservice/internal/infrastructure/middleware/error_handler_middleware.go:214.2,214.65 1 0
github.com/gkbiswas/hotel-reviews-microservice/internal/infrastructure/middleware/error_handler_middleware.go:214.65,216.3 1 0
github.com/gkbiswas/hotel-reviews-microservice/internal/infrastructure/middleware/error_handler_middleware.go:220.117,241.22 3 0
github.com/gkbiswas/hotel-reviews-microservice/internal/infrastructure/middleware/error_handler_middleware.go:241.22,243.3 1 0
github.com/gkbiswas/hotel-reviews-microservice/internal/infrastructure/middleware/error_handler_middleware.go:246.2,251.3 1 0
github.com/gkbiswas/hotel-reviews-microservice/internal/infrastructure/middleware/error_handler_middleware.go:258.86,259.86 1 0
github.com/gkbiswas/hotel-reviews-microservice/internal/infrastructure/middleware/error_handler_middleware.go:259.86,260.17 1 0
github.com/gkbiswas/hotel-reviews-microservice/internal/infrastructure/middleware/error_handler_middleware.go:260.17,262.4 1 0
github.com/gkbiswas/hotel-reviews-microservice/internal/infrastructure/middleware/error_handler_middleware.go:264.3,264.42 1 0
github.com/gkbiswas/hotel-reviews-microservice/internal/infrastructure/middleware/error_handler_middleware.go:275.116,280.2 1 0
github.com/gkbiswas/hotel-reviews-microservice/internal/infrastructure/middleware/error_handler_middleware.go:283.129,284.16 1 0
github.com/gkbiswas/hotel-reviews-microservice/internal/infrastructure/middleware/error_handler_middleware.go:284.16,286.3 1 0
github.com/gkbiswas/hotel-reviews-microservice/internal/infrastructure/middleware/error_handler_middleware.go:289.2,303.49 2 0
github.com/gkbiswas/hotel-reviews-microservice/internal/infrastructure/middleware/error_handler_middleware.go:307.106,308.16 1 0
github.com/gkbiswas/hotel-reviews-microservice/internal/infrastructure/middleware/error_handler_middleware.go:308.16,310.3 1 0
github.com/gkbiswas/hotel-reviews-microservice/internal/infrastructure/middleware/error_handler_middleware.go:313.2,330.49 2 0
github.com/gkbiswas/hotel-reviews-microservice/internal/infrastructure/middleware/error_handler_middleware.go:334.109,335.16 1 0
github.com/gkbiswas/hotel-reviews-microservice/internal/infrastructure/middleware/error_handler_middleware.go:335.16,337.3 1 0
github.com/gkbiswas/hotel-reviews-microservice/internal/infrastructure/middleware/error_handler_middleware.go:340.2,358.44 2 0
github.com/gkbiswas/hotel-reviews-microservice/internal/infrastructure/middleware/error_handler_middleware.go:362.107,363.16 1 0
github.com/gkbiswas/hotel-reviews-microservice/internal/infrastructure/middleware/error_handler_middleware.go:363.16,365.3 1 0
github.com/gkbiswas/hotel-reviews-microservice/internal/infrastructure/middleware/error_handler_middleware.go:368.2,386.52 2 0
github.com/gkbiswas/hotel-reviews-microservice/internal/infrastructure/middleware/error_handler_middleware.go:390.114,391.16 1 0
github.com/gkbiswas/hotel-reviews-microservice/internal/infrastructure/middleware/error_handler_middleware.go:391.16,393.3 1 0
github.com/gkbiswas/hotel-reviews-microservice/internal/infrastructure/middleware/error_handler_middleware.go:396.2,414.45 2 0
github.com/gkbiswas/hotel-reviews-microservice/internal/infrastructure/middleware/error_handler_middleware.go:418.147,436.2 2 0
github.com/gkbiswas/hotel-reviews-microservice/internal/infrastructure/middleware/error_handler_middleware.go:439.66,440.54 1 0
github.com/gkbiswas/hotel-reviews-microservice/internal/infrastructure/middleware/error_handler_middleware.go:440.54,442.3 1 0
github.com/gkbiswas/hotel-reviews-microservice/internal/infrastructure/middleware/error_handler_middleware.go:443.2,443.14 1 0
github.com/gkbiswas/hotel-reviews-microservice/internal/infrastructure/middleware/error_handler_middleware.go:447.65,448.54 1 0
github.com/gkbiswas/hotel-reviews-microservice/internal/infrastructure/middleware/error_handler_middleware.go:448.54,450.3 1 0
github.com/gkbiswas/hotel-reviews-microservice/internal/infrastructure/middleware/error_handler_middleware.go:451.2,451.14 1 0
github.com/gkbiswas/hotel-reviews-microservice/internal/infrastructure/middleware/error_handler_middleware.go:455.66,456.54 1 0
github.com/gkbiswas/hotel-reviews-microservice/internal/infrastructure/middleware/error_handler_middleware.go:456.54,458.3 1 0
github.com/gkbiswas/hotel-reviews-microservice/internal/infrastructure/middleware/error_handler_middleware.go:459.2,459.14 1 0
github.com/gkbiswas/hotel-reviews-microservice/internal/infrastructure/middleware/error_handler_middleware.go:463.64,464.54 1 0
github.com/gkbiswas/hotel-reviews-microservice/internal/infrastructure/middleware/error_handler_middleware.go:464.54,466.3 1 0
github.com/gkbiswas/hotel-reviews-microservice/internal/infrastructure/middleware/error_handler_middleware.go:467.2,467.24 1 0
github.com/gkbiswas/hotel-reviews-microservice/internal/infrastructure/middleware/error_handler_middleware.go:471.82,472.54 1 0
github.com/gkbiswas/hotel-reviews-microservice/internal/infrastructure/middleware/error_handler_middleware.go:472.54,474.3 1 0
github.com/gkbiswas/hotel-reviews-microservice/internal/infrastructure/middleware/error_handler_middleware.go:475.2,475.39 1 0
github.com/gkbiswas/hotel-reviews-microservice/internal/infrastructure/middleware/error_handler_middleware.go:479.73,480.54 1 0
github.com/gkbiswas/hotel-reviews-microservice/internal/infrastructure/middleware/error_handler_middleware.go:480.54,482.3 1 0
github.com/gkbiswas/hotel-reviews-microservice/internal/infrastructure/middleware/error_handler_middleware.go:483.2,483.12 1 0
github.com/gkbiswas/hotel-reviews-microservice/internal/infrastructure/alert_channels.go:22.71,27.2 1 0
github.com/gkbiswas/hotel-reviews-microservice/internal/infrastructure/alert_channels.go:30.78,31.18 1 0
github.com/gkbiswas/hotel-reviews-microservice/internal/infrastructure/alert_channels.go:31.18,33.3 1 0
github.com/gkbiswas/hotel-reviews-microservice/internal/infrastructure/alert_channels.go:36.2,36.21 1 0
github.com/gkbiswas/hotel-reviews-microservice/internal/infrastructure/alert_channels.go:37.22,44.4 1 0
github.com/gkbiswas/hotel-reviews-microservice/internal/infrastructure/alert_channels.go:45.25,52.4 1 0
github.com/gkbiswas/hotel-reviews-microservice/internal/infrastructure/alert_channels.go:53.43,62.4 1 0
github.com/gkbiswas/hotel-reviews-microservice/internal/infrastructure/alert_channels.go:65.2,65.12 1 0
github.com/gkbiswas/hotel-reviews-microservice/internal/infrastructure/alert_channels.go:69.46,71.2 1 0
github.com/gkbiswas/hotel-reviews-microservice/internal/infrastructure/alert_channels.go:74.49,76.2 1 0
github.com/gkbiswas/hotel-reviews-microservice/internal/infrastructure/alert_channels.go:79.57,81.2 1 0
github.com/gkbiswas/hotel-reviews-microservice/internal/infrastructure/alert_channels.go:107.90,121.2 2 0
github.com/gkbiswas/hotel-reviews-microservice/internal/infrastructure/alert_channels.go:124.77,125.18 1 0
github.com/gkbiswas/hotel-reviews-microservice/internal/infrastructure/alert_channels.go:125.18,127.3 1 0
github.com/gkbiswas/hotel-reviews-microservice/internal/infrastructure/alert_channels.go:130.2,140.56 7 0
github.com/gkbiswas/hotel-reviews-microservice/internal/infrastructure/alert_channels.go:140.56,146.3 2 0
github.com/gkbiswas/hotel-reviews-microservice/internal/infrastructure/alert_channels.go:148.2,153.12 2 0
github.com/gkbiswas/hotel-reviews-microservice/internal/infrastructure/alert_channels.go:157.68,167.28 8 0
github.com/gkbiswas/hotel-reviews-microservice/internal/infrastructure/alert_channels.go:167.28,170.41 3 0
github.com/gkbiswas/hotel-reviews-microservice/internal/infrastructure/alert_channels.go:170.41,172.4 1 0
github.com/gkbiswas/hotel-reviews-microservice/internal/infrastructure/alert_channels.go:173.3,173.28 1 0
github.com/gkbiswas/hotel-reviews-microservice/internal/infrastructure/alert_channels.go:176.2,176.28 1 0
github.com/gkbiswas/hotel-reviews-microservice/internal/infrastructure/alert_channels.go:176.28,179.40 3 0
github.com/gkbiswas/hotel-reviews-microservice/internal/infrastructure/alert_channels.go:179.40,181.4 1 0
github.com/gkbiswas/hotel-reviews-microservice/internal/infrastructure/alert_channels.go:182.3,182.28 1 0
github.com/gkbiswas/hotel-reviews-microservice/internal/infrastructure/alert_channels.go:185.2,185.25 1 0
github.com/gkbiswas/hotel-reviews-microservice/internal/infrastructure/alert_channels.go:185.25,187.3 1 0
github.com/gkbiswas/hotel-reviews-microservice/internal/infrastructure/alert_channels.go:189.2,191.22 2 0
github.com/gkbiswas/hotel-reviews-microservice/internal/infrastructure/alert_channels.go:195.45,197.2 1 0
github.com/gkbiswas/hotel-reviews-microservice/internal/infrastructure/alert_channels.go:200.48,202.2 1 0
github.com/gkbiswas/hotel-reviews-microservice/internal/infrastructure/alert_channels.go:205.56,207.2 1 0
github.com/gkbiswas/hotel-reviews-microservice/internal/infrastructure/alert_channels.go:228.96,229.25 1 0
github.com/gkbiswas/hotel-reviews-microservice/internal/infrastructure/alert_channels.go:229.25,231.3 1 0
github.com/gkbiswas/hotel-reviews-microservice/internal/infrastructure/alert_channels.go:233.2,233.25 1 0
github.com/gkbiswas/hotel-reviews-microservice/internal/infrastructure/alert_channels.go:233.25,235.3 1 0
github.com/gkbiswas/hotel-reviews-microservice/internal/infrastructure/alert_channels.go:237.2,248.3 2 0
github.com/gkbiswas/hotel-reviews-microservice/internal/infrastructure/alert_channels.go:252.79,253.18 1 0
github.com/gkbiswas/hotel-reviews-microservice/internal/infrastructure/alert_channels.go:253.18,255.3 1 0
github.com/gkbiswas/hotel-reviews-microservice/internal/infrastructure/alert_channels.go:258.2,266.16 3 0
github.com/gkbiswas/hotel-reviews-microservice/internal/infrastructure/alert_channels.go:266.16,272.3 2 0
github.com/gkbiswas/hotel-reviews-microservice/internal/infrastructure/alert_channels.go:275.2,276.16 2 0
github.com/gkbiswas/hotel-reviews-microservice/internal/infrastructure/alert_channels.go:276.16,282.3 2 0
github.com/gkbiswas/hotel-reviews-microservice/internal/infrastructure/alert_channels.go:285.2,286.38 2 0
github.com/gkbiswas/hotel-reviews-microservice/internal/infrastructure/alert_channels.go:286.38,288.3 1 0
github.com/gkbiswas/hotel-reviews-microservice/internal/infrastructure/alert_channels.go:291.2,292.16 2 0
github.com/gkbiswas/hotel-reviews-microservice/internal/infrastructure/alert_channels.go:292.16,299.3 2 0
github.com/gkbiswas/hotel-reviews-microservice/internal/infrastructure/alert_channels.go:300.2,303.28 2 0
github.com/gkbiswas/hotel-reviews-microservice/internal/infrastructure/alert_channels.go:303.28,310.3 2 0
github.com/gkbiswas/hotel-reviews-microservice/internal/infrastructure/alert_channels.go:312.2,318.12 2 0
github.com/gkbiswas/hotel-reviews-microservice/internal/infrastructure/alert_channels.go:322.47,324.2 1 0
github.com/gkbiswas/hotel-reviews-microservice/internal/infrastructure/alert_channels.go:327.50,329.2 1 0
github.com/gkbiswas/hotel-reviews-microservice/internal/infrastructure/alert_channels.go:332.58,334.2 1 0
github.com/gkbiswas/hotel-reviews-microservice/internal/infrastructure/alert_channels.go:355.90,356.27 1 0
github.com/gkbiswas/hotel-reviews-microservice/internal/infrastructure/alert_channels.go:356.27,358.3 1 0
github.com/gkbiswas/hotel-reviews-microservice/internal/infrastructure/alert_channels.go:360.2,360.25 1 0
github.com/gkbiswas/hotel-reviews-microservice/internal/infrastructure/alert_channels.go:360.25,362.3 1 0
github.com/gkbiswas/hotel-reviews-microservice/internal/infrastructure/alert_channels.go:364.2,375.3 2 0
github.com/gkbiswas/hotel-reviews-microservice/internal/infrastructure/alert_channels.go:379.77,380.18 1 0
github.com/gkbiswas/hotel-reviews-microservice/internal/infrastructure/alert_channels.go:380.18,382.3 1 0
github.com/gkbiswas/hotel-reviews-microservice/internal/infrastructure/alert_channels.go:385.2,389.16 3 0
github.com/gkbiswas/hotel-reviews-microservice/internal/infrastructure/alert_channels.go:389.16,395.3 2 0
github.com/gkbiswas/hotel-reviews-microservice/internal/infrastructure/alert_channels.go:398.2,399.16 2 0
github.com/gkbiswas/hotel-reviews-microservice/internal/infrastructure/alert_channels.go:399.16,405.3 2 0
github.com/gkbiswas/hotel-reviews-microservice/internal/infrastructure/alert_channels.go:407.2,411.16 3 0
github.com/gkbiswas/hotel-reviews-microservice/internal/infrastructure/alert_channels.go:411.16,417.3 2 0
github.com/gkbiswas/hotel-reviews-microservice/internal/infrastructure/alert_channels.go:418.2,421.28 2 0
github.com/gkbiswas/hotel-reviews-microservice/internal/infrastructure/alert_channels.go:421.28,427.3 2 0
github.com/gkbiswas/hotel-reviews-microservice/internal/infrastructure/alert_channels.go:429.2,434.12 2 0
github.com/gkbiswas/hotel-reviews-microservice/internal/infrastructure/alert_channels.go:438.87,441.21 2 0
github.com/gkbiswas/hotel-reviews-microservice/internal/infrastructure/alert_channels.go:442.25,443.20 1 0
github.com/gkbiswas/hotel-reviews-microservice/internal/infrastructure/alert_channels.go:444.23,445.19 1 0
github.com/gkbiswas/hotel-reviews-microservice/internal/infrastructure/alert_channels.go:446.26,447.19 1 0
github.com/gkbiswas/hotel-reviews-microservice/internal/infrastructure/alert_channels.go:451.2,481.28 2 0
github.com/gkbiswas/hotel-reviews-microservice/internal/infrastructure/alert_channels.go:481.28,488.3 2 0
github.com/gkbiswas/hotel-reviews-microservice/internal/infrastructure/alert_channels.go:491.2,491.25 1 0
github.com/gkbiswas/hotel-reviews-microservice/internal/infrastructure/alert_channels.go:491.25,499.3 1 0
github.com/gkbiswas/hotel-reviews-microservice/internal/infrastructure/alert_channels.go:502.2,507.23 2 0
github.com/gkbiswas/hotel-reviews-microservice/internal/infrastructure/alert_channels.go:507.23,509.3 1 0
github.com/gkbiswas/hotel-reviews-microservice/internal/infrastructure/alert_channels.go:511.2,511.16 1 0
github.com/gkbiswas/hotel-reviews-microservice/internal/infrastructure/alert_channels.go:515.45,517.2 1 0
github.com/gkbiswas/hotel-reviews-microservice/internal/infrastructure/alert_channels.go:520.48,522.2 1 0
github.com/gkbiswas/hotel-reviews-microservice/internal/infrastructure/alert_channels.go:525.56,527.2 1 0
github.com/gkbiswas/hotel-reviews-microservice/internal/infrastructure/alert_channels.go:536.73,541.2 1 0
github.com/gkbiswas/hotel-reviews-microservice/internal/infrastructure/alert_channels.go:544.79,545.18 1 0
github.com/gkbiswas/hotel-reviews-microservice/internal/infrastructure/alert_channels.go:545.18,547.3 1 0
github.com/gkbiswas/hotel-reviews-microservice/internal/infrastructure/alert_channels.go:550.2,555.12 3 0
github.com/gkbiswas/hotel-reviews-microservice/internal/infrastructure/alert_channels.go:559.74,573.28 9 0
github.com/gkbiswas/hotel-reviews-microservice/internal/infrastructure/alert_channels.go:573.28,575.41 2 0
github.com/gkbiswas/hotel-reviews-microservice/internal/infrastructure/alert_channels.go:575.41,577.4 1 0
github.com/gkbiswas/hotel-reviews-microservice/internal/infrastructure/alert_channels.go:580.2,580.28 1 0
github.com/gkbiswas/hotel-reviews-microservice/internal/infrastructure/alert_channels.go:580.28,582.40 2 0
github.com/gkbiswas/hotel-reviews-microservice/internal/infrastructure/alert_channels.go:582.40,584.4 1 0
github.com/gkbiswas/hotel-reviews-microservice/internal/infrastructure/alert_channels.go:587.2,587.25 1 0
github.com/gkbiswas/hotel-reviews-microservice/internal/infrastructure/alert_channels.go:587.25,589.3 1 0
github.com/gkbiswas/hotel-reviews-microservice/internal/infrastructure/alert_channels.go:591.2,593.24 2 0
github.com/gkbiswas/hotel-reviews-microservice/internal/infrastructure/alert_channels.go:597.47,599.2 1 0
github.com/gkbiswas/hotel-reviews-microservice/internal/infrastructure/alert_channels.go:602.50,604.2 1 0
github.com/gkbiswas/hotel-reviews-microservice/internal/infrastructure/alert_channels.go:607.58,609.2 1 0
github.com/gkbiswas/hotel-reviews-microservice/internal/infrastructure/alert_channels.go:612.41,614.2 1 0
github.com/gkbiswas/hotel-reviews-microservice/internal/infrastructure/async_processor.go:30.121,41.2 2 18
github.com/gkbiswas/hotel-reviews-microservice/internal/infrastructure/async_processor.go:44.86,48.2 3 22
github.com/gkbiswas/hotel-reviews-microservice/internal/infrastructure/async_processor.go:51.53,52.37 1 0
github.com/gkbiswas/hotel-reviews-microservice/internal/infrastructure/async_processor.go:52.37,55.3 2 0
github.com/gkbiswas/hotel-reviews-microservice/internal/infrastructure/async_processor.go:59.58,64.12 3 5
github.com/gkbiswas/hotel-reviews-microservice/internal/infrastructure/async_processor.go:64.12,67.3 2 5
github.com/gkbiswas/hotel-reviews-microservice/internal/infrastructure/async_processor.go:69.2,69.9 1 5
github.com/gkbiswas/hotel-reviews-microservice/internal/infrastructure/async_processor.go:70.14,71.13 1 5
github.com/gkbiswas/hotel-reviews-microservice/internal/infrastructure/async_processor.go:72.20,73.19 1 0
github.com/gkbiswas/hotel-reviews-microservice/internal/infrastructure/async_processor.go:78.106,84.16 2 0
github.com/gkbiswas/hotel-reviews-microservice/internal/infrastructure/async_processor.go:84.16,86.3 1 0
github.com/gkbiswas/hotel-reviews-microservice/internal/infrastructure/async_processor.go:88.2,94.16 3 0
github.com/gkbiswas/hotel-reviews-microservice/internal/infrastructure/async_processor.go:94.16,96.3 1 0
github.com/gkbiswas/hotel-reviews-microservice/internal/infrastructure/async_processor.go:98.2,98.12 1 0
github.com/gkbiswas/hotel-reviews-microservice/internal/infrastructure/async_processor.go:102.41,105.6 2 0
github.com/gkbiswas/hotel-reviews-microservice/internal/infrastructure/async_processor.go:105.6,106.10 1 0
github.com/gkbiswas/hotel-reviews-microservice/internal/infrastructure/async_processor.go:107.23,108.10 1 0
github.com/gkbiswas/hotel-reviews-microservice/internal/infrastructure/async_processor.go:109.11,111.18 2 0
github.com/gkbiswas/hotel-reviews-microservice/internal/infrastructure/async_processor.go:111.18,112.32 1 0
github.com/gkbiswas/hotel-reviews-microservice/internal/infrastructure/async_processor.go:112.32,114.6 1 0
github.com/gkbiswas/hotel-reviews-microservice/internal/infrastructure/async_processor.go:116.5,116.13 1 0
github.com/gkbiswas/hotel-reviews-microservice/internal/infrastructure/async_processor.go:120.4,120.29 1 0
github.com/gkbiswas/hotel-reviews-microservice/internal/infrastructure/async_processor.go:126.64,128.64 2 0
github.com/gkbiswas/hotel-reviews-microservice/internal/infrastructure/async_processor.go:128.64,131.3 1 0
github.com/gkbiswas/hotel-reviews-microservice/internal/infrastructure/async_processor.go:133.2,134.9 2 0
github.com/gkbiswas/hotel-reviews-microservice/internal/infrastructure/async_processor.go:134.9,137.3 1 0
github.com/gkbiswas/hotel-reviews-microservice/internal/infrastructure/async_processor.go:139.2,143.13 4 0
github.com/gkbiswas/hotel-reviews-microservice/internal/infrastructure/async_processor.go:143.13,146.3 1 0
github.com/gkbiswas/hotel-reviews-microservice/internal/infrastructure/async_processor.go:149.2,149.54 1 0
github.com/gkbiswas/hotel-reviews-microservice/internal/infrastructure/async_processor.go:149.55,152.3 0 0
github.com/gkbiswas/hotel-reviews-microservice/internal/infrastructure/async_processor.go:156.94,161.2 1 0
github.com/gkbiswas/hotel-reviews-microservice/internal/infrastructure/async_processor.go:164.104,170.2 1 0
github.com/gkbiswas/hotel-reviews-microservice/internal/infrastructure/async_processor.go:173.93,178.2 1 0
github.com/gkbiswas/hotel-reviews-microservice/internal/infrastructure/auth.go:53.114,61.2 1 0
github.com/gkbiswas/hotel-reviews-microservice/internal/infrastructure/auth.go:64.98,65.84 1 0
github.com/gkbiswas/hotel-reviews-microservice/internal/infrastructure/auth.go:65.84,67.3 1 0
github.com/gkbiswas/hotel-reviews-microservice/internal/infrastructure/auth.go:71.99,72.85 1 0
github.com/gkbiswas/hotel-reviews-microservice/internal/infrastructure/auth.go:72.85,74.3 1 0
github.com/gkbiswas/hotel-reviews-microservice/internal/infrastructure/auth.go:78.110,79.104 1 0
github.com/gkbiswas/hotel-reviews-microservice/internal/infrastructure/auth.go:79.104,81.3 1 0
github.com/gkbiswas/hotel-reviews-microservice/internal/infrastructure/auth.go:85.111,86.105 1 0
github.com/gkbiswas/hotel-reviews-microservice/internal/infrastructure/auth.go:86.105,88.3 1 0
github.com/gkbiswas/hotel-reviews-microservice/internal/infrastructure/auth.go:92.106,94.16 2 0
github.com/gkbiswas/hotel-reviews-microservice/internal/infrastructure/auth.go:94.16,96.3 1 0
github.com/gkbiswas/hotel-reviews-microservice/internal/infrastructure/auth.go:98.2,104.18 2 0
github.com/gkbiswas/hotel-reviews-microservice/internal/infrastructure/auth.go:108.111,135.16 5 0
github.com/gkbiswas/hotel-reviews-microservice/internal/infrastructure/auth.go:135.16,137.3 1 0
github.com/gkbiswas/hotel-reviews-microservice/internal/infrastructure/auth.go:139.2,139.25 1 0
github.com/gkbiswas/hotel-reviews-microservice/internal/infrastructure/auth.go:143.97,144.83 1 0
github.com/gkbiswas/hotel-reviews-microservice/internal/infrastructure/auth.go:144.83,145.58 1 0
github.com/gkbiswas/hotel-reviews-microservice/internal/infrastructure/auth.go:145.58,147.4 1 0
github.com/gkbiswas/hotel-reviews-microservice/internal/infrastructure/auth.go:148.3,148.34 1 0
github.com/gkbiswas/hotel-reviews-microservice/internal/infrastructure/auth.go:151.2,151.16 1 0
github.com/gkbiswas/hotel-reviews-microservice/internal/infrastructure/auth.go:151.16,153.3 1 0
github.com/gkbiswas/hotel-reviews-microservice/internal/infrastructure/auth.go:155.2,155.18 1 0
github.com/gkbiswas/hotel-reviews-microservice/internal/infrastructure/auth.go:155.18,157.3 1 0
github.com/gkbiswas/hotel-reviews-microservice/internal/infrastructure/auth.go:159.2,160.9 2 0
github.com/gkbiswas/hotel-reviews-microservice/internal/infrastructure/auth.go:160.9,162.3 1 0
github.com/gkbiswas/hotel-reviews-microservice/internal/infrastructure/auth.go:164.2,165.38 2 0
github.com/gkbiswas/hotel-reviews-microservice/internal/infrastructure/auth.go:165.38,167.3 1 0
github.com/gkbiswas/hotel-reviews-microservice/internal/infrastructure/auth.go:169.2,170.16 2 0
github.com/gkbiswas/hotel-reviews-microservice/internal/infrastructure/auth.go:170.16,172.3 1 0
github.com/gkbiswas/hotel-reviews-microservice/internal/infrastructure/auth.go:174.2,186.23 2 0
github.com/gkbiswas/hotel-reviews-microservice/internal/infrastructure/auth.go:190.69,192.29 2 0
github.com/gkbiswas/hotel-reviews-microservice/internal/infrastructure/auth.go:192.29,194.3 1 0
github.com/gkbiswas/hotel-reviews-microservice/internal/infrastructure/auth.go:195.2,195.18 1 0
github.com/gkbiswas/hotel-reviews-microservice/internal/infrastructure/auth.go:199.82,200.27 1 0
github.com/gkbiswas/hotel-reviews-microservice/internal/infrastructure/auth.go:200.27,202.3 1 0
github.com/gkbiswas/hotel-reviews-microservice/internal/infrastructure/auth.go:204.2,204.40 1 0
github.com/gkbiswas/hotel-reviews-microservice/internal/infrastructure/auth.go:205.21,207.30 2 0
github.com/gkbiswas/hotel-reviews-microservice/internal/infrastructure/auth.go:207.30,209.4 1 0
github.com/gkbiswas/hotel-reviews-microservice/internal/infrastructure/auth.go:210.3,210.19 1 0
github.com/gkbiswas/hotel-reviews-microservice/internal/infrastructure/auth.go:211.16,212.15 1 0
github.com/gkbiswas/hotel-reviews-microservice/internal/infrastructure/auth.go:213.10,214.20 1 0
github.com/gkbiswas/hotel-reviews-microservice/internal/infrastructure/auth.go:219.126,220.29 1 0
github.com/gkbiswas/hotel-reviews-microservice/internal/infrastructure/auth.go:220.29,221.95 1 0
github.com/gkbiswas/hotel-reviews-microservice/internal/infrastructure/auth.go:221.95,222.29 1 0
github.com/gkbiswas/hotel-reviews-microservice/internal/infrastructure/auth.go:222.29,223.100 1 0
github.com/gkbiswas/hotel-reviews-microservice/internal/infrastructure/auth.go:223.100,225.6 1 0
github.com/gkbiswas/hotel-reviews-microservice/internal/infrastructure/auth.go:227.4,227.15 1 0
github.com/gkbiswas/hotel-reviews-microservice/internal/infrastructure/auth.go:229.3,229.17 1 0
github.com/gkbiswas/hotel-reviews-microservice/internal/infrastructure/auth.go:229.17,231.4 1 0
github.com/gkbiswas/hotel-reviews-microservice/internal/infrastructure/auth.go:232.3,232.30 1 0
github.com/gkbiswas/hotel-reviews-microservice/internal/infrastructure/auth.go:235.2,235.27 1 0
github.com/gkbiswas/hotel-reviews-microservice/internal/infrastructure/auth.go:235.27,236.106 1 0
github.com/gkbiswas/hotel-reviews-microservice/internal/infrastructure/auth.go:236.106,238.4 1 0
github.com/gkbiswas/hotel-reviews-microservice/internal/infrastructure/auth.go:239.3,239.17 1 0
github.com/gkbiswas/hotel-reviews-microservice/internal/infrastructure/auth.go:239.17,241.4 1 0
github.com/gkbiswas/hotel-reviews-microservice/internal/infrastructure/auth.go:242.3,242.30 1 0
github.com/gkbiswas/hotel-reviews-microservice/internal/infrastructure/auth.go:245.2,245.13 1 0
github.com/gkbiswas/hotel-reviews-microservice/internal/infrastructure/auth.go:249.157,250.29 1 0
github.com/gkbiswas/hotel-reviews-microservice/internal/infrastructure/auth.go:250.29,251.95 1 0
github.com/gkbiswas/hotel-reviews-microservice/internal/infrastructure/auth.go:251.95,252.29 1 0
github.com/gkbiswas/hotel-reviews-microservice/internal/infrastructure/auth.go:252.29,253.100 1 0
github.com/gkbiswas/hotel-reviews-microservice/internal/infrastructure/auth.go:253.100,255.6 1 0
github.com/gkbiswas/hotel-reviews-microservice/internal/infrastructure/auth.go:257.4,257.15 1 0
github.com/gkbiswas/hotel-reviews-microservice/internal/infrastructure/auth.go:259.3,259.17 1 0
github.com/gkbiswas/hotel-reviews-microservice/internal/infrastructure/auth.go:259.17,261.4 1 0
github.com/gkbiswas/hotel-reviews-microservice/internal/infrastructure/auth.go:262.3,262.41 1 0
github.com/gkbiswas/hotel-reviews-microservice/internal/infrastructure/auth.go:265.2,265.27 1 0
github.com/gkbiswas/hotel-reviews-microservice/internal/infrastructure/auth.go:265.27,266.106 1 0
github.com/gkbiswas/hotel-reviews-microservice/internal/infrastructure/auth.go:266.106,268.4 1 0
github.com/gkbiswas/hotel-reviews-microservice/internal/infrastructure/auth.go:269.3,269.17 1 0
github.com/gkbiswas/hotel-reviews-microservice/internal/infrastructure/auth.go:269.17,271.4 1 0
github.com/gkbiswas/hotel-reviews-microservice/internal/infrastructure/auth.go:272.3,272.41 1 0
github.com/gkbiswas/hotel-reviews-microservice/internal/infrastructure/auth.go:275.2,275.13 1 0
github.com/gkbiswas/hotel-reviews-microservice/internal/infrastructure/auth.go:284.63,288.2 1 0
github.com/gkbiswas/hotel-reviews-microservice/internal/infrastructure/auth.go:291.73,292.61 1 0
github.com/gkbiswas/hotel-reviews-microservice/internal/infrastructure/auth.go:292.61,294.3 1 0
github.com/gkbiswas/hotel-reviews-microservice/internal/infrastructure/auth.go:296.2,297.16 2 0
github.com/gkbiswas/hotel-reviews-microservice/internal/infrastructure/auth.go:297.16,299.3 1 0
github.com/gkbiswas/hotel-reviews-microservice/internal/infrastructure/auth.go:301.2,301.26 1 0
github.com/gkbiswas/hotel-reviews-microservice/internal/infrastructure/auth.go:305.82,307.16 2 0
github.com/gkbiswas/hotel-reviews-microservice/internal/infrastructure/auth.go:307.16,309.3 1 0
github.com/gkbiswas/hotel-reviews-microservice/internal/infrastructure/auth.go:310.2,310.12 1 0
github.com/gkbiswas/hotel-reviews-microservice/internal/infrastructure/auth.go:314.78,315.32 1 0
github.com/gkbiswas/hotel-reviews-microservice/internal/infrastructure/auth.go:315.32,317.3 1 0
github.com/gkbiswas/hotel-reviews-microservice/internal/infrastructure/auth.go:318.2,318.32 1 0
github.com/gkbiswas/hotel-reviews-microservice/internal/infrastructure/auth.go:318.32,320.3 1 0
github.com/gkbiswas/hotel-reviews-microservice/internal/infrastructure/auth.go:322.2,324.19 3 0
github.com/gkbiswas/hotel-reviews-microservice/internal/infrastructure/auth.go:324.19,327.17 3 0
github.com/gkbiswas/hotel-reviews-microservice/internal/infrastructure/auth.go:327.17,329.4 1 0
github.com/gkbiswas/hotel-reviews-microservice/internal/infrastructure/auth.go:330.3,330.52 1 0
github.com/gkbiswas/hotel-reviews-microservice/internal/infrastructure/auth.go:333.2,333.23 1 0
github.com/gkbiswas/hotel-reviews-microservice/internal/infrastructure/auth.go:337.75,338.39 1 0
github.com/gkbiswas/hotel-reviews-microservice/internal/infrastructure/auth.go:338.39,340.3 1 0
github.com/gkbiswas/hotel-reviews-microservice/internal/infrastructure/auth.go:342.2,342.39 1 0
github.com/gkbiswas/hotel-reviews-microservice/internal/infrastructure/auth.go:342.39,344.3 1 0
github.com/gkbiswas/hotel-reviews-microservice/internal/infrastructure/auth.go:346.2,347.32 2 0
github.com/gkbiswas/hotel-reviews-microservice/internal/infrastructure/auth.go:347.32,348.10 1 0
github.com/gkbiswas/hotel-reviews-microservice/internal/infrastructure/auth.go:349.35,350.19 1 0
github.com/gkbiswas/hotel-reviews-microservice/internal/infrastructure/auth.go:351.35,352.19 1 0
github.com/gkbiswas/hotel-reviews-microservice/internal/infrastructure/auth.go:353.35,354.19 1 0
github.com/gkbiswas/hotel-reviews-microservice/internal/infrastructure/auth.go:355.65,356.21 1 0
github.com/gkbiswas/hotel-reviews-microservice/internal/infrastructure/auth.go:360.2,360.15 1 0
github.com/gkbiswas/hotel-reviews-microservice/internal/infrastructure/auth.go:360.15,362.3 1 0
github.com/gkbiswas/hotel-reviews-microservice/internal/infrastructure/auth.go:363.2,363.15 1 0
github.com/gkbiswas/hotel-reviews-microservice/internal/infrastructure/auth.go:363.15,365.3 1 0
github.com/gkbiswas/hotel-reviews-microservice/internal/infrastructure/auth.go:366.2,366.15 1 0
github.com/gkbiswas/hotel-reviews-microservice/internal/infrastructure/auth.go:366.15,368.3 1 0
github.com/gkbiswas/hotel-reviews-microservice/internal/infrastructure/auth.go:369.2,369.17 1 0
github.com/gkbiswas/hotel-reviews-microservice/internal/infrastructure/auth.go:369.17,371.3 1 0
github.com/gkbiswas/hotel-reviews-microservice/internal/infrastructure/auth.go:373.2,373.12 1 0
github.com/gkbiswas/hotel-reviews-microservice/internal/infrastructure/auth.go:385.115,392.2 1 0
github.com/gkbiswas/hotel-reviews-microservice/internal/infrastructure/auth.go:395.83,396.68 1 0
github.com/gkbiswas/hotel-reviews-microservice/internal/infrastructure/auth.go:396.68,398.3 1 0
github.com/gkbiswas/hotel-reviews-microservice/internal/infrastructure/auth.go:402.95,404.69 2 0
github.com/gkbiswas/hotel-reviews-microservice/internal/infrastructure/auth.go:404.69,406.3 1 0
github.com/gkbiswas/hotel-reviews-microservice/internal/infrastructure/auth.go:407.2,407.16 1 0
github.com/gkbiswas/hotel-reviews-microservice/internal/infrastructure/auth.go:407.16,409.3 1 0
github.com/gkbiswas/hotel-reviews-microservice/internal/infrastructure/auth.go:410.2,410.19 1 0
github.com/gkbiswas/hotel-reviews-microservice/internal/infrastructure/auth.go:414.98,416.72 2 0
github.com/gkbiswas/hotel-reviews-microservice/internal/infrastructure/auth.go:416.72,418.3 1 0
github.com/gkbiswas/hotel-reviews-microservice/internal/infrastructure/auth.go:419.2,419.16 1 0
github.com/gkbiswas/hotel-reviews-microservice/internal/infrastructure/auth.go:419.16,421.3 1 0
github.com/gkbiswas/hotel-reviews-microservice/internal/infrastructure/auth.go:422.2,422.19 1 0
github.com/gkbiswas/hotel-reviews-microservice/internal/infrastructure/auth.go:426.104,428.75 2 0
github.com/gkbiswas/hotel-reviews-microservice/internal/infrastructure/auth.go:428.75,430.3 1 0
github.com/gkbiswas/hotel-reviews-microservice/internal/infrastructure/auth.go:431.2,431.16 1 0
github.com/gkbiswas/hotel-reviews-microservice/internal/infrastructure/auth.go:431.16,433.3 1 0
github.com/gkbiswas/hotel-reviews-microservice/internal/infrastructure/auth.go:434.2,434.19 1 0
github.com/gkbiswas/hotel-reviews-microservice/internal/infrastructure/auth.go:438.83,439.68 1 0
github.com/gkbiswas/hotel-reviews-microservice/internal/infrastructure/auth.go:439.68,441.3 1 0
github.com/gkbiswas/hotel-reviews-microservice/internal/infrastructure/auth.go:445.78,446.68 1 0
github.com/gkbiswas/hotel-reviews-microservice/internal/infrastructure/auth.go:446.68,448.3 1 0
github.com/gkbiswas/hotel-reviews-microservice/internal/infrastructure/auth.go:452.99,454.67 2 0
github.com/gkbiswas/hotel-reviews-microservice/internal/infrastructure/auth.go:454.67,456.3 1 0
github.com/gkbiswas/hotel-reviews-microservice/internal/infrastructure/auth.go:457.2,457.16 1 0
github.com/gkbiswas/hotel-reviews-microservice/internal/infrastructure/auth.go:457.16,459.3 1 0
github.com/gkbiswas/hotel-reviews-microservice/internal/infrastructure/auth.go:460.2,460.19 1 0
github.com/gkbiswas/hotel-reviews-microservice/internal/infrastructure/auth.go:464.91,466.77 2 0
github.com/gkbiswas/hotel-reviews-microservice/internal/infrastructure/auth.go:466.77,468.3 1 0
github.com/gkbiswas/hotel-reviews-microservice/internal/infrastructure/auth.go:472.95,473.81 1 0
github.com/gkbiswas/hotel-reviews-microservice/internal/infrastructure/auth.go:473.81,475.3 1 0
github.com/gkbiswas/hotel-reviews-microservice/internal/infrastructure/auth.go:479.91,480.77 1 0
github.com/gkbiswas/hotel-reviews-microservice/internal/infrastructure/auth.go:480.77,485.3 1 0
github.com/gkbiswas/hotel-reviews-microservice/internal/infrastructure/auth.go:489.97,490.66 1 0
github.com/gkbiswas/hotel-reviews-microservice/internal/infrastructure/auth.go:490.66,492.3 1 0
github.com/gkbiswas/hotel-reviews-microservice/internal/infrastructure/auth.go:496.92,497.71 1 0
github.com/gkbiswas/hotel-reviews-microservice/internal/infrastructure/auth.go:497.71,499.3 1 0
github.com/gkbiswas/hotel-reviews-microservice/internal/infrastructure/auth.go:503.116,505.81 2 0
github.com/gkbiswas/hotel-reviews-microservice/internal/infrastructure/auth.go:505.81,507.3 1 0
github.com/gkbiswas/hotel-reviews-microservice/internal/infrastructure/auth.go:508.2,508.16 1 0
github.com/gkbiswas/hotel-reviews-microservice/internal/infrastructure/auth.go:508.16,510.3 1 0
github.com/gkbiswas/hotel-reviews-microservice/internal/infrastructure/auth.go:511.2,511.22 1 0
github.com/gkbiswas/hotel-reviews-microservice/internal/infrastructure/auth.go:515.118,517.82 2 0
github.com/gkbiswas/hotel-reviews-microservice/internal/infrastructure/auth.go:517.82,519.3 1 0
github.com/gkbiswas/hotel-reviews-microservice/internal/infrastructure/auth.go:520.2,520.16 1 0
github.com/gkbiswas/hotel-reviews-microservice/internal/infrastructure/auth.go:520.16,522.3 1 0
github.com/gkbiswas/hotel-reviews-microservice/internal/infrastructure/auth.go:523.2,523.22 1 0
github.com/gkbiswas/hotel-reviews-microservice/internal/infrastructure/auth.go:527.92,528.71 1 0
github.com/gkbiswas/hotel-reviews-microservice/internal/infrastructure/auth.go:528.71,530.3 1 0
github.com/gkbiswas/hotel-reviews-microservice/internal/infrastructure/auth.go:534.81,535.71 1 0
github.com/gkbiswas/hotel-reviews-microservice/internal/infrastructure/auth.go:535.71,537.3 1 0
github.com/gkbiswas/hotel-reviews-microservice/internal/infrastructure/auth.go:541.90,542.76 1 0
github.com/gkbiswas/hotel-reviews-microservice/internal/infrastructure/auth.go:542.76,544.3 1 0
github.com/gkbiswas/hotel-reviews-microservice/internal/infrastructure/auth.go:548.76,549.80 1 0
github.com/gkbiswas/hotel-reviews-microservice/internal/infrastructure/auth.go:549.80,551.3 1 0
github.com/gkbiswas/hotel-reviews-microservice/internal/infrastructure/auth.go:555.89,556.70 1 0
github.com/gkbiswas/hotel-reviews-microservice/internal/infrastructure/auth.go:556.70,558.3 1 0
github.com/gkbiswas/hotel-reviews-microservice/internal/infrastructure/auth.go:562.98,564.72 2 0
github.com/gkbiswas/hotel-reviews-microservice/internal/infrastructure/auth.go:564.72,566.3 1 0
github.com/gkbiswas/hotel-reviews-microservice/internal/infrastructure/auth.go:567.2,567.16 1 0
github.com/gkbiswas/hotel-reviews-microservice/internal/infrastructure/auth.go:567.16,569.3 1 0
github.com/gkbiswas/hotel-reviews-microservice/internal/infrastructure/auth.go:570.2,570.21 1 0
github.com/gkbiswas/hotel-reviews-microservice/internal/infrastructure/auth.go:574.91,576.75 2 0
github.com/gkbiswas/hotel-reviews-microservice/internal/infrastructure/auth.go:576.75,581.3 1 0
github.com/gkbiswas/hotel-reviews-microservice/internal/infrastructure/auth.go:585.102,586.76 1 0
github.com/gkbiswas/hotel-reviews-microservice/internal/infrastructure/auth.go:586.76,588.3 1 0
github.com/gkbiswas/hotel-reviews-microservice/internal/infrastructure/auth.go:592.144,594.74 2 0
github.com/gkbiswas/hotel-reviews-microservice/internal/infrastructure/auth.go:594.74,596.3 1 0
github.com/gkbiswas/hotel-reviews-microservice/internal/infrastructure/auth.go:597.2,597.16 1 0
github.com/gkbiswas/hotel-reviews-microservice/internal/infrastructure/auth.go:597.16,599.3 1 0
github.com/gkbiswas/hotel-reviews-microservice/internal/infrastructure/auth.go:600.2,600.22 1 0
github.com/gkbiswas/hotel-reviews-microservice/internal/infrastructure/auth.go:604.95,605.72 1 0
github.com/gkbiswas/hotel-reviews-microservice/internal/infrastructure/auth.go:605.72,607.3 1 0
github.com/gkbiswas/hotel-reviews-microservice/internal/infrastructure/auth.go:611.113,613.76 2 0
github.com/gkbiswas/hotel-reviews-microservice/internal/infrastructure/auth.go:613.76,620.3 1 0
github.com/gkbiswas/hotel-reviews-microservice/internal/infrastructure/auth.go:621.2,621.16 1 0
github.com/gkbiswas/hotel-reviews-microservice/internal/infrastructure/auth.go:621.16,623.3 1 0
github.com/gkbiswas/hotel-reviews-microservice/internal/infrastructure/auth.go:624.2,624.25 1 0
github.com/gkbiswas/hotel-reviews-microservice/internal/infrastructure/auth.go:630.83,631.68 1 0
github.com/gkbiswas/hotel-reviews-microservice/internal/infrastructure/auth.go:631.68,633.3 1 0
github.com/gkbiswas/hotel-reviews-microservice/internal/infrastructure/auth.go:637.95,639.69 2 0
github.com/gkbiswas/hotel-reviews-microservice/internal/infrastructure/auth.go:639.69,641.3 1 0
github.com/gkbiswas/hotel-reviews-microservice/internal/infrastructure/auth.go:642.2,642.16 1 0
github.com/gkbiswas/hotel-reviews-microservice/internal/infrastructure/auth.go:642.16,644.3 1 0
github.com/gkbiswas/hotel-reviews-microservice/internal/infrastructure/auth.go:645.2,645.19 1 0
github.com/gkbiswas/hotel-reviews-microservice/internal/infrastructure/auth.go:649.96,651.71 2 0
github.com/gkbiswas/hotel-reviews-microservice/internal/infrastructure/auth.go:651.71,653.3 1 0
github.com/gkbiswas/hotel-reviews-microservice/internal/infrastructure/auth.go:654.2,654.16 1 0
github.com/gkbiswas/hotel-reviews-microservice/internal/infrastructure/auth.go:654.16,656.3 1 0
github.com/gkbiswas/hotel-reviews-microservice/internal/infrastructure/auth.go:657.2,657.19 1 0
github.com/gkbiswas/hotel-reviews-microservice/internal/infrastructure/auth.go:661.83,662.68 1 0
github.com/gkbiswas/hotel-reviews-microservice/internal/infrastructure/auth.go:662.68,664.3 1 0
github.com/gkbiswas/hotel-reviews-microservice/internal/infrastructure/auth.go:668.78,669.68 1 0
github.com/gkbiswas/hotel-reviews-microservice/internal/infrastructure/auth.go:669.68,671.3 1 0
github.com/gkbiswas/hotel-reviews-microservice/internal/infrastructure/auth.go:675.99,677.67 2 0
github.com/gkbiswas/hotel-reviews-microservice/internal/infrastructure/auth.go:677.67,679.3 1 0
github.com/gkbiswas/hotel-reviews-microservice/internal/infrastructure/auth.go:680.2,680.16 1 0
github.com/gkbiswas/hotel-reviews-microservice/internal/infrastructure/auth.go:680.16,682.3 1 0
github.com/gkbiswas/hotel-reviews-microservice/internal/infrastructure/auth.go:683.2,683.19 1 0
github.com/gkbiswas/hotel-reviews-microservice/internal/infrastructure/auth.go:687.101,688.74 1 0
github.com/gkbiswas/hotel-reviews-microservice/internal/infrastructure/auth.go:688.74,690.3 1 0
github.com/gkbiswas/hotel-reviews-microservice/internal/infrastructure/auth.go:694.107,696.75 2 0
github.com/gkbiswas/hotel-reviews-microservice/internal/infrastructure/auth.go:696.75,698.3 1 0
github.com/gkbiswas/hotel-reviews-microservice/internal/infrastructure/auth.go:699.2,699.16 1 0
github.com/gkbiswas/hotel-reviews-microservice/internal/infrastructure/auth.go:699.16,701.3 1 0
github.com/gkbiswas/hotel-reviews-microservice/internal/infrastructure/auth.go:702.2,702.25 1 0
github.com/gkbiswas/hotel-reviews-microservice/internal/infrastructure/auth.go:706.108,708.77 2 0
github.com/gkbiswas/hotel-reviews-microservice/internal/infrastructure/auth.go:708.77,710.3 1 0
github.com/gkbiswas/hotel-reviews-microservice/internal/infrastructure/auth.go:711.2,711.16 1 0
github.com/gkbiswas/hotel-reviews-microservice/internal/infrastructure/auth.go:711.16,713.3 1 0
github.com/gkbiswas/hotel-reviews-microservice/internal/infrastructure/auth.go:714.2,714.25 1 0
github.com/gkbiswas/hotel-reviews-microservice/internal/infrastructure/auth.go:718.101,719.74 1 0
github.com/gkbiswas/hotel-reviews-microservice/internal/infrastructure/auth.go:719.74,721.3 1 0
github.com/gkbiswas/hotel-reviews-microservice/internal/infrastructure/auth.go:725.84,726.74 1 0
github.com/gkbiswas/hotel-reviews-microservice/internal/infrastructure/auth.go:726.74,728.3 1 0
github.com/gkbiswas/hotel-reviews-microservice/internal/infrastructure/auth.go:732.111,734.73 2 0
github.com/gkbiswas/hotel-reviews-microservice/internal/infrastructure/auth.go:734.73,736.3 1 0
github.com/gkbiswas/hotel-reviews-microservice/internal/infrastructure/auth.go:737.2,737.16 1 0
github.com/gkbiswas/hotel-reviews-microservice/internal/infrastructure/auth.go:737.16,739.3 1 0
github.com/gkbiswas/hotel-reviews-microservice/internal/infrastructure/auth.go:740.2,740.25 1 0
github.com/gkbiswas/hotel-reviews-microservice/internal/infrastructure/auth.go:744.96,745.74 1 0
github.com/gkbiswas/hotel-reviews-microservice/internal/infrastructure/auth.go:745.74,747.3 1 0
github.com/gkbiswas/hotel-reviews-microservice/internal/infrastructure/auth.go:751.98,752.76 1 0
github.com/gkbiswas/hotel-reviews-microservice/internal/infrastructure/auth.go:752.76,754.3 1 0
github.com/gkbiswas/hotel-reviews-microservice/internal/infrastructure/auth.go:758.101,760.70 2 0
github.com/gkbiswas/hotel-reviews-microservice/internal/infrastructure/auth.go:760.70,766.3 1 0
github.com/gkbiswas/hotel-reviews-microservice/internal/infrastructure/auth.go:767.2,767.16 1 0
github.com/gkbiswas/hotel-reviews-microservice/internal/infrastructure/auth.go:767.16,769.3 1 0
github.com/gkbiswas/hotel-reviews-microservice/internal/infrastructure/auth.go:770.2,770.19 1 0
github.com/gkbiswas/hotel-reviews-microservice/internal/infrastructure/auth.go:774.101,776.70 2 0
github.com/gkbiswas/hotel-reviews-microservice/internal/infrastructure/auth.go:776.70,782.3 1 0
github.com/gkbiswas/hotel-reviews-microservice/internal/infrastructure/auth.go:783.2,783.16 1 0
github.com/gkbiswas/hotel-reviews-microservice/internal/infrastructure/auth.go:783.16,785.3 1 0
github.com/gkbiswas/hotel-reviews-microservice/internal/infrastructure/auth.go:786.2,786.19 1 0
github.com/gkbiswas/hotel-reviews-microservice/internal/infrastructure/auth.go:790.108,791.80 1 0
github.com/gkbiswas/hotel-reviews-microservice/internal/infrastructure/auth.go:791.80,793.3 1 0
github.com/gkbiswas/hotel-reviews-microservice/internal/infrastructure/auth.go:797.110,798.82 1 0
github.com/gkbiswas/hotel-reviews-microservice/internal/infrastructure/auth.go:798.82,800.3 1 0
github.com/gkbiswas/hotel-reviews-microservice/internal/infrastructure/auth.go:804.113,806.76 2 0
github.com/gkbiswas/hotel-reviews-microservice/internal/infrastructure/auth.go:806.76,812.3 1 0
github.com/gkbiswas/hotel-reviews-microservice/internal/infrastructure/auth.go:813.2,813.16 1 0
github.com/gkbiswas/hotel-reviews-microservice/internal/infrastructure/auth.go:813.16,815.3 1 0
github.com/gkbiswas/hotel-reviews-microservice/internal/infrastructure/auth.go:816.2,816.25 1 0
github.com/gkbiswas/hotel-reviews-microservice/internal/infrastructure/auth.go:820.101,822.72 2 0
github.com/gkbiswas/hotel-reviews-microservice/internal/infrastructure/auth.go:822.72,824.3 1 0
github.com/gkbiswas/hotel-reviews-microservice/internal/infrastructure/auth.go:825.2,825.16 1 0
github.com/gkbiswas/hotel-reviews-microservice/internal/infrastructure/auth.go:825.16,827.3 1 0
github.com/gkbiswas/hotel-reviews-microservice/internal/infrastructure/auth.go:828.2,828.22 1 0
github.com/gkbiswas/hotel-reviews-microservice/internal/infrastructure/auth.go:832.99,834.71 2 0
github.com/gkbiswas/hotel-reviews-microservice/internal/infrastructure/auth.go:834.71,836.3 1 0
github.com/gkbiswas/hotel-reviews-microservice/internal/infrastructure/auth.go:837.2,837.16 1 0
github.com/gkbiswas/hotel-reviews-microservice/internal/infrastructure/auth.go:837.16,839.3 1 0
github.com/gkbiswas/hotel-reviews-microservice/internal/infrastructure/auth.go:840.2,840.21 1 0
github.com/gkbiswas/hotel-reviews-microservice/internal/infrastructure/auth.go:844.89,845.70 1 0
github.com/gkbiswas/hotel-reviews-microservice/internal/infrastructure/auth.go:845.70,847.3 1 0
github.com/gkbiswas/hotel-reviews-microservice/internal/infrastructure/auth.go:851.80,852.70 1 0
github.com/gkbiswas/hotel-reviews-microservice/internal/infrastructure/auth.go:852.70,854.3 1 0
github.com/gkbiswas/hotel-reviews-microservice/internal/infrastructure/auth.go:858.121,860.69 2 0
github.com/gkbiswas/hotel-reviews-microservice/internal/infrastructure/auth.go:860.69,862.3 1 0
github.com/gkbiswas/hotel-reviews-microservice/internal/infrastructure/auth.go:863.2,863.16 1 0
github.com/gkbiswas/hotel-reviews-microservice/internal/infrastructure/auth.go:863.16,865.3 1 0
github.com/gkbiswas/hotel-reviews-microservice/internal/infrastructure/auth.go:866.2,866.21 1 0
github.com/gkbiswas/hotel-reviews-microservice/internal/infrastructure/auth.go:870.103,872.73 2 0
github.com/gkbiswas/hotel-reviews-microservice/internal/infrastructure/auth.go:872.73,874.3 1 0
github.com/gkbiswas/hotel-reviews-microservice/internal/infrastructure/auth.go:875.2,875.16 1 0
github.com/gkbiswas/hotel-reviews-microservice/internal/infrastructure/auth.go:875.16,877.3 1 0
github.com/gkbiswas/hotel-reviews-microservice/internal/infrastructure/auth.go:878.2,878.23 1 0
github.com/gkbiswas/hotel-reviews-microservice/internal/infrastructure/auth.go:882.126,884.71 2 0
github.com/gkbiswas/hotel-reviews-microservice/internal/infrastructure/auth.go:884.71,886.20 2 0
github.com/gkbiswas/hotel-reviews-microservice/internal/infrastructure/auth.go:886.20,888.4 1 0
github.com/gkbiswas/hotel-reviews-microservice/internal/infrastructure/auth.go:889.3,889.66 1 0
github.com/gkbiswas/hotel-reviews-microservice/internal/infrastructure/auth.go:891.2,891.16 1 0
github.com/gkbiswas/hotel-reviews-microservice/internal/infrastructure/auth.go:891.16,893.3 1 0
github.com/gkbiswas/hotel-reviews-microservice/internal/infrastructure/auth.go:894.2,894.23 1 0
github.com/gkbiswas/hotel-reviews-microservice/internal/infrastructure/auth.go:898.95,899.81 1 0
github.com/gkbiswas/hotel-reviews-microservice/internal/infrastructure/auth.go:899.81,901.3 1 0
github.com/gkbiswas/hotel-reviews-microservice/internal/infrastructure/auth.go:905.110,906.29 1 0
github.com/gkbiswas/hotel-reviews-microservice/internal/infrastructure/auth.go:906.29,907.90 1 0
github.com/gkbiswas/hotel-reviews-microservice/internal/infrastructure/auth.go:907.90,908.29 1 0
github.com/gkbiswas/hotel-reviews-microservice/internal/infrastructure/auth.go:908.29,909.103 1 0
github.com/gkbiswas/hotel-reviews-microservice/internal/infrastructure/auth.go:909.103,911.6 1 0
github.com/gkbiswas/hotel-reviews-microservice/internal/infrastructure/auth.go:912.5,912.20 1 0
github.com/gkbiswas/hotel-reviews-microservice/internal/infrastructure/auth.go:914.4,914.24 1 0
github.com/gkbiswas/hotel-reviews-microservice/internal/infrastructure/auth.go:916.3,916.13 1 0
github.com/gkbiswas/hotel-reviews-microservice/internal/infrastructure/auth.go:919.2,919.27 1 0
github.com/gkbiswas/hotel-reviews-microservice/internal/infrastructure/auth.go:919.27,920.101 1 0
github.com/gkbiswas/hotel-reviews-microservice/internal/infrastructure/auth.go:920.101,922.4 1 0
github.com/gkbiswas/hotel-reviews-microservice/internal/infrastructure/auth.go:923.3,923.13 1 0
github.com/gkbiswas/hotel-reviews-microservice/internal/infrastructure/auth.go:926.2,926.17 1 0
github.com/gkbiswas/hotel-reviews-microservice/internal/infrastructure/auth.go:938.128,945.2 1 0
github.com/gkbiswas/hotel-reviews-microservice/internal/infrastructure/auth.go:948.117,950.16 2 1
github.com/gkbiswas/hotel-reviews-microservice/internal/infrastructure/auth.go:950.16,952.3 1 0
github.com/gkbiswas/hotel-reviews-microservice/internal/infrastructure/auth.go:954.2,954.41 1 1
github.com/gkbiswas/hotel-reviews-microservice/internal/infrastructure/auth.go:954.41,955.69 1 1
github.com/gkbiswas/hotel-reviews-microservice/internal/infrastructure/auth.go:955.69,957.4 1 1
github.com/gkbiswas/hotel-reviews-microservice/internal/infrastructure/auth.go:960.2,960.19 1 0
github.com/gkbiswas/hotel-reviews-microservice/internal/infrastructure/auth.go:972.132,979.2 1 0
github.com/gkbiswas/hotel-reviews-microservice/internal/infrastructure/auth.go:982.155,985.47 2 0
github.com/gkbiswas/hotel-reviews-microservice/internal/infrastructure/auth.go:985.47,987.3 1 0
github.com/gkbiswas/hotel-reviews-microservice/internal/infrastructure/auth.go:989.2,993.16 3 0
github.com/gkbiswas/hotel-reviews-microservice/internal/infrastructure/auth.go:993.16,995.3 1 0
github.com/gkbiswas/hotel-reviews-microservice/internal/infrastructure/auth.go:997.2,1010.61 2 0
github.com/gkbiswas/hotel-reviews-microservice/internal/infrastructure/auth.go:1010.61,1012.3 1 0
github.com/gkbiswas/hotel-reviews-microservice/internal/infrastructure/auth.go:1014.2,1014.20 1 0
github.com/gkbiswas/hotel-reviews-microservice/internal/infrastructure/auth.go:1018.97,1019.43 1 0
github.com/gkbiswas/hotel-reviews-microservice/internal/infrastructure/auth.go:1019.43,1021.3 1 0
github.com/gkbiswas/hotel-reviews-microservice/internal/infrastructure/auth.go:1024.2,1025.16 2 0
github.com/gkbiswas/hotel-reviews-microservice/internal/infrastructure/auth.go:1025.16,1027.3 1 0
github.com/gkbiswas/hotel-reviews-microservice/internal/infrastructure/auth.go:1030.2,1030.68 1 0
github.com/gkbiswas/hotel-reviews-microservice/internal/infrastructure/auth.go:1030.68,1032.3 1 0
github.com/gkbiswas/hotel-reviews-microservice/internal/infrastructure/auth.go:1035.2,1035.91 1 0
github.com/gkbiswas/hotel-reviews-microservice/internal/infrastructure/auth.go:1035.91,1037.3 1 0
github.com/gkbiswas/hotel-reviews-microservice/internal/infrastructure/auth.go:1040.2,1040.69 1 0
github.com/gkbiswas/hotel-reviews-microservice/internal/infrastructure/auth.go:1040.69,1042.3 1 0
github.com/gkbiswas/hotel-reviews-microservice/internal/infrastructure/auth.go:1044.2,1044.20 1 0
github.com/gkbiswas/hotel-reviews-microservice/internal/infrastructure/auth.go:1056.138,1063.2 1 0
github.com/gkbiswas/hotel-reviews-microservice/internal/infrastructure/auth.go:1066.102,1069.16 3 0
github.com/gkbiswas/hotel-reviews-microservice/internal/infrastructure/auth.go:1069.16,1071.3 1 0
github.com/gkbiswas/hotel-reviews-microservice/internal/infrastructure/auth.go:1073.2,1074.35 2 0
github.com/gkbiswas/hotel-reviews-microservice/internal/infrastructure/auth.go:1074.35,1075.23 1 0
github.com/gkbiswas/hotel-reviews-microservice/internal/infrastructure/auth.go:1075.23,1077.4 1 0
github.com/gkbiswas/hotel-reviews-microservice/internal/infrastructure/auth.go:1080.2,1080.48 1 0
github.com/gkbiswas/hotel-reviews-microservice/internal/infrastructure/auth.go:1084.146,1096.2 2 0
github.com/gkbiswas/hotel-reviews-microservice/internal/infrastructure/auth.go:1107.130,1114.2 1 0
github.com/gkbiswas/hotel-reviews-microservice/internal/infrastructure/auth.go:1117.204,1133.2 2 0
github.com/gkbiswas/hotel-reviews-microservice/internal/infrastructure/auth.go:1161.26,1174.2 1 0
github.com/gkbiswas/hotel-reviews-microservice/internal/infrastructure/auth.go:1177.137,1179.31 1 0
github.com/gkbiswas/hotel-reviews-microservice/internal/infrastructure/auth.go:1179.31,1181.3 1 0
github.com/gkbiswas/hotel-reviews-microservice/internal/infrastructure/auth.go:1184.2,1185.16 2 0
github.com/gkbiswas/hotel-reviews-microservice/internal/infrastructure/auth.go:1185.16,1187.3 1 0
github.com/gkbiswas/hotel-reviews-microservice/internal/infrastructure/auth.go:1189.2,1189.19 1 0
[...]
github.com/gkbiswas/hotel-reviews-microservice/internal/infrastructure/retry.go:1097.38,1118.2 1 1
github.com/gkbiswas/hotel-reviews-microservice/internal/infrastructure/retry.go:1121.38,1142.2 1 1
github.com/gkbiswas/hotel-reviews-microservice/internal/infrastructure/retry.go:1152.67,1157.2 1 3
github.com/gkbiswas/hotel-reviews-microservice/internal/infrastructure/retry.go:1160.78,1165.12 4 7
github.com/gkbiswas/hotel-reviews-microservice/internal/infrastructure/retry.go:1165.12,1167.3 1 2
github.com/gkbiswas/hotel-reviews-microservice/internal/infrastructure/retry.go:1169.2,1173.60 3 5
github.com/gkbiswas/hotel-reviews-microservice/internal/infrastructure/retry.go:1173.60,1175.3 1 0
github.com/gkbiswas/hotel-reviews-microservice/internal/infrastructure/retry.go:1178.2,1181.23 3 5
github.com/gkbiswas/hotel-reviews-microservice/internal/infrastructure/retry.go:1182.18,1184.58 2 2
github.com/gkbiswas/hotel-reviews-microservice/internal/infrastructure/retry.go:1185.14,1187.81 2 2
github.com/gkbiswas/hotel-reviews-microservice/internal/infrastructure/retry.go:1188.12,1190.52 2 1
github.com/gkbiswas/hotel-reviews-microservice/internal/infrastructure/retry.go:1191.15,1193.55 2 0
github.com/gkbiswas/hotel-reviews-microservice/internal/infrastructure/retry.go:1194.15,1196.81 2 0
github.com/gkbiswas/hotel-reviews-microservice/internal/infrastructure/retry.go:1197.10,1199.81 2 0
github.com/gkbiswas/hotel-reviews-microservice/internal/infrastructure/retry.go:1202.2,1205.16 3 5
github.com/gkbiswas/hotel-reviews-microservice/internal/infrastructure/retry.go:1209.87,1214.2 3 1
github.com/gkbiswas/hotel-reviews-microservice/internal/infrastructure/retry.go:1217.73,1222.34 4 1
github.com/gkbiswas/hotel-reviews-microservice/internal/infrastructure/retry.go:1222.34,1224.3 1 3
github.com/gkbiswas/hotel-reviews-microservice/internal/infrastructure/retry.go:1226.2,1226.15 1 1
github.com/gkbiswas/hotel-reviews-microservice/internal/infrastructure/retry.go:1230.39,1234.40 3 3
github.com/gkbiswas/hotel-reviews-microservice/internal/infrastructure/retry.go:1234.40,1236.3 1 6
github.com/gkbiswas/hotel-reviews-microservice/internal/infrastructure/retry.go:1240.79,1245.52 4 1
github.com/gkbiswas/hotel-reviews-microservice/internal/infrastructure/retry.go:1245.52,1247.3 1 2
github.com/gkbiswas/hotel-reviews-microservice/internal/infrastructure/retry.go:1249.2,1249.16 1 1
github.com/gkbiswas/hotel-reviews-microservice/internal/infrastructure/s3_client_wrapper.go:23.83,28.2 1 0
github.com/gkbiswas/hotel-reviews-microservice/internal/infrastructure/s3_client_wrapper.go:31.121,39.2 2 0
github.com/gkbiswas/hotel-reviews-microservice/internal/infrastructure/s3_client_wrapper.go:42.104,47.16 2 0
github.com/gkbiswas/hotel-reviews-microservice/internal/infrastructure/s3_client_wrapper.go:47.16,49.3 1 0
github.com/gkbiswas/hotel-reviews-microservice/internal/infrastructure/s3_client_wrapper.go:50.2,50.25 1 0
github.com/gkbiswas/hotel-reviews-microservice/internal/infrastructure/s3_client_wrapper.go:54.121,57.2 1 0
github.com/gkbiswas/hotel-reviews-microservice/internal/infrastructure/s3_client_wrapper.go:60.85,66.2 2 0
github.com/gkbiswas/hotel-reviews-microservice/internal/infrastructure/s3_client_wrapper.go:69.110,77.16 3 0
github.com/gkbiswas/hotel-reviews-microservice/internal/infrastructure/s3_client_wrapper.go:77.16,79.3 1 0
github.com/gkbiswas/hotel-reviews-microservice/internal/infrastructure/s3_client_wrapper.go:81.2,82.41 2 0
github.com/gkbiswas/hotel-reviews-microservice/internal/infrastructure/s3_client_wrapper.go:82.41,84.3 1 0
github.com/gkbiswas/hotel-reviews-microservice/internal/infrastructure/s3_client_wrapper.go:86.2,86.19 1 0
github.com/gkbiswas/hotel-reviews-microservice/internal/infrastructure/s3_client_wrapper.go:90.111,95.16 2 0
github.com/gkbiswas/hotel-reviews-microservice/internal/infrastructure/s3_client_wrapper.go:95.16,97.3 1 0
github.com/gkbiswas/hotel-reviews-microservice/internal/infrastructure/s3_client_wrapper.go:99.2,100.36 2 0
github.com/gkbiswas/hotel-reviews-microservice/internal/infrastructure/s3_client_wrapper.go:100.36,102.3 1 0
github.com/gkbiswas/hotel-reviews-microservice/internal/infrastructure/s3_client_wrapper.go:104.2,104.22 1 0
github.com/gkbiswas/hotel-reviews-microservice/internal/infrastructure/s3_client_wrapper.go:108.121,118.2 3 0
github.com/gkbiswas/hotel-reviews-microservice/internal/infrastructure/s3_client_wrapper.go:121.82,126.2 2 0
github.com/gkbiswas/hotel-reviews-microservice/internal/infrastructure/s3_client_wrapper.go:129.82,134.2 2 0
github.com/gkbiswas/hotel-reviews-microservice/internal/infrastructure/s3_client_wrapper.go:137.90,141.16 2 0
github.com/gkbiswas/hotel-reviews-microservice/internal/infrastructure/s3_client_wrapper.go:141.16,142.48 1 0
github.com/gkbiswas/hotel-reviews-microservice/internal/infrastructure/s3_client_wrapper.go:142.48,144.4 1 0
github.com/gkbiswas/hotel-reviews-microservice/internal/infrastructure/s3_client_wrapper.go:145.3,145.20 1 0
github.com/gkbiswas/hotel-reviews-microservice/internal/infrastructure/s3_client_wrapper.go:147.2,147.18 1 0
github.com/gkbiswas/hotel-reviews-microservice/internal/infrastructure/s3_client_wrapper.go:151.93,156.16 2 0
github.com/gkbiswas/hotel-reviews-microservice/internal/infrastructure/s3_client_wrapper.go:156.16,157.48 1 0
github.com/gkbiswas/hotel-reviews-microservice/internal/infrastructure/s3_client_wrapper.go:157.48,159.4 1 0
github.com/gkbiswas/hotel-reviews-microservice/internal/infrastructure/s3_client_wrapper.go:160.3,160.20 1 0
github.com/gkbiswas/hotel-reviews-microservice/internal/infrastructure/s3_client_wrapper.go:162.2,162.18 1 0
github.com/gkbiswas/hotel-reviews-microservice/internal/infrastructure/s3_client_wrapper.go:166.95,171.16 2 0
github.com/gkbiswas/hotel-reviews-microservice/internal/infrastructure/s3_client_wrapper.go:171.16,173.3 1 0
github.com/gkbiswas/hotel-reviews-microservice/internal/infrastructure/s3_client_wrapper.go:175.2,175.33 1 0
github.com/gkbiswas/hotel-reviews-microservice/internal/infrastructure/s3_client_wrapper.go:175.33,177.3 1 0
github.com/gkbiswas/hotel-reviews-microservice/internal/infrastructure/s3_client_wrapper.go:178.2,178.15 1 0
github.com/gkbiswas/hotel-reviews-microservice/internal/infrastructure/s3client.go:61.82,66.16 3 0
github.com/gkbiswas/hotel-reviews-microservice/internal/infrastructure/s3client.go:66.16,68.3 1 0
github.com/gkbiswas/hotel-reviews-microservice/internal/infrastructure/s3client.go:71.2,71.62 1 0
github.com/gkbiswas/hotel-reviews-microservice/internal/infrastructure/s3client.go:71.62,72.25 1 0
github.com/gkbiswas/hotel-reviews-microservice/internal/infrastructure/s3client.go:72.25,74.4 1 0
github.com/gkbiswas/hotel-reviews-microservice/internal/infrastructure/s3client.go:75.3,75.38 1 0
github.com/gkbiswas/hotel-reviews-microservice/internal/infrastructure/s3client.go:79.2,79.70 1 0
github.com/gkbiswas/hotel-reviews-microservice/internal/infrastructure/s3client.go:79.70,82.3 2 0
github.com/gkbiswas/hotel-reviews-microservice/internal/infrastructure/s3client.go:84.2,84.76 1 0
github.com/gkbiswas/hotel-reviews-microservice/internal/infrastructure/s3client.go:84.76,87.3 2 0
github.com/gkbiswas/hotel-reviews-microservice/internal/infrastructure/s3client.go:89.2,98.51 2 0
github.com/gkbiswas/hotel-reviews-microservice/internal/infrastructure/s3client.go:98.51,100.3 1 0
github.com/gkbiswas/hotel-reviews-microservice/internal/infrastructure/s3client.go:102.2,108.20 2 0
github.com/gkbiswas/hotel-reviews-microservice/internal/infrastructure/s3client.go:112.88,116.56 3 0
github.com/gkbiswas/hotel-reviews-microservice/internal/infrastructure/s3client.go:116.56,128.3 2 0
github.com/gkbiswas/hotel-reviews-microservice/internal/infrastructure/s3client.go:128.8,133.3 1 0
github.com/gkbiswas/hotel-reviews-microservice/internal/infrastructure/s3client.go:135.2,135.16 1 0
github.com/gkbiswas/hotel-reviews-microservice/internal/infrastructure/s3client.go:135.16,137.3 1 0
github.com/gkbiswas/hotel-reviews-microservice/internal/infrastructure/s3client.go:139.2,139.23 1 0
github.com/gkbiswas/hotel-reviews-microservice/internal/infrastructure/s3client.go:143.62,152.16 4 0
github.com/gkbiswas/hotel-reviews-microservice/internal/infrastructure/s3client.go:152.16,154.3 1 0
github.com/gkbiswas/hotel-reviews-microservice/internal/infrastructure/s3client.go:156.2,156.12 1 0
github.com/gkbiswas/hotel-reviews-microservice/internal/infrastructure/s3client.go:160.114,170.44 3 0
github.com/gkbiswas/hotel-reviews-microservice/internal/infrastructure/s3client.go:170.44,173.3 2 0
github.com/gkbiswas/hotel-reviews-microservice/internal/infrastructure/s3client.go:175.2,175.16 1 0
github.com/gkbiswas/hotel-reviews-microservice/internal/infrastructure/s3client.go:175.16,182.3 2 0
github.com/gkbiswas/hotel-reviews-microservice/internal/infrastructure/s3client.go:184.2,191.12 3 0
github.com/gkbiswas/hotel-reviews-microservice/internal/infrastructure/s3client.go:195.97,203.16 3 0
github.com/gkbiswas/hotel-reviews-microservice/internal/infrastructure/s3client.go:203.16,205.3 1 0
github.com/gkbiswas/hotel-reviews-microservice/internal/infrastructure/s3client.go:208.2,212.16 2 0
github.com/gkbiswas/hotel-reviews-microservice/internal/infrastructure/s3client.go:212.16,214.3 1 0
github.com/gkbiswas/hotel-reviews-microservice/internal/infrastructure/s3client.go:216.2,224.28 3 0
github.com/gkbiswas/hotel-reviews-microservice/internal/infrastructure/s3client.go:228.114,234.35 2 0
github.com/gkbiswas/hotel-reviews-microservice/internal/infrastructure/s3client.go:234.35,236.3 1 0
github.com/gkbiswas/hotel-reviews-microservice/internal/infrastructure/s3client.go:238.2,238.16 1 0
github.com/gkbiswas/hotel-reviews-microservice/internal/infrastructure/s3client.go:238.16,240.3 1 0
github.com/gkbiswas/hotel-reviews-microservice/internal/infrastructure/s3client.go:242.2,248.25 2 0
github.com/gkbiswas/hotel-reviews-microservice/internal/infrastructure/s3client.go:252.78,255.44 2 0
github.com/gkbiswas/hotel-reviews-microservice/internal/infrastructure/s3client.go:255.44,261.3 2 0
github.com/gkbiswas/hotel-reviews-microservice/internal/infrastructure/s3client.go:263.2,263.16 1 0
github.com/gkbiswas/hotel-reviews-microservice/internal/infrastructure/s3client.go:263.16,270.3 2 0
github.com/gkbiswas/hotel-reviews-microservice/internal/infrastructure/s3client.go:272.2,279.12 3 0
github.com/gkbiswas/hotel-reviews-microservice/internal/infrastructure/s3client.go:283.103,285.16 2 0
github.com/gkbiswas/hotel-reviews-microservice/internal/infrastructure/s3client.go:285.16,287.3 1 0
github.com/gkbiswas/hotel-reviews-microservice/internal/infrastructure/s3client.go:289.2,290.37 2 0
github.com/gkbiswas/hotel-reviews-microservice/internal/infrastructure/s3client.go:290.37,292.3 1 0
github.com/gkbiswas/hotel-reviews-microservice/internal/infrastructure/s3client.go:294.2,294.19 1 0
github.com/gkbiswas/hotel-reviews-microservice/internal/infrastructure/s3client.go:298.136,307.29 3 0
github.com/gkbiswas/hotel-reviews-microservice/internal/infrastructure/s3client.go:307.29,309.3 1 0
github.com/gkbiswas/hotel-reviews-microservice/internal/infrastructure/s3client.go:311.2,312.44 2 0
github.com/gkbiswas/hotel-reviews-microservice/internal/infrastructure/s3client.go:312.44,316.3 3 0
github.com/gkbiswas/hotel-reviews-microservice/internal/infrastructure/s3client.go:318.2,318.16 1 0
github.com/gkbiswas/hotel-reviews-microservice/internal/infrastructure/s3client.go:318.16,325.3 2 0
github.com/gkbiswas/hotel-reviews-microservice/internal/infrastructure/s3client.go:328.2,329.38 2 0
github.com/gkbiswas/hotel-reviews-microservice/internal/infrastructure/s3client.go:329.38,337.3 1 0
github.com/gkbiswas/hotel-reviews-microservice/internal/infrastructure/s3client.go:340.2,341.43 2 0
github.com/gkbiswas/hotel-reviews-microservice/internal/infrastructure/s3client.go:341.43,343.3 1 0
github.com/gkbiswas/hotel-reviews-microservice/internal/infrastructure/s3client.go:345.2,351.41 2 0
github.com/gkbiswas/hotel-reviews-microservice/internal/infrastructure/s3client.go:351.41,353.3 1 0
github.com/gkbiswas/hotel-reviews-microservice/internal/infrastructure/s3client.go:355.2,364.20 3 0
github.com/gkbiswas/hotel-reviews-microservice/internal/infrastructure/s3client.go:368.104,372.44 3 0
github.com/gkbiswas/hotel-reviews-microservice/internal/infrastructure/s3client.go:372.44,379.3 3 0
github.com/gkbiswas/hotel-reviews-microservice/internal/infrastructure/s3client.go:381.2,381.16 1 0
github.com/gkbiswas/hotel-reviews-microservice/internal/infrastructure/s3client.go:381.16,388.3 2 0
github.com/gkbiswas/hotel-reviews-microservice/internal/infrastructure/s3client.go:390.2,398.31 6 0
github.com/gkbiswas/hotel-reviews-microservice/internal/infrastructure/s3client.go:398.31,400.3 1 0
github.com/gkbiswas/hotel-reviews-microservice/internal/infrastructure/s3client.go:403.2,403.36 1 0
github.com/gkbiswas/hotel-reviews-microservice/internal/infrastructure/s3client.go:403.36,405.3 1 0
github.com/gkbiswas/hotel-reviews-microservice/internal/infrastructure/s3client.go:407.2,414.22 3 0
github.com/gkbiswas/hotel-reviews-microservice/internal/infrastructure/s3client.go:418.114,426.16 3 0
github.com/gkbiswas/hotel-reviews-microservice/internal/infrastructure/s3client.go:426.16,428.3 1 0
github.com/gkbiswas/hotel-reviews-microservice/internal/infrastructure/s3client.go:429.2,435.29 4 0
github.com/gkbiswas/hotel-reviews-microservice/internal/infrastructure/s3client.go:435.29,436.26 1 0
github.com/gkbiswas/hotel-reviews-microservice/internal/infrastructure/s3client.go:436.26,438.4 1 0
github.com/gkbiswas/hotel-reviews-microservice/internal/infrastructure/s3client.go:438.9,440.4 1 0
github.com/gkbiswas/hotel-reviews-microservice/internal/infrastructure/s3client.go:444.2,444.43 1 0
github.com/gkbiswas/hotel-reviews-microservice/internal/infrastructure/s3client.go:444.43,454.3 2 0
github.com/gkbiswas/hotel-reviews-microservice/internal/infrastructure/s3client.go:456.2,456.16 1 0
github.com/gkbiswas/hotel-reviews-microservice/internal/infrastructure/s3client.go:456.16,463.3 2 0
github.com/gkbiswas/hotel-reviews-microservice/internal/infrastructure/s3client.go:465.2,472.12 3 0
github.com/gkbiswas/hotel-reviews-microservice/internal/infrastructure/s3client.go:476.75,484.36 3 0
github.com/gkbiswas/hotel-reviews-microservice/internal/infrastructure/s3client.go:484.36,488.3 1 0
github.com/gkbiswas/hotel-reviews-microservice/internal/infrastructure/s3client.go:490.2,490.44 1 0
github.com/gkbiswas/hotel-reviews-microservice/internal/infrastructure/s3client.go:490.44,493.3 2 0
github.com/gkbiswas/hotel-reviews-microservice/internal/infrastructure/s3client.go:495.2,495.16 1 0
github.com/gkbiswas/hotel-reviews-microservice/internal/infrastructure/s3client.go:495.16,501.3 2 0
github.com/gkbiswas/hotel-reviews-microservice/internal/infrastructure/s3client.go:503.2,509.12 3 0
github.com/gkbiswas/hotel-reviews-microservice/internal/infrastructure/s3client.go:513.75,516.44 2 0
github.com/gkbiswas/hotel-reviews-microservice/internal/infrastructure/s3client.go:516.44,521.3 2 0
github.com/gkbiswas/hotel-reviews-microservice/internal/infrastructure/s3client.go:523.2,523.16 1 0
github.com/gkbiswas/hotel-reviews-microservice/internal/infrastructure/s3client.go:523.16,529.3 2 0
github.com/gkbiswas/hotel-reviews-microservice/internal/infrastructure/s3client.go:531.2,537.12 3 0
github.com/gkbiswas/hotel-reviews-microservice/internal/infrastructure/s3client.go:541.83,546.16 2 0
github.com/gkbiswas/hotel-reviews-microservice/internal/infrastructure/s3client.go:546.16,548.30 2 0
github.com/gkbiswas/hotel-reviews-microservice/internal/infrastructure/s3client.go:548.30,549.40 1 0
github.com/gkbiswas/hotel-reviews-microservice/internal/infrastructure/s3client.go:549.40,551.5 1 0
github.com/gkbiswas/hotel-reviews-microservice/internal/infrastructure/s3client.go:553.3,553.72 1 0
github.com/gkbiswas/hotel-reviews-microservice/internal/infrastructure/s3client.go:556.2,556.18 1 0
github.com/gkbiswas/hotel-reviews-microservice/internal/infrastructure/s3client.go:560.86,566.16 2 0
github.com/gkbiswas/hotel-reviews-microservice/internal/infrastructure/s3client.go:566.16,568.30 2 0
github.com/gkbiswas/hotel-reviews-microservice/internal/infrastructure/s3client.go:568.30,569.40 1 0
github.com/gkbiswas/hotel-reviews-microservice/internal/infrastructure/s3client.go:569.40,571.5 1 0
github.com/gkbiswas/hotel-reviews-microservice/internal/infrastructure/s3client.go:573.3,573.70 1 0
github.com/gkbiswas/hotel-reviews-microservice/internal/infrastructure/s3client.go:576.2,576.18 1 0
github.com/gkbiswas/hotel-reviews-microservice/internal/infrastructure/s3client.go:580.88,586.16 2 0
github.com/gkbiswas/hotel-reviews-microservice/internal/infrastructure/s3client.go:586.16,588.3 1 0
github.com/gkbiswas/hotel-reviews-microservice/internal/infrastructure/s3client.go:590.2,590.47 1 0
github.com/gkbiswas/hotel-reviews-microservice/internal/infrastructure/s3client.go:594.86,597.62 2 105
github.com/gkbiswas/hotel-reviews-microservice/internal/infrastructure/s3client.go:597.62,598.18 1 112
github.com/gkbiswas/hotel-reviews-microservice/internal/infrastructure/s3client.go:598.18,599.11 1 7
github.com/gkbiswas/hotel-reviews-microservice/internal/infrastructure/s3client.go:600.22,601.21 1 1
github.com/gkbiswas/hotel-reviews-microservice/internal/infrastructure/s3client.go:602.68,602.68 0 6
github.com/gkbiswas/hotel-reviews-microservice/internal/infrastructure/s3client.go:607.3,608.17 2 111
github.com/gkbiswas/hotel-reviews-microservice/internal/infrastructure/s3client.go:608.17,610.4 1 102
github.com/gkbiswas/hotel-reviews-microservice/internal/infrastructure/s3client.go:612.3,615.31 2 9
github.com/gkbiswas/hotel-reviews-microservice/internal/infrastructure/s3client.go:615.31,616.9 1 1
github.com/gkbiswas/hotel-reviews-microservice/internal/infrastructure/s3client.go:619.3,623.4 1 8
github.com/gkbiswas/hotel-reviews-microservice/internal/infrastructure/s3client.go:626.2,626.16 1 2
github.com/gkbiswas/hotel-reviews-microservice/internal/infrastructure/s3client.go:630.53,631.16 1 27
github.com/gkbiswas/hotel-reviews-microservice/internal/infrastructure/s3client.go:631.16,633.3 1 2
github.com/gkbiswas/hotel-reviews-microservice/internal/infrastructure/s3client.go:635.2,636.29 2 25
github.com/gkbiswas/hotel-reviews-microservice/internal/infrastructure/s3client.go:636.29,648.45 3 23
github.com/gkbiswas/hotel-reviews-microservice/internal/infrastructure/s3client.go:648.45,649.30 1 85
github.com/gkbiswas/hotel-reviews-microservice/internal/infrastructure/s3client.go:649.30,651.5 1 13
github.com/gkbiswas/hotel-reviews-microservice/internal/infrastructure/s3client.go:655.3,655.40 1 10
github.com/gkbiswas/hotel-reviews-microservice/internal/infrastructure/s3client.go:655.40,657.4 1 2
github.com/gkbiswas/hotel-reviews-microservice/internal/infrastructure/s3client.go:660.2,660.14 1 10
github.com/gkbiswas/hotel-reviews-microservice/internal/infrastructure/s3client.go:664.104,667.44 2 0
github.com/gkbiswas/hotel-reviews-microservice/internal/infrastructure/s3client.go:667.44,673.3 2 0
github.com/gkbiswas/hotel-reviews-microservice/internal/infrastructure/s3client.go:675.2,675.16 1 0
github.com/gkbiswas/hotel-reviews-microservice/internal/infrastructure/s3client.go:675.16,682.3 2 0
github.com/gkbiswas/hotel-reviews-microservice/internal/infrastructure/s3client.go:684.2,691.12 3 0
github.com/gkbiswas/hotel-reviews-microservice/internal/infrastructure/s3client.go:695.122,698.44 2 0
github.com/gkbiswas/hotel-reviews-microservice/internal/infrastructure/s3client.go:698.44,706.3 2 0
github.com/gkbiswas/hotel-reviews-microservice/internal/infrastructure/s3client.go:708.2,708.16 1 0
github.com/gkbiswas/hotel-reviews-microservice/internal/infrastructure/s3client.go:708.16,715.3 2 0
github.com/gkbiswas/hotel-reviews-microservice/internal/infrastructure/s3client.go:717.2,724.12 3 0
