mode: atomic
github.com/gkbiswas/hotel-reviews-microservice/pkg/config/config.go:223.30,246.41 13 29
github.com/gkbiswas/hotel-reviews-microservice/pkg/config/config.go:246.41,247.56 1 27
github.com/gkbiswas/hotel-reviews-microservice/pkg/config/config.go:247.56,249.4 1 1
github.com/gkbiswas/hotel-reviews-microservice/pkg/config/config.go:254.2,255.45 2 28
github.com/gkbiswas/hotel-reviews-microservice/pkg/config/config.go:255.45,257.3 1 0
github.com/gkbiswas/hotel-reviews-microservice/pkg/config/config.go:260.2,260.42 1 28
github.com/gkbiswas/hotel-reviews-microservice/pkg/config/config.go:260.42,262.3 1 22
github.com/gkbiswas/hotel-reviews-microservice/pkg/config/config.go:264.2,264.21 1 6
github.com/gkbiswas/hotel-reviews-microservice/pkg/config/config.go:268.47,431.2 141 29
github.com/gkbiswas/hotel-reviews-microservice/pkg/config/config.go:434.34,571.2 115 29
github.com/gkbiswas/hotel-reviews-microservice/pkg/config/config.go:574.37,576.32 1 28
github.com/gkbiswas/hotel-reviews-microservice/pkg/config/config.go:576.32,578.3 1 1
github.com/gkbiswas/hotel-reviews-microservice/pkg/config/config.go:579.2,579.63 1 27
github.com/gkbiswas/hotel-reviews-microservice/pkg/config/config.go:579.63,581.3 1 2
github.com/gkbiswas/hotel-reviews-microservice/pkg/config/config.go:582.2,582.32 1 25
github.com/gkbiswas/hotel-reviews-microservice/pkg/config/config.go:582.32,584.3 1 1
github.com/gkbiswas/hotel-reviews-microservice/pkg/config/config.go:585.2,585.36 1 24
github.com/gkbiswas/hotel-reviews-microservice/pkg/config/config.go:585.36,587.3 1 1
github.com/gkbiswas/hotel-reviews-microservice/pkg/config/config.go:588.2,588.32 1 23
github.com/gkbiswas/hotel-reviews-microservice/pkg/config/config.go:588.32,590.3 1 1
github.com/gkbiswas/hotel-reviews-microservice/pkg/config/config.go:593.2,593.28 1 22
github.com/gkbiswas/hotel-reviews-microservice/pkg/config/config.go:593.28,595.3 1 1
github.com/gkbiswas/hotel-reviews-microservice/pkg/config/config.go:596.2,596.33 1 21
github.com/gkbiswas/hotel-reviews-microservice/pkg/config/config.go:596.33,598.3 1 1
github.com/gkbiswas/hotel-reviews-microservice/pkg/config/config.go:599.2,599.37 1 20
github.com/gkbiswas/hotel-reviews-microservice/pkg/config/config.go:599.37,601.3 1 1
github.com/gkbiswas/hotel-reviews-microservice/pkg/config/config.go:602.2,602.28 1 19
github.com/gkbiswas/hotel-reviews-microservice/pkg/config/config.go:602.28,604.3 1 1
github.com/gkbiswas/hotel-reviews-microservice/pkg/config/config.go:607.2,607.59 1 18
github.com/gkbiswas/hotel-reviews-microservice/pkg/config/config.go:607.59,609.3 1 2
github.com/gkbiswas/hotel-reviews-microservice/pkg/config/config.go:612.2,613.49 2 16
github.com/gkbiswas/hotel-reviews-microservice/pkg/config/config.go:613.49,615.3 1 1
github.com/gkbiswas/hotel-reviews-microservice/pkg/config/config.go:617.2,618.51 2 15
github.com/gkbiswas/hotel-reviews-microservice/pkg/config/config.go:618.51,620.3 1 1
github.com/gkbiswas/hotel-reviews-microservice/pkg/config/config.go:622.2,623.51 2 14
github.com/gkbiswas/hotel-reviews-microservice/pkg/config/config.go:623.51,625.3 1 1
github.com/gkbiswas/hotel-reviews-microservice/pkg/config/config.go:627.2,627.62 1 13
github.com/gkbiswas/hotel-reviews-microservice/pkg/config/config.go:627.62,629.3 1 1
github.com/gkbiswas/hotel-reviews-microservice/pkg/config/config.go:632.2,633.51 2 12
github.com/gkbiswas/hotel-reviews-microservice/pkg/config/config.go:633.51,635.3 1 1
github.com/gkbiswas/hotel-reviews-microservice/pkg/config/config.go:638.2,638.37 1 11
github.com/gkbiswas/hotel-reviews-microservice/pkg/config/config.go:638.37,640.3 1 1
github.com/gkbiswas/hotel-reviews-microservice/pkg/config/config.go:643.2,643.33 1 10
github.com/gkbiswas/hotel-reviews-microservice/pkg/config/config.go:643.33,645.3 1 0
github.com/gkbiswas/hotel-reviews-microservice/pkg/config/config.go:646.2,646.33 1 10
github.com/gkbiswas/hotel-reviews-microservice/pkg/config/config.go:646.33,648.3 1 0
github.com/gkbiswas/hotel-reviews-microservice/pkg/config/config.go:649.2,649.40 1 10
github.com/gkbiswas/hotel-reviews-microservice/pkg/config/config.go:649.40,651.3 1 0
github.com/gkbiswas/hotel-reviews-microservice/pkg/config/config.go:652.2,652.41 1 10
github.com/gkbiswas/hotel-reviews-microservice/pkg/config/config.go:652.41,654.3 1 0
github.com/gkbiswas/hotel-reviews-microservice/pkg/config/config.go:655.2,655.39 1 10
github.com/gkbiswas/hotel-reviews-microservice/pkg/config/config.go:655.39,657.3 1 0
github.com/gkbiswas/hotel-reviews-microservice/pkg/config/config.go:658.2,658.41 1 10
github.com/gkbiswas/hotel-reviews-microservice/pkg/config/config.go:658.41,660.3 1 0
github.com/gkbiswas/hotel-reviews-microservice/pkg/config/config.go:661.2,661.42 1 10
github.com/gkbiswas/hotel-reviews-microservice/pkg/config/config.go:661.42,663.3 1 0
github.com/gkbiswas/hotel-reviews-microservice/pkg/config/config.go:664.2,664.39 1 10
github.com/gkbiswas/hotel-reviews-microservice/pkg/config/config.go:664.39,666.3 1 0
github.com/gkbiswas/hotel-reviews-microservice/pkg/config/config.go:667.2,667.67 1 10
github.com/gkbiswas/hotel-reviews-microservice/pkg/config/config.go:667.67,669.3 1 0
github.com/gkbiswas/hotel-reviews-microservice/pkg/config/config.go:670.2,670.63 1 10
github.com/gkbiswas/hotel-reviews-microservice/pkg/config/config.go:670.63,672.3 1 0
github.com/gkbiswas/hotel-reviews-microservice/pkg/config/config.go:673.2,673.35 1 10
github.com/gkbiswas/hotel-reviews-microservice/pkg/config/config.go:673.35,675.3 1 0
github.com/gkbiswas/hotel-reviews-microservice/pkg/config/config.go:676.2,676.36 1 10
github.com/gkbiswas/hotel-reviews-microservice/pkg/config/config.go:676.36,678.3 1 0
github.com/gkbiswas/hotel-reviews-microservice/pkg/config/config.go:679.2,679.35 1 10
github.com/gkbiswas/hotel-reviews-microservice/pkg/config/config.go:679.35,681.3 1 0
github.com/gkbiswas/hotel-reviews-microservice/pkg/config/config.go:684.2,684.71 1 10
github.com/gkbiswas/hotel-reviews-microservice/pkg/config/config.go:684.71,686.3 1 1
github.com/gkbiswas/hotel-reviews-microservice/pkg/config/config.go:687.2,687.71 1 9
github.com/gkbiswas/hotel-reviews-microservice/pkg/config/config.go:687.71,689.3 1 1
github.com/gkbiswas/hotel-reviews-microservice/pkg/config/config.go:692.2,692.37 1 8
github.com/gkbiswas/hotel-reviews-microservice/pkg/config/config.go:692.37,693.71 1 3
github.com/gkbiswas/hotel-reviews-microservice/pkg/config/config.go:693.71,695.4 1 1
github.com/gkbiswas/hotel-reviews-microservice/pkg/config/config.go:697.2,697.36 1 7
github.com/gkbiswas/hotel-reviews-microservice/pkg/config/config.go:697.36,698.70 1 2
github.com/gkbiswas/hotel-reviews-microservice/pkg/config/config.go:698.70,700.4 1 1
github.com/gkbiswas/hotel-reviews-microservice/pkg/config/config.go:704.2,704.36 1 6
github.com/gkbiswas/hotel-reviews-microservice/pkg/config/config.go:704.36,706.3 1 0
github.com/gkbiswas/hotel-reviews-microservice/pkg/config/config.go:707.2,707.36 1 6
github.com/gkbiswas/hotel-reviews-microservice/pkg/config/config.go:707.36,709.3 1 0
github.com/gkbiswas/hotel-reviews-microservice/pkg/config/config.go:710.2,710.40 1 6
github.com/gkbiswas/hotel-reviews-microservice/pkg/config/config.go:710.40,712.3 1 0
github.com/gkbiswas/hotel-reviews-microservice/pkg/config/config.go:713.2,713.38 1 6
github.com/gkbiswas/hotel-reviews-microservice/pkg/config/config.go:713.38,715.3 1 0
github.com/gkbiswas/hotel-reviews-microservice/pkg/config/config.go:716.2,716.33 1 6
github.com/gkbiswas/hotel-reviews-microservice/pkg/config/config.go:716.33,718.3 1 0
github.com/gkbiswas/hotel-reviews-microservice/pkg/config/config.go:719.2,719.33 1 6
github.com/gkbiswas/hotel-reviews-microservice/pkg/config/config.go:719.33,721.3 1 0
github.com/gkbiswas/hotel-reviews-microservice/pkg/config/config.go:722.2,722.38 1 6
github.com/gkbiswas/hotel-reviews-microservice/pkg/config/config.go:722.38,724.3 1 0
github.com/gkbiswas/hotel-reviews-microservice/pkg/config/config.go:725.2,725.34 1 6
github.com/gkbiswas/hotel-reviews-microservice/pkg/config/config.go:725.34,727.3 1 0
github.com/gkbiswas/hotel-reviews-microservice/pkg/config/config.go:728.2,728.41 1 6
github.com/gkbiswas/hotel-reviews-microservice/pkg/config/config.go:728.41,730.3 1 0
github.com/gkbiswas/hotel-reviews-microservice/pkg/config/config.go:733.2,734.68 2 6
github.com/gkbiswas/hotel-reviews-microservice/pkg/config/config.go:734.68,736.3 1 0
github.com/gkbiswas/hotel-reviews-microservice/pkg/config/config.go:739.2,739.29 1 6
github.com/gkbiswas/hotel-reviews-microservice/pkg/config/config.go:739.29,740.38 1 0
github.com/gkbiswas/hotel-reviews-microservice/pkg/config/config.go:740.38,742.4 1 0
github.com/gkbiswas/hotel-reviews-microservice/pkg/config/config.go:743.3,743.38 1 0
github.com/gkbiswas/hotel-reviews-microservice/pkg/config/config.go:743.38,745.4 1 0
github.com/gkbiswas/hotel-reviews-microservice/pkg/config/config.go:748.2,748.12 1 6
github.com/gkbiswas/hotel-reviews-microservice/pkg/config/config.go:752.49,753.26 1 76
github.com/gkbiswas/hotel-reviews-microservice/pkg/config/config.go:753.26,754.16 1 125
github.com/gkbiswas/hotel-reviews-microservice/pkg/config/config.go:754.16,756.4 1 66
github.com/gkbiswas/hotel-reviews-microservice/pkg/config/config.go:758.2,758.14 1 10
github.com/gkbiswas/hotel-reviews-microservice/pkg/config/config.go:762.42,772.2 1 1
github.com/gkbiswas/hotel-reviews-microservice/pkg/config/config.go:775.44,777.2 1 1
github.com/gkbiswas/hotel-reviews-microservice/pkg/config/config.go:780.43,782.2 1 1
github.com/gkbiswas/hotel-reviews-microservice/pkg/config/config.go:785.38,787.2 1 4
github.com/gkbiswas/hotel-reviews-microservice/pkg/config/config.go:790.39,792.2 1 4
github.com/gkbiswas/hotel-reviews-microservice/pkg/config/config.go:795.43,797.2 1 4
github.com/gkbiswas/hotel-reviews-microservice/pkg/logger/logger.go:55.43,58.16 2 50
github.com/gkbiswas/hotel-reviews-microservice/pkg/logger/logger.go:58.16,60.3 1 0
github.com/gkbiswas/hotel-reviews-microservice/pkg/logger/logger.go:63.2,64.16 2 50
github.com/gkbiswas/hotel-reviews-microservice/pkg/logger/logger.go:64.16,66.3 1 1
github.com/gkbiswas/hotel-reviews-microservice/pkg/logger/logger.go:69.2,72.61 1 49
github.com/gkbiswas/hotel-reviews-microservice/pkg/logger/logger.go:72.61,74.31 1 422
github.com/gkbiswas/hotel-reviews-microservice/pkg/logger/logger.go:74.31,75.52 1 34
github.com/gkbiswas/hotel-reviews-microservice/pkg/logger/logger.go:75.52,79.6 2 34
github.com/gkbiswas/hotel-reviews-microservice/pkg/logger/logger.go:83.4,83.29 1 388
github.com/gkbiswas/hotel-reviews-microservice/pkg/logger/logger.go:83.29,85.5 1 37
github.com/gkbiswas/hotel-reviews-microservice/pkg/logger/logger.go:87.4,87.12 1 351
github.com/gkbiswas/hotel-reviews-microservice/pkg/logger/logger.go:92.2,93.23 2 49
github.com/gkbiswas/hotel-reviews-microservice/pkg/logger/logger.go:94.14,95.46 1 47
github.com/gkbiswas/hotel-reviews-microservice/pkg/logger/logger.go:96.14,97.46 1 1
github.com/gkbiswas/hotel-reviews-microservice/pkg/logger/logger.go:98.10,99.46 1 1
github.com/gkbiswas/hotel-reviews-microservice/pkg/logger/logger.go:103.2,108.20 2 49
github.com/gkbiswas/hotel-reviews-microservice/pkg/logger/logger.go:112.27,122.16 3 30
github.com/gkbiswas/hotel-reviews-microservice/pkg/logger/logger.go:122.16,131.3 1 0
github.com/gkbiswas/hotel-reviews-microservice/pkg/logger/logger.go:133.2,133.15 1 30
github.com/gkbiswas/hotel-reviews-microservice/pkg/logger/logger.go:137.59,139.21 2 43
github.com/gkbiswas/hotel-reviews-microservice/pkg/logger/logger.go:139.21,141.3 1 5
github.com/gkbiswas/hotel-reviews-microservice/pkg/logger/logger.go:143.2,146.3 1 38
github.com/gkbiswas/hotel-reviews-microservice/pkg/logger/logger.go:149.70,152.67 2 45
github.com/gkbiswas/hotel-reviews-microservice/pkg/logger/logger.go:152.67,154.3 1 29
github.com/gkbiswas/hotel-reviews-microservice/pkg/logger/logger.go:156.2,156.58 1 45
github.com/gkbiswas/hotel-reviews-microservice/pkg/logger/logger.go:156.58,158.3 1 19
github.com/gkbiswas/hotel-reviews-microservice/pkg/logger/logger.go:160.2,160.79 1 45
github.com/gkbiswas/hotel-reviews-microservice/pkg/logger/logger.go:160.79,162.3 1 21
github.com/gkbiswas/hotel-reviews-microservice/pkg/logger/logger.go:164.2,164.61 1 45
github.com/gkbiswas/hotel-reviews-microservice/pkg/logger/logger.go:164.61,166.3 1 6
github.com/gkbiswas/hotel-reviews-microservice/pkg/logger/logger.go:168.2,168.58 1 45
github.com/gkbiswas/hotel-reviews-microservice/pkg/logger/logger.go:168.58,170.3 1 6
github.com/gkbiswas/hotel-reviews-microservice/pkg/logger/logger.go:172.2,172.14 1 45
github.com/gkbiswas/hotel-reviews-microservice/pkg/logger/logger.go:176.77,178.2 1 3
github.com/gkbiswas/hotel-reviews-microservice/pkg/logger/logger.go:180.76,182.2 1 6
github.com/gkbiswas/hotel-reviews-microservice/pkg/logger/logger.go:184.76,186.2 1 3
github.com/gkbiswas/hotel-reviews-microservice/pkg/logger/logger.go:188.77,189.31 1 5
github.com/gkbiswas/hotel-reviews-microservice/pkg/logger/logger.go:189.31,191.3 1 3
github.com/gkbiswas/hotel-reviews-microservice/pkg/logger/logger.go:192.2,192.40 1 5
github.com/gkbiswas/hotel-reviews-microservice/pkg/logger/logger.go:196.60,198.27 2 2
github.com/gkbiswas/hotel-reviews-microservice/pkg/logger/logger.go:198.27,200.3 1 3
github.com/gkbiswas/hotel-reviews-microservice/pkg/logger/logger.go:201.2,204.3 1 2
github.com/gkbiswas/hotel-reviews-microservice/pkg/logger/logger.go:207.59,212.2 1 1
github.com/gkbiswas/hotel-reviews-microservice/pkg/logger/logger.go:214.47,215.16 1 3
github.com/gkbiswas/hotel-reviews-microservice/pkg/logger/logger.go:215.16,217.3 1 1
github.com/gkbiswas/hotel-reviews-microservice/pkg/logger/logger.go:219.2,220.31 2 2
github.com/gkbiswas/hotel-reviews-microservice/pkg/logger/logger.go:220.31,222.3 1 1
github.com/gkbiswas/hotel-reviews-microservice/pkg/logger/logger.go:224.2,227.3 1 2
github.com/gkbiswas/hotel-reviews-microservice/pkg/logger/logger.go:231.123,239.2 1 4
github.com/gkbiswas/hotel-reviews-microservice/pkg/logger/logger.go:241.114,247.2 1 2
github.com/gkbiswas/hotel-reviews-microservice/pkg/logger/logger.go:249.120,255.2 1 2
github.com/gkbiswas/hotel-reviews-microservice/pkg/logger/logger.go:257.114,264.2 1 2
github.com/gkbiswas/hotel-reviews-microservice/pkg/logger/logger.go:266.121,274.2 1 2
github.com/gkbiswas/hotel-reviews-microservice/pkg/logger/logger.go:276.103,282.27 2 3
github.com/gkbiswas/hotel-reviews-microservice/pkg/logger/logger.go:282.27,284.3 1 4
github.com/gkbiswas/hotel-reviews-microservice/pkg/logger/logger.go:286.2,286.55 1 3
github.com/gkbiswas/hotel-reviews-microservice/pkg/logger/logger.go:289.130,296.28 2 3
github.com/gkbiswas/hotel-reviews-microservice/pkg/logger/logger.go:296.28,298.3 1 4
github.com/gkbiswas/hotel-reviews-microservice/pkg/logger/logger.go:300.2,300.53 1 3
github.com/gkbiswas/hotel-reviews-microservice/pkg/logger/logger.go:304.84,305.16 1 4
github.com/gkbiswas/hotel-reviews-microservice/pkg/logger/logger.go:305.16,307.3 1 1
github.com/gkbiswas/hotel-reviews-microservice/pkg/logger/logger.go:309.2,310.31 2 3
github.com/gkbiswas/hotel-reviews-microservice/pkg/logger/logger.go:310.31,312.3 1 2
github.com/gkbiswas/hotel-reviews-microservice/pkg/logger/logger.go:314.2,314.41 1 3
github.com/gkbiswas/hotel-reviews-microservice/pkg/logger/logger.go:317.88,320.2 2 3
github.com/gkbiswas/hotel-reviews-microservice/pkg/logger/logger.go:323.40,325.2 1 2
github.com/gkbiswas/hotel-reviews-microservice/pkg/logger/logger.go:327.39,329.2 1 2
github.com/gkbiswas/hotel-reviews-microservice/pkg/logger/logger.go:331.39,333.2 1 2
github.com/gkbiswas/hotel-reviews-microservice/pkg/logger/logger.go:335.40,337.2 1 1
github.com/gkbiswas/hotel-reviews-microservice/pkg/logger/logger.go:340.54,341.15 1 57
github.com/gkbiswas/hotel-reviews-microservice/pkg/logger/logger.go:342.15,343.30 1 5
github.com/gkbiswas/hotel-reviews-microservice/pkg/logger/logger.go:344.14,345.29 1 38
github.com/gkbiswas/hotel-reviews-microservice/pkg/logger/logger.go:346.14,347.29 1 4
github.com/gkbiswas/hotel-reviews-microservice/pkg/logger/logger.go:348.15,349.30 1 7
github.com/gkbiswas/hotel-reviews-microservice/pkg/logger/logger.go:350.10,351.29 1 3
github.com/gkbiswas/hotel-reviews-microservice/pkg/logger/logger.go:355.54,356.23 1 55
github.com/gkbiswas/hotel-reviews-microservice/pkg/logger/logger.go:357.16,358.24 1 46
github.com/gkbiswas/hotel-reviews-microservice/pkg/logger/logger.go:359.16,360.24 1 2
github.com/gkbiswas/hotel-reviews-microservice/pkg/logger/logger.go:361.14,362.28 1 5
github.com/gkbiswas/hotel-reviews-microservice/pkg/logger/logger.go:362.28,364.4 1 2
github.com/gkbiswas/hotel-reviews-microservice/pkg/logger/logger.go:366.3,372.9 1 3
github.com/gkbiswas/hotel-reviews-microservice/pkg/logger/logger.go:373.10,374.24 1 2
github.com/gkbiswas/hotel-reviews-microservice/pkg/logger/logger.go:378.42,381.20 2 40
github.com/gkbiswas/hotel-reviews-microservice/pkg/logger/logger.go:381.20,383.3 1 37
github.com/gkbiswas/hotel-reviews-microservice/pkg/logger/logger.go:384.2,384.13 1 3
github.com/gkbiswas/hotel-reviews-microservice/pkg/logger/logger.go:387.29,391.2 3 11
github.com/gkbiswas/hotel-reviews-microservice/pkg/logger/logger.go:394.75,396.2 1 13
github.com/gkbiswas/hotel-reviews-microservice/pkg/logger/logger.go:398.69,400.2 1 9
github.com/gkbiswas/hotel-reviews-microservice/pkg/logger/logger.go:402.83,404.2 1 9
github.com/gkbiswas/hotel-reviews-microservice/pkg/logger/logger.go:406.71,408.2 1 7
github.com/gkbiswas/hotel-reviews-microservice/pkg/logger/logger.go:410.69,412.2 1 7
github.com/gkbiswas/hotel-reviews-microservice/pkg/logger/logger.go:414.47,415.53 1 4
github.com/gkbiswas/hotel-reviews-microservice/pkg/logger/logger.go:415.53,417.3 1 3
github.com/gkbiswas/hotel-reviews-microservice/pkg/logger/logger.go:418.2,418.11 1 1
github.com/gkbiswas/hotel-reviews-microservice/pkg/logger/logger.go:421.44,422.50 1 2
github.com/gkbiswas/hotel-reviews-microservice/pkg/logger/logger.go:422.50,424.3 1 1
github.com/gkbiswas/hotel-reviews-microservice/pkg/logger/logger.go:425.2,425.11 1 1
github.com/gkbiswas/hotel-reviews-microservice/pkg/logger/logger.go:428.51,429.57 1 4
github.com/gkbiswas/hotel-reviews-microservice/pkg/logger/logger.go:429.57,431.3 1 3
github.com/gkbiswas/hotel-reviews-microservice/pkg/logger/logger.go:432.2,432.11 1 1
github.com/gkbiswas/hotel-reviews-microservice/pkg/logger/logger.go:435.45,436.51 1 3
github.com/gkbiswas/hotel-reviews-microservice/pkg/logger/logger.go:436.51,438.3 1 2
github.com/gkbiswas/hotel-reviews-microservice/pkg/logger/logger.go:439.2,439.11 1 1
github.com/gkbiswas/hotel-reviews-microservice/pkg/logger/logger.go:442.44,443.50 1 3
github.com/gkbiswas/hotel-reviews-microservice/pkg/logger/logger.go:443.50,445.3 1 2
github.com/gkbiswas/hotel-reviews-microservice/pkg/logger/logger.go:446.2,446.11 1 1
github.com/gkbiswas/hotel-reviews-microservice/pkg/logger/logger.go:450.33,452.2 1 2
github.com/gkbiswas/hotel-reviews-microservice/pkg/logger/logger.go:455.37,457.2 1 2
github.com/gkbiswas/hotel-reviews-microservice/pkg/logger/logger.go:460.83,461.46 1 2
github.com/gkbiswas/hotel-reviews-microservice/pkg/logger/logger.go:461.46,462.72 1 2
github.com/gkbiswas/hotel-reviews-microservice/pkg/logger/logger.go:462.72,467.23 3 2
github.com/gkbiswas/hotel-reviews-microservice/pkg/logger/logger.go:467.23,469.5 1 1
github.com/gkbiswas/hotel-reviews-microservice/pkg/logger/logger.go:472.4,473.27 2 2
github.com/gkbiswas/hotel-reviews-microservice/pkg/logger/logger.go:473.27,475.5 1 1
github.com/gkbiswas/hotel-reviews-microservice/pkg/logger/logger.go:478.4,482.60 3 2
github.com/gkbiswas/hotel-reviews-microservice/pkg/logger/logger.go:482.60,484.5 1 1
github.com/gkbiswas/hotel-reviews-microservice/pkg/logger/logger.go:485.4,485.57 1 2
github.com/gkbiswas/hotel-reviews-microservice/pkg/logger/logger.go:485.57,487.5 1 1
github.com/gkbiswas/hotel-reviews-microservice/pkg/logger/logger.go:490.4,512.82 8 2
github.com/gkbiswas/hotel-reviews-microservice/pkg/logger/logger.go:524.54,527.2 2 3
github.com/gkbiswas/hotel-reviews-microservice/pkg/logger/logger.go:529.58,533.2 3 4
github.com/gkbiswas/hotel-reviews-microservice/pkg/logger/logger.go:536.78,537.46 1 2
github.com/gkbiswas/hotel-reviews-microservice/pkg/logger/logger.go:537.46,538.72 1 2
github.com/gkbiswas/hotel-reviews-microservice/pkg/logger/logger.go:538.72,539.17 1 2
github.com/gkbiswas/hotel-reviews-microservice/pkg/logger/logger.go:539.17,540.49 1 2
github.com/gkbiswas/hotel-reviews-microservice/pkg/logger/logger.go:540.49,546.6 4 1
github.com/gkbiswas/hotel-reviews-microservice/pkg/logger/logger.go:549.4,549.24 1 2
github.com/gkbiswas/hotel-reviews-microservice/pkg/logger/logger.go:557.13,559.2 1 1
github.com/gkbiswas/hotel-reviews-microservice/pkg/logger/logger.go:562.37,564.2 1 1
github.com/gkbiswas/hotel-reviews-microservice/pkg/logger/logger.go:566.36,568.2 1 1
github.com/gkbiswas/hotel-reviews-microservice/pkg/logger/logger.go:570.36,572.2 1 1
github.com/gkbiswas/hotel-reviews-microservice/pkg/logger/logger.go:574.37,576.2 1 1
github.com/gkbiswas/hotel-reviews-microservice/pkg/logger/logger.go:578.65,580.2 1 1
github.com/gkbiswas/hotel-reviews-microservice/pkg/logger/logger.go:582.64,584.2 1 1
github.com/gkbiswas/hotel-reviews-microservice/pkg/logger/logger.go:586.64,588.2 1 1
github.com/gkbiswas/hotel-reviews-microservice/pkg/logger/logger.go:590.65,592.2 1 1
github.com/gkbiswas/hotel-reviews-microservice/pkg/logger/logger.go:595.33,597.2 1 2
