mode: set
github.com/gkbiswas/hotel-reviews-microservice/pkg/config/config.go:172.30,195.41 13 1
github.com/gkbiswas/hotel-reviews-microservice/pkg/config/config.go:195.41,196.56 1 1
github.com/gkbiswas/hotel-reviews-microservice/pkg/config/config.go:196.56,198.4 1 1
github.com/gkbiswas/hotel-reviews-microservice/pkg/config/config.go:203.2,204.45 2 1
github.com/gkbiswas/hotel-reviews-microservice/pkg/config/config.go:204.45,206.3 1 0
github.com/gkbiswas/hotel-reviews-microservice/pkg/config/config.go:209.2,209.42 1 1
github.com/gkbiswas/hotel-reviews-microservice/pkg/config/config.go:209.42,211.3 1 1
github.com/gkbiswas/hotel-reviews-microservice/pkg/config/config.go:213.2,213.21 1 1
github.com/gkbiswas/hotel-reviews-microservice/pkg/config/config.go:217.47,335.2 100 1
github.com/gkbiswas/hotel-reviews-microservice/pkg/config/config.go:338.34,433.2 77 1
github.com/gkbiswas/hotel-reviews-microservice/pkg/config/config.go:436.37,438.32 1 1
github.com/gkbiswas/hotel-reviews-microservice/pkg/config/config.go:438.32,440.3 1 1
github.com/gkbiswas/hotel-reviews-microservice/pkg/config/config.go:441.2,441.63 1 1
github.com/gkbiswas/hotel-reviews-microservice/pkg/config/config.go:441.63,443.3 1 1
github.com/gkbiswas/hotel-reviews-microservice/pkg/config/config.go:444.2,444.32 1 1
github.com/gkbiswas/hotel-reviews-microservice/pkg/config/config.go:444.32,446.3 1 1
github.com/gkbiswas/hotel-reviews-microservice/pkg/config/config.go:447.2,447.36 1 1
github.com/gkbiswas/hotel-reviews-microservice/pkg/config/config.go:447.36,449.3 1 1
github.com/gkbiswas/hotel-reviews-microservice/pkg/config/config.go:450.2,450.32 1 1
github.com/gkbiswas/hotel-reviews-microservice/pkg/config/config.go:450.32,452.3 1 1
github.com/gkbiswas/hotel-reviews-microservice/pkg/config/config.go:455.2,455.28 1 1
github.com/gkbiswas/hotel-reviews-microservice/pkg/config/config.go:455.28,457.3 1 1
github.com/gkbiswas/hotel-reviews-microservice/pkg/config/config.go:458.2,458.33 1 1
github.com/gkbiswas/hotel-reviews-microservice/pkg/config/config.go:458.33,460.3 1 1
github.com/gkbiswas/hotel-reviews-microservice/pkg/config/config.go:461.2,461.37 1 1
github.com/gkbiswas/hotel-reviews-microservice/pkg/config/config.go:461.37,463.3 1 1
github.com/gkbiswas/hotel-reviews-microservice/pkg/config/config.go:464.2,464.28 1 1
github.com/gkbiswas/hotel-reviews-microservice/pkg/config/config.go:464.28,466.3 1 1
github.com/gkbiswas/hotel-reviews-microservice/pkg/config/config.go:469.2,469.59 1 1
github.com/gkbiswas/hotel-reviews-microservice/pkg/config/config.go:469.59,471.3 1 1
github.com/gkbiswas/hotel-reviews-microservice/pkg/config/config.go:474.2,475.49 2 1
github.com/gkbiswas/hotel-reviews-microservice/pkg/config/config.go:475.49,477.3 1 1
github.com/gkbiswas/hotel-reviews-microservice/pkg/config/config.go:479.2,480.51 2 1
github.com/gkbiswas/hotel-reviews-microservice/pkg/config/config.go:480.51,482.3 1 1
github.com/gkbiswas/hotel-reviews-microservice/pkg/config/config.go:484.2,485.51 2 1
github.com/gkbiswas/hotel-reviews-microservice/pkg/config/config.go:485.51,487.3 1 1
github.com/gkbiswas/hotel-reviews-microservice/pkg/config/config.go:489.2,489.62 1 1
github.com/gkbiswas/hotel-reviews-microservice/pkg/config/config.go:489.62,491.3 1 1
github.com/gkbiswas/hotel-reviews-microservice/pkg/config/config.go:494.2,495.51 2 1
github.com/gkbiswas/hotel-reviews-microservice/pkg/config/config.go:495.51,497.3 1 1
github.com/gkbiswas/hotel-reviews-microservice/pkg/config/config.go:500.2,500.37 1 1
github.com/gkbiswas/hotel-reviews-microservice/pkg/config/config.go:500.37,502.3 1 1
github.com/gkbiswas/hotel-reviews-microservice/pkg/config/config.go:505.2,505.71 1 1
github.com/gkbiswas/hotel-reviews-microservice/pkg/config/config.go:505.71,507.3 1 1
github.com/gkbiswas/hotel-reviews-microservice/pkg/config/config.go:508.2,508.71 1 1
github.com/gkbiswas/hotel-reviews-microservice/pkg/config/config.go:508.71,510.3 1 1
github.com/gkbiswas/hotel-reviews-microservice/pkg/config/config.go:513.2,513.37 1 1
github.com/gkbiswas/hotel-reviews-microservice/pkg/config/config.go:513.37,514.71 1 1
github.com/gkbiswas/hotel-reviews-microservice/pkg/config/config.go:514.71,516.4 1 1
github.com/gkbiswas/hotel-reviews-microservice/pkg/config/config.go:518.2,518.36 1 1
github.com/gkbiswas/hotel-reviews-microservice/pkg/config/config.go:518.36,519.70 1 1
github.com/gkbiswas/hotel-reviews-microservice/pkg/config/config.go:519.70,521.4 1 1
github.com/gkbiswas/hotel-reviews-microservice/pkg/config/config.go:524.2,524.12 1 1
github.com/gkbiswas/hotel-reviews-microservice/pkg/config/config.go:528.49,529.26 1 1
github.com/gkbiswas/hotel-reviews-microservice/pkg/config/config.go:529.26,530.16 1 1
github.com/gkbiswas/hotel-reviews-microservice/pkg/config/config.go:530.16,532.4 1 1
github.com/gkbiswas/hotel-reviews-microservice/pkg/config/config.go:534.2,534.14 1 1
github.com/gkbiswas/hotel-reviews-microservice/pkg/config/config.go:538.42,548.2 1 1
github.com/gkbiswas/hotel-reviews-microservice/pkg/config/config.go:551.44,553.2 1 1
github.com/gkbiswas/hotel-reviews-microservice/pkg/config/config.go:556.43,558.2 1 1
github.com/gkbiswas/hotel-reviews-microservice/pkg/config/config.go:561.38,563.2 1 1
github.com/gkbiswas/hotel-reviews-microservice/pkg/config/config.go:566.39,568.2 1 1
github.com/gkbiswas/hotel-reviews-microservice/pkg/config/config.go:571.43,573.2 1 1
